[35m[1mConsolidate compiler generated dependencies of target detect[0m
[ 50%] [32mBuilding CXX object CMakeFiles/detect.dir/src/detect.cpp.o[0m
[01m[K/home/basten/ros2_ws/src/MagangBanyubramanta_Basten-Andika-Salim/src/tugas_yolo-yolocpp/src/detect.cpp:[m[K In member function ‘[01m[Kcv::Mat Detection::post_process(cv::Mat&, std::vector<cv::Mat>&, const std::vector<std::__cxx11::basic_string<char> >&)[m[K’:
[01m[K/home/basten/ros2_ws/src/MagangBanyubramanta_Basten-Andika-Salim/src/tugas_yolo-yolocpp/src/detect.cpp:134:31:[m[K [01;35m[Kwarning: [m[Kcomparison of integer expressions of different signedness: ‘[01m[Kint[m[K’ and ‘[01m[Kstd::vector<int>::size_type[m[K’ {aka ‘[01m[Klong unsigned int[m[K’} [[01;35m[K]8;;https://gcc.gnu.org/onlinedocs/gcc/Warning-Options.html#index-Wsign-compare-Wsign-compare]8;;[m[K]
  134 |             for (int i = 0; [01;35m[Ki < index.size()[m[K; i++){
      |                             [01;35m[K~~^~~~~~~~~~~~~~[m[K
[01m[K/home/basten/ros2_ws/src/MagangBanyubramanta_Basten-Andika-Salim/src/tugas_yolo-yolocpp/src/detect.cpp:90:23:[m[K [01;35m[Kwarning: [m[Kunused variable ‘[01m[Kdimensions[m[K’ [[01;35m[K]8;;https://gcc.gnu.org/onlinedocs/gcc/Warning-Options.html#index-Wunused-variable-Wunused-variable]8;;[m[K]
   90 |             const int [01;35m[Kdimensions[m[K = 85;
      |                       [01;35m[K^~~~~~~~~~[m[K
[100%] [32m[1mLinking CXX executable detect[0m
/usr/bin/ld: warning: libopencv_imgproc.so.4.5d, needed by /opt/ros/humble/lib/libcv_bridge.so, may conflict with libopencv_imgproc.so.409
/usr/bin/ld: warning: libopencv_core.so.4.5d, needed by /opt/ros/humble/lib/libcv_bridge.so, may conflict with libopencv_core.so.409
[100%] Built target detect
-- Install configuration: ""
-- Installing: /home/basten/ros2_ws/src/MagangBanyubramanta_Basten-Andika-Salim/install/tugas_yolo-yolocpp/lib/tugas_yolo-yolocpp/detect
-- Set runtime path of "/home/basten/ros2_ws/src/MagangBanyubramanta_Basten-Andika-Salim/install/tugas_yolo-yolocpp/lib/tugas_yolo-yolocpp/detect" to ""
-- Up-to-date: /home/basten/ros2_ws/src/MagangBanyubramanta_Basten-Andika-Salim/install/tugas_yolo-yolocpp/share/ament_index/resource_index/package_run_dependencies/tugas_yolo-yolocpp
-- Up-to-date: /home/basten/ros2_ws/src/MagangBanyubramanta_Basten-Andika-Salim/install/tugas_yolo-yolocpp/share/ament_index/resource_index/parent_prefix_path/tugas_yolo-yolocpp
-- Up-to-date: /home/basten/ros2_ws/src/MagangBanyubramanta_Basten-Andika-Salim/install/tugas_yolo-yolocpp/share/tugas_yolo-yolocpp/environment/ament_prefix_path.sh
-- Up-to-date: /home/basten/ros2_ws/src/MagangBanyubramanta_Basten-Andika-Salim/install/tugas_yolo-yolocpp/share/tugas_yolo-yolocpp/environment/ament_prefix_path.dsv
-- Up-to-date: /home/basten/ros2_ws/src/MagangBanyubramanta_Basten-Andika-Salim/install/tugas_yolo-yolocpp/share/tugas_yolo-yolocpp/environment/path.sh
-- Up-to-date: /home/basten/ros2_ws/src/MagangBanyubramanta_Basten-Andika-Salim/install/tugas_yolo-yolocpp/share/tugas_yolo-yolocpp/environment/path.dsv
-- Up-to-date: /home/basten/ros2_ws/src/MagangBanyubramanta_Basten-Andika-Salim/install/tugas_yolo-yolocpp/share/tugas_yolo-yolocpp/local_setup.bash
-- Up-to-date: /home/basten/ros2_ws/src/MagangBanyubramanta_Basten-Andika-Salim/install/tugas_yolo-yolocpp/share/tugas_yolo-yolocpp/local_setup.sh
-- Up-to-date: /home/basten/ros2_ws/src/MagangBanyubramanta_Basten-Andika-Salim/install/tugas_yolo-yolocpp/share/tugas_yolo-yolocpp/local_setup.zsh
-- Up-to-date: /home/basten/ros2_ws/src/MagangBanyubramanta_Basten-Andika-Salim/install/tugas_yolo-yolocpp/share/tugas_yolo-yolocpp/local_setup.dsv
-- Installing: /home/basten/ros2_ws/src/MagangBanyubramanta_Basten-Andika-Salim/install/tugas_yolo-yolocpp/share/tugas_yolo-yolocpp/package.dsv
-- Up-to-date: /home/basten/ros2_ws/src/MagangBanyubramanta_Basten-Andika-Salim/install/tugas_yolo-yolocpp/share/ament_index/resource_index/packages/tugas_yolo-yolocpp
-- Up-to-date: /home/basten/ros2_ws/src/MagangBanyubramanta_Basten-Andika-Salim/install/tugas_yolo-yolocpp/share/tugas_yolo-yolocpp/cmake/ament_cmake_export_dependencies-extras.cmake
-- Up-to-date: /home/basten/ros2_ws/src/MagangBanyubramanta_Basten-Andika-Salim/install/tugas_yolo-yolocpp/share/tugas_yolo-yolocpp/cmake/tugas_yolo-yolocppConfig.cmake
-- Up-to-date: /home/basten/ros2_ws/src/MagangBanyubramanta_Basten-Andika-Salim/install/tugas_yolo-yolocpp/share/tugas_yolo-yolocpp/cmake/tugas_yolo-yolocppConfig-version.cmake
-- Up-to-date: /home/basten/ros2_ws/src/MagangBanyubramanta_Basten-Andika-Salim/install/tugas_yolo-yolocpp/share/tugas_yolo-yolocpp/package.xml
