[0.024s] Invoking command in '/home/basten/ros2_ws/src/MagangBanyubramanta_Basten-Andika-Salim/src/build/tugas_opencv': CMAKE_PREFIX_PATH=${CMAKE_PREFIX_PATH}:/opt/ros/humble /usr/bin/cmake --build /home/basten/ros2_ws/src/MagangBanyubramanta_Basten-Andika-Salim/src/build/tugas_opencv -- -j32 -l32
[0.051s] [  3%] Built target tugas_opencv__cpp
[0.053s] [ 12%] Built target tugas_opencv__rosidl_generator_c
[0.058s] [ 12%] Built target ament_cmake_python_copy_tugas_opencv
[0.063s] [ 21%] Built target tugas_opencv__rosidl_typesupport_cpp
[0.063s] [ 33%] Built target tugas_opencv__rosidl_typesupport_fastrtps_cpp
[0.063s] [ 39%] Built target tugas_opencv__rosidl_typesupport_introspection_cpp
[0.064s] [ 48%] Built target tugas_opencv__rosidl_typesupport_fastrtps_c
[0.064s] [ 57%] Built target tugas_opencv__rosidl_typesupport_introspection_c
[0.064s] [ 66%] Built target tugas_opencv__rosidl_typesupport_c
[0.069s] [35m[1mConsolidate compiler generated dependencies of target colorcheck[0m
[0.073s] [ 66%] Built target tugas_opencv
[0.078s] [ 69%] [32mBuilding CXX object CMakeFiles/colorcheck.dir/src/colorcheck.cpp.o[0m
[0.082s] [ 72%] Built target tugas_opencv__py
[0.091s] [ 78%] Built target tugas_opencv__rosidl_generator_py
[0.102s] [ 96%] Built target tugas_opencv__rosidl_typesupport_fastrtps_c__pyext
[0.102s] [ 96%] Built target tugas_opencv__rosidl_typesupport_c__pyext
[0.102s] [ 96%] Built target tugas_opencv__rosidl_typesupport_introspection_c__pyext
[0.158s] running egg_info
[0.158s] writing tugas_opencv.egg-info/PKG-INFO
[0.158s] writing dependency_links to tugas_opencv.egg-info/dependency_links.txt
[0.158s] writing top-level names to tugas_opencv.egg-info/top_level.txt
[0.160s] reading manifest file 'tugas_opencv.egg-info/SOURCES.txt'
[0.160s] writing manifest file 'tugas_opencv.egg-info/SOURCES.txt'
[0.172s] [ 96%] Built target ament_cmake_python_build_tugas_opencv_egg
[1.334s] [01m[K/home/basten/ros2_ws/src/MagangBanyubramanta_Basten-Andika-Salim/src/tugas_opencv/src/colorcheck.cpp:[m[K In function ‘[01m[Kint main(int, char**)[m[K’:
[1.334s] [01m[K/home/basten/ros2_ws/src/MagangBanyubramanta_Basten-Andika-Salim/src/tugas_opencv/src/colorcheck.cpp:105:18:[m[K [01;35m[Kwarning: [m[Kunused variable ‘[01m[KlengthX[m[K’ [[01;35m[K]8;;https://gcc.gnu.org/onlinedocs/gcc/Warning-Options.html#index-Wunused-variable-Wunused-variable]8;;[m[K]
[1.334s]   105 |           double [01;35m[KlengthX[m[K = measure.m01;
[1.334s]       |                  [01;35m[K^~~~~~~[m[K
[1.334s] [01m[K/home/basten/ros2_ws/src/MagangBanyubramanta_Basten-Andika-Salim/src/tugas_opencv/src/colorcheck.cpp:106:18:[m[K [01;35m[Kwarning: [m[Kunused variable ‘[01m[KlengthY[m[K’ [[01;35m[K]8;;https://gcc.gnu.org/onlinedocs/gcc/Warning-Options.html#index-Wunused-variable-Wunused-variable]8;;[m[K]
[1.334s]   106 |           double [01;35m[KlengthY[m[K = measure.m10;
[1.334s]       |                  [01;35m[K^~~~~~~[m[K
[2.367s] [100%] [32m[1mLinking CXX executable colorcheck[0m
[2.508s] [100%] Built target colorcheck
[2.520s] Invoked command in '/home/basten/ros2_ws/src/MagangBanyubramanta_Basten-Andika-Salim/src/build/tugas_opencv' returned '0': CMAKE_PREFIX_PATH=${CMAKE_PREFIX_PATH}:/opt/ros/humble /usr/bin/cmake --build /home/basten/ros2_ws/src/MagangBanyubramanta_Basten-Andika-Salim/src/build/tugas_opencv -- -j32 -l32
[2.596s] Invoking command in '/home/basten/ros2_ws/src/MagangBanyubramanta_Basten-Andika-Salim/src/build/tugas_opencv': CMAKE_PREFIX_PATH=${CMAKE_PREFIX_PATH}:/opt/ros/humble /usr/bin/cmake --install /home/basten/ros2_ws/src/MagangBanyubramanta_Basten-Andika-Salim/src/build/tugas_opencv
[2.604s] -- Install configuration: ""
[2.604s] -- Up-to-date: /home/basten/ros2_ws/src/MagangBanyubramanta_Basten-Andika-Salim/src/install/tugas_opencv/share/ament_index/resource_index/rosidl_interfaces/tugas_opencv
[2.605s] -- Up-to-date: /home/basten/ros2_ws/src/MagangBanyubramanta_Basten-Andika-Salim/src/install/tugas_opencv/include/tugas_opencv/tugas_opencv
[2.605s] -- Up-to-date: /home/basten/ros2_ws/src/MagangBanyubramanta_Basten-Andika-Salim/src/install/tugas_opencv/include/tugas_opencv/tugas_opencv/msg
[2.605s] -- Up-to-date: /home/basten/ros2_ws/src/MagangBanyubramanta_Basten-Andika-Salim/src/install/tugas_opencv/include/tugas_opencv/tugas_opencv/msg/rosidl_generator_c__visibility_control.h
[2.605s] -- Up-to-date: /home/basten/ros2_ws/src/MagangBanyubramanta_Basten-Andika-Salim/src/install/tugas_opencv/include/tugas_opencv/tugas_opencv/msg/color.h
[2.605s] -- Up-to-date: /home/basten/ros2_ws/src/MagangBanyubramanta_Basten-Andika-Salim/src/install/tugas_opencv/include/tugas_opencv/tugas_opencv/msg/detail
[2.605s] -- Up-to-date: /home/basten/ros2_ws/src/MagangBanyubramanta_Basten-Andika-Salim/src/install/tugas_opencv/include/tugas_opencv/tugas_opencv/msg/detail/color__struct.h
[2.606s] -- Up-to-date: /home/basten/ros2_ws/src/MagangBanyubramanta_Basten-Andika-Salim/src/install/tugas_opencv/include/tugas_opencv/tugas_opencv/msg/detail/color__functions.h
[2.606s] -- Up-to-date: /home/basten/ros2_ws/src/MagangBanyubramanta_Basten-Andika-Salim/src/install/tugas_opencv/include/tugas_opencv/tugas_opencv/msg/detail/color__type_support.h
[2.606s] -- Up-to-date: /home/basten/ros2_ws/src/MagangBanyubramanta_Basten-Andika-Salim/src/install/tugas_opencv/include/tugas_opencv/tugas_opencv/msg/detail/color__functions.c
[2.606s] -- Up-to-date: /home/basten/ros2_ws/src/MagangBanyubramanta_Basten-Andika-Salim/src/install/tugas_opencv/share/tugas_opencv/environment/library_path.sh
[2.606s] -- Up-to-date: /home/basten/ros2_ws/src/MagangBanyubramanta_Basten-Andika-Salim/src/install/tugas_opencv/share/tugas_opencv/environment/library_path.dsv
[2.606s] -- Up-to-date: /home/basten/ros2_ws/src/MagangBanyubramanta_Basten-Andika-Salim/src/install/tugas_opencv/lib/libtugas_opencv__rosidl_generator_c.so
[2.606s] -- Up-to-date: /home/basten/ros2_ws/src/MagangBanyubramanta_Basten-Andika-Salim/src/install/tugas_opencv/include/tugas_opencv/tugas_opencv
[2.606s] -- Up-to-date: /home/basten/ros2_ws/src/MagangBanyubramanta_Basten-Andika-Salim/src/install/tugas_opencv/include/tugas_opencv/tugas_opencv/msg
[2.607s] -- Up-to-date: /home/basten/ros2_ws/src/MagangBanyubramanta_Basten-Andika-Salim/src/install/tugas_opencv/include/tugas_opencv/tugas_opencv/msg/rosidl_typesupport_fastrtps_c__visibility_control.h
[2.607s] -- Up-to-date: /home/basten/ros2_ws/src/MagangBanyubramanta_Basten-Andika-Salim/src/install/tugas_opencv/include/tugas_opencv/tugas_opencv/msg/detail
[2.607s] -- Up-to-date: /home/basten/ros2_ws/src/MagangBanyubramanta_Basten-Andika-Salim/src/install/tugas_opencv/include/tugas_opencv/tugas_opencv/msg/detail/color__rosidl_typesupport_fastrtps_c.h
[2.607s] -- Up-to-date: /home/basten/ros2_ws/src/MagangBanyubramanta_Basten-Andika-Salim/src/install/tugas_opencv/lib/libtugas_opencv__rosidl_typesupport_fastrtps_c.so
[2.607s] -- Up-to-date: /home/basten/ros2_ws/src/MagangBanyubramanta_Basten-Andika-Salim/src/install/tugas_opencv/include/tugas_opencv/tugas_opencv
[2.607s] -- Up-to-date: /home/basten/ros2_ws/src/MagangBanyubramanta_Basten-Andika-Salim/src/install/tugas_opencv/include/tugas_opencv/tugas_opencv/msg
[2.607s] -- Up-to-date: /home/basten/ros2_ws/src/MagangBanyubramanta_Basten-Andika-Salim/src/install/tugas_opencv/include/tugas_opencv/tugas_opencv/msg/color.hpp
[2.607s] -- Up-to-date: /home/basten/ros2_ws/src/MagangBanyubramanta_Basten-Andika-Salim/src/install/tugas_opencv/include/tugas_opencv/tugas_opencv/msg/detail
[2.607s] -- Up-to-date: /home/basten/ros2_ws/src/MagangBanyubramanta_Basten-Andika-Salim/src/install/tugas_opencv/include/tugas_opencv/tugas_opencv/msg/detail/color__traits.hpp
[2.607s] -- Up-to-date: /home/basten/ros2_ws/src/MagangBanyubramanta_Basten-Andika-Salim/src/install/tugas_opencv/include/tugas_opencv/tugas_opencv/msg/detail/color__struct.hpp
[2.607s] -- Up-to-date: /home/basten/ros2_ws/src/MagangBanyubramanta_Basten-Andika-Salim/src/install/tugas_opencv/include/tugas_opencv/tugas_opencv/msg/detail/color__builder.hpp
[2.607s] -- Up-to-date: /home/basten/ros2_ws/src/MagangBanyubramanta_Basten-Andika-Salim/src/install/tugas_opencv/include/tugas_opencv/tugas_opencv
[2.607s] -- Up-to-date: /home/basten/ros2_ws/src/MagangBanyubramanta_Basten-Andika-Salim/src/install/tugas_opencv/include/tugas_opencv/tugas_opencv/msg
[2.607s] -- Up-to-date: /home/basten/ros2_ws/src/MagangBanyubramanta_Basten-Andika-Salim/src/install/tugas_opencv/include/tugas_opencv/tugas_opencv/msg/rosidl_typesupport_fastrtps_cpp__visibility_control.h
[2.607s] -- Up-to-date: /home/basten/ros2_ws/src/MagangBanyubramanta_Basten-Andika-Salim/src/install/tugas_opencv/include/tugas_opencv/tugas_opencv/msg/detail
[2.607s] -- Up-to-date: /home/basten/ros2_ws/src/MagangBanyubramanta_Basten-Andika-Salim/src/install/tugas_opencv/include/tugas_opencv/tugas_opencv/msg/detail/dds_fastrtps
[2.607s] -- Up-to-date: /home/basten/ros2_ws/src/MagangBanyubramanta_Basten-Andika-Salim/src/install/tugas_opencv/include/tugas_opencv/tugas_opencv/msg/detail/color__rosidl_typesupport_fastrtps_cpp.hpp
[2.607s] -- Up-to-date: /home/basten/ros2_ws/src/MagangBanyubramanta_Basten-Andika-Salim/src/install/tugas_opencv/lib/libtugas_opencv__rosidl_typesupport_fastrtps_cpp.so
[2.607s] -- Up-to-date: /home/basten/ros2_ws/src/MagangBanyubramanta_Basten-Andika-Salim/src/install/tugas_opencv/include/tugas_opencv/tugas_opencv
[2.607s] -- Up-to-date: /home/basten/ros2_ws/src/MagangBanyubramanta_Basten-Andika-Salim/src/install/tugas_opencv/include/tugas_opencv/tugas_opencv/msg
[2.608s] -- Up-to-date: /home/basten/ros2_ws/src/MagangBanyubramanta_Basten-Andika-Salim/src/install/tugas_opencv/include/tugas_opencv/tugas_opencv/msg/rosidl_typesupport_introspection_c__visibility_control.h
[2.608s] -- Up-to-date: /home/basten/ros2_ws/src/MagangBanyubramanta_Basten-Andika-Salim/src/install/tugas_opencv/include/tugas_opencv/tugas_opencv/msg/detail
[2.608s] -- Up-to-date: /home/basten/ros2_ws/src/MagangBanyubramanta_Basten-Andika-Salim/src/install/tugas_opencv/include/tugas_opencv/tugas_opencv/msg/detail/color__rosidl_typesupport_introspection_c.h
[2.608s] -- Up-to-date: /home/basten/ros2_ws/src/MagangBanyubramanta_Basten-Andika-Salim/src/install/tugas_opencv/include/tugas_opencv/tugas_opencv/msg/detail/color__type_support.c
[2.608s] -- Up-to-date: /home/basten/ros2_ws/src/MagangBanyubramanta_Basten-Andika-Salim/src/install/tugas_opencv/lib/libtugas_opencv__rosidl_typesupport_introspection_c.so
[2.608s] -- Up-to-date: /home/basten/ros2_ws/src/MagangBanyubramanta_Basten-Andika-Salim/src/install/tugas_opencv/lib/libtugas_opencv__rosidl_typesupport_c.so
[2.608s] -- Up-to-date: /home/basten/ros2_ws/src/MagangBanyubramanta_Basten-Andika-Salim/src/install/tugas_opencv/include/tugas_opencv/tugas_opencv
[2.608s] -- Up-to-date: /home/basten/ros2_ws/src/MagangBanyubramanta_Basten-Andika-Salim/src/install/tugas_opencv/include/tugas_opencv/tugas_opencv/msg
[2.608s] -- Up-to-date: /home/basten/ros2_ws/src/MagangBanyubramanta_Basten-Andika-Salim/src/install/tugas_opencv/include/tugas_opencv/tugas_opencv/msg/detail
[2.608s] -- Up-to-date: /home/basten/ros2_ws/src/MagangBanyubramanta_Basten-Andika-Salim/src/install/tugas_opencv/include/tugas_opencv/tugas_opencv/msg/detail/color__type_support.cpp
[2.608s] -- Up-to-date: /home/basten/ros2_ws/src/MagangBanyubramanta_Basten-Andika-Salim/src/install/tugas_opencv/include/tugas_opencv/tugas_opencv/msg/detail/color__rosidl_typesupport_introspection_cpp.hpp
[2.608s] -- Up-to-date: /home/basten/ros2_ws/src/MagangBanyubramanta_Basten-Andika-Salim/src/install/tugas_opencv/lib/libtugas_opencv__rosidl_typesupport_introspection_cpp.so
[2.608s] -- Up-to-date: /home/basten/ros2_ws/src/MagangBanyubramanta_Basten-Andika-Salim/src/install/tugas_opencv/lib/libtugas_opencv__rosidl_typesupport_cpp.so
[2.608s] -- Up-to-date: /home/basten/ros2_ws/src/MagangBanyubramanta_Basten-Andika-Salim/src/install/tugas_opencv/share/tugas_opencv/environment/pythonpath.sh
[2.608s] -- Up-to-date: /home/basten/ros2_ws/src/MagangBanyubramanta_Basten-Andika-Salim/src/install/tugas_opencv/share/tugas_opencv/environment/pythonpath.dsv
[2.608s] -- Up-to-date: /home/basten/ros2_ws/src/MagangBanyubramanta_Basten-Andika-Salim/src/install/tugas_opencv/local/lib/python3.10/dist-packages/tugas_opencv-0.0.0-py3.10.egg-info
[2.608s] -- Installing: /home/basten/ros2_ws/src/MagangBanyubramanta_Basten-Andika-Salim/src/install/tugas_opencv/local/lib/python3.10/dist-packages/tugas_opencv-0.0.0-py3.10.egg-info/top_level.txt
[2.608s] -- Installing: /home/basten/ros2_ws/src/MagangBanyubramanta_Basten-Andika-Salim/src/install/tugas_opencv/local/lib/python3.10/dist-packages/tugas_opencv-0.0.0-py3.10.egg-info/PKG-INFO
[2.608s] -- Installing: /home/basten/ros2_ws/src/MagangBanyubramanta_Basten-Andika-Salim/src/install/tugas_opencv/local/lib/python3.10/dist-packages/tugas_opencv-0.0.0-py3.10.egg-info/dependency_links.txt
[2.608s] -- Installing: /home/basten/ros2_ws/src/MagangBanyubramanta_Basten-Andika-Salim/src/install/tugas_opencv/local/lib/python3.10/dist-packages/tugas_opencv-0.0.0-py3.10.egg-info/SOURCES.txt
[2.608s] -- Up-to-date: /home/basten/ros2_ws/src/MagangBanyubramanta_Basten-Andika-Salim/src/install/tugas_opencv/local/lib/python3.10/dist-packages/tugas_opencv
[2.608s] -- Up-to-date: /home/basten/ros2_ws/src/MagangBanyubramanta_Basten-Andika-Salim/src/install/tugas_opencv/local/lib/python3.10/dist-packages/tugas_opencv/_tugas_opencv_s.ep.rosidl_typesupport_introspection_c.c
[2.608s] -- Up-to-date: /home/basten/ros2_ws/src/MagangBanyubramanta_Basten-Andika-Salim/src/install/tugas_opencv/local/lib/python3.10/dist-packages/tugas_opencv/_tugas_opencv_s.ep.rosidl_typesupport_fastrtps_c.c
[2.608s] -- Up-to-date: /home/basten/ros2_ws/src/MagangBanyubramanta_Basten-Andika-Salim/src/install/tugas_opencv/local/lib/python3.10/dist-packages/tugas_opencv/tugas_opencv_s__rosidl_typesupport_introspection_c.cpython-310-x86_64-linux-gnu.so
[2.608s] -- Up-to-date: /home/basten/ros2_ws/src/MagangBanyubramanta_Basten-Andika-Salim/src/install/tugas_opencv/local/lib/python3.10/dist-packages/tugas_opencv/libtugas_opencv__rosidl_generator_py.so
[2.608s] -- Up-to-date: /home/basten/ros2_ws/src/MagangBanyubramanta_Basten-Andika-Salim/src/install/tugas_opencv/local/lib/python3.10/dist-packages/tugas_opencv/tugas_opencv_s__rosidl_typesupport_c.cpython-310-x86_64-linux-gnu.so
[2.609s] -- Up-to-date: /home/basten/ros2_ws/src/MagangBanyubramanta_Basten-Andika-Salim/src/install/tugas_opencv/local/lib/python3.10/dist-packages/tugas_opencv/tugas_opencv_s__rosidl_typesupport_fastrtps_c.cpython-310-x86_64-linux-gnu.so
[2.609s] -- Up-to-date: /home/basten/ros2_ws/src/MagangBanyubramanta_Basten-Andika-Salim/src/install/tugas_opencv/local/lib/python3.10/dist-packages/tugas_opencv/_tugas_opencv_s.ep.rosidl_typesupport_c.c
[2.609s] -- Up-to-date: /home/basten/ros2_ws/src/MagangBanyubramanta_Basten-Andika-Salim/src/install/tugas_opencv/local/lib/python3.10/dist-packages/tugas_opencv/__init__.py
[2.609s] -- Up-to-date: /home/basten/ros2_ws/src/MagangBanyubramanta_Basten-Andika-Salim/src/install/tugas_opencv/local/lib/python3.10/dist-packages/tugas_opencv/msg
[2.609s] -- Up-to-date: /home/basten/ros2_ws/src/MagangBanyubramanta_Basten-Andika-Salim/src/install/tugas_opencv/local/lib/python3.10/dist-packages/tugas_opencv/msg/_color.py
[2.609s] -- Up-to-date: /home/basten/ros2_ws/src/MagangBanyubramanta_Basten-Andika-Salim/src/install/tugas_opencv/local/lib/python3.10/dist-packages/tugas_opencv/msg/_color_s.c
[2.609s] -- Up-to-date: /home/basten/ros2_ws/src/MagangBanyubramanta_Basten-Andika-Salim/src/install/tugas_opencv/local/lib/python3.10/dist-packages/tugas_opencv/msg/__init__.py
[2.630s] Listing '/home/basten/ros2_ws/src/MagangBanyubramanta_Basten-Andika-Salim/src/install/tugas_opencv/local/lib/python3.10/dist-packages/tugas_opencv'...
[2.630s] Listing '/home/basten/ros2_ws/src/MagangBanyubramanta_Basten-Andika-Salim/src/install/tugas_opencv/local/lib/python3.10/dist-packages/tugas_opencv/msg'...
[2.633s] -- Up-to-date: /home/basten/ros2_ws/src/MagangBanyubramanta_Basten-Andika-Salim/src/install/tugas_opencv/local/lib/python3.10/dist-packages/tugas_opencv/tugas_opencv_s__rosidl_typesupport_fastrtps_c.cpython-310-x86_64-linux-gnu.so
[2.633s] -- Up-to-date: /home/basten/ros2_ws/src/MagangBanyubramanta_Basten-Andika-Salim/src/install/tugas_opencv/local/lib/python3.10/dist-packages/tugas_opencv/tugas_opencv_s__rosidl_typesupport_introspection_c.cpython-310-x86_64-linux-gnu.so
[2.633s] -- Up-to-date: /home/basten/ros2_ws/src/MagangBanyubramanta_Basten-Andika-Salim/src/install/tugas_opencv/local/lib/python3.10/dist-packages/tugas_opencv/tugas_opencv_s__rosidl_typesupport_c.cpython-310-x86_64-linux-gnu.so
[2.633s] -- Up-to-date: /home/basten/ros2_ws/src/MagangBanyubramanta_Basten-Andika-Salim/src/install/tugas_opencv/lib/libtugas_opencv__rosidl_generator_py.so
[2.633s] -- Up-to-date: /home/basten/ros2_ws/src/MagangBanyubramanta_Basten-Andika-Salim/src/install/tugas_opencv/share/tugas_opencv/msg/Color.idl
[2.633s] -- Up-to-date: /home/basten/ros2_ws/src/MagangBanyubramanta_Basten-Andika-Salim/src/install/tugas_opencv/share/tugas_opencv/msg/Color.msg
[2.634s] -- Installing: /home/basten/ros2_ws/src/MagangBanyubramanta_Basten-Andika-Salim/src/install/tugas_opencv/lib/tugas_opencv/colorcheck
[2.634s] -- Set runtime path of "/home/basten/ros2_ws/src/MagangBanyubramanta_Basten-Andika-Salim/src/install/tugas_opencv/lib/tugas_opencv/colorcheck" to ""
[2.634s] -- Up-to-date: /home/basten/ros2_ws/src/MagangBanyubramanta_Basten-Andika-Salim/src/install/tugas_opencv/share/ament_index/resource_index/package_run_dependencies/tugas_opencv
[2.634s] -- Up-to-date: /home/basten/ros2_ws/src/MagangBanyubramanta_Basten-Andika-Salim/src/install/tugas_opencv/share/ament_index/resource_index/parent_prefix_path/tugas_opencv
[2.634s] -- Up-to-date: /home/basten/ros2_ws/src/MagangBanyubramanta_Basten-Andika-Salim/src/install/tugas_opencv/share/tugas_opencv/environment/ament_prefix_path.sh
[2.634s] -- Up-to-date: /home/basten/ros2_ws/src/MagangBanyubramanta_Basten-Andika-Salim/src/install/tugas_opencv/share/tugas_opencv/environment/ament_prefix_path.dsv
[2.634s] -- Up-to-date: /home/basten/ros2_ws/src/MagangBanyubramanta_Basten-Andika-Salim/src/install/tugas_opencv/share/tugas_opencv/environment/path.sh
[2.634s] -- Up-to-date: /home/basten/ros2_ws/src/MagangBanyubramanta_Basten-Andika-Salim/src/install/tugas_opencv/share/tugas_opencv/environment/path.dsv
[2.634s] -- Up-to-date: /home/basten/ros2_ws/src/MagangBanyubramanta_Basten-Andika-Salim/src/install/tugas_opencv/share/tugas_opencv/local_setup.bash
[2.635s] -- Up-to-date: /home/basten/ros2_ws/src/MagangBanyubramanta_Basten-Andika-Salim/src/install/tugas_opencv/share/tugas_opencv/local_setup.sh
[2.635s] -- Up-to-date: /home/basten/ros2_ws/src/MagangBanyubramanta_Basten-Andika-Salim/src/install/tugas_opencv/share/tugas_opencv/local_setup.zsh
[2.635s] -- Up-to-date: /home/basten/ros2_ws/src/MagangBanyubramanta_Basten-Andika-Salim/src/install/tugas_opencv/share/tugas_opencv/local_setup.dsv
[2.635s] -- Installing: /home/basten/ros2_ws/src/MagangBanyubramanta_Basten-Andika-Salim/src/install/tugas_opencv/share/tugas_opencv/package.dsv
[2.635s] -- Up-to-date: /home/basten/ros2_ws/src/MagangBanyubramanta_Basten-Andika-Salim/src/install/tugas_opencv/share/ament_index/resource_index/packages/tugas_opencv
[2.635s] -- Up-to-date: /home/basten/ros2_ws/src/MagangBanyubramanta_Basten-Andika-Salim/src/install/tugas_opencv/share/tugas_opencv/cmake/export_tugas_opencv__rosidl_generator_cExport.cmake
[2.635s] -- Up-to-date: /home/basten/ros2_ws/src/MagangBanyubramanta_Basten-Andika-Salim/src/install/tugas_opencv/share/tugas_opencv/cmake/export_tugas_opencv__rosidl_generator_cExport-noconfig.cmake
[2.635s] -- Up-to-date: /home/basten/ros2_ws/src/MagangBanyubramanta_Basten-Andika-Salim/src/install/tugas_opencv/share/tugas_opencv/cmake/export_tugas_opencv__rosidl_typesupport_fastrtps_cExport.cmake
[2.635s] -- Up-to-date: /home/basten/ros2_ws/src/MagangBanyubramanta_Basten-Andika-Salim/src/install/tugas_opencv/share/tugas_opencv/cmake/export_tugas_opencv__rosidl_typesupport_fastrtps_cExport-noconfig.cmake
[2.635s] -- Up-to-date: /home/basten/ros2_ws/src/MagangBanyubramanta_Basten-Andika-Salim/src/install/tugas_opencv/share/tugas_opencv/cmake/export_tugas_opencv__rosidl_generator_cppExport.cmake
[2.635s] -- Up-to-date: /home/basten/ros2_ws/src/MagangBanyubramanta_Basten-Andika-Salim/src/install/tugas_opencv/share/tugas_opencv/cmake/export_tugas_opencv__rosidl_typesupport_fastrtps_cppExport.cmake
[2.635s] -- Up-to-date: /home/basten/ros2_ws/src/MagangBanyubramanta_Basten-Andika-Salim/src/install/tugas_opencv/share/tugas_opencv/cmake/export_tugas_opencv__rosidl_typesupport_fastrtps_cppExport-noconfig.cmake
[2.635s] -- Up-to-date: /home/basten/ros2_ws/src/MagangBanyubramanta_Basten-Andika-Salim/src/install/tugas_opencv/share/tugas_opencv/cmake/tugas_opencv__rosidl_typesupport_introspection_cExport.cmake
[2.635s] -- Up-to-date: /home/basten/ros2_ws/src/MagangBanyubramanta_Basten-Andika-Salim/src/install/tugas_opencv/share/tugas_opencv/cmake/tugas_opencv__rosidl_typesupport_introspection_cExport-noconfig.cmake
[2.635s] -- Up-to-date: /home/basten/ros2_ws/src/MagangBanyubramanta_Basten-Andika-Salim/src/install/tugas_opencv/share/tugas_opencv/cmake/tugas_opencv__rosidl_typesupport_cExport.cmake
[2.635s] -- Up-to-date: /home/basten/ros2_ws/src/MagangBanyubramanta_Basten-Andika-Salim/src/install/tugas_opencv/share/tugas_opencv/cmake/tugas_opencv__rosidl_typesupport_cExport-noconfig.cmake
[2.635s] -- Up-to-date: /home/basten/ros2_ws/src/MagangBanyubramanta_Basten-Andika-Salim/src/install/tugas_opencv/share/tugas_opencv/cmake/tugas_opencv__rosidl_typesupport_introspection_cppExport.cmake
[2.635s] -- Up-to-date: /home/basten/ros2_ws/src/MagangBanyubramanta_Basten-Andika-Salim/src/install/tugas_opencv/share/tugas_opencv/cmake/tugas_opencv__rosidl_typesupport_introspection_cppExport-noconfig.cmake
[2.635s] -- Up-to-date: /home/basten/ros2_ws/src/MagangBanyubramanta_Basten-Andika-Salim/src/install/tugas_opencv/share/tugas_opencv/cmake/tugas_opencv__rosidl_typesupport_cppExport.cmake
[2.635s] -- Up-to-date: /home/basten/ros2_ws/src/MagangBanyubramanta_Basten-Andika-Salim/src/install/tugas_opencv/share/tugas_opencv/cmake/tugas_opencv__rosidl_typesupport_cppExport-noconfig.cmake
[2.635s] -- Up-to-date: /home/basten/ros2_ws/src/MagangBanyubramanta_Basten-Andika-Salim/src/install/tugas_opencv/share/tugas_opencv/cmake/export_tugas_opencv__rosidl_generator_pyExport.cmake
[2.635s] -- Up-to-date: /home/basten/ros2_ws/src/MagangBanyubramanta_Basten-Andika-Salim/src/install/tugas_opencv/share/tugas_opencv/cmake/export_tugas_opencv__rosidl_generator_pyExport-noconfig.cmake
[2.635s] -- Up-to-date: /home/basten/ros2_ws/src/MagangBanyubramanta_Basten-Andika-Salim/src/install/tugas_opencv/share/tugas_opencv/cmake/rosidl_cmake-extras.cmake
[2.635s] -- Up-to-date: /home/basten/ros2_ws/src/MagangBanyubramanta_Basten-Andika-Salim/src/install/tugas_opencv/share/tugas_opencv/cmake/ament_cmake_export_include_directories-extras.cmake
[2.635s] -- Up-to-date: /home/basten/ros2_ws/src/MagangBanyubramanta_Basten-Andika-Salim/src/install/tugas_opencv/share/tugas_opencv/cmake/ament_cmake_export_libraries-extras.cmake
[2.635s] -- Up-to-date: /home/basten/ros2_ws/src/MagangBanyubramanta_Basten-Andika-Salim/src/install/tugas_opencv/share/tugas_opencv/cmake/ament_cmake_export_targets-extras.cmake
[2.635s] -- Up-to-date: /home/basten/ros2_ws/src/MagangBanyubramanta_Basten-Andika-Salim/src/install/tugas_opencv/share/tugas_opencv/cmake/rosidl_cmake_export_typesupport_targets-extras.cmake
[2.635s] -- Up-to-date: /home/basten/ros2_ws/src/MagangBanyubramanta_Basten-Andika-Salim/src/install/tugas_opencv/share/tugas_opencv/cmake/ament_cmake_export_dependencies-extras.cmake
[2.635s] -- Up-to-date: /home/basten/ros2_ws/src/MagangBanyubramanta_Basten-Andika-Salim/src/install/tugas_opencv/share/tugas_opencv/cmake/rosidl_cmake_export_typesupport_libraries-extras.cmake
[2.635s] -- Up-to-date: /home/basten/ros2_ws/src/MagangBanyubramanta_Basten-Andika-Salim/src/install/tugas_opencv/share/tugas_opencv/cmake/tugas_opencvConfig.cmake
[2.635s] -- Up-to-date: /home/basten/ros2_ws/src/MagangBanyubramanta_Basten-Andika-Salim/src/install/tugas_opencv/share/tugas_opencv/cmake/tugas_opencvConfig-version.cmake
[2.635s] -- Up-to-date: /home/basten/ros2_ws/src/MagangBanyubramanta_Basten-Andika-Salim/src/install/tugas_opencv/share/tugas_opencv/package.xml
[2.637s] Invoked command in '/home/basten/ros2_ws/src/MagangBanyubramanta_Basten-Andika-Salim/src/build/tugas_opencv' returned '0': CMAKE_PREFIX_PATH=${CMAKE_PREFIX_PATH}:/opt/ros/humble /usr/bin/cmake --install /home/basten/ros2_ws/src/MagangBanyubramanta_Basten-Andika-Salim/src/build/tugas_opencv
