[0.052s] Invoking command in '/home/basten/ros2_ws/src/MagangBanyubramanta_Basten-Andika-Salim/Ros2/build/tugas_yolo_yolocpp': CMAKE_PREFIX_PATH=${CMAKE_PREFIX_PATH}:/opt/ros/humble /usr/bin/cmake --build /home/basten/ros2_ws/src/MagangBanyubramanta_Basten-Andika-Salim/Ros2/build/tugas_yolo_yolocpp -- -j32 -l32
[0.070s] [35m[1mConsolidate compiler generated dependencies of target tugas_yolo_yolocpp__rosidl_generator_c[0m
[0.075s] [  3%] Built target tugas_yolo_yolocpp__cpp
[0.076s] [ 12%] Built target tugas_yolo_yolocpp__rosidl_generator_c
[0.080s] [ 12%] Built target ament_cmake_python_copy_tugas_yolo_yolocpp
[0.081s] [35m[1mConsolidate compiler generated dependencies of target tugas_yolo_yolocpp__rosidl_typesupport_cpp[0m
[0.082s] [35m[1mConsolidate compiler generated dependencies of target tugas_yolo_yolocpp__rosidl_typesupport_introspection_cpp[0m
[0.082s] [35m[1mConsolidate compiler generated dependencies of target tugas_yolo_yolocpp__rosidl_typesupport_fastrtps_c[0m
[0.082s] [35m[1mConsolidate compiler generated dependencies of target tugas_yolo_yolocpp__rosidl_typesupport_c[0m
[0.084s] [35m[1mConsolidate compiler generated dependencies of target tugas_yolo_yolocpp__rosidl_typesupport_fastrtps_cpp[0m
[0.084s] [35m[1mConsolidate compiler generated dependencies of target tugas_yolo_yolocpp__rosidl_typesupport_introspection_c[0m
[0.087s] [ 21%] Built target tugas_yolo_yolocpp__rosidl_typesupport_cpp
[0.091s] [ 30%] Built target tugas_yolo_yolocpp__rosidl_typesupport_introspection_cpp
[0.091s] [ 39%] Built target tugas_yolo_yolocpp__rosidl_typesupport_fastrtps_c
[0.091s] [ 48%] Built target tugas_yolo_yolocpp__rosidl_typesupport_c
[0.092s] [ 57%] Built target tugas_yolo_yolocpp__rosidl_typesupport_introspection_c
[0.094s] [35m[1mConsolidate compiler generated dependencies of target detect[0m
[0.094s] [ 66%] Built target tugas_yolo_yolocpp__rosidl_typesupport_fastrtps_cpp
[0.106s] [ 72%] Built target detect
[0.107s] [ 72%] Built target tugas_yolo_yolocpp
[0.121s] [ 75%] Built target tugas_yolo_yolocpp__py
[0.127s] [35m[1mConsolidate compiler generated dependencies of target tugas_yolo_yolocpp__rosidl_generator_py[0m
[0.135s] [ 81%] Built target tugas_yolo_yolocpp__rosidl_generator_py
[0.143s] [35m[1mConsolidate compiler generated dependencies of target tugas_yolo_yolocpp__rosidl_typesupport_c__pyext[0m
[0.144s] [35m[1mConsolidate compiler generated dependencies of target tugas_yolo_yolocpp__rosidl_typesupport_fastrtps_c__pyext[0m
[0.144s] [35m[1mConsolidate compiler generated dependencies of target tugas_yolo_yolocpp__rosidl_typesupport_introspection_c__pyext[0m
[0.153s] [ 87%] Built target tugas_yolo_yolocpp__rosidl_typesupport_fastrtps_c__pyext
[0.155s] [ 93%] Built target tugas_yolo_yolocpp__rosidl_typesupport_c__pyext
[0.156s] [100%] Built target tugas_yolo_yolocpp__rosidl_typesupport_introspection_c__pyext
[0.206s] running egg_info
[0.215s] writing tugas_yolo_yolocpp.egg-info/PKG-INFO
[0.215s] writing dependency_links to tugas_yolo_yolocpp.egg-info/dependency_links.txt
[0.216s] writing top-level names to tugas_yolo_yolocpp.egg-info/top_level.txt
[0.237s] reading manifest file 'tugas_yolo_yolocpp.egg-info/SOURCES.txt'
[0.237s] writing manifest file 'tugas_yolo_yolocpp.egg-info/SOURCES.txt'
[0.251s] [100%] Built target ament_cmake_python_build_tugas_yolo_yolocpp_egg
