[0.125s] Invoking command in '/home/basten/ros2_ws/src/MagangBanyubramanta_Basten-Andika-Salim/Ros2/build/communicator': CMAKE_PREFIX_PATH=${CMAKE_PREFIX_PATH}:/opt/ros/humble /usr/bin/cmake --build /home/basten/ros2_ws/src/MagangBanyubramanta_Basten-Andika-Salim/Ros2/build/communicator -- -j32 -l32
[0.136s] -- Found ament_cmake: 1.3.8 (/opt/ros/humble/share/ament_cmake/cmake)
[0.229s] -- Found rclcpp: 16.0.8 (/opt/ros/humble/share/rclcpp/cmake)
[0.251s] -- Found rosidl_generator_c: 3.1.5 (/opt/ros/humble/share/rosidl_generator_c/cmake)
[0.252s] -- Found rosidl_adapter: 3.1.5 (/opt/ros/humble/share/rosidl_adapter/cmake)
[0.255s] -- Found rosidl_generator_cpp: 3.1.5 (/opt/ros/humble/share/rosidl_generator_cpp/cmake)
[0.263s] -- Using all available rosidl_typesupport_c: rosidl_typesupport_fastrtps_c;rosidl_typesupport_introspection_c
[0.273s] -- Using all available rosidl_typesupport_cpp: rosidl_typesupport_fastrtps_cpp;rosidl_typesupport_introspection_cpp
[0.314s] -- Found rmw_implementation_cmake: 6.1.1 (/opt/ros/humble/share/rmw_implementation_cmake/cmake)
[0.315s] -- Found rmw_fastrtps_cpp: 6.2.6 (/opt/ros/humble/share/rmw_fastrtps_cpp/cmake)
[0.393s] -- Using RMW implementation 'rmw_fastrtps_cpp' as default
[0.500s] [31mCMake Error at CMakeLists.txt:11 (find_package):
[0.501s]   By not providing "Findasio.cmake" in CMAKE_MODULE_PATH this project has
[0.501s]   asked CMake to find a package configuration file provided by "asio", but
[0.501s]   CMake did not find one.
[0.501s] 
[0.501s]   Could not find a package configuration file provided by "asio" with any of
[0.501s]   the following names:
[0.501s] 
[0.501s]     asioConfig.cmake
[0.501s]     asio-config.cmake
[0.501s] 
[0.501s]   Add the installation prefix of "asio" to CMAKE_PREFIX_PATH or set
[0.501s]   "asio_DIR" to a directory containing one of the above files.  If "asio"
[0.501s]   provides a separate development package or SDK, be sure it has been
[0.501s]   installed.
[0.501s] 
[0.501s] [0m
[0.501s] -- Configuring incomplete, errors occurred!
[0.501s] See also "/home/basten/ros2_ws/src/MagangBanyubramanta_Basten-Andika-Salim/Ros2/build/communicator/CMakeFiles/CMakeOutput.log".
[0.503s] gmake: *** [Makefile:267: cmake_check_build_system] Error 1
[0.573s] Invoked command in '/home/basten/ros2_ws/src/MagangBanyubramanta_Basten-Andika-Salim/Ros2/build/communicator' returned '2': CMAKE_PREFIX_PATH=${CMAKE_PREFIX_PATH}:/opt/ros/humble /usr/bin/cmake --build /home/basten/ros2_ws/src/MagangBanyubramanta_Basten-Andika-Salim/Ros2/build/communicator -- -j32 -l32
