-- Found ament_cmake: 1.3.8 (/opt/ros/humble/share/ament_cmake/cmake)
-- Found rclcpp: 16.0.8 (/opt/ros/humble/share/rclcpp/cmake)
-- Found rosidl_generator_c: 3.1.5 (/opt/ros/humble/share/rosidl_generator_c/cmake)
-- Found rosidl_adapter: 3.1.5 (/opt/ros/humble/share/rosidl_adapter/cmake)
-- Found rosidl_generator_cpp: 3.1.5 (/opt/ros/humble/share/rosidl_generator_cpp/cmake)
-- Using all available rosidl_typesupport_c: rosidl_typesupport_fastrtps_c;rosidl_typesupport_introspection_c
-- Using all available rosidl_typesupport_cpp: rosidl_typesupport_fastrtps_cpp;rosidl_typesupport_introspection_cpp
-- Found rmw_implementation_cmake: 6.1.1 (/opt/ros/humble/share/rmw_implementation_cmake/cmake)
-- Found rmw_fastrtps_cpp: 6.2.6 (/opt/ros/humble/share/rmw_fastrtps_cpp/cmake)
-- Using RMW implementation 'rmw_fastrtps_cpp' as default
-- Found sensor_msgs: 4.2.3 (/opt/ros/humble/share/sensor_msgs/cmake)
-- Found cv_bridge: 3.2.1 (/opt/ros/humble/share/cv_bridge/cmake)
-- Found rosidl_default_generators: 1.2.0 (/opt/ros/humble/share/rosidl_default_generators/cmake)
-- Found ament_cmake_ros: 0.10.0 (/opt/ros/humble/share/ament_cmake_ros/cmake)
-- Using all available rosidl_typesupport_c: rosidl_typesupport_fastrtps_c;rosidl_typesupport_introspection_c
-- Using all available rosidl_typesupport_cpp: rosidl_typesupport_fastrtps_cpp;rosidl_typesupport_introspection_cpp
-- Found PythonInterp: /usr/bin/python3 (found suitable version "3.10.12", minimum required is "3.6") 
-- Found python_cmake_module: 0.10.0 (/opt/ros/humble/share/python_cmake_module/cmake)
-- Found PythonLibs: /usr/lib/x86_64-linux-gnu/libpython3.10.so (found suitable version "3.10.12", minimum required is "3.5") 
-- Using PYTHON_EXECUTABLE: /usr/bin/python3
-- Using PYTHON_INCLUDE_DIRS: /usr/include/python3.10
-- Using PYTHON_LIBRARIES: /usr/lib/x86_64-linux-gnu/libpython3.10.so
-- Found PythonExtra: .so  
-- Found ament_lint_auto: 0.12.10 (/opt/ros/humble/share/ament_lint_auto/cmake)
-- Added test 'cppcheck' to perform static code analysis on C / C++ code
-- Configured cppcheck include dirs: 
-- Configured cppcheck exclude dirs and/or files: 
-- Added test 'lint_cmake' to check CMake code style
-- Added test 'uncrustify' to check C / C++ code style
-- Configured uncrustify additional arguments: 
-- Added test 'xmllint' to check XML markup files
-- Configuring done
-- Generating done
-- Build files have been written to: /home/basten/ros2_ws/src/MagangBanyubramanta_Basten-Andika-Salim/src/build/tugas_yolo_yolocpp
[  3%] [34m[1mGenerating C code for ROS interfaces[0m
[  6%] [34m[1mGenerating C++ code for ROS interfaces[0m
[  6%] Built target ament_cmake_python_copy_tugas_yolo_yolocpp
running egg_info
creating tugas_yolo_yolocpp.egg-info
writing tugas_yolo_yolocpp.egg-info/PKG-INFO
writing dependency_links to tugas_yolo_yolocpp.egg-info/dependency_links.txt
writing top-level names to tugas_yolo_yolocpp.egg-info/top_level.txt
writing manifest file 'tugas_yolo_yolocpp.egg-info/SOURCES.txt'
[  6%] Built target tugas_yolo_yolocpp__cpp
[  9%] [32mBuilding C object CMakeFiles/tugas_yolo_yolocpp__rosidl_generator_c.dir/rosidl_generator_c/tugas_yolo_yolocpp/msg/detail/seen__functions.c.o[0m
[ 12%] [34m[1mGenerating C++ type support dispatch for ROS interfaces[0m
[ 15%] [34m[1mGenerating C++ type support for eProsima Fast-RTPS[0m
[ 18%] [34m[1mGenerating C++ introspection for ROS interfaces[0m
reading manifest file 'tugas_yolo_yolocpp.egg-info/SOURCES.txt'
writing manifest file 'tugas_yolo_yolocpp.egg-info/SOURCES.txt'
[ 18%] Built target ament_cmake_python_build_tugas_yolo_yolocpp_egg
[ 21%] [32m[1mLinking C shared library libtugas_yolo_yolocpp__rosidl_generator_c.so[0m
[ 21%] Built target tugas_yolo_yolocpp__rosidl_generator_c
[ 30%] [34m[1mGenerating C introspection for ROS interfaces[0m
[ 30%] [34m[1mGenerating C type support for eProsima Fast-RTPS[0m
[ 30%] [34m[1mGenerating C type support dispatch for ROS interfaces[0m
[ 33%] [32mBuilding CXX object CMakeFiles/tugas_yolo_yolocpp__rosidl_typesupport_cpp.dir/rosidl_typesupport_cpp/tugas_yolo_yolocpp/msg/seen__type_support.cpp.o[0m
[ 36%] [32mBuilding CXX object CMakeFiles/tugas_yolo_yolocpp__rosidl_typesupport_introspection_cpp.dir/rosidl_typesupport_introspection_cpp/tugas_yolo_yolocpp/msg/detail/seen__type_support.cpp.o[0m
[ 39%] [32mBuilding CXX object CMakeFiles/tugas_yolo_yolocpp__rosidl_typesupport_fastrtps_cpp.dir/rosidl_typesupport_fastrtps_cpp/tugas_yolo_yolocpp/msg/detail/dds_fastrtps/seen__type_support.cpp.o[0m
[ 42%] [32mBuilding CXX object CMakeFiles/tugas_yolo_yolocpp__rosidl_typesupport_c.dir/rosidl_typesupport_c/tugas_yolo_yolocpp/msg/seen__type_support.cpp.o[0m
[ 45%] [32mBuilding C object CMakeFiles/tugas_yolo_yolocpp__rosidl_typesupport_introspection_c.dir/rosidl_typesupport_introspection_c/tugas_yolo_yolocpp/msg/detail/seen__type_support.c.o[0m
[ 48%] [32mBuilding CXX object CMakeFiles/tugas_yolo_yolocpp__rosidl_typesupport_fastrtps_c.dir/rosidl_typesupport_fastrtps_c/tugas_yolo_yolocpp/msg/detail/seen__type_support_c.cpp.o[0m
[ 51%] [32m[1mLinking CXX shared library libtugas_yolo_yolocpp__rosidl_typesupport_c.so[0m
[ 54%] [32m[1mLinking C shared library libtugas_yolo_yolocpp__rosidl_typesupport_introspection_c.so[0m
[ 54%] Built target tugas_yolo_yolocpp__rosidl_typesupport_introspection_c
[ 54%] Built target tugas_yolo_yolocpp__rosidl_typesupport_c
[ 57%] [32m[1mLinking CXX shared library libtugas_yolo_yolocpp__rosidl_typesupport_cpp.so[0m
[ 57%] Built target tugas_yolo_yolocpp__rosidl_typesupport_cpp
[35m[1mConsolidate compiler generated dependencies of target detect[0m
[ 60%] [32mBuilding CXX object CMakeFiles/detect.dir/src/detect.cpp.o[0m
[ 63%] [32m[1mLinking CXX shared library libtugas_yolo_yolocpp__rosidl_typesupport_introspection_cpp.so[0m
[ 66%] [32m[1mLinking CXX shared library libtugas_yolo_yolocpp__rosidl_typesupport_fastrtps_cpp.so[0m
[ 66%] Built target tugas_yolo_yolocpp__rosidl_typesupport_introspection_cpp
[ 69%] [32m[1mLinking CXX shared library libtugas_yolo_yolocpp__rosidl_typesupport_fastrtps_c.so[0m
[ 69%] Built target tugas_yolo_yolocpp__rosidl_typesupport_fastrtps_cpp
[ 69%] Built target tugas_yolo_yolocpp__rosidl_typesupport_fastrtps_c
[ 69%] Built target tugas_yolo_yolocpp
[ 72%] [34m[1mGenerating Python code for ROS interfaces[0m
[ 72%] Built target tugas_yolo_yolocpp__py
[ 75%] [32mBuilding C object CMakeFiles/tugas_yolo_yolocpp__rosidl_generator_py.dir/rosidl_generator_py/tugas_yolo_yolocpp/msg/_seen_s.c.o[0m
[ 78%] [32m[1mLinking C shared library rosidl_generator_py/tugas_yolo_yolocpp/libtugas_yolo_yolocpp__rosidl_generator_py.so[0m
[ 78%] Built target tugas_yolo_yolocpp__rosidl_generator_py
[ 81%] [32mBuilding C object CMakeFiles/tugas_yolo_yolocpp__rosidl_typesupport_fastrtps_c__pyext.dir/rosidl_generator_py/tugas_yolo_yolocpp/_tugas_yolo_yolocpp_s.ep.rosidl_typesupport_fastrtps_c.c.o[0m
[ 84%] [32mBuilding C object CMakeFiles/tugas_yolo_yolocpp__rosidl_typesupport_introspection_c__pyext.dir/rosidl_generator_py/tugas_yolo_yolocpp/_tugas_yolo_yolocpp_s.ep.rosidl_typesupport_introspection_c.c.o[0m
[ 87%] [32mBuilding C object CMakeFiles/tugas_yolo_yolocpp__rosidl_typesupport_c__pyext.dir/rosidl_generator_py/tugas_yolo_yolocpp/_tugas_yolo_yolocpp_s.ep.rosidl_typesupport_c.c.o[0m
[ 93%] [32m[1mLinking C shared library rosidl_generator_py/tugas_yolo_yolocpp/tugas_yolo_yolocpp_s__rosidl_typesupport_introspection_c.cpython-310-x86_64-linux-gnu.so[0m
[ 93%] [32m[1mLinking C shared library rosidl_generator_py/tugas_yolo_yolocpp/tugas_yolo_yolocpp_s__rosidl_typesupport_c.cpython-310-x86_64-linux-gnu.so[0m
[ 96%] [32m[1mLinking C shared library rosidl_generator_py/tugas_yolo_yolocpp/tugas_yolo_yolocpp_s__rosidl_typesupport_fastrtps_c.cpython-310-x86_64-linux-gnu.so[0m
[ 96%] Built target tugas_yolo_yolocpp__rosidl_typesupport_c__pyext
[ 96%] Built target tugas_yolo_yolocpp__rosidl_typesupport_introspection_c__pyext
[ 96%] Built target tugas_yolo_yolocpp__rosidl_typesupport_fastrtps_c__pyext
[100%] [32m[1mLinking CXX executable detect[0m
[100%] Built target detect
-- Install configuration: ""
-- Installing: /home/basten/ros2_ws/src/MagangBanyubramanta_Basten-Andika-Salim/src/install/tugas_yolo_yolocpp/share/ament_index/resource_index/rosidl_interfaces/tugas_yolo_yolocpp
-- Installing: /home/basten/ros2_ws/src/MagangBanyubramanta_Basten-Andika-Salim/src/install/tugas_yolo_yolocpp/include/tugas_yolo_yolocpp/tugas_yolo_yolocpp
-- Installing: /home/basten/ros2_ws/src/MagangBanyubramanta_Basten-Andika-Salim/src/install/tugas_yolo_yolocpp/include/tugas_yolo_yolocpp/tugas_yolo_yolocpp/msg
-- Installing: /home/basten/ros2_ws/src/MagangBanyubramanta_Basten-Andika-Salim/src/install/tugas_yolo_yolocpp/include/tugas_yolo_yolocpp/tugas_yolo_yolocpp/msg/rosidl_generator_c__visibility_control.h
-- Installing: /home/basten/ros2_ws/src/MagangBanyubramanta_Basten-Andika-Salim/src/install/tugas_yolo_yolocpp/include/tugas_yolo_yolocpp/tugas_yolo_yolocpp/msg/seen.h
-- Installing: /home/basten/ros2_ws/src/MagangBanyubramanta_Basten-Andika-Salim/src/install/tugas_yolo_yolocpp/include/tugas_yolo_yolocpp/tugas_yolo_yolocpp/msg/detail
-- Installing: /home/basten/ros2_ws/src/MagangBanyubramanta_Basten-Andika-Salim/src/install/tugas_yolo_yolocpp/include/tugas_yolo_yolocpp/tugas_yolo_yolocpp/msg/detail/seen__functions.c
-- Installing: /home/basten/ros2_ws/src/MagangBanyubramanta_Basten-Andika-Salim/src/install/tugas_yolo_yolocpp/include/tugas_yolo_yolocpp/tugas_yolo_yolocpp/msg/detail/seen__functions.h
-- Installing: /home/basten/ros2_ws/src/MagangBanyubramanta_Basten-Andika-Salim/src/install/tugas_yolo_yolocpp/include/tugas_yolo_yolocpp/tugas_yolo_yolocpp/msg/detail/seen__struct.h
-- Installing: /home/basten/ros2_ws/src/MagangBanyubramanta_Basten-Andika-Salim/src/install/tugas_yolo_yolocpp/include/tugas_yolo_yolocpp/tugas_yolo_yolocpp/msg/detail/seen__type_support.h
-- Installing: /home/basten/ros2_ws/src/MagangBanyubramanta_Basten-Andika-Salim/src/install/tugas_yolo_yolocpp/share/tugas_yolo_yolocpp/environment/library_path.sh
-- Installing: /home/basten/ros2_ws/src/MagangBanyubramanta_Basten-Andika-Salim/src/install/tugas_yolo_yolocpp/share/tugas_yolo_yolocpp/environment/library_path.dsv
-- Installing: /home/basten/ros2_ws/src/MagangBanyubramanta_Basten-Andika-Salim/src/install/tugas_yolo_yolocpp/lib/libtugas_yolo_yolocpp__rosidl_generator_c.so
-- Set runtime path of "/home/basten/ros2_ws/src/MagangBanyubramanta_Basten-Andika-Salim/src/install/tugas_yolo_yolocpp/lib/libtugas_yolo_yolocpp__rosidl_generator_c.so" to ""
-- Up-to-date: /home/basten/ros2_ws/src/MagangBanyubramanta_Basten-Andika-Salim/src/install/tugas_yolo_yolocpp/include/tugas_yolo_yolocpp/tugas_yolo_yolocpp
-- Up-to-date: /home/basten/ros2_ws/src/MagangBanyubramanta_Basten-Andika-Salim/src/install/tugas_yolo_yolocpp/include/tugas_yolo_yolocpp/tugas_yolo_yolocpp/msg
-- Installing: /home/basten/ros2_ws/src/MagangBanyubramanta_Basten-Andika-Salim/src/install/tugas_yolo_yolocpp/include/tugas_yolo_yolocpp/tugas_yolo_yolocpp/msg/rosidl_typesupport_fastrtps_c__visibility_control.h
-- Up-to-date: /home/basten/ros2_ws/src/MagangBanyubramanta_Basten-Andika-Salim/src/install/tugas_yolo_yolocpp/include/tugas_yolo_yolocpp/tugas_yolo_yolocpp/msg/detail
-- Installing: /home/basten/ros2_ws/src/MagangBanyubramanta_Basten-Andika-Salim/src/install/tugas_yolo_yolocpp/include/tugas_yolo_yolocpp/tugas_yolo_yolocpp/msg/detail/seen__rosidl_typesupport_fastrtps_c.h
-- Installing: /home/basten/ros2_ws/src/MagangBanyubramanta_Basten-Andika-Salim/src/install/tugas_yolo_yolocpp/lib/libtugas_yolo_yolocpp__rosidl_typesupport_fastrtps_c.so
-- Set runtime path of "/home/basten/ros2_ws/src/MagangBanyubramanta_Basten-Andika-Salim/src/install/tugas_yolo_yolocpp/lib/libtugas_yolo_yolocpp__rosidl_typesupport_fastrtps_c.so" to ""
-- Up-to-date: /home/basten/ros2_ws/src/MagangBanyubramanta_Basten-Andika-Salim/src/install/tugas_yolo_yolocpp/include/tugas_yolo_yolocpp/tugas_yolo_yolocpp
-- Up-to-date: /home/basten/ros2_ws/src/MagangBanyubramanta_Basten-Andika-Salim/src/install/tugas_yolo_yolocpp/include/tugas_yolo_yolocpp/tugas_yolo_yolocpp/msg
-- Installing: /home/basten/ros2_ws/src/MagangBanyubramanta_Basten-Andika-Salim/src/install/tugas_yolo_yolocpp/include/tugas_yolo_yolocpp/tugas_yolo_yolocpp/msg/seen.hpp
-- Up-to-date: /home/basten/ros2_ws/src/MagangBanyubramanta_Basten-Andika-Salim/src/install/tugas_yolo_yolocpp/include/tugas_yolo_yolocpp/tugas_yolo_yolocpp/msg/detail
-- Installing: /home/basten/ros2_ws/src/MagangBanyubramanta_Basten-Andika-Salim/src/install/tugas_yolo_yolocpp/include/tugas_yolo_yolocpp/tugas_yolo_yolocpp/msg/detail/seen__builder.hpp
-- Installing: /home/basten/ros2_ws/src/MagangBanyubramanta_Basten-Andika-Salim/src/install/tugas_yolo_yolocpp/include/tugas_yolo_yolocpp/tugas_yolo_yolocpp/msg/detail/seen__traits.hpp
-- Installing: /home/basten/ros2_ws/src/MagangBanyubramanta_Basten-Andika-Salim/src/install/tugas_yolo_yolocpp/include/tugas_yolo_yolocpp/tugas_yolo_yolocpp/msg/detail/seen__struct.hpp
-- Up-to-date: /home/basten/ros2_ws/src/MagangBanyubramanta_Basten-Andika-Salim/src/install/tugas_yolo_yolocpp/include/tugas_yolo_yolocpp/tugas_yolo_yolocpp
-- Up-to-date: /home/basten/ros2_ws/src/MagangBanyubramanta_Basten-Andika-Salim/src/install/tugas_yolo_yolocpp/include/tugas_yolo_yolocpp/tugas_yolo_yolocpp/msg
-- Installing: /home/basten/ros2_ws/src/MagangBanyubramanta_Basten-Andika-Salim/src/install/tugas_yolo_yolocpp/include/tugas_yolo_yolocpp/tugas_yolo_yolocpp/msg/rosidl_typesupport_fastrtps_cpp__visibility_control.h
-- Up-to-date: /home/basten/ros2_ws/src/MagangBanyubramanta_Basten-Andika-Salim/src/install/tugas_yolo_yolocpp/include/tugas_yolo_yolocpp/tugas_yolo_yolocpp/msg/detail
-- Installing: /home/basten/ros2_ws/src/MagangBanyubramanta_Basten-Andika-Salim/src/install/tugas_yolo_yolocpp/include/tugas_yolo_yolocpp/tugas_yolo_yolocpp/msg/detail/dds_fastrtps
-- Installing: /home/basten/ros2_ws/src/MagangBanyubramanta_Basten-Andika-Salim/src/install/tugas_yolo_yolocpp/include/tugas_yolo_yolocpp/tugas_yolo_yolocpp/msg/detail/seen__rosidl_typesupport_fastrtps_cpp.hpp
-- Installing: /home/basten/ros2_ws/src/MagangBanyubramanta_Basten-Andika-Salim/src/install/tugas_yolo_yolocpp/lib/libtugas_yolo_yolocpp__rosidl_typesupport_fastrtps_cpp.so
-- Set runtime path of "/home/basten/ros2_ws/src/MagangBanyubramanta_Basten-Andika-Salim/src/install/tugas_yolo_yolocpp/lib/libtugas_yolo_yolocpp__rosidl_typesupport_fastrtps_cpp.so" to ""
-- Up-to-date: /home/basten/ros2_ws/src/MagangBanyubramanta_Basten-Andika-Salim/src/install/tugas_yolo_yolocpp/include/tugas_yolo_yolocpp/tugas_yolo_yolocpp
-- Up-to-date: /home/basten/ros2_ws/src/MagangBanyubramanta_Basten-Andika-Salim/src/install/tugas_yolo_yolocpp/include/tugas_yolo_yolocpp/tugas_yolo_yolocpp/msg
-- Installing: /home/basten/ros2_ws/src/MagangBanyubramanta_Basten-Andika-Salim/src/install/tugas_yolo_yolocpp/include/tugas_yolo_yolocpp/tugas_yolo_yolocpp/msg/rosidl_typesupport_introspection_c__visibility_control.h
-- Up-to-date: /home/basten/ros2_ws/src/MagangBanyubramanta_Basten-Andika-Salim/src/install/tugas_yolo_yolocpp/include/tugas_yolo_yolocpp/tugas_yolo_yolocpp/msg/detail
-- Installing: /home/basten/ros2_ws/src/MagangBanyubramanta_Basten-Andika-Salim/src/install/tugas_yolo_yolocpp/include/tugas_yolo_yolocpp/tugas_yolo_yolocpp/msg/detail/seen__type_support.c
-- Installing: /home/basten/ros2_ws/src/MagangBanyubramanta_Basten-Andika-Salim/src/install/tugas_yolo_yolocpp/include/tugas_yolo_yolocpp/tugas_yolo_yolocpp/msg/detail/seen__rosidl_typesupport_introspection_c.h
-- Installing: /home/basten/ros2_ws/src/MagangBanyubramanta_Basten-Andika-Salim/src/install/tugas_yolo_yolocpp/lib/libtugas_yolo_yolocpp__rosidl_typesupport_introspection_c.so
-- Set runtime path of "/home/basten/ros2_ws/src/MagangBanyubramanta_Basten-Andika-Salim/src/install/tugas_yolo_yolocpp/lib/libtugas_yolo_yolocpp__rosidl_typesupport_introspection_c.so" to ""
-- Installing: /home/basten/ros2_ws/src/MagangBanyubramanta_Basten-Andika-Salim/src/install/tugas_yolo_yolocpp/lib/libtugas_yolo_yolocpp__rosidl_typesupport_c.so
-- Set runtime path of "/home/basten/ros2_ws/src/MagangBanyubramanta_Basten-Andika-Salim/src/install/tugas_yolo_yolocpp/lib/libtugas_yolo_yolocpp__rosidl_typesupport_c.so" to ""
-- Up-to-date: /home/basten/ros2_ws/src/MagangBanyubramanta_Basten-Andika-Salim/src/install/tugas_yolo_yolocpp/include/tugas_yolo_yolocpp/tugas_yolo_yolocpp
-- Up-to-date: /home/basten/ros2_ws/src/MagangBanyubramanta_Basten-Andika-Salim/src/install/tugas_yolo_yolocpp/include/tugas_yolo_yolocpp/tugas_yolo_yolocpp/msg
-- Up-to-date: /home/basten/ros2_ws/src/MagangBanyubramanta_Basten-Andika-Salim/src/install/tugas_yolo_yolocpp/include/tugas_yolo_yolocpp/tugas_yolo_yolocpp/msg/detail
-- Installing: /home/basten/ros2_ws/src/MagangBanyubramanta_Basten-Andika-Salim/src/install/tugas_yolo_yolocpp/include/tugas_yolo_yolocpp/tugas_yolo_yolocpp/msg/detail/seen__rosidl_typesupport_introspection_cpp.hpp
-- Installing: /home/basten/ros2_ws/src/MagangBanyubramanta_Basten-Andika-Salim/src/install/tugas_yolo_yolocpp/include/tugas_yolo_yolocpp/tugas_yolo_yolocpp/msg/detail/seen__type_support.cpp
-- Installing: /home/basten/ros2_ws/src/MagangBanyubramanta_Basten-Andika-Salim/src/install/tugas_yolo_yolocpp/lib/libtugas_yolo_yolocpp__rosidl_typesupport_introspection_cpp.so
-- Set runtime path of "/home/basten/ros2_ws/src/MagangBanyubramanta_Basten-Andika-Salim/src/install/tugas_yolo_yolocpp/lib/libtugas_yolo_yolocpp__rosidl_typesupport_introspection_cpp.so" to ""
-- Installing: /home/basten/ros2_ws/src/MagangBanyubramanta_Basten-Andika-Salim/src/install/tugas_yolo_yolocpp/lib/libtugas_yolo_yolocpp__rosidl_typesupport_cpp.so
-- Set runtime path of "/home/basten/ros2_ws/src/MagangBanyubramanta_Basten-Andika-Salim/src/install/tugas_yolo_yolocpp/lib/libtugas_yolo_yolocpp__rosidl_typesupport_cpp.so" to ""
-- Installing: /home/basten/ros2_ws/src/MagangBanyubramanta_Basten-Andika-Salim/src/install/tugas_yolo_yolocpp/share/tugas_yolo_yolocpp/environment/pythonpath.sh
-- Installing: /home/basten/ros2_ws/src/MagangBanyubramanta_Basten-Andika-Salim/src/install/tugas_yolo_yolocpp/share/tugas_yolo_yolocpp/environment/pythonpath.dsv
-- Installing: /home/basten/ros2_ws/src/MagangBanyubramanta_Basten-Andika-Salim/src/install/tugas_yolo_yolocpp/local/lib/python3.10/dist-packages/tugas_yolo_yolocpp-0.0.0-py3.10.egg-info
-- Installing: /home/basten/ros2_ws/src/MagangBanyubramanta_Basten-Andika-Salim/src/install/tugas_yolo_yolocpp/local/lib/python3.10/dist-packages/tugas_yolo_yolocpp-0.0.0-py3.10.egg-info/top_level.txt
-- Installing: /home/basten/ros2_ws/src/MagangBanyubramanta_Basten-Andika-Salim/src/install/tugas_yolo_yolocpp/local/lib/python3.10/dist-packages/tugas_yolo_yolocpp-0.0.0-py3.10.egg-info/PKG-INFO
-- Installing: /home/basten/ros2_ws/src/MagangBanyubramanta_Basten-Andika-Salim/src/install/tugas_yolo_yolocpp/local/lib/python3.10/dist-packages/tugas_yolo_yolocpp-0.0.0-py3.10.egg-info/dependency_links.txt
-- Installing: /home/basten/ros2_ws/src/MagangBanyubramanta_Basten-Andika-Salim/src/install/tugas_yolo_yolocpp/local/lib/python3.10/dist-packages/tugas_yolo_yolocpp-0.0.0-py3.10.egg-info/SOURCES.txt
-- Installing: /home/basten/ros2_ws/src/MagangBanyubramanta_Basten-Andika-Salim/src/install/tugas_yolo_yolocpp/local/lib/python3.10/dist-packages/tugas_yolo_yolocpp
-- Installing: /home/basten/ros2_ws/src/MagangBanyubramanta_Basten-Andika-Salim/src/install/tugas_yolo_yolocpp/local/lib/python3.10/dist-packages/tugas_yolo_yolocpp/_tugas_yolo_yolocpp_s.ep.rosidl_typesupport_introspection_c.c
-- Installing: /home/basten/ros2_ws/src/MagangBanyubramanta_Basten-Andika-Salim/src/install/tugas_yolo_yolocpp/local/lib/python3.10/dist-packages/tugas_yolo_yolocpp/tugas_yolo_yolocpp_s__rosidl_typesupport_fastrtps_c.cpython-310-x86_64-linux-gnu.so
-- Installing: /home/basten/ros2_ws/src/MagangBanyubramanta_Basten-Andika-Salim/src/install/tugas_yolo_yolocpp/local/lib/python3.10/dist-packages/tugas_yolo_yolocpp/tugas_yolo_yolocpp_s__rosidl_typesupport_introspection_c.cpython-310-x86_64-linux-gnu.so
-- Installing: /home/basten/ros2_ws/src/MagangBanyubramanta_Basten-Andika-Salim/src/install/tugas_yolo_yolocpp/local/lib/python3.10/dist-packages/tugas_yolo_yolocpp/_tugas_yolo_yolocpp_s.ep.rosidl_typesupport_fastrtps_c.c
-- Installing: /home/basten/ros2_ws/src/MagangBanyubramanta_Basten-Andika-Salim/src/install/tugas_yolo_yolocpp/local/lib/python3.10/dist-packages/tugas_yolo_yolocpp/__init__.py
-- Installing: /home/basten/ros2_ws/src/MagangBanyubramanta_Basten-Andika-Salim/src/install/tugas_yolo_yolocpp/local/lib/python3.10/dist-packages/tugas_yolo_yolocpp/_tugas_yolo_yolocpp_s.ep.rosidl_typesupport_c.c
-- Installing: /home/basten/ros2_ws/src/MagangBanyubramanta_Basten-Andika-Salim/src/install/tugas_yolo_yolocpp/local/lib/python3.10/dist-packages/tugas_yolo_yolocpp/tugas_yolo_yolocpp_s__rosidl_typesupport_c.cpython-310-x86_64-linux-gnu.so
-- Installing: /home/basten/ros2_ws/src/MagangBanyubramanta_Basten-Andika-Salim/src/install/tugas_yolo_yolocpp/local/lib/python3.10/dist-packages/tugas_yolo_yolocpp/msg
-- Installing: /home/basten/ros2_ws/src/MagangBanyubramanta_Basten-Andika-Salim/src/install/tugas_yolo_yolocpp/local/lib/python3.10/dist-packages/tugas_yolo_yolocpp/msg/_seen_s.c
-- Installing: /home/basten/ros2_ws/src/MagangBanyubramanta_Basten-Andika-Salim/src/install/tugas_yolo_yolocpp/local/lib/python3.10/dist-packages/tugas_yolo_yolocpp/msg/_seen.py
-- Installing: /home/basten/ros2_ws/src/MagangBanyubramanta_Basten-Andika-Salim/src/install/tugas_yolo_yolocpp/local/lib/python3.10/dist-packages/tugas_yolo_yolocpp/msg/__init__.py
-- Installing: /home/basten/ros2_ws/src/MagangBanyubramanta_Basten-Andika-Salim/src/install/tugas_yolo_yolocpp/local/lib/python3.10/dist-packages/tugas_yolo_yolocpp/libtugas_yolo_yolocpp__rosidl_generator_py.so
Listing '/home/basten/ros2_ws/src/MagangBanyubramanta_Basten-Andika-Salim/src/install/tugas_yolo_yolocpp/local/lib/python3.10/dist-packages/tugas_yolo_yolocpp'...
Compiling '/home/basten/ros2_ws/src/MagangBanyubramanta_Basten-Andika-Salim/src/install/tugas_yolo_yolocpp/local/lib/python3.10/dist-packages/tugas_yolo_yolocpp/__init__.py'...
Listing '/home/basten/ros2_ws/src/MagangBanyubramanta_Basten-Andika-Salim/src/install/tugas_yolo_yolocpp/local/lib/python3.10/dist-packages/tugas_yolo_yolocpp/msg'...
Compiling '/home/basten/ros2_ws/src/MagangBanyubramanta_Basten-Andika-Salim/src/install/tugas_yolo_yolocpp/local/lib/python3.10/dist-packages/tugas_yolo_yolocpp/msg/__init__.py'...
Compiling '/home/basten/ros2_ws/src/MagangBanyubramanta_Basten-Andika-Salim/src/install/tugas_yolo_yolocpp/local/lib/python3.10/dist-packages/tugas_yolo_yolocpp/msg/_seen.py'...
-- Installing: /home/basten/ros2_ws/src/MagangBanyubramanta_Basten-Andika-Salim/src/install/tugas_yolo_yolocpp/local/lib/python3.10/dist-packages/tugas_yolo_yolocpp/tugas_yolo_yolocpp_s__rosidl_typesupport_fastrtps_c.cpython-310-x86_64-linux-gnu.so
-- Set runtime path of "/home/basten/ros2_ws/src/MagangBanyubramanta_Basten-Andika-Salim/src/install/tugas_yolo_yolocpp/local/lib/python3.10/dist-packages/tugas_yolo_yolocpp/tugas_yolo_yolocpp_s__rosidl_typesupport_fastrtps_c.cpython-310-x86_64-linux-gnu.so" to ""
-- Installing: /home/basten/ros2_ws/src/MagangBanyubramanta_Basten-Andika-Salim/src/install/tugas_yolo_yolocpp/local/lib/python3.10/dist-packages/tugas_yolo_yolocpp/tugas_yolo_yolocpp_s__rosidl_typesupport_introspection_c.cpython-310-x86_64-linux-gnu.so
-- Set runtime path of "/home/basten/ros2_ws/src/MagangBanyubramanta_Basten-Andika-Salim/src/install/tugas_yolo_yolocpp/local/lib/python3.10/dist-packages/tugas_yolo_yolocpp/tugas_yolo_yolocpp_s__rosidl_typesupport_introspection_c.cpython-310-x86_64-linux-gnu.so" to ""
-- Installing: /home/basten/ros2_ws/src/MagangBanyubramanta_Basten-Andika-Salim/src/install/tugas_yolo_yolocpp/local/lib/python3.10/dist-packages/tugas_yolo_yolocpp/tugas_yolo_yolocpp_s__rosidl_typesupport_c.cpython-310-x86_64-linux-gnu.so
-- Set runtime path of "/home/basten/ros2_ws/src/MagangBanyubramanta_Basten-Andika-Salim/src/install/tugas_yolo_yolocpp/local/lib/python3.10/dist-packages/tugas_yolo_yolocpp/tugas_yolo_yolocpp_s__rosidl_typesupport_c.cpython-310-x86_64-linux-gnu.so" to ""
-- Installing: /home/basten/ros2_ws/src/MagangBanyubramanta_Basten-Andika-Salim/src/install/tugas_yolo_yolocpp/lib/libtugas_yolo_yolocpp__rosidl_generator_py.so
-- Set runtime path of "/home/basten/ros2_ws/src/MagangBanyubramanta_Basten-Andika-Salim/src/install/tugas_yolo_yolocpp/lib/libtugas_yolo_yolocpp__rosidl_generator_py.so" to ""
-- Installing: /home/basten/ros2_ws/src/MagangBanyubramanta_Basten-Andika-Salim/src/install/tugas_yolo_yolocpp/share/tugas_yolo_yolocpp/msg/Seen.idl
-- Installing: /home/basten/ros2_ws/src/MagangBanyubramanta_Basten-Andika-Salim/src/install/tugas_yolo_yolocpp/share/tugas_yolo_yolocpp/msg/Seen.msg
-- Installing: /home/basten/ros2_ws/src/MagangBanyubramanta_Basten-Andika-Salim/src/install/tugas_yolo_yolocpp/lib/tugas_yolo_yolocpp/detect
-- Set runtime path of "/home/basten/ros2_ws/src/MagangBanyubramanta_Basten-Andika-Salim/src/install/tugas_yolo_yolocpp/lib/tugas_yolo_yolocpp/detect" to ""
-- Installing: /home/basten/ros2_ws/src/MagangBanyubramanta_Basten-Andika-Salim/src/install/tugas_yolo_yolocpp/share/ament_index/resource_index/package_run_dependencies/tugas_yolo_yolocpp
-- Up-to-date: /home/basten/ros2_ws/src/MagangBanyubramanta_Basten-Andika-Salim/src/install/tugas_yolo_yolocpp/share/ament_index/resource_index/parent_prefix_path/tugas_yolo_yolocpp
-- Up-to-date: /home/basten/ros2_ws/src/MagangBanyubramanta_Basten-Andika-Salim/src/install/tugas_yolo_yolocpp/share/tugas_yolo_yolocpp/environment/ament_prefix_path.sh
-- Installing: /home/basten/ros2_ws/src/MagangBanyubramanta_Basten-Andika-Salim/src/install/tugas_yolo_yolocpp/share/tugas_yolo_yolocpp/environment/ament_prefix_path.dsv
-- Up-to-date: /home/basten/ros2_ws/src/MagangBanyubramanta_Basten-Andika-Salim/src/install/tugas_yolo_yolocpp/share/tugas_yolo_yolocpp/environment/path.sh
-- Installing: /home/basten/ros2_ws/src/MagangBanyubramanta_Basten-Andika-Salim/src/install/tugas_yolo_yolocpp/share/tugas_yolo_yolocpp/environment/path.dsv
-- Up-to-date: /home/basten/ros2_ws/src/MagangBanyubramanta_Basten-Andika-Salim/src/install/tugas_yolo_yolocpp/share/tugas_yolo_yolocpp/local_setup.bash
-- Installing: /home/basten/ros2_ws/src/MagangBanyubramanta_Basten-Andika-Salim/src/install/tugas_yolo_yolocpp/share/tugas_yolo_yolocpp/local_setup.sh
-- Up-to-date: /home/basten/ros2_ws/src/MagangBanyubramanta_Basten-Andika-Salim/src/install/tugas_yolo_yolocpp/share/tugas_yolo_yolocpp/local_setup.zsh
-- Installing: /home/basten/ros2_ws/src/MagangBanyubramanta_Basten-Andika-Salim/src/install/tugas_yolo_yolocpp/share/tugas_yolo_yolocpp/local_setup.dsv
-- Installing: /home/basten/ros2_ws/src/MagangBanyubramanta_Basten-Andika-Salim/src/install/tugas_yolo_yolocpp/share/tugas_yolo_yolocpp/package.dsv
-- Up-to-date: /home/basten/ros2_ws/src/MagangBanyubramanta_Basten-Andika-Salim/src/install/tugas_yolo_yolocpp/share/ament_index/resource_index/packages/tugas_yolo_yolocpp
-- Installing: /home/basten/ros2_ws/src/MagangBanyubramanta_Basten-Andika-Salim/src/install/tugas_yolo_yolocpp/share/tugas_yolo_yolocpp/cmake/export_tugas_yolo_yolocpp__rosidl_generator_cExport.cmake
-- Installing: /home/basten/ros2_ws/src/MagangBanyubramanta_Basten-Andika-Salim/src/install/tugas_yolo_yolocpp/share/tugas_yolo_yolocpp/cmake/export_tugas_yolo_yolocpp__rosidl_generator_cExport-noconfig.cmake
-- Installing: /home/basten/ros2_ws/src/MagangBanyubramanta_Basten-Andika-Salim/src/install/tugas_yolo_yolocpp/share/tugas_yolo_yolocpp/cmake/export_tugas_yolo_yolocpp__rosidl_typesupport_fastrtps_cExport.cmake
-- Installing: /home/basten/ros2_ws/src/MagangBanyubramanta_Basten-Andika-Salim/src/install/tugas_yolo_yolocpp/share/tugas_yolo_yolocpp/cmake/export_tugas_yolo_yolocpp__rosidl_typesupport_fastrtps_cExport-noconfig.cmake
-- Installing: /home/basten/ros2_ws/src/MagangBanyubramanta_Basten-Andika-Salim/src/install/tugas_yolo_yolocpp/share/tugas_yolo_yolocpp/cmake/export_tugas_yolo_yolocpp__rosidl_generator_cppExport.cmake
-- Installing: /home/basten/ros2_ws/src/MagangBanyubramanta_Basten-Andika-Salim/src/install/tugas_yolo_yolocpp/share/tugas_yolo_yolocpp/cmake/export_tugas_yolo_yolocpp__rosidl_typesupport_fastrtps_cppExport.cmake
-- Installing: /home/basten/ros2_ws/src/MagangBanyubramanta_Basten-Andika-Salim/src/install/tugas_yolo_yolocpp/share/tugas_yolo_yolocpp/cmake/export_tugas_yolo_yolocpp__rosidl_typesupport_fastrtps_cppExport-noconfig.cmake
-- Installing: /home/basten/ros2_ws/src/MagangBanyubramanta_Basten-Andika-Salim/src/install/tugas_yolo_yolocpp/share/tugas_yolo_yolocpp/cmake/tugas_yolo_yolocpp__rosidl_typesupport_introspection_cExport.cmake
-- Installing: /home/basten/ros2_ws/src/MagangBanyubramanta_Basten-Andika-Salim/src/install/tugas_yolo_yolocpp/share/tugas_yolo_yolocpp/cmake/tugas_yolo_yolocpp__rosidl_typesupport_introspection_cExport-noconfig.cmake
-- Installing: /home/basten/ros2_ws/src/MagangBanyubramanta_Basten-Andika-Salim/src/install/tugas_yolo_yolocpp/share/tugas_yolo_yolocpp/cmake/tugas_yolo_yolocpp__rosidl_typesupport_cExport.cmake
-- Installing: /home/basten/ros2_ws/src/MagangBanyubramanta_Basten-Andika-Salim/src/install/tugas_yolo_yolocpp/share/tugas_yolo_yolocpp/cmake/tugas_yolo_yolocpp__rosidl_typesupport_cExport-noconfig.cmake
-- Installing: /home/basten/ros2_ws/src/MagangBanyubramanta_Basten-Andika-Salim/src/install/tugas_yolo_yolocpp/share/tugas_yolo_yolocpp/cmake/tugas_yolo_yolocpp__rosidl_typesupport_introspection_cppExport.cmake
-- Installing: /home/basten/ros2_ws/src/MagangBanyubramanta_Basten-Andika-Salim/src/install/tugas_yolo_yolocpp/share/tugas_yolo_yolocpp/cmake/tugas_yolo_yolocpp__rosidl_typesupport_introspection_cppExport-noconfig.cmake
-- Installing: /home/basten/ros2_ws/src/MagangBanyubramanta_Basten-Andika-Salim/src/install/tugas_yolo_yolocpp/share/tugas_yolo_yolocpp/cmake/tugas_yolo_yolocpp__rosidl_typesupport_cppExport.cmake
-- Installing: /home/basten/ros2_ws/src/MagangBanyubramanta_Basten-Andika-Salim/src/install/tugas_yolo_yolocpp/share/tugas_yolo_yolocpp/cmake/tugas_yolo_yolocpp__rosidl_typesupport_cppExport-noconfig.cmake
-- Installing: /home/basten/ros2_ws/src/MagangBanyubramanta_Basten-Andika-Salim/src/install/tugas_yolo_yolocpp/share/tugas_yolo_yolocpp/cmake/export_tugas_yolo_yolocpp__rosidl_generator_pyExport.cmake
-- Installing: /home/basten/ros2_ws/src/MagangBanyubramanta_Basten-Andika-Salim/src/install/tugas_yolo_yolocpp/share/tugas_yolo_yolocpp/cmake/export_tugas_yolo_yolocpp__rosidl_generator_pyExport-noconfig.cmake
-- Installing: /home/basten/ros2_ws/src/MagangBanyubramanta_Basten-Andika-Salim/src/install/tugas_yolo_yolocpp/share/tugas_yolo_yolocpp/cmake/rosidl_cmake-extras.cmake
-- Installing: /home/basten/ros2_ws/src/MagangBanyubramanta_Basten-Andika-Salim/src/install/tugas_yolo_yolocpp/share/tugas_yolo_yolocpp/cmake/ament_cmake_export_include_directories-extras.cmake
-- Installing: /home/basten/ros2_ws/src/MagangBanyubramanta_Basten-Andika-Salim/src/install/tugas_yolo_yolocpp/share/tugas_yolo_yolocpp/cmake/ament_cmake_export_libraries-extras.cmake
-- Installing: /home/basten/ros2_ws/src/MagangBanyubramanta_Basten-Andika-Salim/src/install/tugas_yolo_yolocpp/share/tugas_yolo_yolocpp/cmake/ament_cmake_export_targets-extras.cmake
-- Installing: /home/basten/ros2_ws/src/MagangBanyubramanta_Basten-Andika-Salim/src/install/tugas_yolo_yolocpp/share/tugas_yolo_yolocpp/cmake/rosidl_cmake_export_typesupport_targets-extras.cmake
-- Installing: /home/basten/ros2_ws/src/MagangBanyubramanta_Basten-Andika-Salim/src/install/tugas_yolo_yolocpp/share/tugas_yolo_yolocpp/cmake/ament_cmake_export_dependencies-extras.cmake
-- Installing: /home/basten/ros2_ws/src/MagangBanyubramanta_Basten-Andika-Salim/src/install/tugas_yolo_yolocpp/share/tugas_yolo_yolocpp/cmake/rosidl_cmake_export_typesupport_libraries-extras.cmake
-- Installing: /home/basten/ros2_ws/src/MagangBanyubramanta_Basten-Andika-Salim/src/install/tugas_yolo_yolocpp/share/tugas_yolo_yolocpp/cmake/tugas_yolo_yolocppConfig.cmake
-- Up-to-date: /home/basten/ros2_ws/src/MagangBanyubramanta_Basten-Andika-Salim/src/install/tugas_yolo_yolocpp/share/tugas_yolo_yolocpp/cmake/tugas_yolo_yolocppConfig-version.cmake
-- Installing: /home/basten/ros2_ws/src/MagangBanyubramanta_Basten-Andika-Salim/src/install/tugas_yolo_yolocpp/share/tugas_yolo_yolocpp/package.xml
