[0.017s] Invoking command in '/home/basten/ros2_ws/src/MagangBanyubramanta_Basten-Andika-Salim/build/tugas_opencv': CMAKE_PREFIX_PATH=/opt/ros/humble /usr/bin/cmake --build /home/basten/ros2_ws/src/MagangBanyubramanta_Basten-Andika-Salim/build/tugas_opencv -- -j32 -l32
[0.045s] -- Found ament_cmake: 1.3.7 (/opt/ros/humble/share/ament_cmake/cmake)
[0.135s] -- Found rclcpp: 16.0.8 (/opt/ros/humble/share/rclcpp/cmake)
[0.160s] -- Found rosidl_generator_c: 3.1.5 (/opt/ros/humble/share/rosidl_generator_c/cmake)
[0.162s] -- Found rosidl_adapter: 3.1.5 (/opt/ros/humble/share/rosidl_adapter/cmake)
[0.166s] -- Found rosidl_generator_cpp: 3.1.5 (/opt/ros/humble/share/rosidl_generator_cpp/cmake)
[0.173s] -- Using all available rosidl_typesupport_c: rosidl_typesupport_fastrtps_c;rosidl_typesupport_introspection_c
[0.183s] -- Using all available rosidl_typesupport_cpp: rosidl_typesupport_fastrtps_cpp;rosidl_typesupport_introspection_cpp
[0.216s] -- Found rmw_implementation_cmake: 6.1.1 (/opt/ros/humble/share/rmw_implementation_cmake/cmake)
[0.218s] -- Found rmw_fastrtps_cpp: 6.2.6 (/opt/ros/humble/share/rmw_fastrtps_cpp/cmake)
[0.276s] -- Using RMW implementation 'rmw_fastrtps_cpp' as default
[0.363s] [31mCMake Error at CMakeLists.txt:11 (find_package):
[0.364s]   By not providing "Findrosidl_default_generators.cmake" in CMAKE_MODULE_PATH
[0.364s]   this project has asked CMake to find a package configuration file provided
[0.364s]   by "rosidl_default_generators", but CMake did not find one.
[0.364s] 
[0.364s]   Could not find a package configuration file provided by
[0.364s]   "rosidl_default_generators" with any of the following names:
[0.364s] 
[0.364s]     rosidl_default_generatorsConfig.cmake
[0.364s]     rosidl_default_generators-config.cmake
[0.364s] 
[0.364s]   Add the installation prefix of "rosidl_default_generators" to
[0.364s]   CMAKE_PREFIX_PATH or set "rosidl_default_generators_DIR" to a directory
[0.364s]   containing one of the above files.  If "rosidl_default_generators" provides
[0.364s]   a separate development package or SDK, be sure it has been installed.
[0.364s] 
[0.364s] [0m
[0.364s] -- Configuring incomplete, errors occurred!
[0.364s] See also "/home/basten/ros2_ws/src/MagangBanyubramanta_Basten-Andika-Salim/build/tugas_opencv/CMakeFiles/CMakeOutput.log".
[0.366s] gmake: *** [Makefile:788: cmake_check_build_system] Error 1
[0.368s] Invoked command in '/home/basten/ros2_ws/src/MagangBanyubramanta_Basten-Andika-Salim/build/tugas_opencv' returned '2': CMAKE_PREFIX_PATH=/opt/ros/humble /usr/bin/cmake --build /home/basten/ros2_ws/src/MagangBanyubramanta_Basten-Andika-Salim/build/tugas_opencv -- -j32 -l32
