[  3%] Built target tugas_yolo_yolocpp__cpp
[ 12%] Built target tugas_yolo_yolocpp__rosidl_generator_c
[ 12%] Built target ament_cmake_python_copy_tugas_yolo_yolocpp
[ 21%] Built target tugas_yolo_yolocpp__rosidl_typesupport_introspection_cpp
[ 36%] Built target tugas_yolo_yolocpp__rosidl_typesupport_c
[ 39%] Built target tugas_yolo_yolocpp__rosidl_typesupport_cpp
[ 48%] Built target tugas_yolo_yolocpp__rosidl_typesupport_fastrtps_cpp
[ 57%] Built target tugas_yolo_yolocpp__rosidl_typesupport_fastrtps_c
[ 66%] Built target tugas_yolo_yolocpp__rosidl_typesupport_introspection_c
[ 66%] Built target tugas_yolo_yolocpp
[ 72%] Built target detect
[ 75%] Built target tugas_yolo_yolocpp__py
[ 81%] Built target tugas_yolo_yolocpp__rosidl_generator_py
[ 87%] Built target tugas_yolo_yolocpp__rosidl_typesupport_introspection_c__pyext
[ 93%] Built target tugas_yolo_yolocpp__rosidl_typesupport_fastrtps_c__pyext
[100%] Built target tugas_yolo_yolocpp__rosidl_typesupport_c__pyext
running egg_info
writing tugas_yolo_yolocpp.egg-info/PKG-INFO
writing dependency_links to tugas_yolo_yolocpp.egg-info/dependency_links.txt
writing top-level names to tugas_yolo_yolocpp.egg-info/top_level.txt
reading manifest file 'tugas_yolo_yolocpp.egg-info/SOURCES.txt'
writing manifest file 'tugas_yolo_yolocpp.egg-info/SOURCES.txt'
[100%] Built target ament_cmake_python_build_tugas_yolo_yolocpp_egg
-- Install configuration: ""
-- Installing: /home/basten/ros2_ws/src/MagangBanyubramanta_Basten-Andika-Salim/Ros2/install/tugas_yolo_yolocpp/share/ament_index/resource_index/rosidl_interfaces/tugas_yolo_yolocpp
-- Installing: /home/basten/ros2_ws/src/MagangBanyubramanta_Basten-Andika-Salim/Ros2/install/tugas_yolo_yolocpp/include/tugas_yolo_yolocpp/tugas_yolo_yolocpp
-- Installing: /home/basten/ros2_ws/src/MagangBanyubramanta_Basten-Andika-Salim/Ros2/install/tugas_yolo_yolocpp/include/tugas_yolo_yolocpp/tugas_yolo_yolocpp/msg
-- Installing: /home/basten/ros2_ws/src/MagangBanyubramanta_Basten-Andika-Salim/Ros2/install/tugas_yolo_yolocpp/include/tugas_yolo_yolocpp/tugas_yolo_yolocpp/msg/rosidl_generator_c__visibility_control.h
-- Installing: /home/basten/ros2_ws/src/MagangBanyubramanta_Basten-Andika-Salim/Ros2/install/tugas_yolo_yolocpp/include/tugas_yolo_yolocpp/tugas_yolo_yolocpp/msg/seen.h
-- Installing: /home/basten/ros2_ws/src/MagangBanyubramanta_Basten-Andika-Salim/Ros2/install/tugas_yolo_yolocpp/include/tugas_yolo_yolocpp/tugas_yolo_yolocpp/msg/detail
-- Installing: /home/basten/ros2_ws/src/MagangBanyubramanta_Basten-Andika-Salim/Ros2/install/tugas_yolo_yolocpp/include/tugas_yolo_yolocpp/tugas_yolo_yolocpp/msg/detail/seen__functions.c
-- Installing: /home/basten/ros2_ws/src/MagangBanyubramanta_Basten-Andika-Salim/Ros2/install/tugas_yolo_yolocpp/include/tugas_yolo_yolocpp/tugas_yolo_yolocpp/msg/detail/seen__functions.h
-- Installing: /home/basten/ros2_ws/src/MagangBanyubramanta_Basten-Andika-Salim/Ros2/install/tugas_yolo_yolocpp/include/tugas_yolo_yolocpp/tugas_yolo_yolocpp/msg/detail/seen__struct.h
-- Installing: /home/basten/ros2_ws/src/MagangBanyubramanta_Basten-Andika-Salim/Ros2/install/tugas_yolo_yolocpp/include/tugas_yolo_yolocpp/tugas_yolo_yolocpp/msg/detail/seen__type_support.h
-- Installing: /home/basten/ros2_ws/src/MagangBanyubramanta_Basten-Andika-Salim/Ros2/install/tugas_yolo_yolocpp/share/tugas_yolo_yolocpp/environment/library_path.sh
-- Installing: /home/basten/ros2_ws/src/MagangBanyubramanta_Basten-Andika-Salim/Ros2/install/tugas_yolo_yolocpp/share/tugas_yolo_yolocpp/environment/library_path.dsv
-- Installing: /home/basten/ros2_ws/src/MagangBanyubramanta_Basten-Andika-Salim/Ros2/install/tugas_yolo_yolocpp/lib/libtugas_yolo_yolocpp__rosidl_generator_c.so
-- Set runtime path of "/home/basten/ros2_ws/src/MagangBanyubramanta_Basten-Andika-Salim/Ros2/install/tugas_yolo_yolocpp/lib/libtugas_yolo_yolocpp__rosidl_generator_c.so" to ""
-- Up-to-date: /home/basten/ros2_ws/src/MagangBanyubramanta_Basten-Andika-Salim/Ros2/install/tugas_yolo_yolocpp/include/tugas_yolo_yolocpp/tugas_yolo_yolocpp
-- Up-to-date: /home/basten/ros2_ws/src/MagangBanyubramanta_Basten-Andika-Salim/Ros2/install/tugas_yolo_yolocpp/include/tugas_yolo_yolocpp/tugas_yolo_yolocpp/msg
-- Installing: /home/basten/ros2_ws/src/MagangBanyubramanta_Basten-Andika-Salim/Ros2/install/tugas_yolo_yolocpp/include/tugas_yolo_yolocpp/tugas_yolo_yolocpp/msg/rosidl_typesupport_fastrtps_c__visibility_control.h
-- Up-to-date: /home/basten/ros2_ws/src/MagangBanyubramanta_Basten-Andika-Salim/Ros2/install/tugas_yolo_yolocpp/include/tugas_yolo_yolocpp/tugas_yolo_yolocpp/msg/detail
-- Installing: /home/basten/ros2_ws/src/MagangBanyubramanta_Basten-Andika-Salim/Ros2/install/tugas_yolo_yolocpp/include/tugas_yolo_yolocpp/tugas_yolo_yolocpp/msg/detail/seen__rosidl_typesupport_fastrtps_c.h
-- Installing: /home/basten/ros2_ws/src/MagangBanyubramanta_Basten-Andika-Salim/Ros2/install/tugas_yolo_yolocpp/lib/libtugas_yolo_yolocpp__rosidl_typesupport_fastrtps_c.so
-- Set runtime path of "/home/basten/ros2_ws/src/MagangBanyubramanta_Basten-Andika-Salim/Ros2/install/tugas_yolo_yolocpp/lib/libtugas_yolo_yolocpp__rosidl_typesupport_fastrtps_c.so" to ""
-- Up-to-date: /home/basten/ros2_ws/src/MagangBanyubramanta_Basten-Andika-Salim/Ros2/install/tugas_yolo_yolocpp/include/tugas_yolo_yolocpp/tugas_yolo_yolocpp
-- Up-to-date: /home/basten/ros2_ws/src/MagangBanyubramanta_Basten-Andika-Salim/Ros2/install/tugas_yolo_yolocpp/include/tugas_yolo_yolocpp/tugas_yolo_yolocpp/msg
-- Installing: /home/basten/ros2_ws/src/MagangBanyubramanta_Basten-Andika-Salim/Ros2/install/tugas_yolo_yolocpp/include/tugas_yolo_yolocpp/tugas_yolo_yolocpp/msg/seen.hpp
-- Up-to-date: /home/basten/ros2_ws/src/MagangBanyubramanta_Basten-Andika-Salim/Ros2/install/tugas_yolo_yolocpp/include/tugas_yolo_yolocpp/tugas_yolo_yolocpp/msg/detail
-- Installing: /home/basten/ros2_ws/src/MagangBanyubramanta_Basten-Andika-Salim/Ros2/install/tugas_yolo_yolocpp/include/tugas_yolo_yolocpp/tugas_yolo_yolocpp/msg/detail/seen__builder.hpp
-- Installing: /home/basten/ros2_ws/src/MagangBanyubramanta_Basten-Andika-Salim/Ros2/install/tugas_yolo_yolocpp/include/tugas_yolo_yolocpp/tugas_yolo_yolocpp/msg/detail/seen__traits.hpp
-- Installing: /home/basten/ros2_ws/src/MagangBanyubramanta_Basten-Andika-Salim/Ros2/install/tugas_yolo_yolocpp/include/tugas_yolo_yolocpp/tugas_yolo_yolocpp/msg/detail/seen__struct.hpp
-- Up-to-date: /home/basten/ros2_ws/src/MagangBanyubramanta_Basten-Andika-Salim/Ros2/install/tugas_yolo_yolocpp/include/tugas_yolo_yolocpp/tugas_yolo_yolocpp
-- Up-to-date: /home/basten/ros2_ws/src/MagangBanyubramanta_Basten-Andika-Salim/Ros2/install/tugas_yolo_yolocpp/include/tugas_yolo_yolocpp/tugas_yolo_yolocpp/msg
-- Installing: /home/basten/ros2_ws/src/MagangBanyubramanta_Basten-Andika-Salim/Ros2/install/tugas_yolo_yolocpp/include/tugas_yolo_yolocpp/tugas_yolo_yolocpp/msg/rosidl_typesupport_fastrtps_cpp__visibility_control.h
-- Up-to-date: /home/basten/ros2_ws/src/MagangBanyubramanta_Basten-Andika-Salim/Ros2/install/tugas_yolo_yolocpp/include/tugas_yolo_yolocpp/tugas_yolo_yolocpp/msg/detail
-- Installing: /home/basten/ros2_ws/src/MagangBanyubramanta_Basten-Andika-Salim/Ros2/install/tugas_yolo_yolocpp/include/tugas_yolo_yolocpp/tugas_yolo_yolocpp/msg/detail/dds_fastrtps
-- Installing: /home/basten/ros2_ws/src/MagangBanyubramanta_Basten-Andika-Salim/Ros2/install/tugas_yolo_yolocpp/include/tugas_yolo_yolocpp/tugas_yolo_yolocpp/msg/detail/seen__rosidl_typesupport_fastrtps_cpp.hpp
-- Installing: /home/basten/ros2_ws/src/MagangBanyubramanta_Basten-Andika-Salim/Ros2/install/tugas_yolo_yolocpp/lib/libtugas_yolo_yolocpp__rosidl_typesupport_fastrtps_cpp.so
-- Set runtime path of "/home/basten/ros2_ws/src/MagangBanyubramanta_Basten-Andika-Salim/Ros2/install/tugas_yolo_yolocpp/lib/libtugas_yolo_yolocpp__rosidl_typesupport_fastrtps_cpp.so" to ""
-- Up-to-date: /home/basten/ros2_ws/src/MagangBanyubramanta_Basten-Andika-Salim/Ros2/install/tugas_yolo_yolocpp/include/tugas_yolo_yolocpp/tugas_yolo_yolocpp
-- Up-to-date: /home/basten/ros2_ws/src/MagangBanyubramanta_Basten-Andika-Salim/Ros2/install/tugas_yolo_yolocpp/include/tugas_yolo_yolocpp/tugas_yolo_yolocpp/msg
-- Installing: /home/basten/ros2_ws/src/MagangBanyubramanta_Basten-Andika-Salim/Ros2/install/tugas_yolo_yolocpp/include/tugas_yolo_yolocpp/tugas_yolo_yolocpp/msg/rosidl_typesupport_introspection_c__visibility_control.h
-- Up-to-date: /home/basten/ros2_ws/src/MagangBanyubramanta_Basten-Andika-Salim/Ros2/install/tugas_yolo_yolocpp/include/tugas_yolo_yolocpp/tugas_yolo_yolocpp/msg/detail
-- Installing: /home/basten/ros2_ws/src/MagangBanyubramanta_Basten-Andika-Salim/Ros2/install/tugas_yolo_yolocpp/include/tugas_yolo_yolocpp/tugas_yolo_yolocpp/msg/detail/seen__type_support.c
-- Installing: /home/basten/ros2_ws/src/MagangBanyubramanta_Basten-Andika-Salim/Ros2/install/tugas_yolo_yolocpp/include/tugas_yolo_yolocpp/tugas_yolo_yolocpp/msg/detail/seen__rosidl_typesupport_introspection_c.h
-- Installing: /home/basten/ros2_ws/src/MagangBanyubramanta_Basten-Andika-Salim/Ros2/install/tugas_yolo_yolocpp/lib/libtugas_yolo_yolocpp__rosidl_typesupport_introspection_c.so
-- Set runtime path of "/home/basten/ros2_ws/src/MagangBanyubramanta_Basten-Andika-Salim/Ros2/install/tugas_yolo_yolocpp/lib/libtugas_yolo_yolocpp__rosidl_typesupport_introspection_c.so" to ""
-- Installing: /home/basten/ros2_ws/src/MagangBanyubramanta_Basten-Andika-Salim/Ros2/install/tugas_yolo_yolocpp/lib/libtugas_yolo_yolocpp__rosidl_typesupport_c.so
-- Set runtime path of "/home/basten/ros2_ws/src/MagangBanyubramanta_Basten-Andika-Salim/Ros2/install/tugas_yolo_yolocpp/lib/libtugas_yolo_yolocpp__rosidl_typesupport_c.so" to ""
-- Up-to-date: /home/basten/ros2_ws/src/MagangBanyubramanta_Basten-Andika-Salim/Ros2/install/tugas_yolo_yolocpp/include/tugas_yolo_yolocpp/tugas_yolo_yolocpp
-- Up-to-date: /home/basten/ros2_ws/src/MagangBanyubramanta_Basten-Andika-Salim/Ros2/install/tugas_yolo_yolocpp/include/tugas_yolo_yolocpp/tugas_yolo_yolocpp/msg
-- Up-to-date: /home/basten/ros2_ws/src/MagangBanyubramanta_Basten-Andika-Salim/Ros2/install/tugas_yolo_yolocpp/include/tugas_yolo_yolocpp/tugas_yolo_yolocpp/msg/detail
-- Installing: /home/basten/ros2_ws/src/MagangBanyubramanta_Basten-Andika-Salim/Ros2/install/tugas_yolo_yolocpp/include/tugas_yolo_yolocpp/tugas_yolo_yolocpp/msg/detail/seen__rosidl_typesupport_introspection_cpp.hpp
-- Installing: /home/basten/ros2_ws/src/MagangBanyubramanta_Basten-Andika-Salim/Ros2/install/tugas_yolo_yolocpp/include/tugas_yolo_yolocpp/tugas_yolo_yolocpp/msg/detail/seen__type_support.cpp
-- Installing: /home/basten/ros2_ws/src/MagangBanyubramanta_Basten-Andika-Salim/Ros2/install/tugas_yolo_yolocpp/lib/libtugas_yolo_yolocpp__rosidl_typesupport_introspection_cpp.so
-- Set runtime path of "/home/basten/ros2_ws/src/MagangBanyubramanta_Basten-Andika-Salim/Ros2/install/tugas_yolo_yolocpp/lib/libtugas_yolo_yolocpp__rosidl_typesupport_introspection_cpp.so" to ""
-- Installing: /home/basten/ros2_ws/src/MagangBanyubramanta_Basten-Andika-Salim/Ros2/install/tugas_yolo_yolocpp/lib/libtugas_yolo_yolocpp__rosidl_typesupport_cpp.so
-- Set runtime path of "/home/basten/ros2_ws/src/MagangBanyubramanta_Basten-Andika-Salim/Ros2/install/tugas_yolo_yolocpp/lib/libtugas_yolo_yolocpp__rosidl_typesupport_cpp.so" to ""
-- Installing: /home/basten/ros2_ws/src/MagangBanyubramanta_Basten-Andika-Salim/Ros2/install/tugas_yolo_yolocpp/share/tugas_yolo_yolocpp/environment/pythonpath.sh
-- Installing: /home/basten/ros2_ws/src/MagangBanyubramanta_Basten-Andika-Salim/Ros2/install/tugas_yolo_yolocpp/share/tugas_yolo_yolocpp/environment/pythonpath.dsv
-- Installing: /home/basten/ros2_ws/src/MagangBanyubramanta_Basten-Andika-Salim/Ros2/install/tugas_yolo_yolocpp/local/lib/python3.10/dist-packages/tugas_yolo_yolocpp-0.0.0-py3.10.egg-info
-- Installing: /home/basten/ros2_ws/src/MagangBanyubramanta_Basten-Andika-Salim/Ros2/install/tugas_yolo_yolocpp/local/lib/python3.10/dist-packages/tugas_yolo_yolocpp-0.0.0-py3.10.egg-info/top_level.txt
-- Installing: /home/basten/ros2_ws/src/MagangBanyubramanta_Basten-Andika-Salim/Ros2/install/tugas_yolo_yolocpp/local/lib/python3.10/dist-packages/tugas_yolo_yolocpp-0.0.0-py3.10.egg-info/PKG-INFO
-- Installing: /home/basten/ros2_ws/src/MagangBanyubramanta_Basten-Andika-Salim/Ros2/install/tugas_yolo_yolocpp/local/lib/python3.10/dist-packages/tugas_yolo_yolocpp-0.0.0-py3.10.egg-info/dependency_links.txt
-- Installing: /home/basten/ros2_ws/src/MagangBanyubramanta_Basten-Andika-Salim/Ros2/install/tugas_yolo_yolocpp/local/lib/python3.10/dist-packages/tugas_yolo_yolocpp-0.0.0-py3.10.egg-info/SOURCES.txt
-- Installing: /home/basten/ros2_ws/src/MagangBanyubramanta_Basten-Andika-Salim/Ros2/install/tugas_yolo_yolocpp/local/lib/python3.10/dist-packages/tugas_yolo_yolocpp
-- Installing: /home/basten/ros2_ws/src/MagangBanyubramanta_Basten-Andika-Salim/Ros2/install/tugas_yolo_yolocpp/local/lib/python3.10/dist-packages/tugas_yolo_yolocpp/_tugas_yolo_yolocpp_s.ep.rosidl_typesupport_introspection_c.c
-- Installing: /home/basten/ros2_ws/src/MagangBanyubramanta_Basten-Andika-Salim/Ros2/install/tugas_yolo_yolocpp/local/lib/python3.10/dist-packages/tugas_yolo_yolocpp/tugas_yolo_yolocpp_s__rosidl_typesupport_fastrtps_c.cpython-310-x86_64-linux-gnu.so
-- Installing: /home/basten/ros2_ws/src/MagangBanyubramanta_Basten-Andika-Salim/Ros2/install/tugas_yolo_yolocpp/local/lib/python3.10/dist-packages/tugas_yolo_yolocpp/tugas_yolo_yolocpp_s__rosidl_typesupport_introspection_c.cpython-310-x86_64-linux-gnu.so
-- Installing: /home/basten/ros2_ws/src/MagangBanyubramanta_Basten-Andika-Salim/Ros2/install/tugas_yolo_yolocpp/local/lib/python3.10/dist-packages/tugas_yolo_yolocpp/_tugas_yolo_yolocpp_s.ep.rosidl_typesupport_fastrtps_c.c
-- Installing: /home/basten/ros2_ws/src/MagangBanyubramanta_Basten-Andika-Salim/Ros2/install/tugas_yolo_yolocpp/local/lib/python3.10/dist-packages/tugas_yolo_yolocpp/__init__.py
-- Installing: /home/basten/ros2_ws/src/MagangBanyubramanta_Basten-Andika-Salim/Ros2/install/tugas_yolo_yolocpp/local/lib/python3.10/dist-packages/tugas_yolo_yolocpp/_tugas_yolo_yolocpp_s.ep.rosidl_typesupport_c.c
-- Installing: /home/basten/ros2_ws/src/MagangBanyubramanta_Basten-Andika-Salim/Ros2/install/tugas_yolo_yolocpp/local/lib/python3.10/dist-packages/tugas_yolo_yolocpp/tugas_yolo_yolocpp_s__rosidl_typesupport_c.cpython-310-x86_64-linux-gnu.so
-- Installing: /home/basten/ros2_ws/src/MagangBanyubramanta_Basten-Andika-Salim/Ros2/install/tugas_yolo_yolocpp/local/lib/python3.10/dist-packages/tugas_yolo_yolocpp/msg
-- Installing: /home/basten/ros2_ws/src/MagangBanyubramanta_Basten-Andika-Salim/Ros2/install/tugas_yolo_yolocpp/local/lib/python3.10/dist-packages/tugas_yolo_yolocpp/msg/_seen_s.c
-- Installing: /home/basten/ros2_ws/src/MagangBanyubramanta_Basten-Andika-Salim/Ros2/install/tugas_yolo_yolocpp/local/lib/python3.10/dist-packages/tugas_yolo_yolocpp/msg/_seen.py
-- Installing: /home/basten/ros2_ws/src/MagangBanyubramanta_Basten-Andika-Salim/Ros2/install/tugas_yolo_yolocpp/local/lib/python3.10/dist-packages/tugas_yolo_yolocpp/msg/__init__.py
-- Installing: /home/basten/ros2_ws/src/MagangBanyubramanta_Basten-Andika-Salim/Ros2/install/tugas_yolo_yolocpp/local/lib/python3.10/dist-packages/tugas_yolo_yolocpp/libtugas_yolo_yolocpp__rosidl_generator_py.so
Listing '/home/basten/ros2_ws/src/MagangBanyubramanta_Basten-Andika-Salim/Ros2/install/tugas_yolo_yolocpp/local/lib/python3.10/dist-packages/tugas_yolo_yolocpp'...
Compiling '/home/basten/ros2_ws/src/MagangBanyubramanta_Basten-Andika-Salim/Ros2/install/tugas_yolo_yolocpp/local/lib/python3.10/dist-packages/tugas_yolo_yolocpp/__init__.py'...
Listing '/home/basten/ros2_ws/src/MagangBanyubramanta_Basten-Andika-Salim/Ros2/install/tugas_yolo_yolocpp/local/lib/python3.10/dist-packages/tugas_yolo_yolocpp/msg'...
Compiling '/home/basten/ros2_ws/src/MagangBanyubramanta_Basten-Andika-Salim/Ros2/install/tugas_yolo_yolocpp/local/lib/python3.10/dist-packages/tugas_yolo_yolocpp/msg/__init__.py'...
Compiling '/home/basten/ros2_ws/src/MagangBanyubramanta_Basten-Andika-Salim/Ros2/install/tugas_yolo_yolocpp/local/lib/python3.10/dist-packages/tugas_yolo_yolocpp/msg/_seen.py'...
-- Installing: /home/basten/ros2_ws/src/MagangBanyubramanta_Basten-Andika-Salim/Ros2/install/tugas_yolo_yolocpp/local/lib/python3.10/dist-packages/tugas_yolo_yolocpp/tugas_yolo_yolocpp_s__rosidl_typesupport_fastrtps_c.cpython-310-x86_64-linux-gnu.so
-- Set runtime path of "/home/basten/ros2_ws/src/MagangBanyubramanta_Basten-Andika-Salim/Ros2/install/tugas_yolo_yolocpp/local/lib/python3.10/dist-packages/tugas_yolo_yolocpp/tugas_yolo_yolocpp_s__rosidl_typesupport_fastrtps_c.cpython-310-x86_64-linux-gnu.so" to ""
-- Installing: /home/basten/ros2_ws/src/MagangBanyubramanta_Basten-Andika-Salim/Ros2/install/tugas_yolo_yolocpp/local/lib/python3.10/dist-packages/tugas_yolo_yolocpp/tugas_yolo_yolocpp_s__rosidl_typesupport_introspection_c.cpython-310-x86_64-linux-gnu.so
-- Set runtime path of "/home/basten/ros2_ws/src/MagangBanyubramanta_Basten-Andika-Salim/Ros2/install/tugas_yolo_yolocpp/local/lib/python3.10/dist-packages/tugas_yolo_yolocpp/tugas_yolo_yolocpp_s__rosidl_typesupport_introspection_c.cpython-310-x86_64-linux-gnu.so" to ""
-- Installing: /home/basten/ros2_ws/src/MagangBanyubramanta_Basten-Andika-Salim/Ros2/install/tugas_yolo_yolocpp/local/lib/python3.10/dist-packages/tugas_yolo_yolocpp/tugas_yolo_yolocpp_s__rosidl_typesupport_c.cpython-310-x86_64-linux-gnu.so
-- Set runtime path of "/home/basten/ros2_ws/src/MagangBanyubramanta_Basten-Andika-Salim/Ros2/install/tugas_yolo_yolocpp/local/lib/python3.10/dist-packages/tugas_yolo_yolocpp/tugas_yolo_yolocpp_s__rosidl_typesupport_c.cpython-310-x86_64-linux-gnu.so" to ""
-- Installing: /home/basten/ros2_ws/src/MagangBanyubramanta_Basten-Andika-Salim/Ros2/install/tugas_yolo_yolocpp/lib/libtugas_yolo_yolocpp__rosidl_generator_py.so
-- Set runtime path of "/home/basten/ros2_ws/src/MagangBanyubramanta_Basten-Andika-Salim/Ros2/install/tugas_yolo_yolocpp/lib/libtugas_yolo_yolocpp__rosidl_generator_py.so" to ""
-- Installing: /home/basten/ros2_ws/src/MagangBanyubramanta_Basten-Andika-Salim/Ros2/install/tugas_yolo_yolocpp/share/tugas_yolo_yolocpp/msg/Seen.idl
-- Installing: /home/basten/ros2_ws/src/MagangBanyubramanta_Basten-Andika-Salim/Ros2/install/tugas_yolo_yolocpp/share/tugas_yolo_yolocpp/msg/Seen.msg
-- Installing: /home/basten/ros2_ws/src/MagangBanyubramanta_Basten-Andika-Salim/Ros2/install/tugas_yolo_yolocpp/lib/tugas_yolo_yolocpp/detect
-- Set runtime path of "/home/basten/ros2_ws/src/MagangBanyubramanta_Basten-Andika-Salim/Ros2/install/tugas_yolo_yolocpp/lib/tugas_yolo_yolocpp/detect" to ""
-- Installing: /home/basten/ros2_ws/src/MagangBanyubramanta_Basten-Andika-Salim/Ros2/install/tugas_yolo_yolocpp/share/ament_index/resource_index/package_run_dependencies/tugas_yolo_yolocpp
-- Installing: /home/basten/ros2_ws/src/MagangBanyubramanta_Basten-Andika-Salim/Ros2/install/tugas_yolo_yolocpp/share/ament_index/resource_index/parent_prefix_path/tugas_yolo_yolocpp
-- Installing: /home/basten/ros2_ws/src/MagangBanyubramanta_Basten-Andika-Salim/Ros2/install/tugas_yolo_yolocpp/share/tugas_yolo_yolocpp/environment/ament_prefix_path.sh
-- Installing: /home/basten/ros2_ws/src/MagangBanyubramanta_Basten-Andika-Salim/Ros2/install/tugas_yolo_yolocpp/share/tugas_yolo_yolocpp/environment/ament_prefix_path.dsv
-- Installing: /home/basten/ros2_ws/src/MagangBanyubramanta_Basten-Andika-Salim/Ros2/install/tugas_yolo_yolocpp/share/tugas_yolo_yolocpp/environment/path.sh
-- Installing: /home/basten/ros2_ws/src/MagangBanyubramanta_Basten-Andika-Salim/Ros2/install/tugas_yolo_yolocpp/share/tugas_yolo_yolocpp/environment/path.dsv
-- Installing: /home/basten/ros2_ws/src/MagangBanyubramanta_Basten-Andika-Salim/Ros2/install/tugas_yolo_yolocpp/share/tugas_yolo_yolocpp/local_setup.bash
-- Installing: /home/basten/ros2_ws/src/MagangBanyubramanta_Basten-Andika-Salim/Ros2/install/tugas_yolo_yolocpp/share/tugas_yolo_yolocpp/local_setup.sh
-- Installing: /home/basten/ros2_ws/src/MagangBanyubramanta_Basten-Andika-Salim/Ros2/install/tugas_yolo_yolocpp/share/tugas_yolo_yolocpp/local_setup.zsh
-- Installing: /home/basten/ros2_ws/src/MagangBanyubramanta_Basten-Andika-Salim/Ros2/install/tugas_yolo_yolocpp/share/tugas_yolo_yolocpp/local_setup.dsv
-- Installing: /home/basten/ros2_ws/src/MagangBanyubramanta_Basten-Andika-Salim/Ros2/install/tugas_yolo_yolocpp/share/tugas_yolo_yolocpp/package.dsv
-- Installing: /home/basten/ros2_ws/src/MagangBanyubramanta_Basten-Andika-Salim/Ros2/install/tugas_yolo_yolocpp/share/ament_index/resource_index/packages/tugas_yolo_yolocpp
-- Installing: /home/basten/ros2_ws/src/MagangBanyubramanta_Basten-Andika-Salim/Ros2/install/tugas_yolo_yolocpp/share/tugas_yolo_yolocpp/cmake/export_tugas_yolo_yolocpp__rosidl_generator_cExport.cmake
-- Installing: /home/basten/ros2_ws/src/MagangBanyubramanta_Basten-Andika-Salim/Ros2/install/tugas_yolo_yolocpp/share/tugas_yolo_yolocpp/cmake/export_tugas_yolo_yolocpp__rosidl_generator_cExport-noconfig.cmake
-- Installing: /home/basten/ros2_ws/src/MagangBanyubramanta_Basten-Andika-Salim/Ros2/install/tugas_yolo_yolocpp/share/tugas_yolo_yolocpp/cmake/export_tugas_yolo_yolocpp__rosidl_typesupport_fastrtps_cExport.cmake
-- Installing: /home/basten/ros2_ws/src/MagangBanyubramanta_Basten-Andika-Salim/Ros2/install/tugas_yolo_yolocpp/share/tugas_yolo_yolocpp/cmake/export_tugas_yolo_yolocpp__rosidl_typesupport_fastrtps_cExport-noconfig.cmake
-- Installing: /home/basten/ros2_ws/src/MagangBanyubramanta_Basten-Andika-Salim/Ros2/install/tugas_yolo_yolocpp/share/tugas_yolo_yolocpp/cmake/export_tugas_yolo_yolocpp__rosidl_generator_cppExport.cmake
-- Installing: /home/basten/ros2_ws/src/MagangBanyubramanta_Basten-Andika-Salim/Ros2/install/tugas_yolo_yolocpp/share/tugas_yolo_yolocpp/cmake/export_tugas_yolo_yolocpp__rosidl_typesupport_fastrtps_cppExport.cmake
-- Installing: /home/basten/ros2_ws/src/MagangBanyubramanta_Basten-Andika-Salim/Ros2/install/tugas_yolo_yolocpp/share/tugas_yolo_yolocpp/cmake/export_tugas_yolo_yolocpp__rosidl_typesupport_fastrtps_cppExport-noconfig.cmake
-- Installing: /home/basten/ros2_ws/src/MagangBanyubramanta_Basten-Andika-Salim/Ros2/install/tugas_yolo_yolocpp/share/tugas_yolo_yolocpp/cmake/tugas_yolo_yolocpp__rosidl_typesupport_introspection_cExport.cmake
-- Installing: /home/basten/ros2_ws/src/MagangBanyubramanta_Basten-Andika-Salim/Ros2/install/tugas_yolo_yolocpp/share/tugas_yolo_yolocpp/cmake/tugas_yolo_yolocpp__rosidl_typesupport_introspection_cExport-noconfig.cmake
-- Installing: /home/basten/ros2_ws/src/MagangBanyubramanta_Basten-Andika-Salim/Ros2/install/tugas_yolo_yolocpp/share/tugas_yolo_yolocpp/cmake/tugas_yolo_yolocpp__rosidl_typesupport_cExport.cmake
-- Installing: /home/basten/ros2_ws/src/MagangBanyubramanta_Basten-Andika-Salim/Ros2/install/tugas_yolo_yolocpp/share/tugas_yolo_yolocpp/cmake/tugas_yolo_yolocpp__rosidl_typesupport_cExport-noconfig.cmake
-- Installing: /home/basten/ros2_ws/src/MagangBanyubramanta_Basten-Andika-Salim/Ros2/install/tugas_yolo_yolocpp/share/tugas_yolo_yolocpp/cmake/tugas_yolo_yolocpp__rosidl_typesupport_introspection_cppExport.cmake
-- Installing: /home/basten/ros2_ws/src/MagangBanyubramanta_Basten-Andika-Salim/Ros2/install/tugas_yolo_yolocpp/share/tugas_yolo_yolocpp/cmake/tugas_yolo_yolocpp__rosidl_typesupport_introspection_cppExport-noconfig.cmake
-- Installing: /home/basten/ros2_ws/src/MagangBanyubramanta_Basten-Andika-Salim/Ros2/install/tugas_yolo_yolocpp/share/tugas_yolo_yolocpp/cmake/tugas_yolo_yolocpp__rosidl_typesupport_cppExport.cmake
-- Installing: /home/basten/ros2_ws/src/MagangBanyubramanta_Basten-Andika-Salim/Ros2/install/tugas_yolo_yolocpp/share/tugas_yolo_yolocpp/cmake/tugas_yolo_yolocpp__rosidl_typesupport_cppExport-noconfig.cmake
-- Installing: /home/basten/ros2_ws/src/MagangBanyubramanta_Basten-Andika-Salim/Ros2/install/tugas_yolo_yolocpp/share/tugas_yolo_yolocpp/cmake/export_tugas_yolo_yolocpp__rosidl_generator_pyExport.cmake
-- Installing: /home/basten/ros2_ws/src/MagangBanyubramanta_Basten-Andika-Salim/Ros2/install/tugas_yolo_yolocpp/share/tugas_yolo_yolocpp/cmake/export_tugas_yolo_yolocpp__rosidl_generator_pyExport-noconfig.cmake
-- Installing: /home/basten/ros2_ws/src/MagangBanyubramanta_Basten-Andika-Salim/Ros2/install/tugas_yolo_yolocpp/share/tugas_yolo_yolocpp/cmake/rosidl_cmake-extras.cmake
-- Installing: /home/basten/ros2_ws/src/MagangBanyubramanta_Basten-Andika-Salim/Ros2/install/tugas_yolo_yolocpp/share/tugas_yolo_yolocpp/cmake/ament_cmake_export_include_directories-extras.cmake
-- Installing: /home/basten/ros2_ws/src/MagangBanyubramanta_Basten-Andika-Salim/Ros2/install/tugas_yolo_yolocpp/share/tugas_yolo_yolocpp/cmake/ament_cmake_export_libraries-extras.cmake
-- Installing: /home/basten/ros2_ws/src/MagangBanyubramanta_Basten-Andika-Salim/Ros2/install/tugas_yolo_yolocpp/share/tugas_yolo_yolocpp/cmake/ament_cmake_export_targets-extras.cmake
-- Installing: /home/basten/ros2_ws/src/MagangBanyubramanta_Basten-Andika-Salim/Ros2/install/tugas_yolo_yolocpp/share/tugas_yolo_yolocpp/cmake/rosidl_cmake_export_typesupport_targets-extras.cmake
-- Installing: /home/basten/ros2_ws/src/MagangBanyubramanta_Basten-Andika-Salim/Ros2/install/tugas_yolo_yolocpp/share/tugas_yolo_yolocpp/cmake/ament_cmake_export_dependencies-extras.cmake
-- Installing: /home/basten/ros2_ws/src/MagangBanyubramanta_Basten-Andika-Salim/Ros2/install/tugas_yolo_yolocpp/share/tugas_yolo_yolocpp/cmake/rosidl_cmake_export_typesupport_libraries-extras.cmake
-- Installing: /home/basten/ros2_ws/src/MagangBanyubramanta_Basten-Andika-Salim/Ros2/install/tugas_yolo_yolocpp/share/tugas_yolo_yolocpp/cmake/tugas_yolo_yolocppConfig.cmake
-- Installing: /home/basten/ros2_ws/src/MagangBanyubramanta_Basten-Andika-Salim/Ros2/install/tugas_yolo_yolocpp/share/tugas_yolo_yolocpp/cmake/tugas_yolo_yolocppConfig-version.cmake
-- Installing: /home/basten/ros2_ws/src/MagangBanyubramanta_Basten-Andika-Salim/Ros2/install/tugas_yolo_yolocpp/share/tugas_yolo_yolocpp/package.xml
