[35m[1mConsolidate compiler generated dependencies of target tugas_opencv__rosidl_generator_c[0m
[  3%] Built target tugas_opencv__cpp
[ 12%] Built target tugas_opencv__rosidl_generator_c
[ 12%] Built target ament_cmake_python_copy_tugas_opencv
[35m[1mConsolidate compiler generated dependencies of target tugas_opencv__rosidl_typesupport_cpp[0m
[35m[1mConsolidate compiler generated dependencies of target tugas_opencv__rosidl_typesupport_fastrtps_cpp[0m
[35m[1mConsolidate compiler generated dependencies of target tugas_opencv__rosidl_typesupport_introspection_cpp[0m
[35m[1mConsolidate compiler generated dependencies of target tugas_opencv__rosidl_typesupport_fastrtps_c[0m
[35m[1mConsolidate compiler generated dependencies of target tugas_opencv__rosidl_typesupport_introspection_c[0m
[35m[1mConsolidate compiler generated dependencies of target tugas_opencv__rosidl_typesupport_c[0m
[ 21%] Built target tugas_opencv__rosidl_typesupport_cpp
[ 30%] Built target tugas_opencv__rosidl_typesupport_introspection_c
[ 39%] Built target tugas_opencv__rosidl_typesupport_introspection_cpp
[ 48%] Built target tugas_opencv__rosidl_typesupport_c
[ 57%] Built target tugas_opencv__rosidl_typesupport_fastrtps_cpp
[ 66%] Built target tugas_opencv__rosidl_typesupport_fastrtps_c
[ 69%] [32mBuilding CXX object CMakeFiles/colorcheck.dir/src/colorcheck.cpp.o[0m
[ 69%] Built target tugas_opencv
[ 72%] Built target tugas_opencv__py
[ 75%] [32mBuilding C object CMakeFiles/tugas_opencv__rosidl_generator_py.dir/rosidl_generator_py/tugas_opencv/msg/_color_s.c.o[0m
[ 78%] [32m[1mLinking C shared library rosidl_generator_py/tugas_opencv/libtugas_opencv__rosidl_generator_py.so[0m
[ 78%] Built target tugas_opencv__rosidl_generator_py
running egg_info
writing tugas_opencv.egg-info/PKG-INFO
writing dependency_links to tugas_opencv.egg-info/dependency_links.txt
writing top-level names to tugas_opencv.egg-info/top_level.txt
reading manifest file 'tugas_opencv.egg-info/SOURCES.txt'
writing manifest file 'tugas_opencv.egg-info/SOURCES.txt'
[ 81%] [32mBuilding C object CMakeFiles/tugas_opencv__rosidl_typesupport_introspection_c__pyext.dir/rosidl_generator_py/tugas_opencv/_tugas_opencv_s.ep.rosidl_typesupport_introspection_c.c.o[0m
[ 84%] [32mBuilding C object CMakeFiles/tugas_opencv__rosidl_typesupport_fastrtps_c__pyext.dir/rosidl_generator_py/tugas_opencv/_tugas_opencv_s.ep.rosidl_typesupport_fastrtps_c.c.o[0m
[ 87%] [32mBuilding C object CMakeFiles/tugas_opencv__rosidl_typesupport_c__pyext.dir/rosidl_generator_py/tugas_opencv/_tugas_opencv_s.ep.rosidl_typesupport_c.c.o[0m
[ 87%] Built target ament_cmake_python_build_tugas_opencv_egg
[ 93%] [32m[1mLinking C shared library rosidl_generator_py/tugas_opencv/tugas_opencv_s__rosidl_typesupport_introspection_c.cpython-310-x86_64-linux-gnu.so[0m
[ 96%] [32m[1mLinking C shared library rosidl_generator_py/tugas_opencv/tugas_opencv_s__rosidl_typesupport_c.cpython-310-x86_64-linux-gnu.so[0m
[ 96%] [32m[1mLinking C shared library rosidl_generator_py/tugas_opencv/tugas_opencv_s__rosidl_typesupport_fastrtps_c.cpython-310-x86_64-linux-gnu.so[0m
[ 96%] Built target tugas_opencv__rosidl_typesupport_c__pyext
[ 96%] Built target tugas_opencv__rosidl_typesupport_introspection_c__pyext
[ 96%] Built target tugas_opencv__rosidl_typesupport_fastrtps_c__pyext
