[0.027s] Invoking command in '/home/basten/ros2_ws/src/MagangBanyubramanta_Basten-Andika-Salim/src/build/xbox': CMAKE_PREFIX_PATH=${CMAKE_PREFIX_PATH}:/opt/ros/humble /usr/bin/cmake --build /home/basten/ros2_ws/src/MagangBanyubramanta_Basten-Andika-Salim/src/build/xbox -- -j32 -l32
[0.050s] [35m[1mConsolidate compiler generated dependencies of target xbox__rosidl_generator_c[0m
[0.054s] [  3%] Built target xbox__cpp
[0.054s] [ 12%] Built target xbox__rosidl_generator_c
[0.059s] [35m[1mConsolidate compiler generated dependencies of target xbox__rosidl_typesupport_fastrtps_cpp[0m
[0.059s] [ 12%] Built target ament_cmake_python_copy_xbox
[0.061s] [35m[1mConsolidate compiler generated dependencies of target xbox__rosidl_typesupport_cpp[0m
[0.061s] [35m[1mConsolidate compiler generated dependencies of target xbox__rosidl_typesupport_introspection_cpp[0m
[0.065s] [35m[1mConsolidate compiler generated dependencies of target xbox__rosidl_typesupport_fastrtps_c[0m
[0.065s] [35m[1mConsolidate compiler generated dependencies of target xbox__rosidl_typesupport_introspection_c[0m
[0.066s] [35m[1mConsolidate compiler generated dependencies of target xbox__rosidl_typesupport_c[0m
[0.067s] [ 21%] Built target xbox__rosidl_typesupport_fastrtps_cpp
[0.068s] [ 30%] Built target xbox__rosidl_typesupport_cpp
[0.069s] [ 39%] Built target xbox__rosidl_typesupport_introspection_cpp
[0.070s] [ 48%] Built target xbox__rosidl_typesupport_introspection_c
[0.071s] [ 66%] Built target xbox__rosidl_typesupport_fastrtps_c
[0.071s] [ 66%] Built target xbox__rosidl_typesupport_c
[0.073s] [35m[1mConsolidate compiler generated dependencies of target publisher[0m
[0.080s] [ 66%] Built target xbox
[0.081s] [ 72%] Built target publisher
[0.089s] [ 75%] Built target xbox__py
[0.094s] [35m[1mConsolidate compiler generated dependencies of target xbox__rosidl_generator_py[0m
[0.100s] [ 81%] Built target xbox__rosidl_generator_py
[0.105s] [35m[1mConsolidate compiler generated dependencies of target xbox__rosidl_typesupport_fastrtps_c__pyext[0m
[0.106s] [35m[1mConsolidate compiler generated dependencies of target xbox__rosidl_typesupport_introspection_c__pyext[0m
[0.106s] [35m[1mConsolidate compiler generated dependencies of target xbox__rosidl_typesupport_c__pyext[0m
[0.111s] [100%] Built target xbox__rosidl_typesupport_c__pyext
[0.112s] [100%] Built target xbox__rosidl_typesupport_fastrtps_c__pyext
[0.112s] [100%] Built target xbox__rosidl_typesupport_introspection_c__pyext
[0.165s] running egg_info
[0.165s] writing xbox.egg-info/PKG-INFO
[0.165s] writing dependency_links to xbox.egg-info/dependency_links.txt
[0.166s] writing top-level names to xbox.egg-info/top_level.txt
[0.167s] reading manifest file 'xbox.egg-info/SOURCES.txt'
[0.167s] writing manifest file 'xbox.egg-info/SOURCES.txt'
[0.181s] [100%] Built target ament_cmake_python_build_xbox_egg
[0.187s] Invoked command in '/home/basten/ros2_ws/src/MagangBanyubramanta_Basten-Andika-Salim/src/build/xbox' returned '0': CMAKE_PREFIX_PATH=${CMAKE_PREFIX_PATH}:/opt/ros/humble /usr/bin/cmake --build /home/basten/ros2_ws/src/MagangBanyubramanta_Basten-Andika-Salim/src/build/xbox -- -j32 -l32
[0.217s] Invoking command in '/home/basten/ros2_ws/src/MagangBanyubramanta_Basten-Andika-Salim/src/build/xbox': CMAKE_PREFIX_PATH=${CMAKE_PREFIX_PATH}:/opt/ros/humble /usr/bin/cmake --install /home/basten/ros2_ws/src/MagangBanyubramanta_Basten-Andika-Salim/src/build/xbox
[0.221s] -- Install configuration: ""
[0.222s] -- Installing: /home/basten/ros2_ws/src/MagangBanyubramanta_Basten-Andika-Salim/src/install/xbox/share/ament_index/resource_index/rosidl_interfaces/xbox
[0.222s] -- Installing: /home/basten/ros2_ws/src/MagangBanyubramanta_Basten-Andika-Salim/src/install/xbox/include/xbox/xbox
[0.222s] -- Installing: /home/basten/ros2_ws/src/MagangBanyubramanta_Basten-Andika-Salim/src/install/xbox/include/xbox/xbox/msg
[0.222s] -- Installing: /home/basten/ros2_ws/src/MagangBanyubramanta_Basten-Andika-Salim/src/install/xbox/include/xbox/xbox/msg/rosidl_generator_c__visibility_control.h
[0.222s] -- Installing: /home/basten/ros2_ws/src/MagangBanyubramanta_Basten-Andika-Salim/src/install/xbox/include/xbox/xbox/msg/command.h
[0.222s] -- Installing: /home/basten/ros2_ws/src/MagangBanyubramanta_Basten-Andika-Salim/src/install/xbox/include/xbox/xbox/msg/detail
[0.222s] -- Installing: /home/basten/ros2_ws/src/MagangBanyubramanta_Basten-Andika-Salim/src/install/xbox/include/xbox/xbox/msg/detail/command__struct.h
[0.222s] -- Installing: /home/basten/ros2_ws/src/MagangBanyubramanta_Basten-Andika-Salim/src/install/xbox/include/xbox/xbox/msg/detail/command__functions.c
[0.222s] -- Installing: /home/basten/ros2_ws/src/MagangBanyubramanta_Basten-Andika-Salim/src/install/xbox/include/xbox/xbox/msg/detail/command__type_support.h
[0.222s] -- Installing: /home/basten/ros2_ws/src/MagangBanyubramanta_Basten-Andika-Salim/src/install/xbox/include/xbox/xbox/msg/detail/command__functions.h
[0.223s] -- Installing: /home/basten/ros2_ws/src/MagangBanyubramanta_Basten-Andika-Salim/src/install/xbox/share/xbox/environment/library_path.sh
[0.223s] -- Installing: /home/basten/ros2_ws/src/MagangBanyubramanta_Basten-Andika-Salim/src/install/xbox/share/xbox/environment/library_path.dsv
[0.223s] -- Installing: /home/basten/ros2_ws/src/MagangBanyubramanta_Basten-Andika-Salim/src/install/xbox/lib/libxbox__rosidl_generator_c.so
[0.223s] -- Set runtime path of "/home/basten/ros2_ws/src/MagangBanyubramanta_Basten-Andika-Salim/src/install/xbox/lib/libxbox__rosidl_generator_c.so" to ""
[0.223s] -- Up-to-date: /home/basten/ros2_ws/src/MagangBanyubramanta_Basten-Andika-Salim/src/install/xbox/include/xbox/xbox
[0.223s] -- Up-to-date: /home/basten/ros2_ws/src/MagangBanyubramanta_Basten-Andika-Salim/src/install/xbox/include/xbox/xbox/msg
[0.223s] -- Installing: /home/basten/ros2_ws/src/MagangBanyubramanta_Basten-Andika-Salim/src/install/xbox/include/xbox/xbox/msg/rosidl_typesupport_fastrtps_c__visibility_control.h
[0.223s] -- Up-to-date: /home/basten/ros2_ws/src/MagangBanyubramanta_Basten-Andika-Salim/src/install/xbox/include/xbox/xbox/msg/detail
[0.223s] -- Installing: /home/basten/ros2_ws/src/MagangBanyubramanta_Basten-Andika-Salim/src/install/xbox/include/xbox/xbox/msg/detail/command__rosidl_typesupport_fastrtps_c.h
[0.223s] -- Installing: /home/basten/ros2_ws/src/MagangBanyubramanta_Basten-Andika-Salim/src/install/xbox/lib/libxbox__rosidl_typesupport_fastrtps_c.so
[0.223s] -- Set runtime path of "/home/basten/ros2_ws/src/MagangBanyubramanta_Basten-Andika-Salim/src/install/xbox/lib/libxbox__rosidl_typesupport_fastrtps_c.so" to ""
[0.223s] -- Up-to-date: /home/basten/ros2_ws/src/MagangBanyubramanta_Basten-Andika-Salim/src/install/xbox/include/xbox/xbox
[0.223s] -- Up-to-date: /home/basten/ros2_ws/src/MagangBanyubramanta_Basten-Andika-Salim/src/install/xbox/include/xbox/xbox/msg
[0.223s] -- Installing: /home/basten/ros2_ws/src/MagangBanyubramanta_Basten-Andika-Salim/src/install/xbox/include/xbox/xbox/msg/command.hpp
[0.223s] -- Up-to-date: /home/basten/ros2_ws/src/MagangBanyubramanta_Basten-Andika-Salim/src/install/xbox/include/xbox/xbox/msg/detail
[0.223s] -- Installing: /home/basten/ros2_ws/src/MagangBanyubramanta_Basten-Andika-Salim/src/install/xbox/include/xbox/xbox/msg/detail/command__traits.hpp
[0.224s] -- Installing: /home/basten/ros2_ws/src/MagangBanyubramanta_Basten-Andika-Salim/src/install/xbox/include/xbox/xbox/msg/detail/command__builder.hpp
[0.224s] -- Installing: /home/basten/ros2_ws/src/MagangBanyubramanta_Basten-Andika-Salim/src/install/xbox/include/xbox/xbox/msg/detail/command__struct.hpp
[0.224s] -- Up-to-date: /home/basten/ros2_ws/src/MagangBanyubramanta_Basten-Andika-Salim/src/install/xbox/include/xbox/xbox
[0.224s] -- Up-to-date: /home/basten/ros2_ws/src/MagangBanyubramanta_Basten-Andika-Salim/src/install/xbox/include/xbox/xbox/msg
[0.224s] -- Installing: /home/basten/ros2_ws/src/MagangBanyubramanta_Basten-Andika-Salim/src/install/xbox/include/xbox/xbox/msg/rosidl_typesupport_fastrtps_cpp__visibility_control.h
[0.224s] -- Up-to-date: /home/basten/ros2_ws/src/MagangBanyubramanta_Basten-Andika-Salim/src/install/xbox/include/xbox/xbox/msg/detail
[0.224s] -- Installing: /home/basten/ros2_ws/src/MagangBanyubramanta_Basten-Andika-Salim/src/install/xbox/include/xbox/xbox/msg/detail/command__rosidl_typesupport_fastrtps_cpp.hpp
[0.224s] -- Installing: /home/basten/ros2_ws/src/MagangBanyubramanta_Basten-Andika-Salim/src/install/xbox/include/xbox/xbox/msg/detail/dds_fastrtps
[0.224s] -- Installing: /home/basten/ros2_ws/src/MagangBanyubramanta_Basten-Andika-Salim/src/install/xbox/lib/libxbox__rosidl_typesupport_fastrtps_cpp.so
[0.224s] -- Set runtime path of "/home/basten/ros2_ws/src/MagangBanyubramanta_Basten-Andika-Salim/src/install/xbox/lib/libxbox__rosidl_typesupport_fastrtps_cpp.so" to ""
[0.224s] -- Up-to-date: /home/basten/ros2_ws/src/MagangBanyubramanta_Basten-Andika-Salim/src/install/xbox/include/xbox/xbox
[0.224s] -- Up-to-date: /home/basten/ros2_ws/src/MagangBanyubramanta_Basten-Andika-Salim/src/install/xbox/include/xbox/xbox/msg
[0.224s] -- Installing: /home/basten/ros2_ws/src/MagangBanyubramanta_Basten-Andika-Salim/src/install/xbox/include/xbox/xbox/msg/rosidl_typesupport_introspection_c__visibility_control.h
[0.224s] -- Up-to-date: /home/basten/ros2_ws/src/MagangBanyubramanta_Basten-Andika-Salim/src/install/xbox/include/xbox/xbox/msg/detail
[0.224s] -- Installing: /home/basten/ros2_ws/src/MagangBanyubramanta_Basten-Andika-Salim/src/install/xbox/include/xbox/xbox/msg/detail/command__type_support.c
[0.224s] -- Installing: /home/basten/ros2_ws/src/MagangBanyubramanta_Basten-Andika-Salim/src/install/xbox/include/xbox/xbox/msg/detail/command__rosidl_typesupport_introspection_c.h
[0.224s] -- Installing: /home/basten/ros2_ws/src/MagangBanyubramanta_Basten-Andika-Salim/src/install/xbox/lib/libxbox__rosidl_typesupport_introspection_c.so
[0.224s] -- Set runtime path of "/home/basten/ros2_ws/src/MagangBanyubramanta_Basten-Andika-Salim/src/install/xbox/lib/libxbox__rosidl_typesupport_introspection_c.so" to ""
[0.224s] -- Installing: /home/basten/ros2_ws/src/MagangBanyubramanta_Basten-Andika-Salim/src/install/xbox/lib/libxbox__rosidl_typesupport_c.so
[0.224s] -- Set runtime path of "/home/basten/ros2_ws/src/MagangBanyubramanta_Basten-Andika-Salim/src/install/xbox/lib/libxbox__rosidl_typesupport_c.so" to ""
[0.224s] -- Up-to-date: /home/basten/ros2_ws/src/MagangBanyubramanta_Basten-Andika-Salim/src/install/xbox/include/xbox/xbox
[0.224s] -- Up-to-date: /home/basten/ros2_ws/src/MagangBanyubramanta_Basten-Andika-Salim/src/install/xbox/include/xbox/xbox/msg
[0.224s] -- Up-to-date: /home/basten/ros2_ws/src/MagangBanyubramanta_Basten-Andika-Salim/src/install/xbox/include/xbox/xbox/msg/detail
[0.224s] -- Installing: /home/basten/ros2_ws/src/MagangBanyubramanta_Basten-Andika-Salim/src/install/xbox/include/xbox/xbox/msg/detail/command__rosidl_typesupport_introspection_cpp.hpp
[0.224s] -- Installing: /home/basten/ros2_ws/src/MagangBanyubramanta_Basten-Andika-Salim/src/install/xbox/include/xbox/xbox/msg/detail/command__type_support.cpp
[0.224s] -- Installing: /home/basten/ros2_ws/src/MagangBanyubramanta_Basten-Andika-Salim/src/install/xbox/lib/libxbox__rosidl_typesupport_introspection_cpp.so
[0.224s] -- Set runtime path of "/home/basten/ros2_ws/src/MagangBanyubramanta_Basten-Andika-Salim/src/install/xbox/lib/libxbox__rosidl_typesupport_introspection_cpp.so" to ""
[0.224s] -- Installing: /home/basten/ros2_ws/src/MagangBanyubramanta_Basten-Andika-Salim/src/install/xbox/lib/libxbox__rosidl_typesupport_cpp.so
[0.224s] -- Set runtime path of "/home/basten/ros2_ws/src/MagangBanyubramanta_Basten-Andika-Salim/src/install/xbox/lib/libxbox__rosidl_typesupport_cpp.so" to ""
[0.224s] -- Installing: /home/basten/ros2_ws/src/MagangBanyubramanta_Basten-Andika-Salim/src/install/xbox/share/xbox/environment/pythonpath.sh
[0.224s] -- Installing: /home/basten/ros2_ws/src/MagangBanyubramanta_Basten-Andika-Salim/src/install/xbox/share/xbox/environment/pythonpath.dsv
[0.224s] -- Installing: /home/basten/ros2_ws/src/MagangBanyubramanta_Basten-Andika-Salim/src/install/xbox/local/lib/python3.10/dist-packages/xbox-0.0.0-py3.10.egg-info
[0.225s] -- Installing: /home/basten/ros2_ws/src/MagangBanyubramanta_Basten-Andika-Salim/src/install/xbox/local/lib/python3.10/dist-packages/xbox-0.0.0-py3.10.egg-info/top_level.txt
[0.225s] -- Installing: /home/basten/ros2_ws/src/MagangBanyubramanta_Basten-Andika-Salim/src/install/xbox/local/lib/python3.10/dist-packages/xbox-0.0.0-py3.10.egg-info/PKG-INFO
[0.225s] -- Installing: /home/basten/ros2_ws/src/MagangBanyubramanta_Basten-Andika-Salim/src/install/xbox/local/lib/python3.10/dist-packages/xbox-0.0.0-py3.10.egg-info/dependency_links.txt
[0.225s] -- Installing: /home/basten/ros2_ws/src/MagangBanyubramanta_Basten-Andika-Salim/src/install/xbox/local/lib/python3.10/dist-packages/xbox-0.0.0-py3.10.egg-info/SOURCES.txt
[0.225s] -- Installing: /home/basten/ros2_ws/src/MagangBanyubramanta_Basten-Andika-Salim/src/install/xbox/local/lib/python3.10/dist-packages/xbox
[0.225s] -- Installing: /home/basten/ros2_ws/src/MagangBanyubramanta_Basten-Andika-Salim/src/install/xbox/local/lib/python3.10/dist-packages/xbox/xbox_s__rosidl_typesupport_c.cpython-310-x86_64-linux-gnu.so
[0.225s] -- Installing: /home/basten/ros2_ws/src/MagangBanyubramanta_Basten-Andika-Salim/src/install/xbox/local/lib/python3.10/dist-packages/xbox/_xbox_s.ep.rosidl_typesupport_fastrtps_c.c
[0.225s] -- Installing: /home/basten/ros2_ws/src/MagangBanyubramanta_Basten-Andika-Salim/src/install/xbox/local/lib/python3.10/dist-packages/xbox/xbox_s__rosidl_typesupport_introspection_c.cpython-310-x86_64-linux-gnu.so
[0.225s] -- Installing: /home/basten/ros2_ws/src/MagangBanyubramanta_Basten-Andika-Salim/src/install/xbox/local/lib/python3.10/dist-packages/xbox/xbox_s__rosidl_typesupport_fastrtps_c.cpython-310-x86_64-linux-gnu.so
[0.225s] -- Installing: /home/basten/ros2_ws/src/MagangBanyubramanta_Basten-Andika-Salim/src/install/xbox/local/lib/python3.10/dist-packages/xbox/_xbox_s.ep.rosidl_typesupport_introspection_c.c
[0.225s] -- Installing: /home/basten/ros2_ws/src/MagangBanyubramanta_Basten-Andika-Salim/src/install/xbox/local/lib/python3.10/dist-packages/xbox/_xbox_s.ep.rosidl_typesupport_c.c
[0.225s] -- Installing: /home/basten/ros2_ws/src/MagangBanyubramanta_Basten-Andika-Salim/src/install/xbox/local/lib/python3.10/dist-packages/xbox/__init__.py
[0.225s] -- Installing: /home/basten/ros2_ws/src/MagangBanyubramanta_Basten-Andika-Salim/src/install/xbox/local/lib/python3.10/dist-packages/xbox/libxbox__rosidl_generator_py.so
[0.225s] -- Installing: /home/basten/ros2_ws/src/MagangBanyubramanta_Basten-Andika-Salim/src/install/xbox/local/lib/python3.10/dist-packages/xbox/msg
[0.225s] -- Installing: /home/basten/ros2_ws/src/MagangBanyubramanta_Basten-Andika-Salim/src/install/xbox/local/lib/python3.10/dist-packages/xbox/msg/_command.py
[0.225s] -- Installing: /home/basten/ros2_ws/src/MagangBanyubramanta_Basten-Andika-Salim/src/install/xbox/local/lib/python3.10/dist-packages/xbox/msg/__init__.py
[0.225s] -- Installing: /home/basten/ros2_ws/src/MagangBanyubramanta_Basten-Andika-Salim/src/install/xbox/local/lib/python3.10/dist-packages/xbox/msg/_command_s.c
[0.240s] Listing '/home/basten/ros2_ws/src/MagangBanyubramanta_Basten-Andika-Salim/src/install/xbox/local/lib/python3.10/dist-packages/xbox'...
[0.240s] Compiling '/home/basten/ros2_ws/src/MagangBanyubramanta_Basten-Andika-Salim/src/install/xbox/local/lib/python3.10/dist-packages/xbox/__init__.py'...
[0.240s] Listing '/home/basten/ros2_ws/src/MagangBanyubramanta_Basten-Andika-Salim/src/install/xbox/local/lib/python3.10/dist-packages/xbox/msg'...
[0.240s] Compiling '/home/basten/ros2_ws/src/MagangBanyubramanta_Basten-Andika-Salim/src/install/xbox/local/lib/python3.10/dist-packages/xbox/msg/__init__.py'...
[0.240s] Compiling '/home/basten/ros2_ws/src/MagangBanyubramanta_Basten-Andika-Salim/src/install/xbox/local/lib/python3.10/dist-packages/xbox/msg/_command.py'...
[0.242s] -- Installing: /home/basten/ros2_ws/src/MagangBanyubramanta_Basten-Andika-Salim/src/install/xbox/local/lib/python3.10/dist-packages/xbox/xbox_s__rosidl_typesupport_fastrtps_c.cpython-310-x86_64-linux-gnu.so
[0.242s] -- Set runtime path of "/home/basten/ros2_ws/src/MagangBanyubramanta_Basten-Andika-Salim/src/install/xbox/local/lib/python3.10/dist-packages/xbox/xbox_s__rosidl_typesupport_fastrtps_c.cpython-310-x86_64-linux-gnu.so" to ""
[0.242s] -- Installing: /home/basten/ros2_ws/src/MagangBanyubramanta_Basten-Andika-Salim/src/install/xbox/local/lib/python3.10/dist-packages/xbox/xbox_s__rosidl_typesupport_introspection_c.cpython-310-x86_64-linux-gnu.so
[0.243s] -- Set runtime path of "/home/basten/ros2_ws/src/MagangBanyubramanta_Basten-Andika-Salim/src/install/xbox/local/lib/python3.10/dist-packages/xbox/xbox_s__rosidl_typesupport_introspection_c.cpython-310-x86_64-linux-gnu.so" to ""
[0.243s] -- Installing: /home/basten/ros2_ws/src/MagangBanyubramanta_Basten-Andika-Salim/src/install/xbox/local/lib/python3.10/dist-packages/xbox/xbox_s__rosidl_typesupport_c.cpython-310-x86_64-linux-gnu.so
[0.243s] -- Set runtime path of "/home/basten/ros2_ws/src/MagangBanyubramanta_Basten-Andika-Salim/src/install/xbox/local/lib/python3.10/dist-packages/xbox/xbox_s__rosidl_typesupport_c.cpython-310-x86_64-linux-gnu.so" to ""
[0.243s] -- Installing: /home/basten/ros2_ws/src/MagangBanyubramanta_Basten-Andika-Salim/src/install/xbox/lib/libxbox__rosidl_generator_py.so
[0.243s] -- Set runtime path of "/home/basten/ros2_ws/src/MagangBanyubramanta_Basten-Andika-Salim/src/install/xbox/lib/libxbox__rosidl_generator_py.so" to ""
[0.243s] -- Installing: /home/basten/ros2_ws/src/MagangBanyubramanta_Basten-Andika-Salim/src/install/xbox/share/xbox/msg/Command.idl
[0.243s] -- Installing: /home/basten/ros2_ws/src/MagangBanyubramanta_Basten-Andika-Salim/src/install/xbox/share/xbox/msg/Command.msg
[0.243s] -- Installing: /home/basten/ros2_ws/src/MagangBanyubramanta_Basten-Andika-Salim/src/install/xbox/lib/xbox/publisher
[0.244s] -- Set runtime path of "/home/basten/ros2_ws/src/MagangBanyubramanta_Basten-Andika-Salim/src/install/xbox/lib/xbox/publisher" to ""
[0.244s] -- Installing: /home/basten/ros2_ws/src/MagangBanyubramanta_Basten-Andika-Salim/src/install/xbox/share/ament_index/resource_index/package_run_dependencies/xbox
[0.244s] -- Installing: /home/basten/ros2_ws/src/MagangBanyubramanta_Basten-Andika-Salim/src/install/xbox/share/ament_index/resource_index/parent_prefix_path/xbox
[0.244s] -- Installing: /home/basten/ros2_ws/src/MagangBanyubramanta_Basten-Andika-Salim/src/install/xbox/share/xbox/environment/ament_prefix_path.sh
[0.244s] -- Installing: /home/basten/ros2_ws/src/MagangBanyubramanta_Basten-Andika-Salim/src/install/xbox/share/xbox/environment/ament_prefix_path.dsv
[0.244s] -- Installing: /home/basten/ros2_ws/src/MagangBanyubramanta_Basten-Andika-Salim/src/install/xbox/share/xbox/environment/path.sh
[0.244s] -- Installing: /home/basten/ros2_ws/src/MagangBanyubramanta_Basten-Andika-Salim/src/install/xbox/share/xbox/environment/path.dsv
[0.244s] -- Installing: /home/basten/ros2_ws/src/MagangBanyubramanta_Basten-Andika-Salim/src/install/xbox/share/xbox/local_setup.bash
[0.244s] -- Installing: /home/basten/ros2_ws/src/MagangBanyubramanta_Basten-Andika-Salim/src/install/xbox/share/xbox/local_setup.sh
[0.244s] -- Installing: /home/basten/ros2_ws/src/MagangBanyubramanta_Basten-Andika-Salim/src/install/xbox/share/xbox/local_setup.zsh
[0.245s] -- Installing: /home/basten/ros2_ws/src/MagangBanyubramanta_Basten-Andika-Salim/src/install/xbox/share/xbox/local_setup.dsv
[0.245s] -- Installing: /home/basten/ros2_ws/src/MagangBanyubramanta_Basten-Andika-Salim/src/install/xbox/share/xbox/package.dsv
[0.245s] -- Installing: /home/basten/ros2_ws/src/MagangBanyubramanta_Basten-Andika-Salim/src/install/xbox/share/ament_index/resource_index/packages/xbox
[0.245s] -- Installing: /home/basten/ros2_ws/src/MagangBanyubramanta_Basten-Andika-Salim/src/install/xbox/share/xbox/cmake/export_xbox__rosidl_generator_cExport.cmake
[0.245s] -- Installing: /home/basten/ros2_ws/src/MagangBanyubramanta_Basten-Andika-Salim/src/install/xbox/share/xbox/cmake/export_xbox__rosidl_generator_cExport-noconfig.cmake
[0.245s] -- Installing: /home/basten/ros2_ws/src/MagangBanyubramanta_Basten-Andika-Salim/src/install/xbox/share/xbox/cmake/export_xbox__rosidl_typesupport_fastrtps_cExport.cmake
[0.245s] -- Installing: /home/basten/ros2_ws/src/MagangBanyubramanta_Basten-Andika-Salim/src/install/xbox/share/xbox/cmake/export_xbox__rosidl_typesupport_fastrtps_cExport-noconfig.cmake
[0.245s] -- Installing: /home/basten/ros2_ws/src/MagangBanyubramanta_Basten-Andika-Salim/src/install/xbox/share/xbox/cmake/export_xbox__rosidl_generator_cppExport.cmake
[0.245s] -- Installing: /home/basten/ros2_ws/src/MagangBanyubramanta_Basten-Andika-Salim/src/install/xbox/share/xbox/cmake/export_xbox__rosidl_typesupport_fastrtps_cppExport.cmake
[0.245s] -- Installing: /home/basten/ros2_ws/src/MagangBanyubramanta_Basten-Andika-Salim/src/install/xbox/share/xbox/cmake/export_xbox__rosidl_typesupport_fastrtps_cppExport-noconfig.cmake
[0.245s] -- Installing: /home/basten/ros2_ws/src/MagangBanyubramanta_Basten-Andika-Salim/src/install/xbox/share/xbox/cmake/xbox__rosidl_typesupport_introspection_cExport.cmake
[0.245s] -- Installing: /home/basten/ros2_ws/src/MagangBanyubramanta_Basten-Andika-Salim/src/install/xbox/share/xbox/cmake/xbox__rosidl_typesupport_introspection_cExport-noconfig.cmake
[0.245s] -- Installing: /home/basten/ros2_ws/src/MagangBanyubramanta_Basten-Andika-Salim/src/install/xbox/share/xbox/cmake/xbox__rosidl_typesupport_cExport.cmake
[0.245s] -- Installing: /home/basten/ros2_ws/src/MagangBanyubramanta_Basten-Andika-Salim/src/install/xbox/share/xbox/cmake/xbox__rosidl_typesupport_cExport-noconfig.cmake
[0.245s] -- Installing: /home/basten/ros2_ws/src/MagangBanyubramanta_Basten-Andika-Salim/src/install/xbox/share/xbox/cmake/xbox__rosidl_typesupport_introspection_cppExport.cmake
[0.245s] -- Installing: /home/basten/ros2_ws/src/MagangBanyubramanta_Basten-Andika-Salim/src/install/xbox/share/xbox/cmake/xbox__rosidl_typesupport_introspection_cppExport-noconfig.cmake
[0.245s] -- Installing: /home/basten/ros2_ws/src/MagangBanyubramanta_Basten-Andika-Salim/src/install/xbox/share/xbox/cmake/xbox__rosidl_typesupport_cppExport.cmake
[0.245s] -- Installing: /home/basten/ros2_ws/src/MagangBanyubramanta_Basten-Andika-Salim/src/install/xbox/share/xbox/cmake/xbox__rosidl_typesupport_cppExport-noconfig.cmake
[0.245s] -- Installing: /home/basten/ros2_ws/src/MagangBanyubramanta_Basten-Andika-Salim/src/install/xbox/share/xbox/cmake/export_xbox__rosidl_generator_pyExport.cmake
[0.245s] -- Installing: /home/basten/ros2_ws/src/MagangBanyubramanta_Basten-Andika-Salim/src/install/xbox/share/xbox/cmake/export_xbox__rosidl_generator_pyExport-noconfig.cmake
[0.245s] -- Installing: /home/basten/ros2_ws/src/MagangBanyubramanta_Basten-Andika-Salim/src/install/xbox/share/xbox/cmake/rosidl_cmake-extras.cmake
[0.245s] -- Installing: /home/basten/ros2_ws/src/MagangBanyubramanta_Basten-Andika-Salim/src/install/xbox/share/xbox/cmake/ament_cmake_export_include_directories-extras.cmake
[0.245s] -- Installing: /home/basten/ros2_ws/src/MagangBanyubramanta_Basten-Andika-Salim/src/install/xbox/share/xbox/cmake/ament_cmake_export_libraries-extras.cmake
[0.245s] -- Installing: /home/basten/ros2_ws/src/MagangBanyubramanta_Basten-Andika-Salim/src/install/xbox/share/xbox/cmake/ament_cmake_export_targets-extras.cmake
[0.245s] -- Installing: /home/basten/ros2_ws/src/MagangBanyubramanta_Basten-Andika-Salim/src/install/xbox/share/xbox/cmake/rosidl_cmake_export_typesupport_targets-extras.cmake
[0.245s] -- Installing: /home/basten/ros2_ws/src/MagangBanyubramanta_Basten-Andika-Salim/src/install/xbox/share/xbox/cmake/ament_cmake_export_dependencies-extras.cmake
[0.245s] -- Installing: /home/basten/ros2_ws/src/MagangBanyubramanta_Basten-Andika-Salim/src/install/xbox/share/xbox/cmake/rosidl_cmake_export_typesupport_libraries-extras.cmake
[0.246s] -- Installing: /home/basten/ros2_ws/src/MagangBanyubramanta_Basten-Andika-Salim/src/install/xbox/share/xbox/cmake/xboxConfig.cmake
[0.246s] -- Installing: /home/basten/ros2_ws/src/MagangBanyubramanta_Basten-Andika-Salim/src/install/xbox/share/xbox/cmake/xboxConfig-version.cmake
[0.246s] -- Installing: /home/basten/ros2_ws/src/MagangBanyubramanta_Basten-Andika-Salim/src/install/xbox/share/xbox/package.xml
[0.247s] Invoked command in '/home/basten/ros2_ws/src/MagangBanyubramanta_Basten-Andika-Salim/src/build/xbox' returned '0': CMAKE_PREFIX_PATH=${CMAKE_PREFIX_PATH}:/opt/ros/humble /usr/bin/cmake --install /home/basten/ros2_ws/src/MagangBanyubramanta_Basten-Andika-Salim/src/build/xbox
