[0.026s] Invoking command in '/home/basten/ros2_ws/src/MagangBanyubramanta_Basten-Andika-Salim/Ros2/build/tugas_opencv': CMAKE_PREFIX_PATH=${CMAKE_PREFIX_PATH}:/opt/ros/humble /usr/bin/cmake --build /home/basten/ros2_ws/src/MagangBanyubramanta_Basten-Andika-Salim/Ros2/build/tugas_opencv -- -j32 -l32
[0.039s] -- Found ament_cmake: 1.3.8 (/opt/ros/humble/share/ament_cmake/cmake)
[0.104s] -- Found rclcpp: 16.0.8 (/opt/ros/humble/share/rclcpp/cmake)
[0.117s] -- Found rosidl_generator_c: 3.1.5 (/opt/ros/humble/share/rosidl_generator_c/cmake)
[0.118s] -- Found rosidl_adapter: 3.1.5 (/opt/ros/humble/share/rosidl_adapter/cmake)
[0.121s] -- Found rosidl_generator_cpp: 3.1.5 (/opt/ros/humble/share/rosidl_generator_cpp/cmake)
[0.126s] -- Using all available rosidl_typesupport_c: rosidl_typesupport_fastrtps_c;rosidl_typesupport_introspection_c
[0.133s] -- Using all available rosidl_typesupport_cpp: rosidl_typesupport_fastrtps_cpp;rosidl_typesupport_introspection_cpp
[0.160s] -- Found rmw_implementation_cmake: 6.1.1 (/opt/ros/humble/share/rmw_implementation_cmake/cmake)
[0.160s] -- Found rmw_fastrtps_cpp: 6.2.6 (/opt/ros/humble/share/rmw_fastrtps_cpp/cmake)
[0.215s] -- Using RMW implementation 'rmw_fastrtps_cpp' as default
[0.288s] -- Found rosidl_default_generators: 1.2.0 (/opt/ros/humble/share/rosidl_default_generators/cmake)
[0.291s] -- Found cv_bridge: 3.2.1 (/opt/ros/humble/share/cv_bridge/cmake)
[0.483s] -- Found ament_cmake_ros: 0.10.0 (/opt/ros/humble/share/ament_cmake_ros/cmake)
[0.635s] -- Using all available rosidl_typesupport_c: rosidl_typesupport_fastrtps_c;rosidl_typesupport_introspection_c
[0.695s] -- Using all available rosidl_typesupport_cpp: rosidl_typesupport_fastrtps_cpp;rosidl_typesupport_introspection_cpp
[0.714s] -- Found python_cmake_module: 0.10.0 (/opt/ros/humble/share/python_cmake_module/cmake)
[0.727s] -- Using PYTHON_EXECUTABLE: /usr/bin/python3
[0.727s] -- Using PYTHON_INCLUDE_DIRS: /usr/include/python3.10
[0.727s] -- Using PYTHON_LIBRARIES: /usr/lib/x86_64-linux-gnu/libpython3.10.so
[0.734s] -- Found ament_lint_auto: 0.12.10 (/opt/ros/humble/share/ament_lint_auto/cmake)
[0.748s] -- Added test 'cppcheck' to perform static code analysis on C / C++ code
[0.748s] -- Configured cppcheck include dirs: 
[0.748s] -- Configured cppcheck exclude dirs and/or files: 
[0.750s] -- Added test 'flake8' to check Python code syntax and style conventions
[0.753s] -- Added test 'lint_cmake' to check CMake code style
[0.755s] -- Added test 'pep257' to check Python code against some of the docstring style conventions in PEP 257
[0.766s] -- Added test 'uncrustify' to check C / C++ code style
[0.766s] -- Configured uncrustify additional arguments: 
[0.768s] -- Added test 'xmllint' to check XML markup files
[0.768s] -- Configuring done
[0.783s] -- Generating done
[0.784s] -- Build files have been written to: /home/basten/ros2_ws/src/MagangBanyubramanta_Basten-Andika-Salim/Ros2/build/tugas_opencv
[0.798s] [  2%] [34m[1mGenerating C code for ROS interfaces[0m
[0.802s] [  4%] [34m[1mGenerating C++ code for ROS interfaces[0m
[0.807s] [  4%] Built target ament_cmake_python_copy_tugas_opencv
[0.903s] running egg_info
[0.910s] writing tugas_opencv.egg-info/PKG-INFO
[0.910s] writing dependency_links to tugas_opencv.egg-info/dependency_links.txt
[0.911s] writing top-level names to tugas_opencv.egg-info/top_level.txt
[0.931s] reading manifest file 'tugas_opencv.egg-info/SOURCES.txt'
[0.932s] writing manifest file 'tugas_opencv.egg-info/SOURCES.txt'
[0.946s] [  4%] Built target tugas_opencv__cpp
[0.946s] [  4%] Built target ament_cmake_python_build_tugas_opencv_egg
[0.947s] [35m[1mConsolidate compiler generated dependencies of target tugas_opencv__rosidl_generator_c[0m
[0.952s] [  7%] [34m[1mGenerating C++ type support dispatch for ROS interfaces[0m
[0.952s] [  9%] [34m[1mGenerating C++ type support for eProsima Fast-RTPS[0m
[0.952s] [ 12%] [34m[1mGenerating C++ introspection for ROS interfaces[0m
[0.953s] [ 14%] [32mBuilding C object CMakeFiles/tugas_opencv__rosidl_generator_c.dir/rosidl_generator_c/tugas_opencv/msg/detail/color__functions.c.o[0m
[0.954s] [ 17%] [32mBuilding C object CMakeFiles/tugas_opencv__rosidl_generator_c.dir/rosidl_generator_c/tugas_opencv/msg/detail/position__functions.c.o[0m
[0.981s] [ 19%] [32m[1mLinking C shared library libtugas_opencv__rosidl_generator_c.so[0m
[1.004s] [ 19%] Built target tugas_opencv__rosidl_generator_c
[1.010s] [ 24%] [34m[1mGenerating C type support for eProsima Fast-RTPS[0m
[1.010s] [ 24%] [34m[1mGenerating C introspection for ROS interfaces[0m
[1.011s] [ 26%] [34m[1mGenerating C type support dispatch for ROS interfaces[0m
[1.101s] [35m[1mConsolidate compiler generated dependencies of target tugas_opencv__rosidl_typesupport_cpp[0m
[1.111s] [ 29%] [32mBuilding CXX object CMakeFiles/tugas_opencv__rosidl_typesupport_cpp.dir/rosidl_typesupport_cpp/tugas_opencv/msg/color__type_support.cpp.o[0m
[1.111s] [ 31%] [32mBuilding CXX object CMakeFiles/tugas_opencv__rosidl_typesupport_cpp.dir/rosidl_typesupport_cpp/tugas_opencv/msg/position__type_support.cpp.o[0m
[1.113s] [35m[1mConsolidate compiler generated dependencies of target tugas_opencv__rosidl_typesupport_introspection_cpp[0m
[1.122s] [ 34%] [32mBuilding CXX object CMakeFiles/tugas_opencv__rosidl_typesupport_introspection_cpp.dir/rosidl_typesupport_introspection_cpp/tugas_opencv/msg/detail/color__type_support.cpp.o[0m
[1.124s] [ 36%] [32mBuilding CXX object CMakeFiles/tugas_opencv__rosidl_typesupport_introspection_cpp.dir/rosidl_typesupport_introspection_cpp/tugas_opencv/msg/detail/position__type_support.cpp.o[0m
[1.129s] [35m[1mConsolidate compiler generated dependencies of target tugas_opencv__rosidl_typesupport_fastrtps_cpp[0m
[1.139s] [ 39%] [32mBuilding CXX object CMakeFiles/tugas_opencv__rosidl_typesupport_fastrtps_cpp.dir/rosidl_typesupport_fastrtps_cpp/tugas_opencv/msg/detail/dds_fastrtps/color__type_support.cpp.o[0m
[1.142s] [ 41%] [32mBuilding CXX object CMakeFiles/tugas_opencv__rosidl_typesupport_fastrtps_cpp.dir/rosidl_typesupport_fastrtps_cpp/tugas_opencv/msg/detail/dds_fastrtps/position__type_support.cpp.o[0m
[1.192s] [35m[1mConsolidate compiler generated dependencies of target tugas_opencv__rosidl_typesupport_introspection_c[0m
[1.194s] [35m[1mConsolidate compiler generated dependencies of target tugas_opencv__rosidl_typesupport_fastrtps_c[0m
[1.200s] [35m[1mConsolidate compiler generated dependencies of target tugas_opencv__rosidl_typesupport_c[0m
[1.200s] [ 43%] [32mBuilding C object CMakeFiles/tugas_opencv__rosidl_typesupport_introspection_c.dir/rosidl_typesupport_introspection_c/tugas_opencv/msg/detail/color__type_support.c.o[0m
[1.203s] [ 46%] [32mBuilding C object CMakeFiles/tugas_opencv__rosidl_typesupport_introspection_c.dir/rosidl_typesupport_introspection_c/tugas_opencv/msg/detail/position__type_support.c.o[0m
[1.203s] [ 48%] [32mBuilding CXX object CMakeFiles/tugas_opencv__rosidl_typesupport_fastrtps_c.dir/rosidl_typesupport_fastrtps_c/tugas_opencv/msg/detail/color__type_support_c.cpp.o[0m
[1.206s] [ 51%] [32mBuilding CXX object CMakeFiles/tugas_opencv__rosidl_typesupport_fastrtps_c.dir/rosidl_typesupport_fastrtps_c/tugas_opencv/msg/detail/position__type_support_c.cpp.o[0m
[1.208s] [ 53%] [32mBuilding CXX object CMakeFiles/tugas_opencv__rosidl_typesupport_c.dir/rosidl_typesupport_c/tugas_opencv/msg/color__type_support.cpp.o[0m
[1.211s] [ 56%] [32mBuilding CXX object CMakeFiles/tugas_opencv__rosidl_typesupport_c.dir/rosidl_typesupport_c/tugas_opencv/msg/position__type_support.cpp.o[0m
[1.234s] [ 58%] [32m[1mLinking C shared library libtugas_opencv__rosidl_typesupport_introspection_c.so[0m
[1.241s] [ 60%] [32m[1mLinking CXX shared library libtugas_opencv__rosidl_typesupport_c.so[0m
[1.256s] [ 60%] Built target tugas_opencv__rosidl_typesupport_introspection_c
[1.282s] [ 60%] Built target tugas_opencv__rosidl_typesupport_c
[1.288s] [ 63%] [32m[1mLinking CXX shared library libtugas_opencv__rosidl_typesupport_cpp.so[0m
[1.316s] [ 63%] Built target tugas_opencv__rosidl_typesupport_cpp
[1.324s] [35m[1mConsolidate compiler generated dependencies of target colorcheck[0m
[1.338s] [ 65%] [32mBuilding CXX object CMakeFiles/colorcheck.dir/src/colorcheck.cpp.o[0m
[1.394s] [ 68%] [32m[1mLinking CXX shared library libtugas_opencv__rosidl_typesupport_fastrtps_cpp.so[0m
[1.419s] [ 70%] [32m[1mLinking CXX shared library libtugas_opencv__rosidl_typesupport_fastrtps_c.so[0m
[1.430s] [ 73%] [32m[1mLinking CXX shared library libtugas_opencv__rosidl_typesupport_introspection_cpp.so[0m
[1.440s] [ 73%] Built target tugas_opencv__rosidl_typesupport_fastrtps_cpp
[1.454s] [ 73%] Built target tugas_opencv__rosidl_typesupport_introspection_cpp
[1.463s] [ 73%] Built target tugas_opencv__rosidl_typesupport_fastrtps_c
[1.474s] [ 73%] Built target tugas_opencv
[1.485s] [ 75%] [34m[1mGenerating Python code for ROS interfaces[0m
[1.677s] [ 75%] Built target tugas_opencv__py
[1.682s] [35m[1mConsolidate compiler generated dependencies of target tugas_opencv__rosidl_generator_py[0m
[1.689s] [ 78%] [32mBuilding C object CMakeFiles/tugas_opencv__rosidl_generator_py.dir/rosidl_generator_py/tugas_opencv/msg/_color_s.c.o[0m
[1.690s] [ 80%] [32mBuilding C object CMakeFiles/tugas_opencv__rosidl_generator_py.dir/rosidl_generator_py/tugas_opencv/msg/_position_s.c.o[0m
[1.743s] [ 82%] [32m[1mLinking C shared library rosidl_generator_py/tugas_opencv/libtugas_opencv__rosidl_generator_py.so[0m
[1.765s] [ 82%] Built target tugas_opencv__rosidl_generator_py
[1.771s] [35m[1mConsolidate compiler generated dependencies of target tugas_opencv__rosidl_typesupport_fastrtps_c__pyext[0m
[1.771s] [35m[1mConsolidate compiler generated dependencies of target tugas_opencv__rosidl_typesupport_introspection_c__pyext[0m
[1.771s] [35m[1mConsolidate compiler generated dependencies of target tugas_opencv__rosidl_typesupport_c__pyext[0m
[1.778s] [ 85%] [32mBuilding C object CMakeFiles/tugas_opencv__rosidl_typesupport_fastrtps_c__pyext.dir/rosidl_generator_py/tugas_opencv/_tugas_opencv_s.ep.rosidl_typesupport_fastrtps_c.c.o[0m
[1.778s] [ 90%] [32mBuilding C object CMakeFiles/tugas_opencv__rosidl_typesupport_c__pyext.dir/rosidl_generator_py/tugas_opencv/_tugas_opencv_s.ep.rosidl_typesupport_c.c.o[0m
[1.778s] [ 90%] [32mBuilding C object CMakeFiles/tugas_opencv__rosidl_typesupport_introspection_c__pyext.dir/rosidl_generator_py/tugas_opencv/_tugas_opencv_s.ep.rosidl_typesupport_introspection_c.c.o[0m
[1.833s] [ 95%] [32m[1mLinking C shared library rosidl_generator_py/tugas_opencv/tugas_opencv_s__rosidl_typesupport_introspection_c.cpython-310-x86_64-linux-gnu.so[0m
[1.833s] [ 95%] [32m[1mLinking C shared library rosidl_generator_py/tugas_opencv/tugas_opencv_s__rosidl_typesupport_c.cpython-310-x86_64-linux-gnu.so[0m
[1.833s] [ 97%] [32m[1mLinking C shared library rosidl_generator_py/tugas_opencv/tugas_opencv_s__rosidl_typesupport_fastrtps_c.cpython-310-x86_64-linux-gnu.so[0m
[1.853s] [ 97%] Built target tugas_opencv__rosidl_typesupport_introspection_c__pyext
[1.853s] [ 97%] Built target tugas_opencv__rosidl_typesupport_c__pyext
[1.854s] [ 97%] Built target tugas_opencv__rosidl_typesupport_fastrtps_c__pyext
[2.900s] [01m[K/home/basten/ros2_ws/src/MagangBanyubramanta_Basten-Andika-Salim/Ros2/src/tugas_opencv/src/colorcheck.cpp:[m[K In function ‘[01m[Kint main(int, char**)[m[K’:
[2.900s] [01m[K/home/basten/ros2_ws/src/MagangBanyubramanta_Basten-Andika-Salim/Ros2/src/tugas_opencv/src/colorcheck.cpp:124:23:[m[K [01;31m[Kerror: [m[K‘[01m[Kstruct tugas_opencv::msg::Color_<std::allocator<void> >[m[K’ has no member named ‘[01m[Kgreen[m[K’
[2.900s]   124 |           frameDetect.[01;31m[Kgreen[m[K = 0;
[2.900s]       |                       [01;31m[K^~~~~[m[K
[3.492s] gmake[2]: *** [CMakeFiles/colorcheck.dir/build.make:76: CMakeFiles/colorcheck.dir/src/colorcheck.cpp.o] Error 1
[3.492s] gmake[1]: *** [CMakeFiles/Makefile2:593: CMakeFiles/colorcheck.dir/all] Error 2
[3.492s] gmake: *** [Makefile:146: all] Error 2
[3.495s] Invoked command in '/home/basten/ros2_ws/src/MagangBanyubramanta_Basten-Andika-Salim/Ros2/build/tugas_opencv' returned '2': CMAKE_PREFIX_PATH=${CMAKE_PREFIX_PATH}:/opt/ros/humble /usr/bin/cmake --build /home/basten/ros2_ws/src/MagangBanyubramanta_Basten-Andika-Salim/Ros2/build/tugas_opencv -- -j32 -l32
