[0.360s] DEBUG:colcon:Command line arguments: ['/usr/bin/colcon', 'build', '--packages-select', 'tugas_opencv']
[0.360s] DEBUG:colcon:Parsed command line arguments: Namespace(log_base=None, log_level=None, verb_name='build', build_base='build', install_base='install', merge_install=False, symlink_install=False, test_result_base=None, continue_on_error=False, executor='parallel', parallel_workers=32, event_handlers=None, ignore_user_meta=False, metas=['./colcon.meta'], base_paths=['.'], packages_ignore=None, packages_ignore_regex=None, paths=None, packages_up_to=None, packages_up_to_regex=None, packages_above=None, packages_above_and_dependencies=None, packages_above_depth=None, packages_select_by_dep=None, packages_skip_by_dep=None, packages_skip_up_to=None, packages_select_build_failed=False, packages_skip_build_finished=False, packages_select_test_failures=False, packages_skip_test_passed=False, packages_select=['tugas_opencv'], packages_skip=None, packages_select_regex=None, packages_skip_regex=None, packages_start=None, packages_end=None, allow_overriding=[], cmake_args=None, cmake_target=None, cmake_target_skip_unavailable=False, cmake_clean_cache=False, cmake_clean_first=False, cmake_force_configure=False, ament_cmake_args=None, catkin_cmake_args=None, catkin_skip_building_tests=False, verb_parser=<colcon_defaults.argument_parser.defaults.DefaultArgumentsDecorator object at 0x7f742845cf40>, verb_extension=<colcon_core.verb.build.BuildVerb object at 0x7f742845cac0>, main=<bound method BuildVerb.main of <colcon_core.verb.build.BuildVerb object at 0x7f742845cac0>>)
[0.383s] Level 1:colcon.colcon_core.package_discovery:discover_packages(colcon_meta) check parameters
[0.383s] Level 1:colcon.colcon_core.package_discovery:discover_packages(recursive) check parameters
[0.383s] Level 1:colcon.colcon_core.package_discovery:discover_packages(ignore) check parameters
[0.383s] Level 1:colcon.colcon_core.package_discovery:discover_packages(path) check parameters
[0.383s] Level 1:colcon.colcon_core.package_discovery:discover_packages(colcon_meta) discover
[0.383s] Level 1:colcon.colcon_core.package_discovery:discover_packages(recursive) discover
[0.383s] INFO:colcon.colcon_core.package_discovery:Crawling recursively for packages in '/home/basten/ros2_ws/src/MagangBanyubramanta_Basten-Andika-Salim/src'
[0.383s] Level 1:colcon.colcon_core.package_identification:_identify(.) by extensions ['ignore', 'ignore_ament_install']
[0.383s] Level 1:colcon.colcon_core.package_identification:_identify(.) by extension 'ignore'
[0.383s] Level 1:colcon.colcon_core.package_identification:_identify(.) by extension 'ignore_ament_install'
[0.383s] Level 1:colcon.colcon_core.package_identification:_identify(.) by extensions ['colcon_pkg']
[0.383s] Level 1:colcon.colcon_core.package_identification:_identify(.) by extension 'colcon_pkg'
[0.383s] Level 1:colcon.colcon_core.package_identification:_identify(.) by extensions ['colcon_meta']
[0.383s] Level 1:colcon.colcon_core.package_identification:_identify(.) by extension 'colcon_meta'
[0.383s] Level 1:colcon.colcon_core.package_identification:_identify(.) by extensions ['ros']
[0.383s] Level 1:colcon.colcon_core.package_identification:_identify(.) by extension 'ros'
[0.390s] Level 1:colcon.colcon_core.package_identification:_identify(.) by extensions ['cmake', 'python']
[0.390s] Level 1:colcon.colcon_core.package_identification:_identify(.) by extension 'cmake'
[0.390s] Level 1:colcon.colcon_core.package_identification:_identify(.) by extension 'python'
[0.390s] Level 1:colcon.colcon_core.package_identification:_identify(.) by extensions ['python_setup_py']
[0.390s] Level 1:colcon.colcon_core.package_identification:_identify(.) by extension 'python_setup_py'
[0.390s] Level 1:colcon.colcon_core.package_identification:_identify(+bus_conv_fcns) by extensions ['ignore', 'ignore_ament_install']
[0.390s] Level 1:colcon.colcon_core.package_identification:_identify(+bus_conv_fcns) by extension 'ignore'
[0.390s] Level 1:colcon.colcon_core.package_identification:_identify(+bus_conv_fcns) by extension 'ignore_ament_install'
[0.390s] Level 1:colcon.colcon_core.package_identification:_identify(+bus_conv_fcns) by extensions ['colcon_pkg']
[0.390s] Level 1:colcon.colcon_core.package_identification:_identify(+bus_conv_fcns) by extension 'colcon_pkg'
[0.390s] Level 1:colcon.colcon_core.package_identification:_identify(+bus_conv_fcns) by extensions ['colcon_meta']
[0.390s] Level 1:colcon.colcon_core.package_identification:_identify(+bus_conv_fcns) by extension 'colcon_meta'
[0.390s] Level 1:colcon.colcon_core.package_identification:_identify(+bus_conv_fcns) by extensions ['ros']
[0.390s] Level 1:colcon.colcon_core.package_identification:_identify(+bus_conv_fcns) by extension 'ros'
[0.390s] Level 1:colcon.colcon_core.package_identification:_identify(+bus_conv_fcns) by extensions ['cmake', 'python']
[0.390s] Level 1:colcon.colcon_core.package_identification:_identify(+bus_conv_fcns) by extension 'cmake'
[0.390s] Level 1:colcon.colcon_core.package_identification:_identify(+bus_conv_fcns) by extension 'python'
[0.390s] Level 1:colcon.colcon_core.package_identification:_identify(+bus_conv_fcns) by extensions ['python_setup_py']
[0.390s] Level 1:colcon.colcon_core.package_identification:_identify(+bus_conv_fcns) by extension 'python_setup_py'
[0.390s] Level 1:colcon.colcon_core.package_identification:_identify(+bus_conv_fcns/+ros2) by extensions ['ignore', 'ignore_ament_install']
[0.390s] Level 1:colcon.colcon_core.package_identification:_identify(+bus_conv_fcns/+ros2) by extension 'ignore'
[0.390s] Level 1:colcon.colcon_core.package_identification:_identify(+bus_conv_fcns/+ros2) by extension 'ignore_ament_install'
[0.390s] Level 1:colcon.colcon_core.package_identification:_identify(+bus_conv_fcns/+ros2) by extensions ['colcon_pkg']
[0.390s] Level 1:colcon.colcon_core.package_identification:_identify(+bus_conv_fcns/+ros2) by extension 'colcon_pkg'
[0.390s] Level 1:colcon.colcon_core.package_identification:_identify(+bus_conv_fcns/+ros2) by extensions ['colcon_meta']
[0.390s] Level 1:colcon.colcon_core.package_identification:_identify(+bus_conv_fcns/+ros2) by extension 'colcon_meta'
[0.390s] Level 1:colcon.colcon_core.package_identification:_identify(+bus_conv_fcns/+ros2) by extensions ['ros']
[0.390s] Level 1:colcon.colcon_core.package_identification:_identify(+bus_conv_fcns/+ros2) by extension 'ros'
[0.390s] Level 1:colcon.colcon_core.package_identification:_identify(+bus_conv_fcns/+ros2) by extensions ['cmake', 'python']
[0.390s] Level 1:colcon.colcon_core.package_identification:_identify(+bus_conv_fcns/+ros2) by extension 'cmake'
[0.390s] Level 1:colcon.colcon_core.package_identification:_identify(+bus_conv_fcns/+ros2) by extension 'python'
[0.390s] Level 1:colcon.colcon_core.package_identification:_identify(+bus_conv_fcns/+ros2) by extensions ['python_setup_py']
[0.390s] Level 1:colcon.colcon_core.package_identification:_identify(+bus_conv_fcns/+ros2) by extension 'python_setup_py'
[0.390s] Level 1:colcon.colcon_core.package_identification:_identify(+bus_conv_fcns/+ros2/+msgToBus) by extensions ['ignore', 'ignore_ament_install']
[0.390s] Level 1:colcon.colcon_core.package_identification:_identify(+bus_conv_fcns/+ros2/+msgToBus) by extension 'ignore'
[0.390s] Level 1:colcon.colcon_core.package_identification:_identify(+bus_conv_fcns/+ros2/+msgToBus) by extension 'ignore_ament_install'
[0.390s] Level 1:colcon.colcon_core.package_identification:_identify(+bus_conv_fcns/+ros2/+msgToBus) by extensions ['colcon_pkg']
[0.390s] Level 1:colcon.colcon_core.package_identification:_identify(+bus_conv_fcns/+ros2/+msgToBus) by extension 'colcon_pkg'
[0.390s] Level 1:colcon.colcon_core.package_identification:_identify(+bus_conv_fcns/+ros2/+msgToBus) by extensions ['colcon_meta']
[0.390s] Level 1:colcon.colcon_core.package_identification:_identify(+bus_conv_fcns/+ros2/+msgToBus) by extension 'colcon_meta'
[0.390s] Level 1:colcon.colcon_core.package_identification:_identify(+bus_conv_fcns/+ros2/+msgToBus) by extensions ['ros']
[0.390s] Level 1:colcon.colcon_core.package_identification:_identify(+bus_conv_fcns/+ros2/+msgToBus) by extension 'ros'
[0.390s] Level 1:colcon.colcon_core.package_identification:_identify(+bus_conv_fcns/+ros2/+msgToBus) by extensions ['cmake', 'python']
[0.390s] Level 1:colcon.colcon_core.package_identification:_identify(+bus_conv_fcns/+ros2/+msgToBus) by extension 'cmake'
[0.390s] Level 1:colcon.colcon_core.package_identification:_identify(+bus_conv_fcns/+ros2/+msgToBus) by extension 'python'
[0.390s] Level 1:colcon.colcon_core.package_identification:_identify(+bus_conv_fcns/+ros2/+msgToBus) by extensions ['python_setup_py']
[0.390s] Level 1:colcon.colcon_core.package_identification:_identify(+bus_conv_fcns/+ros2/+msgToBus) by extension 'python_setup_py'
[0.390s] Level 1:colcon.colcon_core.package_identification:_identify(+bus_conv_fcns/+ros2/+msgToBus/+tugas_opencv) by extensions ['ignore', 'ignore_ament_install']
[0.391s] Level 1:colcon.colcon_core.package_identification:_identify(+bus_conv_fcns/+ros2/+msgToBus/+tugas_opencv) by extension 'ignore'
[0.391s] Level 1:colcon.colcon_core.package_identification:_identify(+bus_conv_fcns/+ros2/+msgToBus/+tugas_opencv) by extension 'ignore_ament_install'
[0.391s] Level 1:colcon.colcon_core.package_identification:_identify(+bus_conv_fcns/+ros2/+msgToBus/+tugas_opencv) by extensions ['colcon_pkg']
[0.391s] Level 1:colcon.colcon_core.package_identification:_identify(+bus_conv_fcns/+ros2/+msgToBus/+tugas_opencv) by extension 'colcon_pkg'
[0.391s] Level 1:colcon.colcon_core.package_identification:_identify(+bus_conv_fcns/+ros2/+msgToBus/+tugas_opencv) by extensions ['colcon_meta']
[0.391s] Level 1:colcon.colcon_core.package_identification:_identify(+bus_conv_fcns/+ros2/+msgToBus/+tugas_opencv) by extension 'colcon_meta'
[0.391s] Level 1:colcon.colcon_core.package_identification:_identify(+bus_conv_fcns/+ros2/+msgToBus/+tugas_opencv) by extensions ['ros']
[0.391s] Level 1:colcon.colcon_core.package_identification:_identify(+bus_conv_fcns/+ros2/+msgToBus/+tugas_opencv) by extension 'ros'
[0.391s] Level 1:colcon.colcon_core.package_identification:_identify(+bus_conv_fcns/+ros2/+msgToBus/+tugas_opencv) by extensions ['cmake', 'python']
[0.391s] Level 1:colcon.colcon_core.package_identification:_identify(+bus_conv_fcns/+ros2/+msgToBus/+tugas_opencv) by extension 'cmake'
[0.391s] Level 1:colcon.colcon_core.package_identification:_identify(+bus_conv_fcns/+ros2/+msgToBus/+tugas_opencv) by extension 'python'
[0.391s] Level 1:colcon.colcon_core.package_identification:_identify(+bus_conv_fcns/+ros2/+msgToBus/+tugas_opencv) by extensions ['python_setup_py']
[0.391s] Level 1:colcon.colcon_core.package_identification:_identify(+bus_conv_fcns/+ros2/+msgToBus/+tugas_opencv) by extension 'python_setup_py'
[0.391s] Level 1:colcon.colcon_core.package_identification:_identify(build) by extensions ['ignore', 'ignore_ament_install']
[0.391s] Level 1:colcon.colcon_core.package_identification:_identify(build) by extension 'ignore'
[0.391s] Level 1:colcon.colcon_core.package_identification:_identify(build) ignored
[0.391s] Level 1:colcon.colcon_core.package_identification:_identify(install) by extensions ['ignore', 'ignore_ament_install']
[0.391s] Level 1:colcon.colcon_core.package_identification:_identify(install) by extension 'ignore'
[0.391s] Level 1:colcon.colcon_core.package_identification:_identify(install) ignored
[0.391s] Level 1:colcon.colcon_core.package_identification:_identify(log) by extensions ['ignore', 'ignore_ament_install']
[0.391s] Level 1:colcon.colcon_core.package_identification:_identify(log) by extension 'ignore'
[0.391s] Level 1:colcon.colcon_core.package_identification:_identify(log) ignored
[0.391s] Level 1:colcon.colcon_core.package_identification:_identify(matlab_msg_gen) by extensions ['ignore', 'ignore_ament_install']
[0.391s] Level 1:colcon.colcon_core.package_identification:_identify(matlab_msg_gen) by extension 'ignore'
[0.391s] Level 1:colcon.colcon_core.package_identification:_identify(matlab_msg_gen) ignored
[0.391s] Level 1:colcon.colcon_core.package_identification:_identify(slprj) by extensions ['ignore', 'ignore_ament_install']
[0.391s] Level 1:colcon.colcon_core.package_identification:_identify(slprj) by extension 'ignore'
[0.391s] Level 1:colcon.colcon_core.package_identification:_identify(slprj) by extension 'ignore_ament_install'
[0.391s] Level 1:colcon.colcon_core.package_identification:_identify(slprj) by extensions ['colcon_pkg']
[0.391s] Level 1:colcon.colcon_core.package_identification:_identify(slprj) by extension 'colcon_pkg'
[0.391s] Level 1:colcon.colcon_core.package_identification:_identify(slprj) by extensions ['colcon_meta']
[0.391s] Level 1:colcon.colcon_core.package_identification:_identify(slprj) by extension 'colcon_meta'
[0.391s] Level 1:colcon.colcon_core.package_identification:_identify(slprj) by extensions ['ros']
[0.391s] Level 1:colcon.colcon_core.package_identification:_identify(slprj) by extension 'ros'
[0.391s] Level 1:colcon.colcon_core.package_identification:_identify(slprj) by extensions ['cmake', 'python']
[0.391s] Level 1:colcon.colcon_core.package_identification:_identify(slprj) by extension 'cmake'
[0.391s] Level 1:colcon.colcon_core.package_identification:_identify(slprj) by extension 'python'
[0.391s] Level 1:colcon.colcon_core.package_identification:_identify(slprj) by extensions ['python_setup_py']
[0.391s] Level 1:colcon.colcon_core.package_identification:_identify(slprj) by extension 'python_setup_py'
[0.391s] Level 1:colcon.colcon_core.package_identification:_identify(slprj/_jitprj) by extensions ['ignore', 'ignore_ament_install']
[0.391s] Level 1:colcon.colcon_core.package_identification:_identify(slprj/_jitprj) by extension 'ignore'
[0.391s] Level 1:colcon.colcon_core.package_identification:_identify(slprj/_jitprj) by extension 'ignore_ament_install'
[0.391s] Level 1:colcon.colcon_core.package_identification:_identify(slprj/_jitprj) by extensions ['colcon_pkg']
[0.391s] Level 1:colcon.colcon_core.package_identification:_identify(slprj/_jitprj) by extension 'colcon_pkg'
[0.391s] Level 1:colcon.colcon_core.package_identification:_identify(slprj/_jitprj) by extensions ['colcon_meta']
[0.391s] Level 1:colcon.colcon_core.package_identification:_identify(slprj/_jitprj) by extension 'colcon_meta'
[0.391s] Level 1:colcon.colcon_core.package_identification:_identify(slprj/_jitprj) by extensions ['ros']
[0.391s] Level 1:colcon.colcon_core.package_identification:_identify(slprj/_jitprj) by extension 'ros'
[0.391s] Level 1:colcon.colcon_core.package_identification:_identify(slprj/_jitprj) by extensions ['cmake', 'python']
[0.391s] Level 1:colcon.colcon_core.package_identification:_identify(slprj/_jitprj) by extension 'cmake'
[0.392s] Level 1:colcon.colcon_core.package_identification:_identify(slprj/_jitprj) by extension 'python'
[0.392s] Level 1:colcon.colcon_core.package_identification:_identify(slprj/_jitprj) by extensions ['python_setup_py']
[0.392s] Level 1:colcon.colcon_core.package_identification:_identify(slprj/_jitprj) by extension 'python_setup_py'
[0.392s] Level 1:colcon.colcon_core.package_identification:_identify(slprj/_sfprj) by extensions ['ignore', 'ignore_ament_install']
[0.392s] Level 1:colcon.colcon_core.package_identification:_identify(slprj/_sfprj) by extension 'ignore'
[0.392s] Level 1:colcon.colcon_core.package_identification:_identify(slprj/_sfprj) by extension 'ignore_ament_install'
[0.392s] Level 1:colcon.colcon_core.package_identification:_identify(slprj/_sfprj) by extensions ['colcon_pkg']
[0.392s] Level 1:colcon.colcon_core.package_identification:_identify(slprj/_sfprj) by extension 'colcon_pkg'
[0.392s] Level 1:colcon.colcon_core.package_identification:_identify(slprj/_sfprj) by extensions ['colcon_meta']
[0.392s] Level 1:colcon.colcon_core.package_identification:_identify(slprj/_sfprj) by extension 'colcon_meta'
[0.392s] Level 1:colcon.colcon_core.package_identification:_identify(slprj/_sfprj) by extensions ['ros']
[0.392s] Level 1:colcon.colcon_core.package_identification:_identify(slprj/_sfprj) by extension 'ros'
[0.392s] Level 1:colcon.colcon_core.package_identification:_identify(slprj/_sfprj) by extensions ['cmake', 'python']
[0.392s] Level 1:colcon.colcon_core.package_identification:_identify(slprj/_sfprj) by extension 'cmake'
[0.392s] Level 1:colcon.colcon_core.package_identification:_identify(slprj/_sfprj) by extension 'python'
[0.392s] Level 1:colcon.colcon_core.package_identification:_identify(slprj/_sfprj) by extensions ['python_setup_py']
[0.392s] Level 1:colcon.colcon_core.package_identification:_identify(slprj/_sfprj) by extension 'python_setup_py'
[0.392s] Level 1:colcon.colcon_core.package_identification:_identify(slprj/_sfprj/EMLReport) by extensions ['ignore', 'ignore_ament_install']
[0.392s] Level 1:colcon.colcon_core.package_identification:_identify(slprj/_sfprj/EMLReport) by extension 'ignore'
[0.392s] Level 1:colcon.colcon_core.package_identification:_identify(slprj/_sfprj/EMLReport) by extension 'ignore_ament_install'
[0.392s] Level 1:colcon.colcon_core.package_identification:_identify(slprj/_sfprj/EMLReport) by extensions ['colcon_pkg']
[0.392s] Level 1:colcon.colcon_core.package_identification:_identify(slprj/_sfprj/EMLReport) by extension 'colcon_pkg'
[0.392s] Level 1:colcon.colcon_core.package_identification:_identify(slprj/_sfprj/EMLReport) by extensions ['colcon_meta']
[0.392s] Level 1:colcon.colcon_core.package_identification:_identify(slprj/_sfprj/EMLReport) by extension 'colcon_meta'
[0.392s] Level 1:colcon.colcon_core.package_identification:_identify(slprj/_sfprj/EMLReport) by extensions ['ros']
[0.392s] Level 1:colcon.colcon_core.package_identification:_identify(slprj/_sfprj/EMLReport) by extension 'ros'
[0.392s] Level 1:colcon.colcon_core.package_identification:_identify(slprj/_sfprj/EMLReport) by extensions ['cmake', 'python']
[0.392s] Level 1:colcon.colcon_core.package_identification:_identify(slprj/_sfprj/EMLReport) by extension 'cmake'
[0.392s] Level 1:colcon.colcon_core.package_identification:_identify(slprj/_sfprj/EMLReport) by extension 'python'
[0.392s] Level 1:colcon.colcon_core.package_identification:_identify(slprj/_sfprj/EMLReport) by extensions ['python_setup_py']
[0.392s] Level 1:colcon.colcon_core.package_identification:_identify(slprj/_sfprj/EMLReport) by extension 'python_setup_py'
[0.392s] Level 1:colcon.colcon_core.package_identification:_identify(slprj/_sfprj/EMLReport/sCVqi9SAxZ1XbHbtriiouGC) by extensions ['ignore', 'ignore_ament_install']
[0.392s] Level 1:colcon.colcon_core.package_identification:_identify(slprj/_sfprj/EMLReport/sCVqi9SAxZ1XbHbtriiouGC) by extension 'ignore'
[0.392s] Level 1:colcon.colcon_core.package_identification:_identify(slprj/_sfprj/EMLReport/sCVqi9SAxZ1XbHbtriiouGC) by extension 'ignore_ament_install'
[0.392s] Level 1:colcon.colcon_core.package_identification:_identify(slprj/_sfprj/EMLReport/sCVqi9SAxZ1XbHbtriiouGC) by extensions ['colcon_pkg']
[0.392s] Level 1:colcon.colcon_core.package_identification:_identify(slprj/_sfprj/EMLReport/sCVqi9SAxZ1XbHbtriiouGC) by extension 'colcon_pkg'
[0.392s] Level 1:colcon.colcon_core.package_identification:_identify(slprj/_sfprj/EMLReport/sCVqi9SAxZ1XbHbtriiouGC) by extensions ['colcon_meta']
[0.392s] Level 1:colcon.colcon_core.package_identification:_identify(slprj/_sfprj/EMLReport/sCVqi9SAxZ1XbHbtriiouGC) by extension 'colcon_meta'
[0.392s] Level 1:colcon.colcon_core.package_identification:_identify(slprj/_sfprj/EMLReport/sCVqi9SAxZ1XbHbtriiouGC) by extensions ['ros']
[0.392s] Level 1:colcon.colcon_core.package_identification:_identify(slprj/_sfprj/EMLReport/sCVqi9SAxZ1XbHbtriiouGC) by extension 'ros'
[0.392s] Level 1:colcon.colcon_core.package_identification:_identify(slprj/_sfprj/EMLReport/sCVqi9SAxZ1XbHbtriiouGC) by extensions ['cmake', 'python']
[0.392s] Level 1:colcon.colcon_core.package_identification:_identify(slprj/_sfprj/EMLReport/sCVqi9SAxZ1XbHbtriiouGC) by extension 'cmake'
[0.392s] Level 1:colcon.colcon_core.package_identification:_identify(slprj/_sfprj/EMLReport/sCVqi9SAxZ1XbHbtriiouGC) by extension 'python'
[0.392s] Level 1:colcon.colcon_core.package_identification:_identify(slprj/_sfprj/EMLReport/sCVqi9SAxZ1XbHbtriiouGC) by extensions ['python_setup_py']
[0.392s] Level 1:colcon.colcon_core.package_identification:_identify(slprj/_sfprj/EMLReport/sCVqi9SAxZ1XbHbtriiouGC) by extension 'python_setup_py'
[0.392s] Level 1:colcon.colcon_core.package_identification:_identify(slprj/_sfprj/precompile) by extensions ['ignore', 'ignore_ament_install']
[0.392s] Level 1:colcon.colcon_core.package_identification:_identify(slprj/_sfprj/precompile) by extension 'ignore'
[0.392s] Level 1:colcon.colcon_core.package_identification:_identify(slprj/_sfprj/precompile) by extension 'ignore_ament_install'
[0.392s] Level 1:colcon.colcon_core.package_identification:_identify(slprj/_sfprj/precompile) by extensions ['colcon_pkg']
[0.392s] Level 1:colcon.colcon_core.package_identification:_identify(slprj/_sfprj/precompile) by extension 'colcon_pkg'
[0.392s] Level 1:colcon.colcon_core.package_identification:_identify(slprj/_sfprj/precompile) by extensions ['colcon_meta']
[0.392s] Level 1:colcon.colcon_core.package_identification:_identify(slprj/_sfprj/precompile) by extension 'colcon_meta'
[0.392s] Level 1:colcon.colcon_core.package_identification:_identify(slprj/_sfprj/precompile) by extensions ['ros']
[0.392s] Level 1:colcon.colcon_core.package_identification:_identify(slprj/_sfprj/precompile) by extension 'ros'
[0.392s] Level 1:colcon.colcon_core.package_identification:_identify(slprj/_sfprj/precompile) by extensions ['cmake', 'python']
[0.393s] Level 1:colcon.colcon_core.package_identification:_identify(slprj/_sfprj/precompile) by extension 'cmake'
[0.393s] Level 1:colcon.colcon_core.package_identification:_identify(slprj/_sfprj/precompile) by extension 'python'
[0.393s] Level 1:colcon.colcon_core.package_identification:_identify(slprj/_sfprj/precompile) by extensions ['python_setup_py']
[0.393s] Level 1:colcon.colcon_core.package_identification:_identify(slprj/_sfprj/precompile) by extension 'python_setup_py'
[0.393s] Level 1:colcon.colcon_core.package_identification:_identify(slprj/_sfprj/untitled1) by extensions ['ignore', 'ignore_ament_install']
[0.393s] Level 1:colcon.colcon_core.package_identification:_identify(slprj/_sfprj/untitled1) by extension 'ignore'
[0.393s] Level 1:colcon.colcon_core.package_identification:_identify(slprj/_sfprj/untitled1) by extension 'ignore_ament_install'
[0.393s] Level 1:colcon.colcon_core.package_identification:_identify(slprj/_sfprj/untitled1) by extensions ['colcon_pkg']
[0.393s] Level 1:colcon.colcon_core.package_identification:_identify(slprj/_sfprj/untitled1) by extension 'colcon_pkg'
[0.393s] Level 1:colcon.colcon_core.package_identification:_identify(slprj/_sfprj/untitled1) by extensions ['colcon_meta']
[0.393s] Level 1:colcon.colcon_core.package_identification:_identify(slprj/_sfprj/untitled1) by extension 'colcon_meta'
[0.393s] Level 1:colcon.colcon_core.package_identification:_identify(slprj/_sfprj/untitled1) by extensions ['ros']
[0.393s] Level 1:colcon.colcon_core.package_identification:_identify(slprj/_sfprj/untitled1) by extension 'ros'
[0.393s] Level 1:colcon.colcon_core.package_identification:_identify(slprj/_sfprj/untitled1) by extensions ['cmake', 'python']
[0.393s] Level 1:colcon.colcon_core.package_identification:_identify(slprj/_sfprj/untitled1) by extension 'cmake'
[0.393s] Level 1:colcon.colcon_core.package_identification:_identify(slprj/_sfprj/untitled1) by extension 'python'
[0.393s] Level 1:colcon.colcon_core.package_identification:_identify(slprj/_sfprj/untitled1) by extensions ['python_setup_py']
[0.393s] Level 1:colcon.colcon_core.package_identification:_identify(slprj/_sfprj/untitled1) by extension 'python_setup_py'
[0.393s] Level 1:colcon.colcon_core.package_identification:_identify(slprj/_sfprj/untitled1/_self) by extensions ['ignore', 'ignore_ament_install']
[0.393s] Level 1:colcon.colcon_core.package_identification:_identify(slprj/_sfprj/untitled1/_self) by extension 'ignore'
[0.393s] Level 1:colcon.colcon_core.package_identification:_identify(slprj/_sfprj/untitled1/_self) by extension 'ignore_ament_install'
[0.393s] Level 1:colcon.colcon_core.package_identification:_identify(slprj/_sfprj/untitled1/_self) by extensions ['colcon_pkg']
[0.393s] Level 1:colcon.colcon_core.package_identification:_identify(slprj/_sfprj/untitled1/_self) by extension 'colcon_pkg'
[0.393s] Level 1:colcon.colcon_core.package_identification:_identify(slprj/_sfprj/untitled1/_self) by extensions ['colcon_meta']
[0.393s] Level 1:colcon.colcon_core.package_identification:_identify(slprj/_sfprj/untitled1/_self) by extension 'colcon_meta'
[0.393s] Level 1:colcon.colcon_core.package_identification:_identify(slprj/_sfprj/untitled1/_self) by extensions ['ros']
[0.393s] Level 1:colcon.colcon_core.package_identification:_identify(slprj/_sfprj/untitled1/_self) by extension 'ros'
[0.393s] Level 1:colcon.colcon_core.package_identification:_identify(slprj/_sfprj/untitled1/_self) by extensions ['cmake', 'python']
[0.393s] Level 1:colcon.colcon_core.package_identification:_identify(slprj/_sfprj/untitled1/_self) by extension 'cmake'
[0.393s] Level 1:colcon.colcon_core.package_identification:_identify(slprj/_sfprj/untitled1/_self) by extension 'python'
[0.393s] Level 1:colcon.colcon_core.package_identification:_identify(slprj/_sfprj/untitled1/_self) by extensions ['python_setup_py']
[0.393s] Level 1:colcon.colcon_core.package_identification:_identify(slprj/_sfprj/untitled1/_self) by extension 'python_setup_py'
[0.393s] Level 1:colcon.colcon_core.package_identification:_identify(slprj/_sfprj/untitled1/_self/sfun) by extensions ['ignore', 'ignore_ament_install']
[0.393s] Level 1:colcon.colcon_core.package_identification:_identify(slprj/_sfprj/untitled1/_self/sfun) by extension 'ignore'
[0.393s] Level 1:colcon.colcon_core.package_identification:_identify(slprj/_sfprj/untitled1/_self/sfun) by extension 'ignore_ament_install'
[0.393s] Level 1:colcon.colcon_core.package_identification:_identify(slprj/_sfprj/untitled1/_self/sfun) by extensions ['colcon_pkg']
[0.393s] Level 1:colcon.colcon_core.package_identification:_identify(slprj/_sfprj/untitled1/_self/sfun) by extension 'colcon_pkg'
[0.393s] Level 1:colcon.colcon_core.package_identification:_identify(slprj/_sfprj/untitled1/_self/sfun) by extensions ['colcon_meta']
[0.393s] Level 1:colcon.colcon_core.package_identification:_identify(slprj/_sfprj/untitled1/_self/sfun) by extension 'colcon_meta'
[0.393s] Level 1:colcon.colcon_core.package_identification:_identify(slprj/_sfprj/untitled1/_self/sfun) by extensions ['ros']
[0.393s] Level 1:colcon.colcon_core.package_identification:_identify(slprj/_sfprj/untitled1/_self/sfun) by extension 'ros'
[0.393s] Level 1:colcon.colcon_core.package_identification:_identify(slprj/_sfprj/untitled1/_self/sfun) by extensions ['cmake', 'python']
[0.393s] Level 1:colcon.colcon_core.package_identification:_identify(slprj/_sfprj/untitled1/_self/sfun) by extension 'cmake'
[0.393s] Level 1:colcon.colcon_core.package_identification:_identify(slprj/_sfprj/untitled1/_self/sfun) by extension 'python'
[0.393s] Level 1:colcon.colcon_core.package_identification:_identify(slprj/_sfprj/untitled1/_self/sfun) by extensions ['python_setup_py']
[0.393s] Level 1:colcon.colcon_core.package_identification:_identify(slprj/_sfprj/untitled1/_self/sfun) by extension 'python_setup_py'
[0.393s] Level 1:colcon.colcon_core.package_identification:_identify(slprj/_sfprj/untitled1/_self/sfun/info) by extensions ['ignore', 'ignore_ament_install']
[0.393s] Level 1:colcon.colcon_core.package_identification:_identify(slprj/_sfprj/untitled1/_self/sfun/info) by extension 'ignore'
[0.393s] Level 1:colcon.colcon_core.package_identification:_identify(slprj/_sfprj/untitled1/_self/sfun/info) by extension 'ignore_ament_install'
[0.393s] Level 1:colcon.colcon_core.package_identification:_identify(slprj/_sfprj/untitled1/_self/sfun/info) by extensions ['colcon_pkg']
[0.393s] Level 1:colcon.colcon_core.package_identification:_identify(slprj/_sfprj/untitled1/_self/sfun/info) by extension 'colcon_pkg'
[0.393s] Level 1:colcon.colcon_core.package_identification:_identify(slprj/_sfprj/untitled1/_self/sfun/info) by extensions ['colcon_meta']
[0.393s] Level 1:colcon.colcon_core.package_identification:_identify(slprj/_sfprj/untitled1/_self/sfun/info) by extension 'colcon_meta'
[0.393s] Level 1:colcon.colcon_core.package_identification:_identify(slprj/_sfprj/untitled1/_self/sfun/info) by extensions ['ros']
[0.393s] Level 1:colcon.colcon_core.package_identification:_identify(slprj/_sfprj/untitled1/_self/sfun/info) by extension 'ros'
[0.393s] Level 1:colcon.colcon_core.package_identification:_identify(slprj/_sfprj/untitled1/_self/sfun/info) by extensions ['cmake', 'python']
[0.393s] Level 1:colcon.colcon_core.package_identification:_identify(slprj/_sfprj/untitled1/_self/sfun/info) by extension 'cmake'
[0.394s] Level 1:colcon.colcon_core.package_identification:_identify(slprj/_sfprj/untitled1/_self/sfun/info) by extension 'python'
[0.394s] Level 1:colcon.colcon_core.package_identification:_identify(slprj/_sfprj/untitled1/_self/sfun/info) by extensions ['python_setup_py']
[0.394s] Level 1:colcon.colcon_core.package_identification:_identify(slprj/_sfprj/untitled1/_self/sfun/info) by extension 'python_setup_py'
[0.394s] Level 1:colcon.colcon_core.package_identification:_identify(slprj/sim) by extensions ['ignore', 'ignore_ament_install']
[0.394s] Level 1:colcon.colcon_core.package_identification:_identify(slprj/sim) by extension 'ignore'
[0.394s] Level 1:colcon.colcon_core.package_identification:_identify(slprj/sim) by extension 'ignore_ament_install'
[0.394s] Level 1:colcon.colcon_core.package_identification:_identify(slprj/sim) by extensions ['colcon_pkg']
[0.394s] Level 1:colcon.colcon_core.package_identification:_identify(slprj/sim) by extension 'colcon_pkg'
[0.394s] Level 1:colcon.colcon_core.package_identification:_identify(slprj/sim) by extensions ['colcon_meta']
[0.394s] Level 1:colcon.colcon_core.package_identification:_identify(slprj/sim) by extension 'colcon_meta'
[0.394s] Level 1:colcon.colcon_core.package_identification:_identify(slprj/sim) by extensions ['ros']
[0.394s] Level 1:colcon.colcon_core.package_identification:_identify(slprj/sim) by extension 'ros'
[0.394s] Level 1:colcon.colcon_core.package_identification:_identify(slprj/sim) by extensions ['cmake', 'python']
[0.394s] Level 1:colcon.colcon_core.package_identification:_identify(slprj/sim) by extension 'cmake'
[0.394s] Level 1:colcon.colcon_core.package_identification:_identify(slprj/sim) by extension 'python'
[0.394s] Level 1:colcon.colcon_core.package_identification:_identify(slprj/sim) by extensions ['python_setup_py']
[0.394s] Level 1:colcon.colcon_core.package_identification:_identify(slprj/sim) by extension 'python_setup_py'
[0.394s] Level 1:colcon.colcon_core.package_identification:_identify(slprj/sim/varcache) by extensions ['ignore', 'ignore_ament_install']
[0.394s] Level 1:colcon.colcon_core.package_identification:_identify(slprj/sim/varcache) by extension 'ignore'
[0.394s] Level 1:colcon.colcon_core.package_identification:_identify(slprj/sim/varcache) by extension 'ignore_ament_install'
[0.394s] Level 1:colcon.colcon_core.package_identification:_identify(slprj/sim/varcache) by extensions ['colcon_pkg']
[0.394s] Level 1:colcon.colcon_core.package_identification:_identify(slprj/sim/varcache) by extension 'colcon_pkg'
[0.394s] Level 1:colcon.colcon_core.package_identification:_identify(slprj/sim/varcache) by extensions ['colcon_meta']
[0.394s] Level 1:colcon.colcon_core.package_identification:_identify(slprj/sim/varcache) by extension 'colcon_meta'
[0.394s] Level 1:colcon.colcon_core.package_identification:_identify(slprj/sim/varcache) by extensions ['ros']
[0.394s] Level 1:colcon.colcon_core.package_identification:_identify(slprj/sim/varcache) by extension 'ros'
[0.394s] Level 1:colcon.colcon_core.package_identification:_identify(slprj/sim/varcache) by extensions ['cmake', 'python']
[0.394s] Level 1:colcon.colcon_core.package_identification:_identify(slprj/sim/varcache) by extension 'cmake'
[0.394s] Level 1:colcon.colcon_core.package_identification:_identify(slprj/sim/varcache) by extension 'python'
[0.394s] Level 1:colcon.colcon_core.package_identification:_identify(slprj/sim/varcache) by extensions ['python_setup_py']
[0.394s] Level 1:colcon.colcon_core.package_identification:_identify(slprj/sim/varcache) by extension 'python_setup_py'
[0.394s] Level 1:colcon.colcon_core.package_identification:_identify(slprj/sim/varcache/untitled1) by extensions ['ignore', 'ignore_ament_install']
[0.394s] Level 1:colcon.colcon_core.package_identification:_identify(slprj/sim/varcache/untitled1) by extension 'ignore'
[0.394s] Level 1:colcon.colcon_core.package_identification:_identify(slprj/sim/varcache/untitled1) by extension 'ignore_ament_install'
[0.394s] Level 1:colcon.colcon_core.package_identification:_identify(slprj/sim/varcache/untitled1) by extensions ['colcon_pkg']
[0.394s] Level 1:colcon.colcon_core.package_identification:_identify(slprj/sim/varcache/untitled1) by extension 'colcon_pkg'
[0.394s] Level 1:colcon.colcon_core.package_identification:_identify(slprj/sim/varcache/untitled1) by extensions ['colcon_meta']
[0.394s] Level 1:colcon.colcon_core.package_identification:_identify(slprj/sim/varcache/untitled1) by extension 'colcon_meta'
[0.394s] Level 1:colcon.colcon_core.package_identification:_identify(slprj/sim/varcache/untitled1) by extensions ['ros']
[0.394s] Level 1:colcon.colcon_core.package_identification:_identify(slprj/sim/varcache/untitled1) by extension 'ros'
[0.394s] Level 1:colcon.colcon_core.package_identification:_identify(slprj/sim/varcache/untitled1) by extensions ['cmake', 'python']
[0.394s] Level 1:colcon.colcon_core.package_identification:_identify(slprj/sim/varcache/untitled1) by extension 'cmake'
[0.394s] Level 1:colcon.colcon_core.package_identification:_identify(slprj/sim/varcache/untitled1) by extension 'python'
[0.394s] Level 1:colcon.colcon_core.package_identification:_identify(slprj/sim/varcache/untitled1) by extensions ['python_setup_py']
[0.394s] Level 1:colcon.colcon_core.package_identification:_identify(slprj/sim/varcache/untitled1) by extension 'python_setup_py'
[0.394s] Level 1:colcon.colcon_core.package_identification:_identify(slprj/sim/varcache/untitled1/tmwinternal) by extensions ['ignore', 'ignore_ament_install']
[0.394s] Level 1:colcon.colcon_core.package_identification:_identify(slprj/sim/varcache/untitled1/tmwinternal) by extension 'ignore'
[0.394s] Level 1:colcon.colcon_core.package_identification:_identify(slprj/sim/varcache/untitled1/tmwinternal) by extension 'ignore_ament_install'
[0.394s] Level 1:colcon.colcon_core.package_identification:_identify(slprj/sim/varcache/untitled1/tmwinternal) by extensions ['colcon_pkg']
[0.394s] Level 1:colcon.colcon_core.package_identification:_identify(slprj/sim/varcache/untitled1/tmwinternal) by extension 'colcon_pkg'
[0.394s] Level 1:colcon.colcon_core.package_identification:_identify(slprj/sim/varcache/untitled1/tmwinternal) by extensions ['colcon_meta']
[0.394s] Level 1:colcon.colcon_core.package_identification:_identify(slprj/sim/varcache/untitled1/tmwinternal) by extension 'colcon_meta'
[0.394s] Level 1:colcon.colcon_core.package_identification:_identify(slprj/sim/varcache/untitled1/tmwinternal) by extensions ['ros']
[0.394s] Level 1:colcon.colcon_core.package_identification:_identify(slprj/sim/varcache/untitled1/tmwinternal) by extension 'ros'
[0.394s] Level 1:colcon.colcon_core.package_identification:_identify(slprj/sim/varcache/untitled1/tmwinternal) by extensions ['cmake', 'python']
[0.394s] Level 1:colcon.colcon_core.package_identification:_identify(slprj/sim/varcache/untitled1/tmwinternal) by extension 'cmake'
[0.395s] Level 1:colcon.colcon_core.package_identification:_identify(slprj/sim/varcache/untitled1/tmwinternal) by extension 'python'
[0.395s] Level 1:colcon.colcon_core.package_identification:_identify(slprj/sim/varcache/untitled1/tmwinternal) by extensions ['python_setup_py']
[0.395s] Level 1:colcon.colcon_core.package_identification:_identify(slprj/sim/varcache/untitled1/tmwinternal) by extension 'python_setup_py'
[0.395s] Level 1:colcon.colcon_core.package_identification:_identify(tugas_joy) by extensions ['ignore', 'ignore_ament_install']
[0.395s] Level 1:colcon.colcon_core.package_identification:_identify(tugas_joy) by extension 'ignore'
[0.395s] Level 1:colcon.colcon_core.package_identification:_identify(tugas_joy) by extension 'ignore_ament_install'
[0.395s] Level 1:colcon.colcon_core.package_identification:_identify(tugas_joy) by extensions ['colcon_pkg']
[0.395s] Level 1:colcon.colcon_core.package_identification:_identify(tugas_joy) by extension 'colcon_pkg'
[0.395s] Level 1:colcon.colcon_core.package_identification:_identify(tugas_joy) by extensions ['colcon_meta']
[0.395s] Level 1:colcon.colcon_core.package_identification:_identify(tugas_joy) by extension 'colcon_meta'
[0.395s] Level 1:colcon.colcon_core.package_identification:_identify(tugas_joy) by extensions ['ros']
[0.395s] Level 1:colcon.colcon_core.package_identification:_identify(tugas_joy) by extension 'ros'
[0.395s] Level 1:colcon.colcon_core.package_identification:_identify(tugas_joy) by extensions ['cmake', 'python']
[0.395s] Level 1:colcon.colcon_core.package_identification:_identify(tugas_joy) by extension 'cmake'
[0.395s] Level 1:colcon.colcon_core.package_identification:_identify(tugas_joy) by extension 'python'
[0.395s] Level 1:colcon.colcon_core.package_identification:_identify(tugas_joy) by extensions ['python_setup_py']
[0.395s] Level 1:colcon.colcon_core.package_identification:_identify(tugas_joy) by extension 'python_setup_py'
[0.395s] Level 1:colcon.colcon_core.package_identification:_identify(tugas_joy/xbox) by extensions ['ignore', 'ignore_ament_install']
[0.395s] Level 1:colcon.colcon_core.package_identification:_identify(tugas_joy/xbox) by extension 'ignore'
[0.395s] Level 1:colcon.colcon_core.package_identification:_identify(tugas_joy/xbox) by extension 'ignore_ament_install'
[0.395s] Level 1:colcon.colcon_core.package_identification:_identify(tugas_joy/xbox) by extensions ['colcon_pkg']
[0.395s] Level 1:colcon.colcon_core.package_identification:_identify(tugas_joy/xbox) by extension 'colcon_pkg'
[0.395s] Level 1:colcon.colcon_core.package_identification:_identify(tugas_joy/xbox) by extensions ['colcon_meta']
[0.395s] Level 1:colcon.colcon_core.package_identification:_identify(tugas_joy/xbox) by extension 'colcon_meta'
[0.395s] Level 1:colcon.colcon_core.package_identification:_identify(tugas_joy/xbox) by extensions ['ros']
[0.395s] Level 1:colcon.colcon_core.package_identification:_identify(tugas_joy/xbox) by extension 'ros'
[0.396s] DEBUG:colcon.colcon_core.package_identification:Package 'tugas_joy/xbox' with type 'ros.ament_cmake' and name 'xbox'
[0.396s] Level 1:colcon.colcon_core.package_identification:_identify(tugas_matlab) by extensions ['ignore', 'ignore_ament_install']
[0.396s] Level 1:colcon.colcon_core.package_identification:_identify(tugas_matlab) by extension 'ignore'
[0.396s] Level 1:colcon.colcon_core.package_identification:_identify(tugas_matlab) by extension 'ignore_ament_install'
[0.396s] Level 1:colcon.colcon_core.package_identification:_identify(tugas_matlab) by extensions ['colcon_pkg']
[0.396s] Level 1:colcon.colcon_core.package_identification:_identify(tugas_matlab) by extension 'colcon_pkg'
[0.396s] Level 1:colcon.colcon_core.package_identification:_identify(tugas_matlab) by extensions ['colcon_meta']
[0.396s] Level 1:colcon.colcon_core.package_identification:_identify(tugas_matlab) by extension 'colcon_meta'
[0.396s] Level 1:colcon.colcon_core.package_identification:_identify(tugas_matlab) by extensions ['ros']
[0.396s] Level 1:colcon.colcon_core.package_identification:_identify(tugas_matlab) by extension 'ros'
[0.396s] Level 1:colcon.colcon_core.package_identification:_identify(tugas_matlab) by extensions ['cmake', 'python']
[0.396s] Level 1:colcon.colcon_core.package_identification:_identify(tugas_matlab) by extension 'cmake'
[0.396s] Level 1:colcon.colcon_core.package_identification:_identify(tugas_matlab) by extension 'python'
[0.396s] Level 1:colcon.colcon_core.package_identification:_identify(tugas_matlab) by extensions ['python_setup_py']
[0.396s] Level 1:colcon.colcon_core.package_identification:_identify(tugas_matlab) by extension 'python_setup_py'
[0.396s] Level 1:colcon.colcon_core.package_identification:_identify(tugas_matlab/matlab) by extensions ['ignore', 'ignore_ament_install']
[0.396s] Level 1:colcon.colcon_core.package_identification:_identify(tugas_matlab/matlab) by extension 'ignore'
[0.396s] Level 1:colcon.colcon_core.package_identification:_identify(tugas_matlab/matlab) by extension 'ignore_ament_install'
[0.396s] Level 1:colcon.colcon_core.package_identification:_identify(tugas_matlab/matlab) by extensions ['colcon_pkg']
[0.396s] Level 1:colcon.colcon_core.package_identification:_identify(tugas_matlab/matlab) by extension 'colcon_pkg'
[0.396s] Level 1:colcon.colcon_core.package_identification:_identify(tugas_matlab/matlab) by extensions ['colcon_meta']
[0.396s] Level 1:colcon.colcon_core.package_identification:_identify(tugas_matlab/matlab) by extension 'colcon_meta'
[0.396s] Level 1:colcon.colcon_core.package_identification:_identify(tugas_matlab/matlab) by extensions ['ros']
[0.396s] Level 1:colcon.colcon_core.package_identification:_identify(tugas_matlab/matlab) by extension 'ros'
[0.397s] Level 1:colcon.colcon_core.package_identification:_identify(tugas_matlab/matlab) by extensions ['cmake', 'python']
[0.397s] Level 1:colcon.colcon_core.package_identification:_identify(tugas_matlab/matlab) by extension 'cmake'
[0.397s] Level 1:colcon.colcon_core.package_identification:_identify(tugas_matlab/matlab) by extension 'python'
[0.397s] Level 1:colcon.colcon_core.package_identification:_identify(tugas_matlab/matlab) by extensions ['python_setup_py']
[0.397s] Level 1:colcon.colcon_core.package_identification:_identify(tugas_matlab/matlab) by extension 'python_setup_py'
[0.397s] Level 1:colcon.colcon_core.package_identification:_identify(tugas_opencv) by extensions ['ignore', 'ignore_ament_install']
[0.397s] Level 1:colcon.colcon_core.package_identification:_identify(tugas_opencv) by extension 'ignore'
[0.397s] Level 1:colcon.colcon_core.package_identification:_identify(tugas_opencv) by extension 'ignore_ament_install'
[0.397s] Level 1:colcon.colcon_core.package_identification:_identify(tugas_opencv) by extensions ['colcon_pkg']
[0.397s] Level 1:colcon.colcon_core.package_identification:_identify(tugas_opencv) by extension 'colcon_pkg'
[0.397s] Level 1:colcon.colcon_core.package_identification:_identify(tugas_opencv) by extensions ['colcon_meta']
[0.397s] Level 1:colcon.colcon_core.package_identification:_identify(tugas_opencv) by extension 'colcon_meta'
[0.397s] Level 1:colcon.colcon_core.package_identification:_identify(tugas_opencv) by extensions ['ros']
[0.397s] Level 1:colcon.colcon_core.package_identification:_identify(tugas_opencv) by extension 'ros'
[0.397s] DEBUG:colcon.colcon_core.package_identification:Package 'tugas_opencv' with type 'ros.ament_cmake' and name 'tugas_opencv'
[0.397s] Level 1:colcon.colcon_core.package_discovery:discover_packages(recursive) using defaults
[0.397s] Level 1:colcon.colcon_core.package_discovery:discover_packages(ignore) discover
[0.397s] Level 1:colcon.colcon_core.package_discovery:discover_packages(ignore) using defaults
[0.397s] Level 1:colcon.colcon_core.package_discovery:discover_packages(path) discover
[0.397s] Level 1:colcon.colcon_core.package_discovery:discover_packages(path) using defaults
[0.422s] INFO:colcon.colcon_core.package_selection:Skipping not selected package 'xbox' in 'tugas_joy/xbox'
[0.432s] Level 1:colcon.colcon_core.package_discovery:discover_packages(prefix_path) check parameters
[0.432s] Level 1:colcon.colcon_core.package_discovery:discover_packages(prefix_path) discover
[0.443s] DEBUG:colcon.colcon_installed_package_information.package_discovery:Found 2 installed packages in /home/basten/ros2_ws/src/MagangBanyubramanta_Basten-Andika-Salim/src/install
[0.448s] DEBUG:colcon.colcon_installed_package_information.package_discovery:Found 284 installed packages in /opt/ros/humble
[0.449s] Level 1:colcon.colcon_core.package_discovery:discover_packages(prefix_path) using defaults
[0.479s] Level 5:colcon.colcon_core.verb:set package 'tugas_opencv' build argument 'cmake_args' from command line to 'None'
[0.479s] Level 5:colcon.colcon_core.verb:set package 'tugas_opencv' build argument 'cmake_target' from command line to 'None'
[0.479s] Level 5:colcon.colcon_core.verb:set package 'tugas_opencv' build argument 'cmake_target_skip_unavailable' from command line to 'False'
[0.479s] Level 5:colcon.colcon_core.verb:set package 'tugas_opencv' build argument 'cmake_clean_cache' from command line to 'False'
[0.479s] Level 5:colcon.colcon_core.verb:set package 'tugas_opencv' build argument 'cmake_clean_first' from command line to 'False'
[0.479s] Level 5:colcon.colcon_core.verb:set package 'tugas_opencv' build argument 'cmake_force_configure' from command line to 'False'
[0.479s] Level 5:colcon.colcon_core.verb:set package 'tugas_opencv' build argument 'ament_cmake_args' from command line to 'None'
[0.479s] Level 5:colcon.colcon_core.verb:set package 'tugas_opencv' build argument 'catkin_cmake_args' from command line to 'None'
[0.479s] Level 5:colcon.colcon_core.verb:set package 'tugas_opencv' build argument 'catkin_skip_building_tests' from command line to 'False'
[0.479s] DEBUG:colcon.colcon_core.verb:Building package 'tugas_opencv' with the following arguments: {'ament_cmake_args': None, 'build_base': '/home/basten/ros2_ws/src/MagangBanyubramanta_Basten-Andika-Salim/src/build/tugas_opencv', 'catkin_cmake_args': None, 'catkin_skip_building_tests': False, 'cmake_args': None, 'cmake_clean_cache': False, 'cmake_clean_first': False, 'cmake_force_configure': False, 'cmake_target': None, 'cmake_target_skip_unavailable': False, 'install_base': '/home/basten/ros2_ws/src/MagangBanyubramanta_Basten-Andika-Salim/src/install/tugas_opencv', 'merge_install': False, 'path': '/home/basten/ros2_ws/src/MagangBanyubramanta_Basten-Andika-Salim/src/tugas_opencv', 'symlink_install': False, 'test_result_base': None}
[0.484s] INFO:colcon.colcon_core.executor:Executing jobs using 'parallel' executor
[0.490s] DEBUG:colcon.colcon_parallel_executor.executor.parallel:run_until_complete
[0.490s] INFO:colcon.colcon_ros.task.ament_cmake.build:Building ROS package in '/home/basten/ros2_ws/src/MagangBanyubramanta_Basten-Andika-Salim/src/tugas_opencv' with build type 'ament_cmake'
[0.490s] INFO:colcon.colcon_cmake.task.cmake.build:Building CMake package in '/home/basten/ros2_ws/src/MagangBanyubramanta_Basten-Andika-Salim/src/tugas_opencv'
[0.496s] INFO:colcon.colcon_core.plugin_system:Skipping extension 'colcon_core.shell.bat': Not used on non-Windows systems
[0.496s] INFO:colcon.colcon_core.shell:Skip shell extension 'powershell' for command environment: Not usable outside of PowerShell
[0.496s] DEBUG:colcon.colcon_core.shell:Skip shell extension 'dsv' for command environment
[0.516s] DEBUG:colcon.colcon_core.event_handler.log_command:Invoking command in '/home/basten/ros2_ws/src/MagangBanyubramanta_Basten-Andika-Salim/src/build/tugas_opencv': CMAKE_PREFIX_PATH=${CMAKE_PREFIX_PATH}:/opt/ros/humble /usr/bin/cmake --build /home/basten/ros2_ws/src/MagangBanyubramanta_Basten-Andika-Salim/src/build/tugas_opencv -- -j32 -l32
[3.588s] DEBUG:colcon.colcon_core.event_handler.log_command:Invoked command in '/home/basten/ros2_ws/src/MagangBanyubramanta_Basten-Andika-Salim/src/build/tugas_opencv' returned '2': CMAKE_PREFIX_PATH=${CMAKE_PREFIX_PATH}:/opt/ros/humble /usr/bin/cmake --build /home/basten/ros2_ws/src/MagangBanyubramanta_Basten-Andika-Salim/src/build/tugas_opencv -- -j32 -l32
[3.654s] Level 1:colcon.colcon_core.environment:create_environment_scripts_only(tugas_opencv)
[3.661s] Level 1:colcon.colcon_core.environment:checking '/home/basten/ros2_ws/src/MagangBanyubramanta_Basten-Andika-Salim/src/install/tugas_opencv' for CMake module files
[3.661s] Level 1:colcon.colcon_core.environment:checking '/home/basten/ros2_ws/src/MagangBanyubramanta_Basten-Andika-Salim/src/install/tugas_opencv' for CMake config files
[3.661s] Level 1:colcon.colcon_core.shell:create_environment_hook('tugas_opencv', 'cmake_prefix_path')
[3.667s] INFO:colcon.colcon_core.shell:Creating environment hook '/home/basten/ros2_ws/src/MagangBanyubramanta_Basten-Andika-Salim/src/install/tugas_opencv/share/tugas_opencv/hook/cmake_prefix_path.ps1'
[3.667s] INFO:colcon.colcon_core.shell:Creating environment descriptor '/home/basten/ros2_ws/src/MagangBanyubramanta_Basten-Andika-Salim/src/install/tugas_opencv/share/tugas_opencv/hook/cmake_prefix_path.dsv'
[3.667s] INFO:colcon.colcon_core.shell:Creating environment hook '/home/basten/ros2_ws/src/MagangBanyubramanta_Basten-Andika-Salim/src/install/tugas_opencv/share/tugas_opencv/hook/cmake_prefix_path.sh'
[3.668s] Level 1:colcon.colcon_core.environment:checking '/home/basten/ros2_ws/src/MagangBanyubramanta_Basten-Andika-Salim/src/install/tugas_opencv/lib'
[3.668s] Level 1:colcon.colcon_core.shell:create_environment_hook('tugas_opencv', 'ld_library_path_lib')
[3.673s] INFO:colcon.colcon_core.shell:Creating environment hook '/home/basten/ros2_ws/src/MagangBanyubramanta_Basten-Andika-Salim/src/install/tugas_opencv/share/tugas_opencv/hook/ld_library_path_lib.ps1'
[3.673s] INFO:colcon.colcon_core.shell:Creating environment descriptor '/home/basten/ros2_ws/src/MagangBanyubramanta_Basten-Andika-Salim/src/install/tugas_opencv/share/tugas_opencv/hook/ld_library_path_lib.dsv'
[3.673s] INFO:colcon.colcon_core.shell:Creating environment hook '/home/basten/ros2_ws/src/MagangBanyubramanta_Basten-Andika-Salim/src/install/tugas_opencv/share/tugas_opencv/hook/ld_library_path_lib.sh'
[3.673s] Level 1:colcon.colcon_core.environment:checking '/home/basten/ros2_ws/src/MagangBanyubramanta_Basten-Andika-Salim/src/install/tugas_opencv/bin'
[3.673s] Level 1:colcon.colcon_core.environment:checking '/home/basten/ros2_ws/src/MagangBanyubramanta_Basten-Andika-Salim/src/install/tugas_opencv/lib/pkgconfig/tugas_opencv.pc'
[3.673s] Level 1:colcon.colcon_core.environment:checking '/home/basten/ros2_ws/src/MagangBanyubramanta_Basten-Andika-Salim/src/install/tugas_opencv/lib/python3.10/site-packages'
[3.674s] Level 1:colcon.colcon_core.environment:checking '/home/basten/ros2_ws/src/MagangBanyubramanta_Basten-Andika-Salim/src/install/tugas_opencv/bin'
[3.679s] INFO:colcon.colcon_core.shell:Creating package script '/home/basten/ros2_ws/src/MagangBanyubramanta_Basten-Andika-Salim/src/install/tugas_opencv/share/tugas_opencv/package.ps1'
[3.679s] INFO:colcon.colcon_core.shell:Creating package descriptor '/home/basten/ros2_ws/src/MagangBanyubramanta_Basten-Andika-Salim/src/install/tugas_opencv/share/tugas_opencv/package.dsv'
[3.679s] INFO:colcon.colcon_core.shell:Creating package script '/home/basten/ros2_ws/src/MagangBanyubramanta_Basten-Andika-Salim/src/install/tugas_opencv/share/tugas_opencv/package.sh'
[3.680s] INFO:colcon.colcon_core.shell:Creating package script '/home/basten/ros2_ws/src/MagangBanyubramanta_Basten-Andika-Salim/src/install/tugas_opencv/share/tugas_opencv/package.bash'
[3.680s] INFO:colcon.colcon_core.shell:Creating package script '/home/basten/ros2_ws/src/MagangBanyubramanta_Basten-Andika-Salim/src/install/tugas_opencv/share/tugas_opencv/package.zsh'
[3.680s] Level 1:colcon.colcon_core.environment:create_file_with_runtime_dependencies(/home/basten/ros2_ws/src/MagangBanyubramanta_Basten-Andika-Salim/src/install/tugas_opencv/share/colcon-core/packages/tugas_opencv)
[3.691s] DEBUG:colcon.colcon_parallel_executor.executor.parallel:closing loop
[3.691s] DEBUG:colcon.colcon_parallel_executor.executor.parallel:loop closed
[3.691s] DEBUG:colcon.colcon_parallel_executor.executor.parallel:run_until_complete finished with '2'
[3.691s] DEBUG:colcon.colcon_core.event_reactor:joining thread
[3.699s] INFO:colcon.colcon_core.plugin_system:Skipping extension 'colcon_notification.desktop_notification.terminal_notifier': Not used on non-Darwin systems
[3.699s] INFO:colcon.colcon_core.plugin_system:Skipping extension 'colcon_notification.desktop_notification.win32': Not used on non-Windows systems
[3.699s] INFO:colcon.colcon_notification.desktop_notification:Sending desktop notification using 'notify2'
[3.711s] DEBUG:colcon.colcon_core.event_reactor:joined thread
[3.720s] INFO:colcon.colcon_core.shell:Creating prefix script '/home/basten/ros2_ws/src/MagangBanyubramanta_Basten-Andika-Salim/src/install/local_setup.ps1'
[3.720s] INFO:colcon.colcon_core.shell:Creating prefix util module '/home/basten/ros2_ws/src/MagangBanyubramanta_Basten-Andika-Salim/src/install/_local_setup_util_ps1.py'
[3.721s] INFO:colcon.colcon_core.shell:Creating prefix chain script '/home/basten/ros2_ws/src/MagangBanyubramanta_Basten-Andika-Salim/src/install/setup.ps1'
[3.727s] INFO:colcon.colcon_core.shell:Creating prefix script '/home/basten/ros2_ws/src/MagangBanyubramanta_Basten-Andika-Salim/src/install/local_setup.sh'
[3.727s] INFO:colcon.colcon_core.shell:Creating prefix util module '/home/basten/ros2_ws/src/MagangBanyubramanta_Basten-Andika-Salim/src/install/_local_setup_util_sh.py'
[3.728s] INFO:colcon.colcon_core.shell:Creating prefix chain script '/home/basten/ros2_ws/src/MagangBanyubramanta_Basten-Andika-Salim/src/install/setup.sh'
[3.733s] INFO:colcon.colcon_core.shell:Creating prefix script '/home/basten/ros2_ws/src/MagangBanyubramanta_Basten-Andika-Salim/src/install/local_setup.bash'
[3.733s] INFO:colcon.colcon_core.shell:Creating prefix chain script '/home/basten/ros2_ws/src/MagangBanyubramanta_Basten-Andika-Salim/src/install/setup.bash'
[3.739s] INFO:colcon.colcon_core.shell:Creating prefix script '/home/basten/ros2_ws/src/MagangBanyubramanta_Basten-Andika-Salim/src/install/local_setup.zsh'
[3.739s] INFO:colcon.colcon_core.shell:Creating prefix chain script '/home/basten/ros2_ws/src/MagangBanyubramanta_Basten-Andika-Salim/src/install/setup.zsh'
