[0.009s] Invoking command in '/home/basten/ros2_ws/src/MagangBanyubramanta_Basten-Andika-Salim/Ros2/src/matlab_msg_gen/glnxa64/build/tugas_yolo_yolocpp': PS1=(venv) VIRTUAL_ENV_PROMPT=(venv) /usr/local/MATLAB/R2023b/bin/glnxa64/cmake/bin/cmake --build /home/basten/ros2_ws/src/MagangBanyubramanta_Basten-Andika-Salim/Ros2/src/matlab_msg_gen/glnxa64/build/tugas_yolo_yolocpp -- -j32 -l32
[0.012s] [0/1] Re-running CMake...
[0.017s] -- Found ament_cmake: 1.3.3 (/usr/local/MATLAB/R2023b/sys/ros2/glnxa64/ros2/share/ament_cmake/cmake)
[0.076s] -- Found ament_cmake_ros: 0.10.0 (/usr/local/MATLAB/R2023b/sys/ros2/glnxa64/ros2/share/ament_cmake_ros/cmake)
[0.079s] -- Found rosidl_typesupport_c: 2.0.0 (/usr/local/MATLAB/R2023b/sys/ros2/glnxa64/ros2/share/rosidl_typesupport_c/cmake)
[0.080s] -- Using all available rosidl_typesupport_c: rosidl_typesupport_fastrtps_c;rosidl_typesupport_introspection_c
[0.083s] -- Found rosidl_adapter: 3.1.4 (/usr/local/MATLAB/R2023b/sys/ros2/glnxa64/ros2/share/rosidl_adapter/cmake)
[0.110s] -- Found rosidl_typesupport_cpp: 2.0.0 (/usr/local/MATLAB/R2023b/sys/ros2/glnxa64/ros2/share/rosidl_typesupport_cpp/cmake)
[0.111s] -- Using all available rosidl_typesupport_cpp: rosidl_typesupport_fastrtps_cpp;rosidl_typesupport_introspection_cpp
[0.130s] -- Found rosidl_default_generators: 1.2.0 (/usr/local/MATLAB/R2023b/sys/ros2/glnxa64/ros2/share/rosidl_default_generators/cmake)
[0.132s] -- Found class_loader: 2.2.0 (/usr/local/MATLAB/R2023b/sys/ros2/glnxa64/ros2/share/class_loader/cmake)
[0.134s] -- Found rclcpp: 16.0.3 (/usr/local/MATLAB/R2023b/sys/ros2/glnxa64/ros2/share/rclcpp/cmake)
[0.184s] -- Found rmw_implementation_cmake: 6.1.1 (/usr/local/MATLAB/R2023b/sys/ros2/glnxa64/ros2/share/rmw_implementation_cmake/cmake)
[0.186s] -- Found rmw_fastrtps_cpp: 6.2.2 (/usr/local/MATLAB/R2023b/sys/ros2/glnxa64/ros2/share/rmw_fastrtps_cpp/cmake)
[0.244s] -- Using RMW implementation 'rmw_fastrtps_cpp' as default
[0.440s] -- Using all available rosidl_typesupport_c: rosidl_typesupport_fastrtps_c;rosidl_typesupport_introspection_c
[0.487s] -- Using all available rosidl_typesupport_cpp: rosidl_typesupport_fastrtps_cpp;rosidl_typesupport_introspection_cpp
[0.494s] -- Configuring done
[0.505s] -- Generating done
[0.508s] -- Build files have been written to: /home/basten/ros2_ws/src/MagangBanyubramanta_Basten-Andika-Salim/Ros2/src/matlab_msg_gen/glnxa64/build/tugas_yolo_yolocpp
[0.516s] ninja: no work to do.
[0.526s] Invoked command in '/home/basten/ros2_ws/src/MagangBanyubramanta_Basten-Andika-Salim/Ros2/src/matlab_msg_gen/glnxa64/build/tugas_yolo_yolocpp' returned '0': PS1=(venv) VIRTUAL_ENV_PROMPT=(venv) /usr/local/MATLAB/R2023b/bin/glnxa64/cmake/bin/cmake --build /home/basten/ros2_ws/src/MagangBanyubramanta_Basten-Andika-Salim/Ros2/src/matlab_msg_gen/glnxa64/build/tugas_yolo_yolocpp -- -j32 -l32
[0.532s] Invoking command in '/home/basten/ros2_ws/src/MagangBanyubramanta_Basten-Andika-Salim/Ros2/src/matlab_msg_gen/glnxa64/build/tugas_yolo_yolocpp': PS1=(venv) VIRTUAL_ENV_PROMPT=(venv) /usr/local/MATLAB/R2023b/bin/glnxa64/cmake/bin/cmake --install /home/basten/ros2_ws/src/MagangBanyubramanta_Basten-Andika-Salim/Ros2/src/matlab_msg_gen/glnxa64/build/tugas_yolo_yolocpp
[0.534s] -- Install configuration: "Release"
[0.534s] -- Up-to-date: /home/basten/ros2_ws/src/MagangBanyubramanta_Basten-Andika-Salim/Ros2/src/matlab_msg_gen/glnxa64/install/share/ament_index/resource_index/rosidl_interfaces/tugas_yolo_yolocpp
[0.535s] -- Up-to-date: /home/basten/ros2_ws/src/MagangBanyubramanta_Basten-Andika-Salim/Ros2/src/matlab_msg_gen/glnxa64/install/include/tugas_yolo_yolocpp/tugas_yolo_yolocpp
[0.535s] -- Up-to-date: /home/basten/ros2_ws/src/MagangBanyubramanta_Basten-Andika-Salim/Ros2/src/matlab_msg_gen/glnxa64/install/include/tugas_yolo_yolocpp/tugas_yolo_yolocpp/msg
[0.535s] -- Up-to-date: /home/basten/ros2_ws/src/MagangBanyubramanta_Basten-Andika-Salim/Ros2/src/matlab_msg_gen/glnxa64/install/include/tugas_yolo_yolocpp/tugas_yolo_yolocpp/msg/rosidl_generator_c__visibility_control.h
[0.535s] -- Up-to-date: /home/basten/ros2_ws/src/MagangBanyubramanta_Basten-Andika-Salim/Ros2/src/matlab_msg_gen/glnxa64/install/include/tugas_yolo_yolocpp/tugas_yolo_yolocpp/msg/seen.h
[0.535s] -- Up-to-date: /home/basten/ros2_ws/src/MagangBanyubramanta_Basten-Andika-Salim/Ros2/src/matlab_msg_gen/glnxa64/install/include/tugas_yolo_yolocpp/tugas_yolo_yolocpp/msg/detail
[0.535s] -- Up-to-date: /home/basten/ros2_ws/src/MagangBanyubramanta_Basten-Andika-Salim/Ros2/src/matlab_msg_gen/glnxa64/install/include/tugas_yolo_yolocpp/tugas_yolo_yolocpp/msg/detail/seen__functions.c
[0.535s] -- Up-to-date: /home/basten/ros2_ws/src/MagangBanyubramanta_Basten-Andika-Salim/Ros2/src/matlab_msg_gen/glnxa64/install/include/tugas_yolo_yolocpp/tugas_yolo_yolocpp/msg/detail/seen__functions.h
[0.535s] -- Up-to-date: /home/basten/ros2_ws/src/MagangBanyubramanta_Basten-Andika-Salim/Ros2/src/matlab_msg_gen/glnxa64/install/include/tugas_yolo_yolocpp/tugas_yolo_yolocpp/msg/detail/seen__struct.h
[0.535s] -- Up-to-date: /home/basten/ros2_ws/src/MagangBanyubramanta_Basten-Andika-Salim/Ros2/src/matlab_msg_gen/glnxa64/install/include/tugas_yolo_yolocpp/tugas_yolo_yolocpp/msg/detail/seen__type_support.h
[0.535s] -- Up-to-date: /home/basten/ros2_ws/src/MagangBanyubramanta_Basten-Andika-Salim/Ros2/src/matlab_msg_gen/glnxa64/install/share/tugas_yolo_yolocpp/environment/library_path.sh
[0.535s] -- Installing: /home/basten/ros2_ws/src/MagangBanyubramanta_Basten-Andika-Salim/Ros2/src/matlab_msg_gen/glnxa64/install/share/tugas_yolo_yolocpp/environment/library_path.dsv
[0.535s] -- Up-to-date: /home/basten/ros2_ws/src/MagangBanyubramanta_Basten-Andika-Salim/Ros2/src/matlab_msg_gen/glnxa64/install/lib/libtugas_yolo_yolocpp__rosidl_generator_c.so
[0.535s] -- Up-to-date: /home/basten/ros2_ws/src/MagangBanyubramanta_Basten-Andika-Salim/Ros2/src/matlab_msg_gen/glnxa64/install/include/tugas_yolo_yolocpp/tugas_yolo_yolocpp
[0.535s] -- Up-to-date: /home/basten/ros2_ws/src/MagangBanyubramanta_Basten-Andika-Salim/Ros2/src/matlab_msg_gen/glnxa64/install/include/tugas_yolo_yolocpp/tugas_yolo_yolocpp/msg
[0.535s] -- Up-to-date: /home/basten/ros2_ws/src/MagangBanyubramanta_Basten-Andika-Salim/Ros2/src/matlab_msg_gen/glnxa64/install/include/tugas_yolo_yolocpp/tugas_yolo_yolocpp/msg/rosidl_typesupport_fastrtps_c__visibility_control.h
[0.535s] -- Up-to-date: /home/basten/ros2_ws/src/MagangBanyubramanta_Basten-Andika-Salim/Ros2/src/matlab_msg_gen/glnxa64/install/include/tugas_yolo_yolocpp/tugas_yolo_yolocpp/msg/detail
[0.535s] -- Up-to-date: /home/basten/ros2_ws/src/MagangBanyubramanta_Basten-Andika-Salim/Ros2/src/matlab_msg_gen/glnxa64/install/include/tugas_yolo_yolocpp/tugas_yolo_yolocpp/msg/detail/seen__rosidl_typesupport_fastrtps_c.h
[0.535s] -- Up-to-date: /home/basten/ros2_ws/src/MagangBanyubramanta_Basten-Andika-Salim/Ros2/src/matlab_msg_gen/glnxa64/install/lib/libtugas_yolo_yolocpp__rosidl_typesupport_fastrtps_c.so
[0.535s] -- Up-to-date: /home/basten/ros2_ws/src/MagangBanyubramanta_Basten-Andika-Salim/Ros2/src/matlab_msg_gen/glnxa64/install/include/tugas_yolo_yolocpp/tugas_yolo_yolocpp
[0.535s] -- Up-to-date: /home/basten/ros2_ws/src/MagangBanyubramanta_Basten-Andika-Salim/Ros2/src/matlab_msg_gen/glnxa64/install/include/tugas_yolo_yolocpp/tugas_yolo_yolocpp/msg
[0.535s] -- Up-to-date: /home/basten/ros2_ws/src/MagangBanyubramanta_Basten-Andika-Salim/Ros2/src/matlab_msg_gen/glnxa64/install/include/tugas_yolo_yolocpp/tugas_yolo_yolocpp/msg/rosidl_typesupport_introspection_c__visibility_control.h
[0.535s] -- Up-to-date: /home/basten/ros2_ws/src/MagangBanyubramanta_Basten-Andika-Salim/Ros2/src/matlab_msg_gen/glnxa64/install/include/tugas_yolo_yolocpp/tugas_yolo_yolocpp/msg/detail
[0.535s] -- Up-to-date: /home/basten/ros2_ws/src/MagangBanyubramanta_Basten-Andika-Salim/Ros2/src/matlab_msg_gen/glnxa64/install/include/tugas_yolo_yolocpp/tugas_yolo_yolocpp/msg/detail/seen__type_support.c
[0.535s] -- Up-to-date: /home/basten/ros2_ws/src/MagangBanyubramanta_Basten-Andika-Salim/Ros2/src/matlab_msg_gen/glnxa64/install/include/tugas_yolo_yolocpp/tugas_yolo_yolocpp/msg/detail/seen__rosidl_typesupport_introspection_c.h
[0.535s] -- Up-to-date: /home/basten/ros2_ws/src/MagangBanyubramanta_Basten-Andika-Salim/Ros2/src/matlab_msg_gen/glnxa64/install/lib/libtugas_yolo_yolocpp__rosidl_typesupport_introspection_c.so
[0.535s] -- Up-to-date: /home/basten/ros2_ws/src/MagangBanyubramanta_Basten-Andika-Salim/Ros2/src/matlab_msg_gen/glnxa64/install/lib/libtugas_yolo_yolocpp__rosidl_typesupport_c.so
[0.536s] -- Up-to-date: /home/basten/ros2_ws/src/MagangBanyubramanta_Basten-Andika-Salim/Ros2/src/matlab_msg_gen/glnxa64/install/include/tugas_yolo_yolocpp/tugas_yolo_yolocpp
[0.536s] -- Up-to-date: /home/basten/ros2_ws/src/MagangBanyubramanta_Basten-Andika-Salim/Ros2/src/matlab_msg_gen/glnxa64/install/include/tugas_yolo_yolocpp/tugas_yolo_yolocpp/msg
[0.536s] -- Up-to-date: /home/basten/ros2_ws/src/MagangBanyubramanta_Basten-Andika-Salim/Ros2/src/matlab_msg_gen/glnxa64/install/include/tugas_yolo_yolocpp/tugas_yolo_yolocpp/msg/seen.hpp
[0.536s] -- Up-to-date: /home/basten/ros2_ws/src/MagangBanyubramanta_Basten-Andika-Salim/Ros2/src/matlab_msg_gen/glnxa64/install/include/tugas_yolo_yolocpp/tugas_yolo_yolocpp/msg/detail
[0.536s] -- Up-to-date: /home/basten/ros2_ws/src/MagangBanyubramanta_Basten-Andika-Salim/Ros2/src/matlab_msg_gen/glnxa64/install/include/tugas_yolo_yolocpp/tugas_yolo_yolocpp/msg/detail/seen__builder.hpp
[0.536s] -- Up-to-date: /home/basten/ros2_ws/src/MagangBanyubramanta_Basten-Andika-Salim/Ros2/src/matlab_msg_gen/glnxa64/install/include/tugas_yolo_yolocpp/tugas_yolo_yolocpp/msg/detail/seen__traits.hpp
[0.536s] -- Up-to-date: /home/basten/ros2_ws/src/MagangBanyubramanta_Basten-Andika-Salim/Ros2/src/matlab_msg_gen/glnxa64/install/include/tugas_yolo_yolocpp/tugas_yolo_yolocpp/msg/detail/seen__struct.hpp
[0.536s] -- Up-to-date: /home/basten/ros2_ws/src/MagangBanyubramanta_Basten-Andika-Salim/Ros2/src/matlab_msg_gen/glnxa64/install/include/tugas_yolo_yolocpp/tugas_yolo_yolocpp
[0.536s] -- Up-to-date: /home/basten/ros2_ws/src/MagangBanyubramanta_Basten-Andika-Salim/Ros2/src/matlab_msg_gen/glnxa64/install/include/tugas_yolo_yolocpp/tugas_yolo_yolocpp/msg
[0.536s] -- Up-to-date: /home/basten/ros2_ws/src/MagangBanyubramanta_Basten-Andika-Salim/Ros2/src/matlab_msg_gen/glnxa64/install/include/tugas_yolo_yolocpp/tugas_yolo_yolocpp/msg/rosidl_typesupport_fastrtps_cpp__visibility_control.h
[0.536s] -- Up-to-date: /home/basten/ros2_ws/src/MagangBanyubramanta_Basten-Andika-Salim/Ros2/src/matlab_msg_gen/glnxa64/install/include/tugas_yolo_yolocpp/tugas_yolo_yolocpp/msg/detail
[0.536s] -- Up-to-date: /home/basten/ros2_ws/src/MagangBanyubramanta_Basten-Andika-Salim/Ros2/src/matlab_msg_gen/glnxa64/install/include/tugas_yolo_yolocpp/tugas_yolo_yolocpp/msg/detail/dds_fastrtps
[0.536s] -- Up-to-date: /home/basten/ros2_ws/src/MagangBanyubramanta_Basten-Andika-Salim/Ros2/src/matlab_msg_gen/glnxa64/install/include/tugas_yolo_yolocpp/tugas_yolo_yolocpp/msg/detail/seen__rosidl_typesupport_fastrtps_cpp.hpp
[0.536s] -- Up-to-date: /home/basten/ros2_ws/src/MagangBanyubramanta_Basten-Andika-Salim/Ros2/src/matlab_msg_gen/glnxa64/install/lib/libtugas_yolo_yolocpp__rosidl_typesupport_fastrtps_cpp.so
[0.536s] -- Up-to-date: /home/basten/ros2_ws/src/MagangBanyubramanta_Basten-Andika-Salim/Ros2/src/matlab_msg_gen/glnxa64/install/include/tugas_yolo_yolocpp/tugas_yolo_yolocpp
[0.536s] -- Up-to-date: /home/basten/ros2_ws/src/MagangBanyubramanta_Basten-Andika-Salim/Ros2/src/matlab_msg_gen/glnxa64/install/include/tugas_yolo_yolocpp/tugas_yolo_yolocpp/msg
[0.536s] -- Up-to-date: /home/basten/ros2_ws/src/MagangBanyubramanta_Basten-Andika-Salim/Ros2/src/matlab_msg_gen/glnxa64/install/include/tugas_yolo_yolocpp/tugas_yolo_yolocpp/msg/detail
[0.536s] -- Up-to-date: /home/basten/ros2_ws/src/MagangBanyubramanta_Basten-Andika-Salim/Ros2/src/matlab_msg_gen/glnxa64/install/include/tugas_yolo_yolocpp/tugas_yolo_yolocpp/msg/detail/seen__rosidl_typesupport_introspection_cpp.hpp
[0.537s] -- Up-to-date: /home/basten/ros2_ws/src/MagangBanyubramanta_Basten-Andika-Salim/Ros2/src/matlab_msg_gen/glnxa64/install/include/tugas_yolo_yolocpp/tugas_yolo_yolocpp/msg/detail/seen__type_support.cpp
[0.537s] -- Up-to-date: /home/basten/ros2_ws/src/MagangBanyubramanta_Basten-Andika-Salim/Ros2/src/matlab_msg_gen/glnxa64/install/lib/libtugas_yolo_yolocpp__rosidl_typesupport_introspection_cpp.so
[0.537s] -- Up-to-date: /home/basten/ros2_ws/src/MagangBanyubramanta_Basten-Andika-Salim/Ros2/src/matlab_msg_gen/glnxa64/install/lib/libtugas_yolo_yolocpp__rosidl_typesupport_cpp.so
[0.537s] -- Up-to-date: /home/basten/ros2_ws/src/MagangBanyubramanta_Basten-Andika-Salim/Ros2/src/matlab_msg_gen/glnxa64/install/share/tugas_yolo_yolocpp/msg/Seen.idl
[0.537s] -- Up-to-date: /home/basten/ros2_ws/src/MagangBanyubramanta_Basten-Andika-Salim/Ros2/src/matlab_msg_gen/glnxa64/install/share/tugas_yolo_yolocpp/msg/Seen.msg
[0.537s] -- Up-to-date: /home/basten/ros2_ws/src/MagangBanyubramanta_Basten-Andika-Salim/Ros2/src/matlab_msg_gen/glnxa64/install/include
[0.537s] -- Up-to-date: /home/basten/ros2_ws/src/MagangBanyubramanta_Basten-Andika-Salim/Ros2/src/matlab_msg_gen/glnxa64/install/include/tugas_yolo_yolocpp
[0.537s] -- Up-to-date: /home/basten/ros2_ws/src/MagangBanyubramanta_Basten-Andika-Salim/Ros2/src/matlab_msg_gen/glnxa64/install/include/tugas_yolo_yolocpp/visibility_control.h
[0.537s] -- Up-to-date: /home/basten/ros2_ws/src/MagangBanyubramanta_Basten-Andika-Salim/Ros2/src/matlab_msg_gen/glnxa64/install/lib/libtugas_yolo_yolocpp_matlab.so
[0.537s] -- Up-to-date: /home/basten/ros2_ws/src/MagangBanyubramanta_Basten-Andika-Salim/Ros2/src/matlab_msg_gen/glnxa64/install/m/
[0.537s] -- Up-to-date: /home/basten/ros2_ws/src/MagangBanyubramanta_Basten-Andika-Salim/Ros2/src/matlab_msg_gen/glnxa64/install/m//+ros
[0.538s] -- Up-to-date: /home/basten/ros2_ws/src/MagangBanyubramanta_Basten-Andika-Salim/Ros2/src/matlab_msg_gen/glnxa64/install/m//+ros/+internal
[0.538s] -- Up-to-date: /home/basten/ros2_ws/src/MagangBanyubramanta_Basten-Andika-Salim/Ros2/src/matlab_msg_gen/glnxa64/install/m//+ros/+internal/+ros2
[0.538s] -- Up-to-date: /home/basten/ros2_ws/src/MagangBanyubramanta_Basten-Andika-Salim/Ros2/src/matlab_msg_gen/glnxa64/install/m//+ros/+internal/+ros2/+custommessages
[0.538s] -- Up-to-date: /home/basten/ros2_ws/src/MagangBanyubramanta_Basten-Andika-Salim/Ros2/src/matlab_msg_gen/glnxa64/install/m//+ros/+internal/+ros2/+custommessages/+tugas_yolo_yolocpp
[0.538s] -- Up-to-date: /home/basten/ros2_ws/src/MagangBanyubramanta_Basten-Andika-Salim/Ros2/src/matlab_msg_gen/glnxa64/install/m//+ros/+internal/+ros2/+custommessages/+tugas_yolo_yolocpp/seen.m
[0.538s] -- Up-to-date: /home/basten/ros2_ws/src/MagangBanyubramanta_Basten-Andika-Salim/Ros2/src/matlab_msg_gen/glnxa64/install/m//+ros/+internal/+ros2/+custommessages/+tugas_yolo_yolocpp/tugas_yolo_yolocpp_msg_Seen_1To2_Converter.m
[0.538s] -- Up-to-date: /home/basten/ros2_ws/src/MagangBanyubramanta_Basten-Andika-Salim/Ros2/src/matlab_msg_gen/glnxa64/install/m//+ros/+internal/+ros2/+custommessages/+tugas_yolo_yolocpp/tugas_yolo_yolocpp_msg_Seen_2To1_Converter.m
[0.538s] -- Up-to-date: /home/basten/ros2_ws/src/MagangBanyubramanta_Basten-Andika-Salim/Ros2/src/matlab_msg_gen/glnxa64/install/share/ament_index/resource_index/package_run_dependencies/tugas_yolo_yolocpp
[0.538s] -- Up-to-date: /home/basten/ros2_ws/src/MagangBanyubramanta_Basten-Andika-Salim/Ros2/src/matlab_msg_gen/glnxa64/install/share/ament_index/resource_index/parent_prefix_path/tugas_yolo_yolocpp
[0.538s] -- Up-to-date: /home/basten/ros2_ws/src/MagangBanyubramanta_Basten-Andika-Salim/Ros2/src/matlab_msg_gen/glnxa64/install/share/tugas_yolo_yolocpp/environment/ament_prefix_path.sh
[0.538s] -- Installing: /home/basten/ros2_ws/src/MagangBanyubramanta_Basten-Andika-Salim/Ros2/src/matlab_msg_gen/glnxa64/install/share/tugas_yolo_yolocpp/environment/ament_prefix_path.dsv
[0.538s] -- Up-to-date: /home/basten/ros2_ws/src/MagangBanyubramanta_Basten-Andika-Salim/Ros2/src/matlab_msg_gen/glnxa64/install/share/tugas_yolo_yolocpp/environment/path.sh
[0.538s] -- Installing: /home/basten/ros2_ws/src/MagangBanyubramanta_Basten-Andika-Salim/Ros2/src/matlab_msg_gen/glnxa64/install/share/tugas_yolo_yolocpp/environment/path.dsv
[0.538s] -- Up-to-date: /home/basten/ros2_ws/src/MagangBanyubramanta_Basten-Andika-Salim/Ros2/src/matlab_msg_gen/glnxa64/install/share/tugas_yolo_yolocpp/local_setup.bash
[0.539s] -- Up-to-date: /home/basten/ros2_ws/src/MagangBanyubramanta_Basten-Andika-Salim/Ros2/src/matlab_msg_gen/glnxa64/install/share/tugas_yolo_yolocpp/local_setup.sh
[0.539s] -- Up-to-date: /home/basten/ros2_ws/src/MagangBanyubramanta_Basten-Andika-Salim/Ros2/src/matlab_msg_gen/glnxa64/install/share/tugas_yolo_yolocpp/local_setup.zsh
[0.539s] -- Installing: /home/basten/ros2_ws/src/MagangBanyubramanta_Basten-Andika-Salim/Ros2/src/matlab_msg_gen/glnxa64/install/share/tugas_yolo_yolocpp/local_setup.dsv
[0.539s] -- Installing: /home/basten/ros2_ws/src/MagangBanyubramanta_Basten-Andika-Salim/Ros2/src/matlab_msg_gen/glnxa64/install/share/tugas_yolo_yolocpp/package.dsv
[0.539s] -- Up-to-date: /home/basten/ros2_ws/src/MagangBanyubramanta_Basten-Andika-Salim/Ros2/src/matlab_msg_gen/glnxa64/install/share/ament_index/resource_index/packages/tugas_yolo_yolocpp
[0.539s] -- Up-to-date: /home/basten/ros2_ws/src/MagangBanyubramanta_Basten-Andika-Salim/Ros2/src/matlab_msg_gen/glnxa64/install/share/tugas_yolo_yolocpp/cmake/export_tugas_yolo_yolocpp__rosidl_generator_cExport.cmake
[0.539s] -- Up-to-date: /home/basten/ros2_ws/src/MagangBanyubramanta_Basten-Andika-Salim/Ros2/src/matlab_msg_gen/glnxa64/install/share/tugas_yolo_yolocpp/cmake/export_tugas_yolo_yolocpp__rosidl_generator_cExport-release.cmake
[0.539s] -- Up-to-date: /home/basten/ros2_ws/src/MagangBanyubramanta_Basten-Andika-Salim/Ros2/src/matlab_msg_gen/glnxa64/install/share/tugas_yolo_yolocpp/cmake/export_tugas_yolo_yolocpp__rosidl_typesupport_fastrtps_cExport.cmake
[0.539s] -- Up-to-date: /home/basten/ros2_ws/src/MagangBanyubramanta_Basten-Andika-Salim/Ros2/src/matlab_msg_gen/glnxa64/install/share/tugas_yolo_yolocpp/cmake/export_tugas_yolo_yolocpp__rosidl_typesupport_fastrtps_cExport-release.cmake
[0.539s] -- Up-to-date: /home/basten/ros2_ws/src/MagangBanyubramanta_Basten-Andika-Salim/Ros2/src/matlab_msg_gen/glnxa64/install/share/tugas_yolo_yolocpp/cmake/tugas_yolo_yolocpp__rosidl_typesupport_introspection_cExport.cmake
[0.539s] -- Up-to-date: /home/basten/ros2_ws/src/MagangBanyubramanta_Basten-Andika-Salim/Ros2/src/matlab_msg_gen/glnxa64/install/share/tugas_yolo_yolocpp/cmake/tugas_yolo_yolocpp__rosidl_typesupport_introspection_cExport-release.cmake
[0.539s] -- Up-to-date: /home/basten/ros2_ws/src/MagangBanyubramanta_Basten-Andika-Salim/Ros2/src/matlab_msg_gen/glnxa64/install/share/tugas_yolo_yolocpp/cmake/tugas_yolo_yolocpp__rosidl_typesupport_cExport.cmake
[0.539s] -- Up-to-date: /home/basten/ros2_ws/src/MagangBanyubramanta_Basten-Andika-Salim/Ros2/src/matlab_msg_gen/glnxa64/install/share/tugas_yolo_yolocpp/cmake/tugas_yolo_yolocpp__rosidl_typesupport_cExport-release.cmake
[0.539s] -- Up-to-date: /home/basten/ros2_ws/src/MagangBanyubramanta_Basten-Andika-Salim/Ros2/src/matlab_msg_gen/glnxa64/install/share/tugas_yolo_yolocpp/cmake/export_tugas_yolo_yolocpp__rosidl_generator_cppExport.cmake
[0.539s] -- Up-to-date: /home/basten/ros2_ws/src/MagangBanyubramanta_Basten-Andika-Salim/Ros2/src/matlab_msg_gen/glnxa64/install/share/tugas_yolo_yolocpp/cmake/export_tugas_yolo_yolocpp__rosidl_typesupport_fastrtps_cppExport.cmake
[0.539s] -- Up-to-date: /home/basten/ros2_ws/src/MagangBanyubramanta_Basten-Andika-Salim/Ros2/src/matlab_msg_gen/glnxa64/install/share/tugas_yolo_yolocpp/cmake/export_tugas_yolo_yolocpp__rosidl_typesupport_fastrtps_cppExport-release.cmake
[0.539s] -- Up-to-date: /home/basten/ros2_ws/src/MagangBanyubramanta_Basten-Andika-Salim/Ros2/src/matlab_msg_gen/glnxa64/install/share/tugas_yolo_yolocpp/cmake/tugas_yolo_yolocpp__rosidl_typesupport_introspection_cppExport.cmake
[0.539s] -- Up-to-date: /home/basten/ros2_ws/src/MagangBanyubramanta_Basten-Andika-Salim/Ros2/src/matlab_msg_gen/glnxa64/install/share/tugas_yolo_yolocpp/cmake/tugas_yolo_yolocpp__rosidl_typesupport_introspection_cppExport-release.cmake
[0.539s] -- Up-to-date: /home/basten/ros2_ws/src/MagangBanyubramanta_Basten-Andika-Salim/Ros2/src/matlab_msg_gen/glnxa64/install/share/tugas_yolo_yolocpp/cmake/tugas_yolo_yolocpp__rosidl_typesupport_cppExport.cmake
[0.540s] -- Up-to-date: /home/basten/ros2_ws/src/MagangBanyubramanta_Basten-Andika-Salim/Ros2/src/matlab_msg_gen/glnxa64/install/share/tugas_yolo_yolocpp/cmake/tugas_yolo_yolocpp__rosidl_typesupport_cppExport-release.cmake
[0.540s] -- Up-to-date: /home/basten/ros2_ws/src/MagangBanyubramanta_Basten-Andika-Salim/Ros2/src/matlab_msg_gen/glnxa64/install/share/tugas_yolo_yolocpp/cmake/rosidl_cmake-extras.cmake
[0.540s] -- Up-to-date: /home/basten/ros2_ws/src/MagangBanyubramanta_Basten-Andika-Salim/Ros2/src/matlab_msg_gen/glnxa64/install/share/tugas_yolo_yolocpp/cmake/ament_cmake_export_include_directories-extras.cmake
[0.540s] -- Up-to-date: /home/basten/ros2_ws/src/MagangBanyubramanta_Basten-Andika-Salim/Ros2/src/matlab_msg_gen/glnxa64/install/share/tugas_yolo_yolocpp/cmake/ament_cmake_export_libraries-extras.cmake
[0.540s] -- Up-to-date: /home/basten/ros2_ws/src/MagangBanyubramanta_Basten-Andika-Salim/Ros2/src/matlab_msg_gen/glnxa64/install/share/tugas_yolo_yolocpp/cmake/ament_cmake_export_targets-extras.cmake
[0.540s] -- Up-to-date: /home/basten/ros2_ws/src/MagangBanyubramanta_Basten-Andika-Salim/Ros2/src/matlab_msg_gen/glnxa64/install/share/tugas_yolo_yolocpp/cmake/rosidl_cmake_export_typesupport_targets-extras.cmake
[0.540s] -- Up-to-date: /home/basten/ros2_ws/src/MagangBanyubramanta_Basten-Andika-Salim/Ros2/src/matlab_msg_gen/glnxa64/install/share/tugas_yolo_yolocpp/cmake/ament_cmake_export_dependencies-extras.cmake
[0.540s] -- Up-to-date: /home/basten/ros2_ws/src/MagangBanyubramanta_Basten-Andika-Salim/Ros2/src/matlab_msg_gen/glnxa64/install/share/tugas_yolo_yolocpp/cmake/rosidl_cmake_export_typesupport_libraries-extras.cmake
[0.540s] -- Up-to-date: /home/basten/ros2_ws/src/MagangBanyubramanta_Basten-Andika-Salim/Ros2/src/matlab_msg_gen/glnxa64/install/share/tugas_yolo_yolocpp/cmake/tugas_yolo_yolocppConfig.cmake
[0.540s] -- Up-to-date: /home/basten/ros2_ws/src/MagangBanyubramanta_Basten-Andika-Salim/Ros2/src/matlab_msg_gen/glnxa64/install/share/tugas_yolo_yolocpp/cmake/tugas_yolo_yolocppConfig-version.cmake
[0.540s] -- Installing: /home/basten/ros2_ws/src/MagangBanyubramanta_Basten-Andika-Salim/Ros2/src/matlab_msg_gen/glnxa64/install/share/tugas_yolo_yolocpp/package.xml
[0.585s] Invoked command in '/home/basten/ros2_ws/src/MagangBanyubramanta_Basten-Andika-Salim/Ros2/src/matlab_msg_gen/glnxa64/build/tugas_yolo_yolocpp' returned '0': PS1=(venv) VIRTUAL_ENV_PROMPT=(venv) /usr/local/MATLAB/R2023b/bin/glnxa64/cmake/bin/cmake --install /home/basten/ros2_ws/src/MagangBanyubramanta_Basten-Andika-Salim/Ros2/src/matlab_msg_gen/glnxa64/build/tugas_yolo_yolocpp
