[35m[1mConsolidate compiler generated dependencies of target tugas_opencv__rosidl_generator_c[0m
[  2%] Built target tugas_opencv__cpp
[ 12%] Built target tugas_opencv__rosidl_generator_c
[ 12%] Built target ament_cmake_python_copy_tugas_opencv
[35m[1mConsolidate compiler generated dependencies of target tugas_opencv__rosidl_typesupport_cpp[0m
[35m[1mConsolidate compiler generated dependencies of target tugas_opencv__rosidl_typesupport_introspection_cpp[0m
[35m[1mConsolidate compiler generated dependencies of target tugas_opencv__rosidl_typesupport_fastrtps_cpp[0m
[35m[1mConsolidate compiler generated dependencies of target tugas_opencv__rosidl_typesupport_introspection_c[0m
[35m[1mConsolidate compiler generated dependencies of target tugas_opencv__rosidl_typesupport_fastrtps_c[0m
[35m[1mConsolidate compiler generated dependencies of target tugas_opencv__rosidl_typesupport_c[0m
[ 21%] Built target tugas_opencv__rosidl_typesupport_cpp
[ 31%] Built target tugas_opencv__rosidl_typesupport_introspection_c
[ 41%] Built target tugas_opencv__rosidl_typesupport_c
[ 51%] Built target tugas_opencv__rosidl_typesupport_introspection_cpp
[ 60%] Built target tugas_opencv__rosidl_typesupport_fastrtps_cpp
[ 70%] Built target tugas_opencv__rosidl_typesupport_fastrtps_c
[35m[1mConsolidate compiler generated dependencies of target colorcheck[0m
[ 70%] Built target tugas_opencv
[ 73%] [32mBuilding CXX object CMakeFiles/colorcheck.dir/src/colorcheck.cpp.o[0m
[ 75%] Built target tugas_opencv__py
[35m[1mConsolidate compiler generated dependencies of target tugas_opencv__rosidl_generator_py[0m
[ 82%] Built target tugas_opencv__rosidl_generator_py
[35m[1mConsolidate compiler generated dependencies of target tugas_opencv__rosidl_typesupport_fastrtps_c__pyext[0m
[35m[1mConsolidate compiler generated dependencies of target tugas_opencv__rosidl_typesupport_introspection_c__pyext[0m
[35m[1mConsolidate compiler generated dependencies of target tugas_opencv__rosidl_typesupport_c__pyext[0m
[ 87%] Built target tugas_opencv__rosidl_typesupport_fastrtps_c__pyext
[ 92%] Built target tugas_opencv__rosidl_typesupport_introspection_c__pyext
[ 97%] Built target tugas_opencv__rosidl_typesupport_c__pyext
running egg_info
writing tugas_opencv.egg-info/PKG-INFO
writing dependency_links to tugas_opencv.egg-info/dependency_links.txt
writing top-level names to tugas_opencv.egg-info/top_level.txt
reading manifest file 'tugas_opencv.egg-info/SOURCES.txt'
writing manifest file 'tugas_opencv.egg-info/SOURCES.txt'
[ 97%] Built target ament_cmake_python_build_tugas_opencv_egg
[100%] [32m[1mLinking CXX executable colorcheck[0m
[100%] Built target colorcheck
-- Install configuration: ""
-- Up-to-date: /home/basten/ros2_ws/src/MagangBanyubramanta_Basten-Andika-Salim/Ros2/install/tugas_opencv/share/ament_index/resource_index/rosidl_interfaces/tugas_opencv
-- Up-to-date: /home/basten/ros2_ws/src/MagangBanyubramanta_Basten-Andika-Salim/Ros2/install/tugas_opencv/include/tugas_opencv/tugas_opencv
-- Up-to-date: /home/basten/ros2_ws/src/MagangBanyubramanta_Basten-Andika-Salim/Ros2/install/tugas_opencv/include/tugas_opencv/tugas_opencv/msg
-- Up-to-date: /home/basten/ros2_ws/src/MagangBanyubramanta_Basten-Andika-Salim/Ros2/install/tugas_opencv/include/tugas_opencv/tugas_opencv/msg/rosidl_generator_c__visibility_control.h
-- Installing: /home/basten/ros2_ws/src/MagangBanyubramanta_Basten-Andika-Salim/Ros2/install/tugas_opencv/include/tugas_opencv/tugas_opencv/msg/color.h
-- Installing: /home/basten/ros2_ws/src/MagangBanyubramanta_Basten-Andika-Salim/Ros2/install/tugas_opencv/include/tugas_opencv/tugas_opencv/msg/position.h
-- Up-to-date: /home/basten/ros2_ws/src/MagangBanyubramanta_Basten-Andika-Salim/Ros2/install/tugas_opencv/include/tugas_opencv/tugas_opencv/msg/detail
-- Installing: /home/basten/ros2_ws/src/MagangBanyubramanta_Basten-Andika-Salim/Ros2/install/tugas_opencv/include/tugas_opencv/tugas_opencv/msg/detail/position__functions.c
-- Installing: /home/basten/ros2_ws/src/MagangBanyubramanta_Basten-Andika-Salim/Ros2/install/tugas_opencv/include/tugas_opencv/tugas_opencv/msg/detail/color__struct.h
-- Installing: /home/basten/ros2_ws/src/MagangBanyubramanta_Basten-Andika-Salim/Ros2/install/tugas_opencv/include/tugas_opencv/tugas_opencv/msg/detail/color__functions.h
-- Installing: /home/basten/ros2_ws/src/MagangBanyubramanta_Basten-Andika-Salim/Ros2/install/tugas_opencv/include/tugas_opencv/tugas_opencv/msg/detail/position__struct.h
-- Installing: /home/basten/ros2_ws/src/MagangBanyubramanta_Basten-Andika-Salim/Ros2/install/tugas_opencv/include/tugas_opencv/tugas_opencv/msg/detail/color__type_support.h
-- Installing: /home/basten/ros2_ws/src/MagangBanyubramanta_Basten-Andika-Salim/Ros2/install/tugas_opencv/include/tugas_opencv/tugas_opencv/msg/detail/color__functions.c
-- Installing: /home/basten/ros2_ws/src/MagangBanyubramanta_Basten-Andika-Salim/Ros2/install/tugas_opencv/include/tugas_opencv/tugas_opencv/msg/detail/position__type_support.h
-- Installing: /home/basten/ros2_ws/src/MagangBanyubramanta_Basten-Andika-Salim/Ros2/install/tugas_opencv/include/tugas_opencv/tugas_opencv/msg/detail/position__functions.h
-- Up-to-date: /home/basten/ros2_ws/src/MagangBanyubramanta_Basten-Andika-Salim/Ros2/install/tugas_opencv/share/tugas_opencv/environment/library_path.sh
-- Installing: /home/basten/ros2_ws/src/MagangBanyubramanta_Basten-Andika-Salim/Ros2/install/tugas_opencv/share/tugas_opencv/environment/library_path.dsv
-- Installing: /home/basten/ros2_ws/src/MagangBanyubramanta_Basten-Andika-Salim/Ros2/install/tugas_opencv/lib/libtugas_opencv__rosidl_generator_c.so
-- Set runtime path of "/home/basten/ros2_ws/src/MagangBanyubramanta_Basten-Andika-Salim/Ros2/install/tugas_opencv/lib/libtugas_opencv__rosidl_generator_c.so" to ""
-- Up-to-date: /home/basten/ros2_ws/src/MagangBanyubramanta_Basten-Andika-Salim/Ros2/install/tugas_opencv/include/tugas_opencv/tugas_opencv
-- Up-to-date: /home/basten/ros2_ws/src/MagangBanyubramanta_Basten-Andika-Salim/Ros2/install/tugas_opencv/include/tugas_opencv/tugas_opencv/msg
-- Up-to-date: /home/basten/ros2_ws/src/MagangBanyubramanta_Basten-Andika-Salim/Ros2/install/tugas_opencv/include/tugas_opencv/tugas_opencv/msg/rosidl_typesupport_fastrtps_c__visibility_control.h
-- Up-to-date: /home/basten/ros2_ws/src/MagangBanyubramanta_Basten-Andika-Salim/Ros2/install/tugas_opencv/include/tugas_opencv/tugas_opencv/msg/detail
-- Installing: /home/basten/ros2_ws/src/MagangBanyubramanta_Basten-Andika-Salim/Ros2/install/tugas_opencv/include/tugas_opencv/tugas_opencv/msg/detail/position__rosidl_typesupport_fastrtps_c.h
-- Installing: /home/basten/ros2_ws/src/MagangBanyubramanta_Basten-Andika-Salim/Ros2/install/tugas_opencv/include/tugas_opencv/tugas_opencv/msg/detail/color__rosidl_typesupport_fastrtps_c.h
-- Installing: /home/basten/ros2_ws/src/MagangBanyubramanta_Basten-Andika-Salim/Ros2/install/tugas_opencv/lib/libtugas_opencv__rosidl_typesupport_fastrtps_c.so
-- Set runtime path of "/home/basten/ros2_ws/src/MagangBanyubramanta_Basten-Andika-Salim/Ros2/install/tugas_opencv/lib/libtugas_opencv__rosidl_typesupport_fastrtps_c.so" to ""
-- Up-to-date: /home/basten/ros2_ws/src/MagangBanyubramanta_Basten-Andika-Salim/Ros2/install/tugas_opencv/include/tugas_opencv/tugas_opencv
-- Up-to-date: /home/basten/ros2_ws/src/MagangBanyubramanta_Basten-Andika-Salim/Ros2/install/tugas_opencv/include/tugas_opencv/tugas_opencv/msg
-- Installing: /home/basten/ros2_ws/src/MagangBanyubramanta_Basten-Andika-Salim/Ros2/install/tugas_opencv/include/tugas_opencv/tugas_opencv/msg/color.hpp
-- Installing: /home/basten/ros2_ws/src/MagangBanyubramanta_Basten-Andika-Salim/Ros2/install/tugas_opencv/include/tugas_opencv/tugas_opencv/msg/position.hpp
-- Up-to-date: /home/basten/ros2_ws/src/MagangBanyubramanta_Basten-Andika-Salim/Ros2/install/tugas_opencv/include/tugas_opencv/tugas_opencv/msg/detail
-- Installing: /home/basten/ros2_ws/src/MagangBanyubramanta_Basten-Andika-Salim/Ros2/install/tugas_opencv/include/tugas_opencv/tugas_opencv/msg/detail/color__traits.hpp
-- Installing: /home/basten/ros2_ws/src/MagangBanyubramanta_Basten-Andika-Salim/Ros2/install/tugas_opencv/include/tugas_opencv/tugas_opencv/msg/detail/position__traits.hpp
-- Installing: /home/basten/ros2_ws/src/MagangBanyubramanta_Basten-Andika-Salim/Ros2/install/tugas_opencv/include/tugas_opencv/tugas_opencv/msg/detail/position__struct.hpp
-- Installing: /home/basten/ros2_ws/src/MagangBanyubramanta_Basten-Andika-Salim/Ros2/install/tugas_opencv/include/tugas_opencv/tugas_opencv/msg/detail/position__builder.hpp
-- Installing: /home/basten/ros2_ws/src/MagangBanyubramanta_Basten-Andika-Salim/Ros2/install/tugas_opencv/include/tugas_opencv/tugas_opencv/msg/detail/color__struct.hpp
-- Installing: /home/basten/ros2_ws/src/MagangBanyubramanta_Basten-Andika-Salim/Ros2/install/tugas_opencv/include/tugas_opencv/tugas_opencv/msg/detail/color__builder.hpp
-- Up-to-date: /home/basten/ros2_ws/src/MagangBanyubramanta_Basten-Andika-Salim/Ros2/install/tugas_opencv/include/tugas_opencv/tugas_opencv
-- Up-to-date: /home/basten/ros2_ws/src/MagangBanyubramanta_Basten-Andika-Salim/Ros2/install/tugas_opencv/include/tugas_opencv/tugas_opencv/msg
-- Up-to-date: /home/basten/ros2_ws/src/MagangBanyubramanta_Basten-Andika-Salim/Ros2/install/tugas_opencv/include/tugas_opencv/tugas_opencv/msg/rosidl_typesupport_fastrtps_cpp__visibility_control.h
-- Up-to-date: /home/basten/ros2_ws/src/MagangBanyubramanta_Basten-Andika-Salim/Ros2/install/tugas_opencv/include/tugas_opencv/tugas_opencv/msg/detail
-- Up-to-date: /home/basten/ros2_ws/src/MagangBanyubramanta_Basten-Andika-Salim/Ros2/install/tugas_opencv/include/tugas_opencv/tugas_opencv/msg/detail/dds_fastrtps
-- Installing: /home/basten/ros2_ws/src/MagangBanyubramanta_Basten-Andika-Salim/Ros2/install/tugas_opencv/include/tugas_opencv/tugas_opencv/msg/detail/color__rosidl_typesupport_fastrtps_cpp.hpp
-- Installing: /home/basten/ros2_ws/src/MagangBanyubramanta_Basten-Andika-Salim/Ros2/install/tugas_opencv/include/tugas_opencv/tugas_opencv/msg/detail/position__rosidl_typesupport_fastrtps_cpp.hpp
-- Installing: /home/basten/ros2_ws/src/MagangBanyubramanta_Basten-Andika-Salim/Ros2/install/tugas_opencv/lib/libtugas_opencv__rosidl_typesupport_fastrtps_cpp.so
-- Set runtime path of "/home/basten/ros2_ws/src/MagangBanyubramanta_Basten-Andika-Salim/Ros2/install/tugas_opencv/lib/libtugas_opencv__rosidl_typesupport_fastrtps_cpp.so" to ""
-- Up-to-date: /home/basten/ros2_ws/src/MagangBanyubramanta_Basten-Andika-Salim/Ros2/install/tugas_opencv/include/tugas_opencv/tugas_opencv
-- Up-to-date: /home/basten/ros2_ws/src/MagangBanyubramanta_Basten-Andika-Salim/Ros2/install/tugas_opencv/include/tugas_opencv/tugas_opencv/msg
-- Up-to-date: /home/basten/ros2_ws/src/MagangBanyubramanta_Basten-Andika-Salim/Ros2/install/tugas_opencv/include/tugas_opencv/tugas_opencv/msg/rosidl_typesupport_introspection_c__visibility_control.h
-- Up-to-date: /home/basten/ros2_ws/src/MagangBanyubramanta_Basten-Andika-Salim/Ros2/install/tugas_opencv/include/tugas_opencv/tugas_opencv/msg/detail
-- Installing: /home/basten/ros2_ws/src/MagangBanyubramanta_Basten-Andika-Salim/Ros2/install/tugas_opencv/include/tugas_opencv/tugas_opencv/msg/detail/position__type_support.c
-- Installing: /home/basten/ros2_ws/src/MagangBanyubramanta_Basten-Andika-Salim/Ros2/install/tugas_opencv/include/tugas_opencv/tugas_opencv/msg/detail/position__rosidl_typesupport_introspection_c.h
-- Installing: /home/basten/ros2_ws/src/MagangBanyubramanta_Basten-Andika-Salim/Ros2/install/tugas_opencv/include/tugas_opencv/tugas_opencv/msg/detail/color__rosidl_typesupport_introspection_c.h
-- Installing: /home/basten/ros2_ws/src/MagangBanyubramanta_Basten-Andika-Salim/Ros2/install/tugas_opencv/include/tugas_opencv/tugas_opencv/msg/detail/color__type_support.c
-- Installing: /home/basten/ros2_ws/src/MagangBanyubramanta_Basten-Andika-Salim/Ros2/install/tugas_opencv/lib/libtugas_opencv__rosidl_typesupport_introspection_c.so
-- Set runtime path of "/home/basten/ros2_ws/src/MagangBanyubramanta_Basten-Andika-Salim/Ros2/install/tugas_opencv/lib/libtugas_opencv__rosidl_typesupport_introspection_c.so" to ""
-- Installing: /home/basten/ros2_ws/src/MagangBanyubramanta_Basten-Andika-Salim/Ros2/install/tugas_opencv/lib/libtugas_opencv__rosidl_typesupport_c.so
-- Set runtime path of "/home/basten/ros2_ws/src/MagangBanyubramanta_Basten-Andika-Salim/Ros2/install/tugas_opencv/lib/libtugas_opencv__rosidl_typesupport_c.so" to ""
-- Up-to-date: /home/basten/ros2_ws/src/MagangBanyubramanta_Basten-Andika-Salim/Ros2/install/tugas_opencv/include/tugas_opencv/tugas_opencv
-- Up-to-date: /home/basten/ros2_ws/src/MagangBanyubramanta_Basten-Andika-Salim/Ros2/install/tugas_opencv/include/tugas_opencv/tugas_opencv/msg
-- Up-to-date: /home/basten/ros2_ws/src/MagangBanyubramanta_Basten-Andika-Salim/Ros2/install/tugas_opencv/include/tugas_opencv/tugas_opencv/msg/detail
-- Installing: /home/basten/ros2_ws/src/MagangBanyubramanta_Basten-Andika-Salim/Ros2/install/tugas_opencv/include/tugas_opencv/tugas_opencv/msg/detail/color__type_support.cpp
-- Installing: /home/basten/ros2_ws/src/MagangBanyubramanta_Basten-Andika-Salim/Ros2/install/tugas_opencv/include/tugas_opencv/tugas_opencv/msg/detail/position__type_support.cpp
-- Installing: /home/basten/ros2_ws/src/MagangBanyubramanta_Basten-Andika-Salim/Ros2/install/tugas_opencv/include/tugas_opencv/tugas_opencv/msg/detail/color__rosidl_typesupport_introspection_cpp.hpp
-- Installing: /home/basten/ros2_ws/src/MagangBanyubramanta_Basten-Andika-Salim/Ros2/install/tugas_opencv/include/tugas_opencv/tugas_opencv/msg/detail/position__rosidl_typesupport_introspection_cpp.hpp
-- Installing: /home/basten/ros2_ws/src/MagangBanyubramanta_Basten-Andika-Salim/Ros2/install/tugas_opencv/lib/libtugas_opencv__rosidl_typesupport_introspection_cpp.so
-- Set runtime path of "/home/basten/ros2_ws/src/MagangBanyubramanta_Basten-Andika-Salim/Ros2/install/tugas_opencv/lib/libtugas_opencv__rosidl_typesupport_introspection_cpp.so" to ""
-- Installing: /home/basten/ros2_ws/src/MagangBanyubramanta_Basten-Andika-Salim/Ros2/install/tugas_opencv/lib/libtugas_opencv__rosidl_typesupport_cpp.so
-- Set runtime path of "/home/basten/ros2_ws/src/MagangBanyubramanta_Basten-Andika-Salim/Ros2/install/tugas_opencv/lib/libtugas_opencv__rosidl_typesupport_cpp.so" to ""
-- Up-to-date: /home/basten/ros2_ws/src/MagangBanyubramanta_Basten-Andika-Salim/Ros2/install/tugas_opencv/share/tugas_opencv/environment/pythonpath.sh
-- Installing: /home/basten/ros2_ws/src/MagangBanyubramanta_Basten-Andika-Salim/Ros2/install/tugas_opencv/share/tugas_opencv/environment/pythonpath.dsv
-- Up-to-date: /home/basten/ros2_ws/src/MagangBanyubramanta_Basten-Andika-Salim/Ros2/install/tugas_opencv/local/lib/python3.10/dist-packages/tugas_opencv-0.0.0-py3.10.egg-info
-- Installing: /home/basten/ros2_ws/src/MagangBanyubramanta_Basten-Andika-Salim/Ros2/install/tugas_opencv/local/lib/python3.10/dist-packages/tugas_opencv-0.0.0-py3.10.egg-info/top_level.txt
-- Installing: /home/basten/ros2_ws/src/MagangBanyubramanta_Basten-Andika-Salim/Ros2/install/tugas_opencv/local/lib/python3.10/dist-packages/tugas_opencv-0.0.0-py3.10.egg-info/PKG-INFO
-- Installing: /home/basten/ros2_ws/src/MagangBanyubramanta_Basten-Andika-Salim/Ros2/install/tugas_opencv/local/lib/python3.10/dist-packages/tugas_opencv-0.0.0-py3.10.egg-info/dependency_links.txt
-- Installing: /home/basten/ros2_ws/src/MagangBanyubramanta_Basten-Andika-Salim/Ros2/install/tugas_opencv/local/lib/python3.10/dist-packages/tugas_opencv-0.0.0-py3.10.egg-info/SOURCES.txt
-- Up-to-date: /home/basten/ros2_ws/src/MagangBanyubramanta_Basten-Andika-Salim/Ros2/install/tugas_opencv/local/lib/python3.10/dist-packages/tugas_opencv
-- Installing: /home/basten/ros2_ws/src/MagangBanyubramanta_Basten-Andika-Salim/Ros2/install/tugas_opencv/local/lib/python3.10/dist-packages/tugas_opencv/_tugas_opencv_s.ep.rosidl_typesupport_introspection_c.c
-- Installing: /home/basten/ros2_ws/src/MagangBanyubramanta_Basten-Andika-Salim/Ros2/install/tugas_opencv/local/lib/python3.10/dist-packages/tugas_opencv/_tugas_opencv_s.ep.rosidl_typesupport_fastrtps_c.c
-- Installing: /home/basten/ros2_ws/src/MagangBanyubramanta_Basten-Andika-Salim/Ros2/install/tugas_opencv/local/lib/python3.10/dist-packages/tugas_opencv/tugas_opencv_s__rosidl_typesupport_introspection_c.cpython-310-x86_64-linux-gnu.so
-- Installing: /home/basten/ros2_ws/src/MagangBanyubramanta_Basten-Andika-Salim/Ros2/install/tugas_opencv/local/lib/python3.10/dist-packages/tugas_opencv/libtugas_opencv__rosidl_generator_py.so
-- Installing: /home/basten/ros2_ws/src/MagangBanyubramanta_Basten-Andika-Salim/Ros2/install/tugas_opencv/local/lib/python3.10/dist-packages/tugas_opencv/tugas_opencv_s__rosidl_typesupport_c.cpython-310-x86_64-linux-gnu.so
-- Installing: /home/basten/ros2_ws/src/MagangBanyubramanta_Basten-Andika-Salim/Ros2/install/tugas_opencv/local/lib/python3.10/dist-packages/tugas_opencv/tugas_opencv_s__rosidl_typesupport_fastrtps_c.cpython-310-x86_64-linux-gnu.so
-- Installing: /home/basten/ros2_ws/src/MagangBanyubramanta_Basten-Andika-Salim/Ros2/install/tugas_opencv/local/lib/python3.10/dist-packages/tugas_opencv/_tugas_opencv_s.ep.rosidl_typesupport_c.c
-- Installing: /home/basten/ros2_ws/src/MagangBanyubramanta_Basten-Andika-Salim/Ros2/install/tugas_opencv/local/lib/python3.10/dist-packages/tugas_opencv/__init__.py
-- Up-to-date: /home/basten/ros2_ws/src/MagangBanyubramanta_Basten-Andika-Salim/Ros2/install/tugas_opencv/local/lib/python3.10/dist-packages/tugas_opencv/msg
-- Installing: /home/basten/ros2_ws/src/MagangBanyubramanta_Basten-Andika-Salim/Ros2/install/tugas_opencv/local/lib/python3.10/dist-packages/tugas_opencv/msg/_position.py
-- Installing: /home/basten/ros2_ws/src/MagangBanyubramanta_Basten-Andika-Salim/Ros2/install/tugas_opencv/local/lib/python3.10/dist-packages/tugas_opencv/msg/_color.py
-- Installing: /home/basten/ros2_ws/src/MagangBanyubramanta_Basten-Andika-Salim/Ros2/install/tugas_opencv/local/lib/python3.10/dist-packages/tugas_opencv/msg/_position_s.c
-- Installing: /home/basten/ros2_ws/src/MagangBanyubramanta_Basten-Andika-Salim/Ros2/install/tugas_opencv/local/lib/python3.10/dist-packages/tugas_opencv/msg/_color_s.c
-- Installing: /home/basten/ros2_ws/src/MagangBanyubramanta_Basten-Andika-Salim/Ros2/install/tugas_opencv/local/lib/python3.10/dist-packages/tugas_opencv/msg/__init__.py
Listing '/home/basten/ros2_ws/src/MagangBanyubramanta_Basten-Andika-Salim/Ros2/install/tugas_opencv/local/lib/python3.10/dist-packages/tugas_opencv'...
Compiling '/home/basten/ros2_ws/src/MagangBanyubramanta_Basten-Andika-Salim/Ros2/install/tugas_opencv/local/lib/python3.10/dist-packages/tugas_opencv/__init__.py'...
Listing '/home/basten/ros2_ws/src/MagangBanyubramanta_Basten-Andika-Salim/Ros2/install/tugas_opencv/local/lib/python3.10/dist-packages/tugas_opencv/msg'...
Compiling '/home/basten/ros2_ws/src/MagangBanyubramanta_Basten-Andika-Salim/Ros2/install/tugas_opencv/local/lib/python3.10/dist-packages/tugas_opencv/msg/__init__.py'...
Compiling '/home/basten/ros2_ws/src/MagangBanyubramanta_Basten-Andika-Salim/Ros2/install/tugas_opencv/local/lib/python3.10/dist-packages/tugas_opencv/msg/_color.py'...
Compiling '/home/basten/ros2_ws/src/MagangBanyubramanta_Basten-Andika-Salim/Ros2/install/tugas_opencv/local/lib/python3.10/dist-packages/tugas_opencv/msg/_position.py'...
-- Installing: /home/basten/ros2_ws/src/MagangBanyubramanta_Basten-Andika-Salim/Ros2/install/tugas_opencv/local/lib/python3.10/dist-packages/tugas_opencv/tugas_opencv_s__rosidl_typesupport_fastrtps_c.cpython-310-x86_64-linux-gnu.so
-- Set runtime path of "/home/basten/ros2_ws/src/MagangBanyubramanta_Basten-Andika-Salim/Ros2/install/tugas_opencv/local/lib/python3.10/dist-packages/tugas_opencv/tugas_opencv_s__rosidl_typesupport_fastrtps_c.cpython-310-x86_64-linux-gnu.so" to ""
-- Installing: /home/basten/ros2_ws/src/MagangBanyubramanta_Basten-Andika-Salim/Ros2/install/tugas_opencv/local/lib/python3.10/dist-packages/tugas_opencv/tugas_opencv_s__rosidl_typesupport_introspection_c.cpython-310-x86_64-linux-gnu.so
-- Set runtime path of "/home/basten/ros2_ws/src/MagangBanyubramanta_Basten-Andika-Salim/Ros2/install/tugas_opencv/local/lib/python3.10/dist-packages/tugas_opencv/tugas_opencv_s__rosidl_typesupport_introspection_c.cpython-310-x86_64-linux-gnu.so" to ""
-- Installing: /home/basten/ros2_ws/src/MagangBanyubramanta_Basten-Andika-Salim/Ros2/install/tugas_opencv/local/lib/python3.10/dist-packages/tugas_opencv/tugas_opencv_s__rosidl_typesupport_c.cpython-310-x86_64-linux-gnu.so
-- Set runtime path of "/home/basten/ros2_ws/src/MagangBanyubramanta_Basten-Andika-Salim/Ros2/install/tugas_opencv/local/lib/python3.10/dist-packages/tugas_opencv/tugas_opencv_s__rosidl_typesupport_c.cpython-310-x86_64-linux-gnu.so" to ""
-- Installing: /home/basten/ros2_ws/src/MagangBanyubramanta_Basten-Andika-Salim/Ros2/install/tugas_opencv/lib/libtugas_opencv__rosidl_generator_py.so
-- Set runtime path of "/home/basten/ros2_ws/src/MagangBanyubramanta_Basten-Andika-Salim/Ros2/install/tugas_opencv/lib/libtugas_opencv__rosidl_generator_py.so" to ""
-- Installing: /home/basten/ros2_ws/src/MagangBanyubramanta_Basten-Andika-Salim/Ros2/install/tugas_opencv/share/tugas_opencv/msg/Color.idl
-- Installing: /home/basten/ros2_ws/src/MagangBanyubramanta_Basten-Andika-Salim/Ros2/install/tugas_opencv/share/tugas_opencv/msg/Position.idl
-- Installing: /home/basten/ros2_ws/src/MagangBanyubramanta_Basten-Andika-Salim/Ros2/install/tugas_opencv/share/tugas_opencv/msg/Color.msg
-- Installing: /home/basten/ros2_ws/src/MagangBanyubramanta_Basten-Andika-Salim/Ros2/install/tugas_opencv/share/tugas_opencv/msg/Position.msg
-- Installing: /home/basten/ros2_ws/src/MagangBanyubramanta_Basten-Andika-Salim/Ros2/install/tugas_opencv/lib/tugas_opencv/colorcheck
-- Set runtime path of "/home/basten/ros2_ws/src/MagangBanyubramanta_Basten-Andika-Salim/Ros2/install/tugas_opencv/lib/tugas_opencv/colorcheck" to ""
-- Up-to-date: /home/basten/ros2_ws/src/MagangBanyubramanta_Basten-Andika-Salim/Ros2/install/tugas_opencv/share/ament_index/resource_index/package_run_dependencies/tugas_opencv
-- Installing: /home/basten/ros2_ws/src/MagangBanyubramanta_Basten-Andika-Salim/Ros2/install/tugas_opencv/share/ament_index/resource_index/parent_prefix_path/tugas_opencv
-- Up-to-date: /home/basten/ros2_ws/src/MagangBanyubramanta_Basten-Andika-Salim/Ros2/install/tugas_opencv/share/tugas_opencv/environment/ament_prefix_path.sh
-- Installing: /home/basten/ros2_ws/src/MagangBanyubramanta_Basten-Andika-Salim/Ros2/install/tugas_opencv/share/tugas_opencv/environment/ament_prefix_path.dsv
-- Up-to-date: /home/basten/ros2_ws/src/MagangBanyubramanta_Basten-Andika-Salim/Ros2/install/tugas_opencv/share/tugas_opencv/environment/path.sh
-- Installing: /home/basten/ros2_ws/src/MagangBanyubramanta_Basten-Andika-Salim/Ros2/install/tugas_opencv/share/tugas_opencv/environment/path.dsv
-- Up-to-date: /home/basten/ros2_ws/src/MagangBanyubramanta_Basten-Andika-Salim/Ros2/install/tugas_opencv/share/tugas_opencv/local_setup.bash
-- Up-to-date: /home/basten/ros2_ws/src/MagangBanyubramanta_Basten-Andika-Salim/Ros2/install/tugas_opencv/share/tugas_opencv/local_setup.sh
-- Up-to-date: /home/basten/ros2_ws/src/MagangBanyubramanta_Basten-Andika-Salim/Ros2/install/tugas_opencv/share/tugas_opencv/local_setup.zsh
-- Installing: /home/basten/ros2_ws/src/MagangBanyubramanta_Basten-Andika-Salim/Ros2/install/tugas_opencv/share/tugas_opencv/local_setup.dsv
-- Installing: /home/basten/ros2_ws/src/MagangBanyubramanta_Basten-Andika-Salim/Ros2/install/tugas_opencv/share/tugas_opencv/package.dsv
-- Up-to-date: /home/basten/ros2_ws/src/MagangBanyubramanta_Basten-Andika-Salim/Ros2/install/tugas_opencv/share/ament_index/resource_index/packages/tugas_opencv
-- Up-to-date: /home/basten/ros2_ws/src/MagangBanyubramanta_Basten-Andika-Salim/Ros2/install/tugas_opencv/share/tugas_opencv/cmake/export_tugas_opencv__rosidl_generator_cExport.cmake
-- Up-to-date: /home/basten/ros2_ws/src/MagangBanyubramanta_Basten-Andika-Salim/Ros2/install/tugas_opencv/share/tugas_opencv/cmake/export_tugas_opencv__rosidl_generator_cExport-noconfig.cmake
-- Up-to-date: /home/basten/ros2_ws/src/MagangBanyubramanta_Basten-Andika-Salim/Ros2/install/tugas_opencv/share/tugas_opencv/cmake/export_tugas_opencv__rosidl_typesupport_fastrtps_cExport.cmake
-- Up-to-date: /home/basten/ros2_ws/src/MagangBanyubramanta_Basten-Andika-Salim/Ros2/install/tugas_opencv/share/tugas_opencv/cmake/export_tugas_opencv__rosidl_typesupport_fastrtps_cExport-noconfig.cmake
-- Up-to-date: /home/basten/ros2_ws/src/MagangBanyubramanta_Basten-Andika-Salim/Ros2/install/tugas_opencv/share/tugas_opencv/cmake/export_tugas_opencv__rosidl_generator_cppExport.cmake
-- Up-to-date: /home/basten/ros2_ws/src/MagangBanyubramanta_Basten-Andika-Salim/Ros2/install/tugas_opencv/share/tugas_opencv/cmake/export_tugas_opencv__rosidl_typesupport_fastrtps_cppExport.cmake
-- Up-to-date: /home/basten/ros2_ws/src/MagangBanyubramanta_Basten-Andika-Salim/Ros2/install/tugas_opencv/share/tugas_opencv/cmake/export_tugas_opencv__rosidl_typesupport_fastrtps_cppExport-noconfig.cmake
-- Up-to-date: /home/basten/ros2_ws/src/MagangBanyubramanta_Basten-Andika-Salim/Ros2/install/tugas_opencv/share/tugas_opencv/cmake/tugas_opencv__rosidl_typesupport_introspection_cExport.cmake
-- Up-to-date: /home/basten/ros2_ws/src/MagangBanyubramanta_Basten-Andika-Salim/Ros2/install/tugas_opencv/share/tugas_opencv/cmake/tugas_opencv__rosidl_typesupport_introspection_cExport-noconfig.cmake
-- Up-to-date: /home/basten/ros2_ws/src/MagangBanyubramanta_Basten-Andika-Salim/Ros2/install/tugas_opencv/share/tugas_opencv/cmake/tugas_opencv__rosidl_typesupport_cExport.cmake
-- Up-to-date: /home/basten/ros2_ws/src/MagangBanyubramanta_Basten-Andika-Salim/Ros2/install/tugas_opencv/share/tugas_opencv/cmake/tugas_opencv__rosidl_typesupport_cExport-noconfig.cmake
-- Up-to-date: /home/basten/ros2_ws/src/MagangBanyubramanta_Basten-Andika-Salim/Ros2/install/tugas_opencv/share/tugas_opencv/cmake/tugas_opencv__rosidl_typesupport_introspection_cppExport.cmake
-- Up-to-date: /home/basten/ros2_ws/src/MagangBanyubramanta_Basten-Andika-Salim/Ros2/install/tugas_opencv/share/tugas_opencv/cmake/tugas_opencv__rosidl_typesupport_introspection_cppExport-noconfig.cmake
-- Up-to-date: /home/basten/ros2_ws/src/MagangBanyubramanta_Basten-Andika-Salim/Ros2/install/tugas_opencv/share/tugas_opencv/cmake/tugas_opencv__rosidl_typesupport_cppExport.cmake
-- Up-to-date: /home/basten/ros2_ws/src/MagangBanyubramanta_Basten-Andika-Salim/Ros2/install/tugas_opencv/share/tugas_opencv/cmake/tugas_opencv__rosidl_typesupport_cppExport-noconfig.cmake
-- Up-to-date: /home/basten/ros2_ws/src/MagangBanyubramanta_Basten-Andika-Salim/Ros2/install/tugas_opencv/share/tugas_opencv/cmake/export_tugas_opencv__rosidl_generator_pyExport.cmake
-- Up-to-date: /home/basten/ros2_ws/src/MagangBanyubramanta_Basten-Andika-Salim/Ros2/install/tugas_opencv/share/tugas_opencv/cmake/export_tugas_opencv__rosidl_generator_pyExport-noconfig.cmake
-- Up-to-date: /home/basten/ros2_ws/src/MagangBanyubramanta_Basten-Andika-Salim/Ros2/install/tugas_opencv/share/tugas_opencv/cmake/rosidl_cmake-extras.cmake
-- Up-to-date: /home/basten/ros2_ws/src/MagangBanyubramanta_Basten-Andika-Salim/Ros2/install/tugas_opencv/share/tugas_opencv/cmake/ament_cmake_export_include_directories-extras.cmake
-- Up-to-date: /home/basten/ros2_ws/src/MagangBanyubramanta_Basten-Andika-Salim/Ros2/install/tugas_opencv/share/tugas_opencv/cmake/ament_cmake_export_libraries-extras.cmake
-- Up-to-date: /home/basten/ros2_ws/src/MagangBanyubramanta_Basten-Andika-Salim/Ros2/install/tugas_opencv/share/tugas_opencv/cmake/ament_cmake_export_targets-extras.cmake
-- Up-to-date: /home/basten/ros2_ws/src/MagangBanyubramanta_Basten-Andika-Salim/Ros2/install/tugas_opencv/share/tugas_opencv/cmake/rosidl_cmake_export_typesupport_targets-extras.cmake
-- Up-to-date: /home/basten/ros2_ws/src/MagangBanyubramanta_Basten-Andika-Salim/Ros2/install/tugas_opencv/share/tugas_opencv/cmake/ament_cmake_export_dependencies-extras.cmake
-- Up-to-date: /home/basten/ros2_ws/src/MagangBanyubramanta_Basten-Andika-Salim/Ros2/install/tugas_opencv/share/tugas_opencv/cmake/rosidl_cmake_export_typesupport_libraries-extras.cmake
-- Up-to-date: /home/basten/ros2_ws/src/MagangBanyubramanta_Basten-Andika-Salim/Ros2/install/tugas_opencv/share/tugas_opencv/cmake/tugas_opencvConfig.cmake
-- Up-to-date: /home/basten/ros2_ws/src/MagangBanyubramanta_Basten-Andika-Salim/Ros2/install/tugas_opencv/share/tugas_opencv/cmake/tugas_opencvConfig-version.cmake
-- Up-to-date: /home/basten/ros2_ws/src/MagangBanyubramanta_Basten-Andika-Salim/Ros2/install/tugas_opencv/share/tugas_opencv/package.xml
