[33mCMake Warning at /usr/lib/cmake/ngraph2023.3.0/ngraphConfig.cmake:79 (message):
  find_package(ngraph) is deprecated and will be removed in 2024.0 release.
  Please, use find_package(OpenVINO)
Call Stack (most recent call first):
  CMakeLists.txt:15 (find_package)

[0m
[33mCMake Warning at /usr/lib/cmake/inferenceengine2023.3.0/InferenceEngineConfig.cmake:62 (message):
  find_package(InferenceEngine) is deprecated and will be removed in 2024.0
  release.  Please, use find_package(OpenVINO)
Call Stack (most recent call first):
  CMakeLists.txt:16 (find_package)

[0m
[31mCMake Error at CMakeLists.txt:23 (target_link_libraries):
  The plain signature for target_link_libraries has already been used with
  the target "initCv".  All uses of target_link_libraries with a target must
  be either all-keyword or all-plain.

  The uses of the plain signature are here:

   * /opt/ros/humble/share/ament_cmake_target_dependencies/cmake/ament_target_dependencies.cmake:145 (target_link_libraries)
   * /opt/ros/humble/share/ament_cmake_target_dependencies/cmake/ament_target_dependencies.cmake:151 (target_link_libraries)


[0m
gmake: *** [Makefile:267: cmake_check_build_system] Error 1
