[0/1] Re-running CMake...
-- Found ament_cmake: 1.3.3 (/usr/local/MATLAB/R2023b/sys/ros2/glnxa64/ros2/share/ament_cmake/cmake)
-- Found ament_cmake_ros: 0.10.0 (/usr/local/MATLAB/R2023b/sys/ros2/glnxa64/ros2/share/ament_cmake_ros/cmake)
-- Found rosidl_typesupport_c: 2.0.0 (/usr/local/MATLAB/R2023b/sys/ros2/glnxa64/ros2/share/rosidl_typesupport_c/cmake)
-- Using all available rosidl_typesupport_c: rosidl_typesupport_fastrtps_c;rosidl_typesupport_introspection_c
-- Found rosidl_adapter: 3.1.4 (/usr/local/MATLAB/R2023b/sys/ros2/glnxa64/ros2/share/rosidl_adapter/cmake)
-- Found rosidl_typesupport_cpp: 2.0.0 (/usr/local/MATLAB/R2023b/sys/ros2/glnxa64/ros2/share/rosidl_typesupport_cpp/cmake)
-- Using all available rosidl_typesupport_cpp: rosidl_typesupport_fastrtps_cpp;rosidl_typesupport_introspection_cpp
-- Found rosidl_default_generators: 1.2.0 (/usr/local/MATLAB/R2023b/sys/ros2/glnxa64/ros2/share/rosidl_default_generators/cmake)
-- Found class_loader: 2.2.0 (/usr/local/MATLAB/R2023b/sys/ros2/glnxa64/ros2/share/class_loader/cmake)
-- Found rclcpp: 16.0.3 (/usr/local/MATLAB/R2023b/sys/ros2/glnxa64/ros2/share/rclcpp/cmake)
-- Found rmw_implementation_cmake: 6.1.1 (/usr/local/MATLAB/R2023b/sys/ros2/glnxa64/ros2/share/rmw_implementation_cmake/cmake)
-- Found rmw_fastrtps_cpp: 6.2.2 (/usr/local/MATLAB/R2023b/sys/ros2/glnxa64/ros2/share/rmw_fastrtps_cpp/cmake)
-- Using RMW implementation 'rmw_fastrtps_cpp' as default
-- Using all available rosidl_typesupport_c: rosidl_typesupport_fastrtps_c;rosidl_typesupport_introspection_c
-- Using all available rosidl_typesupport_cpp: rosidl_typesupport_fastrtps_cpp;rosidl_typesupport_introspection_cpp
-- Configuring done
-- Generating done
-- Build files have been written to: /home/basten/ros2_ws/src/MagangBanyubramanta_Basten-Andika-Salim/src/matlab_msg_gen/glnxa64/build/tugas_opencv
ninja: no work to do.
-- Install configuration: "Release"
-- Up-to-date: /home/basten/ros2_ws/src/MagangBanyubramanta_Basten-Andika-Salim/src/matlab_msg_gen/glnxa64/install/share/ament_index/resource_index/rosidl_interfaces/tugas_opencv
-- Up-to-date: /home/basten/ros2_ws/src/MagangBanyubramanta_Basten-Andika-Salim/src/matlab_msg_gen/glnxa64/install/include/tugas_opencv/tugas_opencv
-- Up-to-date: /home/basten/ros2_ws/src/MagangBanyubramanta_Basten-Andika-Salim/src/matlab_msg_gen/glnxa64/install/include/tugas_opencv/tugas_opencv/msg
-- Up-to-date: /home/basten/ros2_ws/src/MagangBanyubramanta_Basten-Andika-Salim/src/matlab_msg_gen/glnxa64/install/include/tugas_opencv/tugas_opencv/msg/rosidl_generator_c__visibility_control.h
-- Up-to-date: /home/basten/ros2_ws/src/MagangBanyubramanta_Basten-Andika-Salim/src/matlab_msg_gen/glnxa64/install/include/tugas_opencv/tugas_opencv/msg/color.h
-- Up-to-date: /home/basten/ros2_ws/src/MagangBanyubramanta_Basten-Andika-Salim/src/matlab_msg_gen/glnxa64/install/include/tugas_opencv/tugas_opencv/msg/position.h
-- Up-to-date: /home/basten/ros2_ws/src/MagangBanyubramanta_Basten-Andika-Salim/src/matlab_msg_gen/glnxa64/install/include/tugas_opencv/tugas_opencv/msg/detail
-- Up-to-date: /home/basten/ros2_ws/src/MagangBanyubramanta_Basten-Andika-Salim/src/matlab_msg_gen/glnxa64/install/include/tugas_opencv/tugas_opencv/msg/detail/position__functions.c
-- Up-to-date: /home/basten/ros2_ws/src/MagangBanyubramanta_Basten-Andika-Salim/src/matlab_msg_gen/glnxa64/install/include/tugas_opencv/tugas_opencv/msg/detail/color__struct.h
-- Up-to-date: /home/basten/ros2_ws/src/MagangBanyubramanta_Basten-Andika-Salim/src/matlab_msg_gen/glnxa64/install/include/tugas_opencv/tugas_opencv/msg/detail/color__functions.h
-- Up-to-date: /home/basten/ros2_ws/src/MagangBanyubramanta_Basten-Andika-Salim/src/matlab_msg_gen/glnxa64/install/include/tugas_opencv/tugas_opencv/msg/detail/position__struct.h
-- Up-to-date: /home/basten/ros2_ws/src/MagangBanyubramanta_Basten-Andika-Salim/src/matlab_msg_gen/glnxa64/install/include/tugas_opencv/tugas_opencv/msg/detail/color__type_support.h
-- Up-to-date: /home/basten/ros2_ws/src/MagangBanyubramanta_Basten-Andika-Salim/src/matlab_msg_gen/glnxa64/install/include/tugas_opencv/tugas_opencv/msg/detail/color__functions.c
-- Up-to-date: /home/basten/ros2_ws/src/MagangBanyubramanta_Basten-Andika-Salim/src/matlab_msg_gen/glnxa64/install/include/tugas_opencv/tugas_opencv/msg/detail/position__type_support.h
-- Up-to-date: /home/basten/ros2_ws/src/MagangBanyubramanta_Basten-Andika-Salim/src/matlab_msg_gen/glnxa64/install/include/tugas_opencv/tugas_opencv/msg/detail/position__functions.h
-- Up-to-date: /home/basten/ros2_ws/src/MagangBanyubramanta_Basten-Andika-Salim/src/matlab_msg_gen/glnxa64/install/share/tugas_opencv/environment/library_path.sh
-- Installing: /home/basten/ros2_ws/src/MagangBanyubramanta_Basten-Andika-Salim/src/matlab_msg_gen/glnxa64/install/share/tugas_opencv/environment/library_path.dsv
-- Up-to-date: /home/basten/ros2_ws/src/MagangBanyubramanta_Basten-Andika-Salim/src/matlab_msg_gen/glnxa64/install/lib/libtugas_opencv__rosidl_generator_c.so
-- Up-to-date: /home/basten/ros2_ws/src/MagangBanyubramanta_Basten-Andika-Salim/src/matlab_msg_gen/glnxa64/install/include/tugas_opencv/tugas_opencv
-- Up-to-date: /home/basten/ros2_ws/src/MagangBanyubramanta_Basten-Andika-Salim/src/matlab_msg_gen/glnxa64/install/include/tugas_opencv/tugas_opencv/msg
-- Up-to-date: /home/basten/ros2_ws/src/MagangBanyubramanta_Basten-Andika-Salim/src/matlab_msg_gen/glnxa64/install/include/tugas_opencv/tugas_opencv/msg/rosidl_typesupport_fastrtps_c__visibility_control.h
-- Up-to-date: /home/basten/ros2_ws/src/MagangBanyubramanta_Basten-Andika-Salim/src/matlab_msg_gen/glnxa64/install/include/tugas_opencv/tugas_opencv/msg/detail
-- Up-to-date: /home/basten/ros2_ws/src/MagangBanyubramanta_Basten-Andika-Salim/src/matlab_msg_gen/glnxa64/install/include/tugas_opencv/tugas_opencv/msg/detail/position__rosidl_typesupport_fastrtps_c.h
-- Up-to-date: /home/basten/ros2_ws/src/MagangBanyubramanta_Basten-Andika-Salim/src/matlab_msg_gen/glnxa64/install/include/tugas_opencv/tugas_opencv/msg/detail/color__rosidl_typesupport_fastrtps_c.h
-- Up-to-date: /home/basten/ros2_ws/src/MagangBanyubramanta_Basten-Andika-Salim/src/matlab_msg_gen/glnxa64/install/lib/libtugas_opencv__rosidl_typesupport_fastrtps_c.so
-- Up-to-date: /home/basten/ros2_ws/src/MagangBanyubramanta_Basten-Andika-Salim/src/matlab_msg_gen/glnxa64/install/include/tugas_opencv/tugas_opencv
-- Up-to-date: /home/basten/ros2_ws/src/MagangBanyubramanta_Basten-Andika-Salim/src/matlab_msg_gen/glnxa64/install/include/tugas_opencv/tugas_opencv/msg
-- Up-to-date: /home/basten/ros2_ws/src/MagangBanyubramanta_Basten-Andika-Salim/src/matlab_msg_gen/glnxa64/install/include/tugas_opencv/tugas_opencv/msg/rosidl_typesupport_introspection_c__visibility_control.h
-- Up-to-date: /home/basten/ros2_ws/src/MagangBanyubramanta_Basten-Andika-Salim/src/matlab_msg_gen/glnxa64/install/include/tugas_opencv/tugas_opencv/msg/detail
-- Up-to-date: /home/basten/ros2_ws/src/MagangBanyubramanta_Basten-Andika-Salim/src/matlab_msg_gen/glnxa64/install/include/tugas_opencv/tugas_opencv/msg/detail/position__type_support.c
-- Up-to-date: /home/basten/ros2_ws/src/MagangBanyubramanta_Basten-Andika-Salim/src/matlab_msg_gen/glnxa64/install/include/tugas_opencv/tugas_opencv/msg/detail/position__rosidl_typesupport_introspection_c.h
-- Up-to-date: /home/basten/ros2_ws/src/MagangBanyubramanta_Basten-Andika-Salim/src/matlab_msg_gen/glnxa64/install/include/tugas_opencv/tugas_opencv/msg/detail/color__rosidl_typesupport_introspection_c.h
-- Up-to-date: /home/basten/ros2_ws/src/MagangBanyubramanta_Basten-Andika-Salim/src/matlab_msg_gen/glnxa64/install/include/tugas_opencv/tugas_opencv/msg/detail/color__type_support.c
-- Up-to-date: /home/basten/ros2_ws/src/MagangBanyubramanta_Basten-Andika-Salim/src/matlab_msg_gen/glnxa64/install/lib/libtugas_opencv__rosidl_typesupport_introspection_c.so
-- Up-to-date: /home/basten/ros2_ws/src/MagangBanyubramanta_Basten-Andika-Salim/src/matlab_msg_gen/glnxa64/install/lib/libtugas_opencv__rosidl_typesupport_c.so
-- Up-to-date: /home/basten/ros2_ws/src/MagangBanyubramanta_Basten-Andika-Salim/src/matlab_msg_gen/glnxa64/install/include/tugas_opencv/tugas_opencv
-- Up-to-date: /home/basten/ros2_ws/src/MagangBanyubramanta_Basten-Andika-Salim/src/matlab_msg_gen/glnxa64/install/include/tugas_opencv/tugas_opencv/msg
-- Up-to-date: /home/basten/ros2_ws/src/MagangBanyubramanta_Basten-Andika-Salim/src/matlab_msg_gen/glnxa64/install/include/tugas_opencv/tugas_opencv/msg/color.hpp
-- Up-to-date: /home/basten/ros2_ws/src/MagangBanyubramanta_Basten-Andika-Salim/src/matlab_msg_gen/glnxa64/install/include/tugas_opencv/tugas_opencv/msg/position.hpp
-- Up-to-date: /home/basten/ros2_ws/src/MagangBanyubramanta_Basten-Andika-Salim/src/matlab_msg_gen/glnxa64/install/include/tugas_opencv/tugas_opencv/msg/detail
-- Up-to-date: /home/basten/ros2_ws/src/MagangBanyubramanta_Basten-Andika-Salim/src/matlab_msg_gen/glnxa64/install/include/tugas_opencv/tugas_opencv/msg/detail/color__traits.hpp
-- Up-to-date: /home/basten/ros2_ws/src/MagangBanyubramanta_Basten-Andika-Salim/src/matlab_msg_gen/glnxa64/install/include/tugas_opencv/tugas_opencv/msg/detail/position__traits.hpp
-- Up-to-date: /home/basten/ros2_ws/src/MagangBanyubramanta_Basten-Andika-Salim/src/matlab_msg_gen/glnxa64/install/include/tugas_opencv/tugas_opencv/msg/detail/position__struct.hpp
-- Up-to-date: /home/basten/ros2_ws/src/MagangBanyubramanta_Basten-Andika-Salim/src/matlab_msg_gen/glnxa64/install/include/tugas_opencv/tugas_opencv/msg/detail/position__builder.hpp
-- Up-to-date: /home/basten/ros2_ws/src/MagangBanyubramanta_Basten-Andika-Salim/src/matlab_msg_gen/glnxa64/install/include/tugas_opencv/tugas_opencv/msg/detail/color__struct.hpp
-- Up-to-date: /home/basten/ros2_ws/src/MagangBanyubramanta_Basten-Andika-Salim/src/matlab_msg_gen/glnxa64/install/include/tugas_opencv/tugas_opencv/msg/detail/color__builder.hpp
-- Up-to-date: /home/basten/ros2_ws/src/MagangBanyubramanta_Basten-Andika-Salim/src/matlab_msg_gen/glnxa64/install/include/tugas_opencv/tugas_opencv
-- Up-to-date: /home/basten/ros2_ws/src/MagangBanyubramanta_Basten-Andika-Salim/src/matlab_msg_gen/glnxa64/install/include/tugas_opencv/tugas_opencv/msg
-- Up-to-date: /home/basten/ros2_ws/src/MagangBanyubramanta_Basten-Andika-Salim/src/matlab_msg_gen/glnxa64/install/include/tugas_opencv/tugas_opencv/msg/rosidl_typesupport_fastrtps_cpp__visibility_control.h
-- Up-to-date: /home/basten/ros2_ws/src/MagangBanyubramanta_Basten-Andika-Salim/src/matlab_msg_gen/glnxa64/install/include/tugas_opencv/tugas_opencv/msg/detail
-- Up-to-date: /home/basten/ros2_ws/src/MagangBanyubramanta_Basten-Andika-Salim/src/matlab_msg_gen/glnxa64/install/include/tugas_opencv/tugas_opencv/msg/detail/dds_fastrtps
-- Up-to-date: /home/basten/ros2_ws/src/MagangBanyubramanta_Basten-Andika-Salim/src/matlab_msg_gen/glnxa64/install/include/tugas_opencv/tugas_opencv/msg/detail/color__rosidl_typesupport_fastrtps_cpp.hpp
-- Up-to-date: /home/basten/ros2_ws/src/MagangBanyubramanta_Basten-Andika-Salim/src/matlab_msg_gen/glnxa64/install/include/tugas_opencv/tugas_opencv/msg/detail/position__rosidl_typesupport_fastrtps_cpp.hpp
-- Up-to-date: /home/basten/ros2_ws/src/MagangBanyubramanta_Basten-Andika-Salim/src/matlab_msg_gen/glnxa64/install/lib/libtugas_opencv__rosidl_typesupport_fastrtps_cpp.so
-- Up-to-date: /home/basten/ros2_ws/src/MagangBanyubramanta_Basten-Andika-Salim/src/matlab_msg_gen/glnxa64/install/include/tugas_opencv/tugas_opencv
-- Up-to-date: /home/basten/ros2_ws/src/MagangBanyubramanta_Basten-Andika-Salim/src/matlab_msg_gen/glnxa64/install/include/tugas_opencv/tugas_opencv/msg
-- Up-to-date: /home/basten/ros2_ws/src/MagangBanyubramanta_Basten-Andika-Salim/src/matlab_msg_gen/glnxa64/install/include/tugas_opencv/tugas_opencv/msg/detail
-- Up-to-date: /home/basten/ros2_ws/src/MagangBanyubramanta_Basten-Andika-Salim/src/matlab_msg_gen/glnxa64/install/include/tugas_opencv/tugas_opencv/msg/detail/color__type_support.cpp
-- Up-to-date: /home/basten/ros2_ws/src/MagangBanyubramanta_Basten-Andika-Salim/src/matlab_msg_gen/glnxa64/install/include/tugas_opencv/tugas_opencv/msg/detail/position__type_support.cpp
-- Up-to-date: /home/basten/ros2_ws/src/MagangBanyubramanta_Basten-Andika-Salim/src/matlab_msg_gen/glnxa64/install/include/tugas_opencv/tugas_opencv/msg/detail/color__rosidl_typesupport_introspection_cpp.hpp
-- Up-to-date: /home/basten/ros2_ws/src/MagangBanyubramanta_Basten-Andika-Salim/src/matlab_msg_gen/glnxa64/install/include/tugas_opencv/tugas_opencv/msg/detail/position__rosidl_typesupport_introspection_cpp.hpp
-- Up-to-date: /home/basten/ros2_ws/src/MagangBanyubramanta_Basten-Andika-Salim/src/matlab_msg_gen/glnxa64/install/lib/libtugas_opencv__rosidl_typesupport_introspection_cpp.so
-- Up-to-date: /home/basten/ros2_ws/src/MagangBanyubramanta_Basten-Andika-Salim/src/matlab_msg_gen/glnxa64/install/lib/libtugas_opencv__rosidl_typesupport_cpp.so
-- Up-to-date: /home/basten/ros2_ws/src/MagangBanyubramanta_Basten-Andika-Salim/src/matlab_msg_gen/glnxa64/install/share/tugas_opencv/msg/Color.idl
-- Up-to-date: /home/basten/ros2_ws/src/MagangBanyubramanta_Basten-Andika-Salim/src/matlab_msg_gen/glnxa64/install/share/tugas_opencv/msg/Position.idl
-- Up-to-date: /home/basten/ros2_ws/src/MagangBanyubramanta_Basten-Andika-Salim/src/matlab_msg_gen/glnxa64/install/share/tugas_opencv/msg/Color.msg
-- Installing: /home/basten/ros2_ws/src/MagangBanyubramanta_Basten-Andika-Salim/src/matlab_msg_gen/glnxa64/install/share/tugas_opencv/msg/Position.msg
-- Up-to-date: /home/basten/ros2_ws/src/MagangBanyubramanta_Basten-Andika-Salim/src/matlab_msg_gen/glnxa64/install/include
-- Up-to-date: /home/basten/ros2_ws/src/MagangBanyubramanta_Basten-Andika-Salim/src/matlab_msg_gen/glnxa64/install/include/tugas_opencv
-- Up-to-date: /home/basten/ros2_ws/src/MagangBanyubramanta_Basten-Andika-Salim/src/matlab_msg_gen/glnxa64/install/include/tugas_opencv/visibility_control.h
-- Up-to-date: /home/basten/ros2_ws/src/MagangBanyubramanta_Basten-Andika-Salim/src/matlab_msg_gen/glnxa64/install/lib/libtugas_opencv_matlab.so
-- Up-to-date: /home/basten/ros2_ws/src/MagangBanyubramanta_Basten-Andika-Salim/src/matlab_msg_gen/glnxa64/install/m/
-- Up-to-date: /home/basten/ros2_ws/src/MagangBanyubramanta_Basten-Andika-Salim/src/matlab_msg_gen/glnxa64/install/m//+ros
-- Up-to-date: /home/basten/ros2_ws/src/MagangBanyubramanta_Basten-Andika-Salim/src/matlab_msg_gen/glnxa64/install/m//+ros/+internal
-- Up-to-date: /home/basten/ros2_ws/src/MagangBanyubramanta_Basten-Andika-Salim/src/matlab_msg_gen/glnxa64/install/m//+ros/+internal/+ros2
-- Up-to-date: /home/basten/ros2_ws/src/MagangBanyubramanta_Basten-Andika-Salim/src/matlab_msg_gen/glnxa64/install/m//+ros/+internal/+ros2/+custommessages
-- Up-to-date: /home/basten/ros2_ws/src/MagangBanyubramanta_Basten-Andika-Salim/src/matlab_msg_gen/glnxa64/install/m//+ros/+internal/+ros2/+custommessages/+tugas_opencv
-- Up-to-date: /home/basten/ros2_ws/src/MagangBanyubramanta_Basten-Andika-Salim/src/matlab_msg_gen/glnxa64/install/m//+ros/+internal/+ros2/+custommessages/+tugas_opencv/tugas_opencv_msg_Position_2To1_Converter.m
-- Up-to-date: /home/basten/ros2_ws/src/MagangBanyubramanta_Basten-Andika-Salim/src/matlab_msg_gen/glnxa64/install/m//+ros/+internal/+ros2/+custommessages/+tugas_opencv/tugas_opencv_msg_Position_1To2_Converter.m
-- Up-to-date: /home/basten/ros2_ws/src/MagangBanyubramanta_Basten-Andika-Salim/src/matlab_msg_gen/glnxa64/install/m//+ros/+internal/+ros2/+custommessages/+tugas_opencv/tugas_opencv_msg_Color_2To1_Converter.m
-- Up-to-date: /home/basten/ros2_ws/src/MagangBanyubramanta_Basten-Andika-Salim/src/matlab_msg_gen/glnxa64/install/m//+ros/+internal/+ros2/+custommessages/+tugas_opencv/position.m
-- Up-to-date: /home/basten/ros2_ws/src/MagangBanyubramanta_Basten-Andika-Salim/src/matlab_msg_gen/glnxa64/install/m//+ros/+internal/+ros2/+custommessages/+tugas_opencv/tugas_opencv_msg_Color_1To2_Converter.m
-- Up-to-date: /home/basten/ros2_ws/src/MagangBanyubramanta_Basten-Andika-Salim/src/matlab_msg_gen/glnxa64/install/m//+ros/+internal/+ros2/+custommessages/+tugas_opencv/color.m
-- Up-to-date: /home/basten/ros2_ws/src/MagangBanyubramanta_Basten-Andika-Salim/src/matlab_msg_gen/glnxa64/install/share/ament_index/resource_index/package_run_dependencies/tugas_opencv
-- Up-to-date: /home/basten/ros2_ws/src/MagangBanyubramanta_Basten-Andika-Salim/src/matlab_msg_gen/glnxa64/install/share/ament_index/resource_index/parent_prefix_path/tugas_opencv
-- Up-to-date: /home/basten/ros2_ws/src/MagangBanyubramanta_Basten-Andika-Salim/src/matlab_msg_gen/glnxa64/install/share/tugas_opencv/environment/ament_prefix_path.sh
-- Installing: /home/basten/ros2_ws/src/MagangBanyubramanta_Basten-Andika-Salim/src/matlab_msg_gen/glnxa64/install/share/tugas_opencv/environment/ament_prefix_path.dsv
-- Up-to-date: /home/basten/ros2_ws/src/MagangBanyubramanta_Basten-Andika-Salim/src/matlab_msg_gen/glnxa64/install/share/tugas_opencv/environment/path.sh
-- Installing: /home/basten/ros2_ws/src/MagangBanyubramanta_Basten-Andika-Salim/src/matlab_msg_gen/glnxa64/install/share/tugas_opencv/environment/path.dsv
-- Up-to-date: /home/basten/ros2_ws/src/MagangBanyubramanta_Basten-Andika-Salim/src/matlab_msg_gen/glnxa64/install/share/tugas_opencv/local_setup.bash
-- Up-to-date: /home/basten/ros2_ws/src/MagangBanyubramanta_Basten-Andika-Salim/src/matlab_msg_gen/glnxa64/install/share/tugas_opencv/local_setup.sh
-- Up-to-date: /home/basten/ros2_ws/src/MagangBanyubramanta_Basten-Andika-Salim/src/matlab_msg_gen/glnxa64/install/share/tugas_opencv/local_setup.zsh
-- Installing: /home/basten/ros2_ws/src/MagangBanyubramanta_Basten-Andika-Salim/src/matlab_msg_gen/glnxa64/install/share/tugas_opencv/local_setup.dsv
-- Installing: /home/basten/ros2_ws/src/MagangBanyubramanta_Basten-Andika-Salim/src/matlab_msg_gen/glnxa64/install/share/tugas_opencv/package.dsv
-- Up-to-date: /home/basten/ros2_ws/src/MagangBanyubramanta_Basten-Andika-Salim/src/matlab_msg_gen/glnxa64/install/share/ament_index/resource_index/packages/tugas_opencv
-- Up-to-date: /home/basten/ros2_ws/src/MagangBanyubramanta_Basten-Andika-Salim/src/matlab_msg_gen/glnxa64/install/share/tugas_opencv/cmake/export_tugas_opencv__rosidl_generator_cExport.cmake
-- Up-to-date: /home/basten/ros2_ws/src/MagangBanyubramanta_Basten-Andika-Salim/src/matlab_msg_gen/glnxa64/install/share/tugas_opencv/cmake/export_tugas_opencv__rosidl_generator_cExport-release.cmake
-- Up-to-date: /home/basten/ros2_ws/src/MagangBanyubramanta_Basten-Andika-Salim/src/matlab_msg_gen/glnxa64/install/share/tugas_opencv/cmake/export_tugas_opencv__rosidl_typesupport_fastrtps_cExport.cmake
-- Up-to-date: /home/basten/ros2_ws/src/MagangBanyubramanta_Basten-Andika-Salim/src/matlab_msg_gen/glnxa64/install/share/tugas_opencv/cmake/export_tugas_opencv__rosidl_typesupport_fastrtps_cExport-release.cmake
-- Up-to-date: /home/basten/ros2_ws/src/MagangBanyubramanta_Basten-Andika-Salim/src/matlab_msg_gen/glnxa64/install/share/tugas_opencv/cmake/tugas_opencv__rosidl_typesupport_introspection_cExport.cmake
-- Up-to-date: /home/basten/ros2_ws/src/MagangBanyubramanta_Basten-Andika-Salim/src/matlab_msg_gen/glnxa64/install/share/tugas_opencv/cmake/tugas_opencv__rosidl_typesupport_introspection_cExport-release.cmake
-- Up-to-date: /home/basten/ros2_ws/src/MagangBanyubramanta_Basten-Andika-Salim/src/matlab_msg_gen/glnxa64/install/share/tugas_opencv/cmake/tugas_opencv__rosidl_typesupport_cExport.cmake
-- Up-to-date: /home/basten/ros2_ws/src/MagangBanyubramanta_Basten-Andika-Salim/src/matlab_msg_gen/glnxa64/install/share/tugas_opencv/cmake/tugas_opencv__rosidl_typesupport_cExport-release.cmake
-- Up-to-date: /home/basten/ros2_ws/src/MagangBanyubramanta_Basten-Andika-Salim/src/matlab_msg_gen/glnxa64/install/share/tugas_opencv/cmake/export_tugas_opencv__rosidl_generator_cppExport.cmake
-- Up-to-date: /home/basten/ros2_ws/src/MagangBanyubramanta_Basten-Andika-Salim/src/matlab_msg_gen/glnxa64/install/share/tugas_opencv/cmake/export_tugas_opencv__rosidl_typesupport_fastrtps_cppExport.cmake
-- Up-to-date: /home/basten/ros2_ws/src/MagangBanyubramanta_Basten-Andika-Salim/src/matlab_msg_gen/glnxa64/install/share/tugas_opencv/cmake/export_tugas_opencv__rosidl_typesupport_fastrtps_cppExport-release.cmake
-- Up-to-date: /home/basten/ros2_ws/src/MagangBanyubramanta_Basten-Andika-Salim/src/matlab_msg_gen/glnxa64/install/share/tugas_opencv/cmake/tugas_opencv__rosidl_typesupport_introspection_cppExport.cmake
-- Up-to-date: /home/basten/ros2_ws/src/MagangBanyubramanta_Basten-Andika-Salim/src/matlab_msg_gen/glnxa64/install/share/tugas_opencv/cmake/tugas_opencv__rosidl_typesupport_introspection_cppExport-release.cmake
-- Up-to-date: /home/basten/ros2_ws/src/MagangBanyubramanta_Basten-Andika-Salim/src/matlab_msg_gen/glnxa64/install/share/tugas_opencv/cmake/tugas_opencv__rosidl_typesupport_cppExport.cmake
-- Up-to-date: /home/basten/ros2_ws/src/MagangBanyubramanta_Basten-Andika-Salim/src/matlab_msg_gen/glnxa64/install/share/tugas_opencv/cmake/tugas_opencv__rosidl_typesupport_cppExport-release.cmake
-- Up-to-date: /home/basten/ros2_ws/src/MagangBanyubramanta_Basten-Andika-Salim/src/matlab_msg_gen/glnxa64/install/share/tugas_opencv/cmake/rosidl_cmake-extras.cmake
-- Up-to-date: /home/basten/ros2_ws/src/MagangBanyubramanta_Basten-Andika-Salim/src/matlab_msg_gen/glnxa64/install/share/tugas_opencv/cmake/ament_cmake_export_include_directories-extras.cmake
-- Up-to-date: /home/basten/ros2_ws/src/MagangBanyubramanta_Basten-Andika-Salim/src/matlab_msg_gen/glnxa64/install/share/tugas_opencv/cmake/ament_cmake_export_libraries-extras.cmake
-- Up-to-date: /home/basten/ros2_ws/src/MagangBanyubramanta_Basten-Andika-Salim/src/matlab_msg_gen/glnxa64/install/share/tugas_opencv/cmake/ament_cmake_export_targets-extras.cmake
-- Up-to-date: /home/basten/ros2_ws/src/MagangBanyubramanta_Basten-Andika-Salim/src/matlab_msg_gen/glnxa64/install/share/tugas_opencv/cmake/rosidl_cmake_export_typesupport_targets-extras.cmake
-- Up-to-date: /home/basten/ros2_ws/src/MagangBanyubramanta_Basten-Andika-Salim/src/matlab_msg_gen/glnxa64/install/share/tugas_opencv/cmake/ament_cmake_export_dependencies-extras.cmake
-- Up-to-date: /home/basten/ros2_ws/src/MagangBanyubramanta_Basten-Andika-Salim/src/matlab_msg_gen/glnxa64/install/share/tugas_opencv/cmake/rosidl_cmake_export_typesupport_libraries-extras.cmake
-- Up-to-date: /home/basten/ros2_ws/src/MagangBanyubramanta_Basten-Andika-Salim/src/matlab_msg_gen/glnxa64/install/share/tugas_opencv/cmake/tugas_opencvConfig.cmake
-- Up-to-date: /home/basten/ros2_ws/src/MagangBanyubramanta_Basten-Andika-Salim/src/matlab_msg_gen/glnxa64/install/share/tugas_opencv/cmake/tugas_opencvConfig-version.cmake
-- Installing: /home/basten/ros2_ws/src/MagangBanyubramanta_Basten-Andika-Salim/src/matlab_msg_gen/glnxa64/install/share/tugas_opencv/package.xml
