[0.036s] Invoking command in '/home/basten/ros2_ws/src/MagangBanyubramanta_Basten-Andika-Salim/build/tugas_yolo': CMAKE_PREFIX_PATH=${CMAKE_PREFIX_PATH}:/opt/ros/humble /usr/bin/cmake /home/basten/ros2_ws/src/MagangBanyubramanta_Basten-Andika-Salim/src/tugas_yolo -DCMAKE_INSTALL_PREFIX=/home/basten/ros2_ws/src/MagangBanyubramanta_Basten-Andika-Salim/install/tugas_yolo
[0.075s] -- The C compiler identification is GNU 11.4.0
[0.108s] -- The CXX compiler identification is GNU 11.4.0
[0.114s] -- Detecting C compiler ABI info
[0.165s] -- Detecting C compiler ABI info - done
[0.169s] -- Check for working C compiler: /usr/bin/cc - skipped
[0.169s] -- Detecting C compile features
[0.169s] -- Detecting C compile features - done
[0.170s] -- Detecting CXX compiler ABI info
[0.225s] -- Detecting CXX compiler ABI info - done
[0.229s] -- Check for working CXX compiler: /usr/bin/c++ - skipped
[0.229s] -- Detecting CXX compile features
[0.229s] -- Detecting CXX compile features - done
[0.231s] -- Found ament_cmake: 1.3.8 (/opt/ros/humble/share/ament_cmake/cmake)
[0.411s] -- Found Python3: /usr/bin/python3 (found version "3.10.12") found components: Interpreter 
[0.452s] -- Found rclcpp: 16.0.8 (/opt/ros/humble/share/rclcpp/cmake)
[0.472s] -- Found rosidl_generator_c: 3.1.5 (/opt/ros/humble/share/rosidl_generator_c/cmake)
[0.474s] -- Found rosidl_adapter: 3.1.5 (/opt/ros/humble/share/rosidl_adapter/cmake)
[0.478s] -- Found rosidl_generator_cpp: 3.1.5 (/opt/ros/humble/share/rosidl_generator_cpp/cmake)
[0.484s] -- Using all available rosidl_typesupport_c: rosidl_typesupport_fastrtps_c;rosidl_typesupport_introspection_c
[0.493s] -- Using all available rosidl_typesupport_cpp: rosidl_typesupport_fastrtps_cpp;rosidl_typesupport_introspection_cpp
[0.525s] -- Found rmw_implementation_cmake: 6.1.1 (/opt/ros/humble/share/rmw_implementation_cmake/cmake)
[0.526s] -- Found rmw_fastrtps_cpp: 6.2.6 (/opt/ros/humble/share/rmw_fastrtps_cpp/cmake)
[0.573s] -- Found OpenSSL: /usr/lib/x86_64-linux-gnu/libcrypto.so (found version "3.0.2")  
[0.587s] -- Found FastRTPS: /opt/ros/humble/include  
[0.609s] -- Using RMW implementation 'rmw_fastrtps_cpp' as default
[0.614s] -- Looking for pthread.h
[0.654s] -- Looking for pthread.h - found
[0.654s] -- Performing Test CMAKE_HAVE_LIBC_PTHREAD
[0.708s] -- Performing Test CMAKE_HAVE_LIBC_PTHREAD - Success
[0.708s] -- Found Threads: TRUE  
[0.790s] -- Found OpenCV: /usr/local (found version "4.9.0") 
[0.790s] -- Found sensor_msgs: 4.2.3 (/opt/ros/humble/share/sensor_msgs/cmake)
[0.850s] -- Found cv_bridge: 3.2.1 (/opt/ros/humble/share/cv_bridge/cmake)
[0.854s] -- Found ament_lint_auto: 0.12.10 (/opt/ros/humble/share/ament_lint_auto/cmake)
[0.890s] -- Added test 'cppcheck' to perform static code analysis on C / C++ code
[0.890s] -- Configured cppcheck include dirs: 
[0.890s] -- Configured cppcheck exclude dirs and/or files: 
[0.890s] -- Added test 'lint_cmake' to check CMake code style
[0.890s] -- Added test 'uncrustify' to check C / C++ code style
[0.890s] -- Configured uncrustify additional arguments: 
[0.891s] -- Added test 'xmllint' to check XML markup files
[0.891s] -- Configuring done
[0.895s] -- Generating done
[0.896s] -- Build files have been written to: /home/basten/ros2_ws/src/MagangBanyubramanta_Basten-Andika-Salim/build/tugas_yolo
[0.902s] Invoked command in '/home/basten/ros2_ws/src/MagangBanyubramanta_Basten-Andika-Salim/build/tugas_yolo' returned '0': CMAKE_PREFIX_PATH=${CMAKE_PREFIX_PATH}:/opt/ros/humble /usr/bin/cmake /home/basten/ros2_ws/src/MagangBanyubramanta_Basten-Andika-Salim/src/tugas_yolo -DCMAKE_INSTALL_PREFIX=/home/basten/ros2_ws/src/MagangBanyubramanta_Basten-Andika-Salim/install/tugas_yolo
[0.903s] Invoking command in '/home/basten/ros2_ws/src/MagangBanyubramanta_Basten-Andika-Salim/build/tugas_yolo': CMAKE_PREFIX_PATH=${CMAKE_PREFIX_PATH}:/opt/ros/humble /usr/bin/cmake --build /home/basten/ros2_ws/src/MagangBanyubramanta_Basten-Andika-Salim/build/tugas_yolo -- -j32 -l32
[0.929s] [ 50%] [32mBuilding CXX object CMakeFiles/initCv.dir/src/initCv.cpp.o[0m
[3.406s] [100%] [32m[1mLinking CXX executable initCv[0m
[3.462s] /usr/bin/ld: warning: libopencv_imgproc.so.4.5d, needed by /opt/ros/humble/lib/libcv_bridge.so, may conflict with libopencv_imgproc.so.409
[3.462s] /usr/bin/ld: warning: libopencv_core.so.4.5d, needed by /opt/ros/humble/lib/libcv_bridge.so, may conflict with libopencv_core.so.409
[3.616s] [100%] Built target initCv
[3.628s] Invoked command in '/home/basten/ros2_ws/src/MagangBanyubramanta_Basten-Andika-Salim/build/tugas_yolo' returned '0': CMAKE_PREFIX_PATH=${CMAKE_PREFIX_PATH}:/opt/ros/humble /usr/bin/cmake --build /home/basten/ros2_ws/src/MagangBanyubramanta_Basten-Andika-Salim/build/tugas_yolo -- -j32 -l32
[3.651s] Invoking command in '/home/basten/ros2_ws/src/MagangBanyubramanta_Basten-Andika-Salim/build/tugas_yolo': CMAKE_PREFIX_PATH=${CMAKE_PREFIX_PATH}:/opt/ros/humble /usr/bin/cmake --install /home/basten/ros2_ws/src/MagangBanyubramanta_Basten-Andika-Salim/build/tugas_yolo
[3.656s] -- Install configuration: ""
[3.656s] -- Installing: /home/basten/ros2_ws/src/MagangBanyubramanta_Basten-Andika-Salim/install/tugas_yolo/lib/tugas_yolo/initCv
[3.656s] -- Set runtime path of "/home/basten/ros2_ws/src/MagangBanyubramanta_Basten-Andika-Salim/install/tugas_yolo/lib/tugas_yolo/initCv" to ""
[3.656s] -- Installing: /home/basten/ros2_ws/src/MagangBanyubramanta_Basten-Andika-Salim/install/tugas_yolo/share/ament_index/resource_index/package_run_dependencies/tugas_yolo
[3.656s] -- Installing: /home/basten/ros2_ws/src/MagangBanyubramanta_Basten-Andika-Salim/install/tugas_yolo/share/ament_index/resource_index/parent_prefix_path/tugas_yolo
[3.656s] -- Installing: /home/basten/ros2_ws/src/MagangBanyubramanta_Basten-Andika-Salim/install/tugas_yolo/share/tugas_yolo/environment/ament_prefix_path.sh
[3.657s] -- Installing: /home/basten/ros2_ws/src/MagangBanyubramanta_Basten-Andika-Salim/install/tugas_yolo/share/tugas_yolo/environment/ament_prefix_path.dsv
[3.657s] -- Installing: /home/basten/ros2_ws/src/MagangBanyubramanta_Basten-Andika-Salim/install/tugas_yolo/share/tugas_yolo/environment/path.sh
[3.657s] -- Installing: /home/basten/ros2_ws/src/MagangBanyubramanta_Basten-Andika-Salim/install/tugas_yolo/share/tugas_yolo/environment/path.dsv
[3.657s] -- Installing: /home/basten/ros2_ws/src/MagangBanyubramanta_Basten-Andika-Salim/install/tugas_yolo/share/tugas_yolo/local_setup.bash
[3.657s] -- Installing: /home/basten/ros2_ws/src/MagangBanyubramanta_Basten-Andika-Salim/install/tugas_yolo/share/tugas_yolo/local_setup.sh
[3.657s] -- Installing: /home/basten/ros2_ws/src/MagangBanyubramanta_Basten-Andika-Salim/install/tugas_yolo/share/tugas_yolo/local_setup.zsh
[3.657s] -- Installing: /home/basten/ros2_ws/src/MagangBanyubramanta_Basten-Andika-Salim/install/tugas_yolo/share/tugas_yolo/local_setup.dsv
[3.657s] -- Installing: /home/basten/ros2_ws/src/MagangBanyubramanta_Basten-Andika-Salim/install/tugas_yolo/share/tugas_yolo/package.dsv
[3.657s] -- Installing: /home/basten/ros2_ws/src/MagangBanyubramanta_Basten-Andika-Salim/install/tugas_yolo/share/ament_index/resource_index/packages/tugas_yolo
[3.657s] -- Installing: /home/basten/ros2_ws/src/MagangBanyubramanta_Basten-Andika-Salim/install/tugas_yolo/share/tugas_yolo/cmake/ament_cmake_export_dependencies-extras.cmake
[3.657s] -- Installing: /home/basten/ros2_ws/src/MagangBanyubramanta_Basten-Andika-Salim/install/tugas_yolo/share/tugas_yolo/cmake/tugas_yoloConfig.cmake
[3.657s] -- Installing: /home/basten/ros2_ws/src/MagangBanyubramanta_Basten-Andika-Salim/install/tugas_yolo/share/tugas_yolo/cmake/tugas_yoloConfig-version.cmake
[3.657s] -- Installing: /home/basten/ros2_ws/src/MagangBanyubramanta_Basten-Andika-Salim/install/tugas_yolo/share/tugas_yolo/package.xml
[3.659s] Invoked command in '/home/basten/ros2_ws/src/MagangBanyubramanta_Basten-Andika-Salim/build/tugas_yolo' returned '0': CMAKE_PREFIX_PATH=${CMAKE_PREFIX_PATH}:/opt/ros/humble /usr/bin/cmake --install /home/basten/ros2_ws/src/MagangBanyubramanta_Basten-Andika-Salim/build/tugas_yolo
