[0.038s] Invoking command in '/home/basten/ros2_ws/src/MagangBanyubramanta_Basten-Andika-Salim/src/matlab_msg_gen/glnxa64/build/tugas_opencv': PS1=(venv) VIRTUAL_ENV_PROMPT=(venv) /usr/local/MATLAB/R2023b/bin/glnxa64/cmake/bin/cmake --build /home/basten/ros2_ws/src/MagangBanyubramanta_Basten-Andika-Salim/src/matlab_msg_gen/glnxa64/build/tugas_opencv -- -j32 -l32
[0.057s] [0/1] Re-running CMake...
[0.064s] -- Found ament_cmake: 1.3.3 (/usr/local/MATLAB/R2023b/sys/ros2/glnxa64/ros2/share/ament_cmake/cmake)
[0.133s] -- Found ament_cmake_ros: 0.10.0 (/usr/local/MATLAB/R2023b/sys/ros2/glnxa64/ros2/share/ament_cmake_ros/cmake)
[0.137s] -- Found rosidl_typesupport_c: 2.0.0 (/usr/local/MATLAB/R2023b/sys/ros2/glnxa64/ros2/share/rosidl_typesupport_c/cmake)
[0.137s] -- Using all available rosidl_typesupport_c: rosidl_typesupport_fastrtps_c;rosidl_typesupport_introspection_c
[0.140s] -- Found rosidl_adapter: 3.1.4 (/usr/local/MATLAB/R2023b/sys/ros2/glnxa64/ros2/share/rosidl_adapter/cmake)
[0.165s] -- Found rosidl_typesupport_cpp: 2.0.0 (/usr/local/MATLAB/R2023b/sys/ros2/glnxa64/ros2/share/rosidl_typesupport_cpp/cmake)
[0.166s] -- Using all available rosidl_typesupport_cpp: rosidl_typesupport_fastrtps_cpp;rosidl_typesupport_introspection_cpp
[0.186s] -- Found rosidl_default_generators: 1.2.0 (/usr/local/MATLAB/R2023b/sys/ros2/glnxa64/ros2/share/rosidl_default_generators/cmake)
[0.188s] -- Found class_loader: 2.2.0 (/usr/local/MATLAB/R2023b/sys/ros2/glnxa64/ros2/share/class_loader/cmake)
[0.190s] -- Found rclcpp: 16.0.3 (/usr/local/MATLAB/R2023b/sys/ros2/glnxa64/ros2/share/rclcpp/cmake)
[0.240s] -- Found rmw_implementation_cmake: 6.1.1 (/usr/local/MATLAB/R2023b/sys/ros2/glnxa64/ros2/share/rmw_implementation_cmake/cmake)
[0.242s] -- Found rmw_fastrtps_cpp: 6.2.2 (/usr/local/MATLAB/R2023b/sys/ros2/glnxa64/ros2/share/rmw_fastrtps_cpp/cmake)
[0.300s] -- Using RMW implementation 'rmw_fastrtps_cpp' as default
[0.494s] -- Using all available rosidl_typesupport_c: rosidl_typesupport_fastrtps_c;rosidl_typesupport_introspection_c
[0.541s] -- Using all available rosidl_typesupport_cpp: rosidl_typesupport_fastrtps_cpp;rosidl_typesupport_introspection_cpp
[0.549s] -- Configuring done
[0.560s] -- Generating done
[0.563s] -- Build files have been written to: /home/basten/ros2_ws/src/MagangBanyubramanta_Basten-Andika-Salim/src/matlab_msg_gen/glnxa64/build/tugas_opencv
[0.576s] ninja: no work to do.
[0.576s] Invoked command in '/home/basten/ros2_ws/src/MagangBanyubramanta_Basten-Andika-Salim/src/matlab_msg_gen/glnxa64/build/tugas_opencv' returned '0': PS1=(venv) VIRTUAL_ENV_PROMPT=(venv) /usr/local/MATLAB/R2023b/bin/glnxa64/cmake/bin/cmake --build /home/basten/ros2_ws/src/MagangBanyubramanta_Basten-Andika-Salim/src/matlab_msg_gen/glnxa64/build/tugas_opencv -- -j32 -l32
[0.585s] Invoking command in '/home/basten/ros2_ws/src/MagangBanyubramanta_Basten-Andika-Salim/src/matlab_msg_gen/glnxa64/build/tugas_opencv': PS1=(venv) VIRTUAL_ENV_PROMPT=(venv) /usr/local/MATLAB/R2023b/bin/glnxa64/cmake/bin/cmake --install /home/basten/ros2_ws/src/MagangBanyubramanta_Basten-Andika-Salim/src/matlab_msg_gen/glnxa64/build/tugas_opencv
[0.586s] -- Install configuration: "Release"
[0.586s] -- Up-to-date: /home/basten/ros2_ws/src/MagangBanyubramanta_Basten-Andika-Salim/src/matlab_msg_gen/glnxa64/install/share/ament_index/resource_index/rosidl_interfaces/tugas_opencv
[0.586s] -- Up-to-date: /home/basten/ros2_ws/src/MagangBanyubramanta_Basten-Andika-Salim/src/matlab_msg_gen/glnxa64/install/include/tugas_opencv/tugas_opencv
[0.587s] -- Up-to-date: /home/basten/ros2_ws/src/MagangBanyubramanta_Basten-Andika-Salim/src/matlab_msg_gen/glnxa64/install/include/tugas_opencv/tugas_opencv/msg
[0.587s] -- Up-to-date: /home/basten/ros2_ws/src/MagangBanyubramanta_Basten-Andika-Salim/src/matlab_msg_gen/glnxa64/install/include/tugas_opencv/tugas_opencv/msg/rosidl_generator_c__visibility_control.h
[0.587s] -- Up-to-date: /home/basten/ros2_ws/src/MagangBanyubramanta_Basten-Andika-Salim/src/matlab_msg_gen/glnxa64/install/include/tugas_opencv/tugas_opencv/msg/color.h
[0.587s] -- Up-to-date: /home/basten/ros2_ws/src/MagangBanyubramanta_Basten-Andika-Salim/src/matlab_msg_gen/glnxa64/install/include/tugas_opencv/tugas_opencv/msg/position.h
[0.587s] -- Up-to-date: /home/basten/ros2_ws/src/MagangBanyubramanta_Basten-Andika-Salim/src/matlab_msg_gen/glnxa64/install/include/tugas_opencv/tugas_opencv/msg/detail
[0.587s] -- Up-to-date: /home/basten/ros2_ws/src/MagangBanyubramanta_Basten-Andika-Salim/src/matlab_msg_gen/glnxa64/install/include/tugas_opencv/tugas_opencv/msg/detail/position__functions.c
[0.587s] -- Up-to-date: /home/basten/ros2_ws/src/MagangBanyubramanta_Basten-Andika-Salim/src/matlab_msg_gen/glnxa64/install/include/tugas_opencv/tugas_opencv/msg/detail/color__struct.h
[0.587s] -- Up-to-date: /home/basten/ros2_ws/src/MagangBanyubramanta_Basten-Andika-Salim/src/matlab_msg_gen/glnxa64/install/include/tugas_opencv/tugas_opencv/msg/detail/color__functions.h
[0.587s] -- Up-to-date: /home/basten/ros2_ws/src/MagangBanyubramanta_Basten-Andika-Salim/src/matlab_msg_gen/glnxa64/install/include/tugas_opencv/tugas_opencv/msg/detail/position__struct.h
[0.587s] -- Up-to-date: /home/basten/ros2_ws/src/MagangBanyubramanta_Basten-Andika-Salim/src/matlab_msg_gen/glnxa64/install/include/tugas_opencv/tugas_opencv/msg/detail/color__type_support.h
[0.587s] -- Up-to-date: /home/basten/ros2_ws/src/MagangBanyubramanta_Basten-Andika-Salim/src/matlab_msg_gen/glnxa64/install/include/tugas_opencv/tugas_opencv/msg/detail/color__functions.c
[0.587s] -- Up-to-date: /home/basten/ros2_ws/src/MagangBanyubramanta_Basten-Andika-Salim/src/matlab_msg_gen/glnxa64/install/include/tugas_opencv/tugas_opencv/msg/detail/position__type_support.h
[0.587s] -- Up-to-date: /home/basten/ros2_ws/src/MagangBanyubramanta_Basten-Andika-Salim/src/matlab_msg_gen/glnxa64/install/include/tugas_opencv/tugas_opencv/msg/detail/position__functions.h
[0.587s] -- Up-to-date: /home/basten/ros2_ws/src/MagangBanyubramanta_Basten-Andika-Salim/src/matlab_msg_gen/glnxa64/install/share/tugas_opencv/environment/library_path.sh
[0.587s] -- Installing: /home/basten/ros2_ws/src/MagangBanyubramanta_Basten-Andika-Salim/src/matlab_msg_gen/glnxa64/install/share/tugas_opencv/environment/library_path.dsv
[0.587s] -- Up-to-date: /home/basten/ros2_ws/src/MagangBanyubramanta_Basten-Andika-Salim/src/matlab_msg_gen/glnxa64/install/lib/libtugas_opencv__rosidl_generator_c.so
[0.587s] -- Up-to-date: /home/basten/ros2_ws/src/MagangBanyubramanta_Basten-Andika-Salim/src/matlab_msg_gen/glnxa64/install/include/tugas_opencv/tugas_opencv
[0.587s] -- Up-to-date: /home/basten/ros2_ws/src/MagangBanyubramanta_Basten-Andika-Salim/src/matlab_msg_gen/glnxa64/install/include/tugas_opencv/tugas_opencv/msg
[0.588s] -- Up-to-date: /home/basten/ros2_ws/src/MagangBanyubramanta_Basten-Andika-Salim/src/matlab_msg_gen/glnxa64/install/include/tugas_opencv/tugas_opencv/msg/rosidl_typesupport_fastrtps_c__visibility_control.h
[0.588s] -- Up-to-date: /home/basten/ros2_ws/src/MagangBanyubramanta_Basten-Andika-Salim/src/matlab_msg_gen/glnxa64/install/include/tugas_opencv/tugas_opencv/msg/detail
[0.588s] -- Up-to-date: /home/basten/ros2_ws/src/MagangBanyubramanta_Basten-Andika-Salim/src/matlab_msg_gen/glnxa64/install/include/tugas_opencv/tugas_opencv/msg/detail/position__rosidl_typesupport_fastrtps_c.h
[0.588s] -- Up-to-date: /home/basten/ros2_ws/src/MagangBanyubramanta_Basten-Andika-Salim/src/matlab_msg_gen/glnxa64/install/include/tugas_opencv/tugas_opencv/msg/detail/color__rosidl_typesupport_fastrtps_c.h
[0.588s] -- Up-to-date: /home/basten/ros2_ws/src/MagangBanyubramanta_Basten-Andika-Salim/src/matlab_msg_gen/glnxa64/install/lib/libtugas_opencv__rosidl_typesupport_fastrtps_c.so
[0.588s] -- Up-to-date: /home/basten/ros2_ws/src/MagangBanyubramanta_Basten-Andika-Salim/src/matlab_msg_gen/glnxa64/install/include/tugas_opencv/tugas_opencv
[0.588s] -- Up-to-date: /home/basten/ros2_ws/src/MagangBanyubramanta_Basten-Andika-Salim/src/matlab_msg_gen/glnxa64/install/include/tugas_opencv/tugas_opencv/msg
[0.588s] -- Up-to-date: /home/basten/ros2_ws/src/MagangBanyubramanta_Basten-Andika-Salim/src/matlab_msg_gen/glnxa64/install/include/tugas_opencv/tugas_opencv/msg/rosidl_typesupport_introspection_c__visibility_control.h
[0.588s] -- Up-to-date: /home/basten/ros2_ws/src/MagangBanyubramanta_Basten-Andika-Salim/src/matlab_msg_gen/glnxa64/install/include/tugas_opencv/tugas_opencv/msg/detail
[0.588s] -- Up-to-date: /home/basten/ros2_ws/src/MagangBanyubramanta_Basten-Andika-Salim/src/matlab_msg_gen/glnxa64/install/include/tugas_opencv/tugas_opencv/msg/detail/position__type_support.c
[0.588s] -- Up-to-date: /home/basten/ros2_ws/src/MagangBanyubramanta_Basten-Andika-Salim/src/matlab_msg_gen/glnxa64/install/include/tugas_opencv/tugas_opencv/msg/detail/position__rosidl_typesupport_introspection_c.h
[0.588s] -- Up-to-date: /home/basten/ros2_ws/src/MagangBanyubramanta_Basten-Andika-Salim/src/matlab_msg_gen/glnxa64/install/include/tugas_opencv/tugas_opencv/msg/detail/color__rosidl_typesupport_introspection_c.h
[0.588s] -- Up-to-date: /home/basten/ros2_ws/src/MagangBanyubramanta_Basten-Andika-Salim/src/matlab_msg_gen/glnxa64/install/include/tugas_opencv/tugas_opencv/msg/detail/color__type_support.c
[0.588s] -- Up-to-date: /home/basten/ros2_ws/src/MagangBanyubramanta_Basten-Andika-Salim/src/matlab_msg_gen/glnxa64/install/lib/libtugas_opencv__rosidl_typesupport_introspection_c.so
[0.588s] -- Up-to-date: /home/basten/ros2_ws/src/MagangBanyubramanta_Basten-Andika-Salim/src/matlab_msg_gen/glnxa64/install/lib/libtugas_opencv__rosidl_typesupport_c.so
[0.588s] -- Up-to-date: /home/basten/ros2_ws/src/MagangBanyubramanta_Basten-Andika-Salim/src/matlab_msg_gen/glnxa64/install/include/tugas_opencv/tugas_opencv
[0.588s] -- Up-to-date: /home/basten/ros2_ws/src/MagangBanyubramanta_Basten-Andika-Salim/src/matlab_msg_gen/glnxa64/install/include/tugas_opencv/tugas_opencv/msg
[0.588s] -- Up-to-date: /home/basten/ros2_ws/src/MagangBanyubramanta_Basten-Andika-Salim/src/matlab_msg_gen/glnxa64/install/include/tugas_opencv/tugas_opencv/msg/color.hpp
[0.588s] -- Up-to-date: /home/basten/ros2_ws/src/MagangBanyubramanta_Basten-Andika-Salim/src/matlab_msg_gen/glnxa64/install/include/tugas_opencv/tugas_opencv/msg/position.hpp
[0.588s] -- Up-to-date: /home/basten/ros2_ws/src/MagangBanyubramanta_Basten-Andika-Salim/src/matlab_msg_gen/glnxa64/install/include/tugas_opencv/tugas_opencv/msg/detail
[0.588s] -- Up-to-date: /home/basten/ros2_ws/src/MagangBanyubramanta_Basten-Andika-Salim/src/matlab_msg_gen/glnxa64/install/include/tugas_opencv/tugas_opencv/msg/detail/color__traits.hpp
[0.588s] -- Up-to-date: /home/basten/ros2_ws/src/MagangBanyubramanta_Basten-Andika-Salim/src/matlab_msg_gen/glnxa64/install/include/tugas_opencv/tugas_opencv/msg/detail/position__traits.hpp
[0.589s] -- Up-to-date: /home/basten/ros2_ws/src/MagangBanyubramanta_Basten-Andika-Salim/src/matlab_msg_gen/glnxa64/install/include/tugas_opencv/tugas_opencv/msg/detail/position__struct.hpp
[0.589s] -- Up-to-date: /home/basten/ros2_ws/src/MagangBanyubramanta_Basten-Andika-Salim/src/matlab_msg_gen/glnxa64/install/include/tugas_opencv/tugas_opencv/msg/detail/position__builder.hpp
[0.589s] -- Up-to-date: /home/basten/ros2_ws/src/MagangBanyubramanta_Basten-Andika-Salim/src/matlab_msg_gen/glnxa64/install/include/tugas_opencv/tugas_opencv/msg/detail/color__struct.hpp
[0.589s] -- Up-to-date: /home/basten/ros2_ws/src/MagangBanyubramanta_Basten-Andika-Salim/src/matlab_msg_gen/glnxa64/install/include/tugas_opencv/tugas_opencv/msg/detail/color__builder.hpp
[0.589s] -- Up-to-date: /home/basten/ros2_ws/src/MagangBanyubramanta_Basten-Andika-Salim/src/matlab_msg_gen/glnxa64/install/include/tugas_opencv/tugas_opencv
[0.589s] -- Up-to-date: /home/basten/ros2_ws/src/MagangBanyubramanta_Basten-Andika-Salim/src/matlab_msg_gen/glnxa64/install/include/tugas_opencv/tugas_opencv/msg
[0.589s] -- Up-to-date: /home/basten/ros2_ws/src/MagangBanyubramanta_Basten-Andika-Salim/src/matlab_msg_gen/glnxa64/install/include/tugas_opencv/tugas_opencv/msg/rosidl_typesupport_fastrtps_cpp__visibility_control.h
[0.589s] -- Up-to-date: /home/basten/ros2_ws/src/MagangBanyubramanta_Basten-Andika-Salim/src/matlab_msg_gen/glnxa64/install/include/tugas_opencv/tugas_opencv/msg/detail
[0.589s] -- Up-to-date: /home/basten/ros2_ws/src/MagangBanyubramanta_Basten-Andika-Salim/src/matlab_msg_gen/glnxa64/install/include/tugas_opencv/tugas_opencv/msg/detail/dds_fastrtps
[0.589s] -- Up-to-date: /home/basten/ros2_ws/src/MagangBanyubramanta_Basten-Andika-Salim/src/matlab_msg_gen/glnxa64/install/include/tugas_opencv/tugas_opencv/msg/detail/color__rosidl_typesupport_fastrtps_cpp.hpp
[0.589s] -- Up-to-date: /home/basten/ros2_ws/src/MagangBanyubramanta_Basten-Andika-Salim/src/matlab_msg_gen/glnxa64/install/include/tugas_opencv/tugas_opencv/msg/detail/position__rosidl_typesupport_fastrtps_cpp.hpp
[0.589s] -- Up-to-date: /home/basten/ros2_ws/src/MagangBanyubramanta_Basten-Andika-Salim/src/matlab_msg_gen/glnxa64/install/lib/libtugas_opencv__rosidl_typesupport_fastrtps_cpp.so
[0.589s] -- Up-to-date: /home/basten/ros2_ws/src/MagangBanyubramanta_Basten-Andika-Salim/src/matlab_msg_gen/glnxa64/install/include/tugas_opencv/tugas_opencv
[0.589s] -- Up-to-date: /home/basten/ros2_ws/src/MagangBanyubramanta_Basten-Andika-Salim/src/matlab_msg_gen/glnxa64/install/include/tugas_opencv/tugas_opencv/msg
[0.589s] -- Up-to-date: /home/basten/ros2_ws/src/MagangBanyubramanta_Basten-Andika-Salim/src/matlab_msg_gen/glnxa64/install/include/tugas_opencv/tugas_opencv/msg/detail
[0.589s] -- Up-to-date: /home/basten/ros2_ws/src/MagangBanyubramanta_Basten-Andika-Salim/src/matlab_msg_gen/glnxa64/install/include/tugas_opencv/tugas_opencv/msg/detail/color__type_support.cpp
[0.589s] -- Up-to-date: /home/basten/ros2_ws/src/MagangBanyubramanta_Basten-Andika-Salim/src/matlab_msg_gen/glnxa64/install/include/tugas_opencv/tugas_opencv/msg/detail/position__type_support.cpp
[0.589s] -- Up-to-date: /home/basten/ros2_ws/src/MagangBanyubramanta_Basten-Andika-Salim/src/matlab_msg_gen/glnxa64/install/include/tugas_opencv/tugas_opencv/msg/detail/color__rosidl_typesupport_introspection_cpp.hpp
[0.589s] -- Up-to-date: /home/basten/ros2_ws/src/MagangBanyubramanta_Basten-Andika-Salim/src/matlab_msg_gen/glnxa64/install/include/tugas_opencv/tugas_opencv/msg/detail/position__rosidl_typesupport_introspection_cpp.hpp
[0.589s] -- Up-to-date: /home/basten/ros2_ws/src/MagangBanyubramanta_Basten-Andika-Salim/src/matlab_msg_gen/glnxa64/install/lib/libtugas_opencv__rosidl_typesupport_introspection_cpp.so
[0.589s] -- Up-to-date: /home/basten/ros2_ws/src/MagangBanyubramanta_Basten-Andika-Salim/src/matlab_msg_gen/glnxa64/install/lib/libtugas_opencv__rosidl_typesupport_cpp.so
[0.589s] -- Up-to-date: /home/basten/ros2_ws/src/MagangBanyubramanta_Basten-Andika-Salim/src/matlab_msg_gen/glnxa64/install/share/tugas_opencv/msg/Color.idl
[0.589s] -- Up-to-date: /home/basten/ros2_ws/src/MagangBanyubramanta_Basten-Andika-Salim/src/matlab_msg_gen/glnxa64/install/share/tugas_opencv/msg/Position.idl
[0.589s] -- Up-to-date: /home/basten/ros2_ws/src/MagangBanyubramanta_Basten-Andika-Salim/src/matlab_msg_gen/glnxa64/install/share/tugas_opencv/msg/Color.msg
[0.589s] -- Up-to-date: /home/basten/ros2_ws/src/MagangBanyubramanta_Basten-Andika-Salim/src/matlab_msg_gen/glnxa64/install/share/tugas_opencv/msg/Position.msg
[0.589s] -- Up-to-date: /home/basten/ros2_ws/src/MagangBanyubramanta_Basten-Andika-Salim/src/matlab_msg_gen/glnxa64/install/include
[0.589s] -- Up-to-date: /home/basten/ros2_ws/src/MagangBanyubramanta_Basten-Andika-Salim/src/matlab_msg_gen/glnxa64/install/include/tugas_opencv
[0.589s] -- Up-to-date: /home/basten/ros2_ws/src/MagangBanyubramanta_Basten-Andika-Salim/src/matlab_msg_gen/glnxa64/install/include/tugas_opencv/visibility_control.h
[0.589s] -- Up-to-date: /home/basten/ros2_ws/src/MagangBanyubramanta_Basten-Andika-Salim/src/matlab_msg_gen/glnxa64/install/lib/libtugas_opencv_matlab.so
[0.590s] -- Up-to-date: /home/basten/ros2_ws/src/MagangBanyubramanta_Basten-Andika-Salim/src/matlab_msg_gen/glnxa64/install/m/
[0.590s] -- Up-to-date: /home/basten/ros2_ws/src/MagangBanyubramanta_Basten-Andika-Salim/src/matlab_msg_gen/glnxa64/install/m//+ros
[0.590s] -- Up-to-date: /home/basten/ros2_ws/src/MagangBanyubramanta_Basten-Andika-Salim/src/matlab_msg_gen/glnxa64/install/m//+ros/+internal
[0.590s] -- Up-to-date: /home/basten/ros2_ws/src/MagangBanyubramanta_Basten-Andika-Salim/src/matlab_msg_gen/glnxa64/install/m//+ros/+internal/+ros2
[0.590s] -- Up-to-date: /home/basten/ros2_ws/src/MagangBanyubramanta_Basten-Andika-Salim/src/matlab_msg_gen/glnxa64/install/m//+ros/+internal/+ros2/+custommessages
[0.590s] -- Up-to-date: /home/basten/ros2_ws/src/MagangBanyubramanta_Basten-Andika-Salim/src/matlab_msg_gen/glnxa64/install/m//+ros/+internal/+ros2/+custommessages/+tugas_opencv
[0.590s] -- Up-to-date: /home/basten/ros2_ws/src/MagangBanyubramanta_Basten-Andika-Salim/src/matlab_msg_gen/glnxa64/install/m//+ros/+internal/+ros2/+custommessages/+tugas_opencv/tugas_opencv_msg_Position_2To1_Converter.m
[0.590s] -- Up-to-date: /home/basten/ros2_ws/src/MagangBanyubramanta_Basten-Andika-Salim/src/matlab_msg_gen/glnxa64/install/m//+ros/+internal/+ros2/+custommessages/+tugas_opencv/tugas_opencv_msg_Position_1To2_Converter.m
[0.590s] -- Up-to-date: /home/basten/ros2_ws/src/MagangBanyubramanta_Basten-Andika-Salim/src/matlab_msg_gen/glnxa64/install/m//+ros/+internal/+ros2/+custommessages/+tugas_opencv/tugas_opencv_msg_Color_2To1_Converter.m
[0.590s] -- Up-to-date: /home/basten/ros2_ws/src/MagangBanyubramanta_Basten-Andika-Salim/src/matlab_msg_gen/glnxa64/install/m//+ros/+internal/+ros2/+custommessages/+tugas_opencv/position.m
[0.590s] -- Up-to-date: /home/basten/ros2_ws/src/MagangBanyubramanta_Basten-Andika-Salim/src/matlab_msg_gen/glnxa64/install/m//+ros/+internal/+ros2/+custommessages/+tugas_opencv/tugas_opencv_msg_Color_1To2_Converter.m
[0.590s] -- Up-to-date: /home/basten/ros2_ws/src/MagangBanyubramanta_Basten-Andika-Salim/src/matlab_msg_gen/glnxa64/install/m//+ros/+internal/+ros2/+custommessages/+tugas_opencv/color.m
[0.590s] -- Up-to-date: /home/basten/ros2_ws/src/MagangBanyubramanta_Basten-Andika-Salim/src/matlab_msg_gen/glnxa64/install/share/ament_index/resource_index/package_run_dependencies/tugas_opencv
[0.590s] -- Up-to-date: /home/basten/ros2_ws/src/MagangBanyubramanta_Basten-Andika-Salim/src/matlab_msg_gen/glnxa64/install/share/ament_index/resource_index/parent_prefix_path/tugas_opencv
[0.590s] -- Up-to-date: /home/basten/ros2_ws/src/MagangBanyubramanta_Basten-Andika-Salim/src/matlab_msg_gen/glnxa64/install/share/tugas_opencv/environment/ament_prefix_path.sh
[0.590s] -- Installing: /home/basten/ros2_ws/src/MagangBanyubramanta_Basten-Andika-Salim/src/matlab_msg_gen/glnxa64/install/share/tugas_opencv/environment/ament_prefix_path.dsv
[0.590s] -- Up-to-date: /home/basten/ros2_ws/src/MagangBanyubramanta_Basten-Andika-Salim/src/matlab_msg_gen/glnxa64/install/share/tugas_opencv/environment/path.sh
[0.590s] -- Installing: /home/basten/ros2_ws/src/MagangBanyubramanta_Basten-Andika-Salim/src/matlab_msg_gen/glnxa64/install/share/tugas_opencv/environment/path.dsv
[0.590s] -- Up-to-date: /home/basten/ros2_ws/src/MagangBanyubramanta_Basten-Andika-Salim/src/matlab_msg_gen/glnxa64/install/share/tugas_opencv/local_setup.bash
[0.590s] -- Up-to-date: /home/basten/ros2_ws/src/MagangBanyubramanta_Basten-Andika-Salim/src/matlab_msg_gen/glnxa64/install/share/tugas_opencv/local_setup.sh
[0.590s] -- Up-to-date: /home/basten/ros2_ws/src/MagangBanyubramanta_Basten-Andika-Salim/src/matlab_msg_gen/glnxa64/install/share/tugas_opencv/local_setup.zsh
[0.590s] -- Installing: /home/basten/ros2_ws/src/MagangBanyubramanta_Basten-Andika-Salim/src/matlab_msg_gen/glnxa64/install/share/tugas_opencv/local_setup.dsv
[0.590s] -- Installing: /home/basten/ros2_ws/src/MagangBanyubramanta_Basten-Andika-Salim/src/matlab_msg_gen/glnxa64/install/share/tugas_opencv/package.dsv
[0.590s] -- Up-to-date: /home/basten/ros2_ws/src/MagangBanyubramanta_Basten-Andika-Salim/src/matlab_msg_gen/glnxa64/install/share/ament_index/resource_index/packages/tugas_opencv
[0.590s] -- Up-to-date: /home/basten/ros2_ws/src/MagangBanyubramanta_Basten-Andika-Salim/src/matlab_msg_gen/glnxa64/install/share/tugas_opencv/cmake/export_tugas_opencv__rosidl_generator_cExport.cmake
[0.590s] -- Up-to-date: /home/basten/ros2_ws/src/MagangBanyubramanta_Basten-Andika-Salim/src/matlab_msg_gen/glnxa64/install/share/tugas_opencv/cmake/export_tugas_opencv__rosidl_generator_cExport-release.cmake
[0.590s] -- Up-to-date: /home/basten/ros2_ws/src/MagangBanyubramanta_Basten-Andika-Salim/src/matlab_msg_gen/glnxa64/install/share/tugas_opencv/cmake/export_tugas_opencv__rosidl_typesupport_fastrtps_cExport.cmake
[0.590s] -- Up-to-date: /home/basten/ros2_ws/src/MagangBanyubramanta_Basten-Andika-Salim/src/matlab_msg_gen/glnxa64/install/share/tugas_opencv/cmake/export_tugas_opencv__rosidl_typesupport_fastrtps_cExport-release.cmake
[0.590s] -- Up-to-date: /home/basten/ros2_ws/src/MagangBanyubramanta_Basten-Andika-Salim/src/matlab_msg_gen/glnxa64/install/share/tugas_opencv/cmake/tugas_opencv__rosidl_typesupport_introspection_cExport.cmake
[0.590s] -- Up-to-date: /home/basten/ros2_ws/src/MagangBanyubramanta_Basten-Andika-Salim/src/matlab_msg_gen/glnxa64/install/share/tugas_opencv/cmake/tugas_opencv__rosidl_typesupport_introspection_cExport-release.cmake
[0.590s] -- Up-to-date: /home/basten/ros2_ws/src/MagangBanyubramanta_Basten-Andika-Salim/src/matlab_msg_gen/glnxa64/install/share/tugas_opencv/cmake/tugas_opencv__rosidl_typesupport_cExport.cmake
[0.590s] -- Up-to-date: /home/basten/ros2_ws/src/MagangBanyubramanta_Basten-Andika-Salim/src/matlab_msg_gen/glnxa64/install/share/tugas_opencv/cmake/tugas_opencv__rosidl_typesupport_cExport-release.cmake
[0.590s] -- Up-to-date: /home/basten/ros2_ws/src/MagangBanyubramanta_Basten-Andika-Salim/src/matlab_msg_gen/glnxa64/install/share/tugas_opencv/cmake/export_tugas_opencv__rosidl_generator_cppExport.cmake
[0.590s] -- Up-to-date: /home/basten/ros2_ws/src/MagangBanyubramanta_Basten-Andika-Salim/src/matlab_msg_gen/glnxa64/install/share/tugas_opencv/cmake/export_tugas_opencv__rosidl_typesupport_fastrtps_cppExport.cmake
[0.590s] -- Up-to-date: /home/basten/ros2_ws/src/MagangBanyubramanta_Basten-Andika-Salim/src/matlab_msg_gen/glnxa64/install/share/tugas_opencv/cmake/export_tugas_opencv__rosidl_typesupport_fastrtps_cppExport-release.cmake
[0.590s] -- Up-to-date: /home/basten/ros2_ws/src/MagangBanyubramanta_Basten-Andika-Salim/src/matlab_msg_gen/glnxa64/install/share/tugas_opencv/cmake/tugas_opencv__rosidl_typesupport_introspection_cppExport.cmake
[0.590s] -- Up-to-date: /home/basten/ros2_ws/src/MagangBanyubramanta_Basten-Andika-Salim/src/matlab_msg_gen/glnxa64/install/share/tugas_opencv/cmake/tugas_opencv__rosidl_typesupport_introspection_cppExport-release.cmake
[0.590s] -- Up-to-date: /home/basten/ros2_ws/src/MagangBanyubramanta_Basten-Andika-Salim/src/matlab_msg_gen/glnxa64/install/share/tugas_opencv/cmake/tugas_opencv__rosidl_typesupport_cppExport.cmake
[0.590s] -- Up-to-date: /home/basten/ros2_ws/src/MagangBanyubramanta_Basten-Andika-Salim/src/matlab_msg_gen/glnxa64/install/share/tugas_opencv/cmake/tugas_opencv__rosidl_typesupport_cppExport-release.cmake
[0.590s] -- Up-to-date: /home/basten/ros2_ws/src/MagangBanyubramanta_Basten-Andika-Salim/src/matlab_msg_gen/glnxa64/install/share/tugas_opencv/cmake/rosidl_cmake-extras.cmake
[0.591s] -- Up-to-date: /home/basten/ros2_ws/src/MagangBanyubramanta_Basten-Andika-Salim/src/matlab_msg_gen/glnxa64/install/share/tugas_opencv/cmake/ament_cmake_export_include_directories-extras.cmake
[0.591s] -- Up-to-date: /home/basten/ros2_ws/src/MagangBanyubramanta_Basten-Andika-Salim/src/matlab_msg_gen/glnxa64/install/share/tugas_opencv/cmake/ament_cmake_export_libraries-extras.cmake
[0.591s] -- Up-to-date: /home/basten/ros2_ws/src/MagangBanyubramanta_Basten-Andika-Salim/src/matlab_msg_gen/glnxa64/install/share/tugas_opencv/cmake/ament_cmake_export_targets-extras.cmake
[0.591s] -- Up-to-date: /home/basten/ros2_ws/src/MagangBanyubramanta_Basten-Andika-Salim/src/matlab_msg_gen/glnxa64/install/share/tugas_opencv/cmake/rosidl_cmake_export_typesupport_targets-extras.cmake
[0.591s] -- Up-to-date: /home/basten/ros2_ws/src/MagangBanyubramanta_Basten-Andika-Salim/src/matlab_msg_gen/glnxa64/install/share/tugas_opencv/cmake/ament_cmake_export_dependencies-extras.cmake
[0.591s] -- Up-to-date: /home/basten/ros2_ws/src/MagangBanyubramanta_Basten-Andika-Salim/src/matlab_msg_gen/glnxa64/install/share/tugas_opencv/cmake/rosidl_cmake_export_typesupport_libraries-extras.cmake
[0.591s] -- Up-to-date: /home/basten/ros2_ws/src/MagangBanyubramanta_Basten-Andika-Salim/src/matlab_msg_gen/glnxa64/install/share/tugas_opencv/cmake/tugas_opencvConfig.cmake
[0.591s] -- Up-to-date: /home/basten/ros2_ws/src/MagangBanyubramanta_Basten-Andika-Salim/src/matlab_msg_gen/glnxa64/install/share/tugas_opencv/cmake/tugas_opencvConfig-version.cmake
[0.591s] -- Installing: /home/basten/ros2_ws/src/MagangBanyubramanta_Basten-Andika-Salim/src/matlab_msg_gen/glnxa64/install/share/tugas_opencv/package.xml
[0.592s] Invoked command in '/home/basten/ros2_ws/src/MagangBanyubramanta_Basten-Andika-Salim/src/matlab_msg_gen/glnxa64/build/tugas_opencv' returned '0': PS1=(venv) VIRTUAL_ENV_PROMPT=(venv) /usr/local/MATLAB/R2023b/bin/glnxa64/cmake/bin/cmake --install /home/basten/ros2_ws/src/MagangBanyubramanta_Basten-Andika-Salim/src/matlab_msg_gen/glnxa64/build/tugas_opencv
