-- Found ament_cmake: 1.3.8 (/opt/ros/humble/share/ament_cmake/cmake)
-- Found rclcpp: 16.0.8 (/opt/ros/humble/share/rclcpp/cmake)
-- Found rosidl_generator_c: 3.1.5 (/opt/ros/humble/share/rosidl_generator_c/cmake)
-- Found rosidl_adapter: 3.1.5 (/opt/ros/humble/share/rosidl_adapter/cmake)
-- Found rosidl_generator_cpp: 3.1.5 (/opt/ros/humble/share/rosidl_generator_cpp/cmake)
-- Using all available rosidl_typesupport_c: rosidl_typesupport_fastrtps_c;rosidl_typesupport_introspection_c
-- Using all available rosidl_typesupport_cpp: rosidl_typesupport_fastrtps_cpp;rosidl_typesupport_introspection_cpp
-- Found rmw_implementation_cmake: 6.1.1 (/opt/ros/humble/share/rmw_implementation_cmake/cmake)
-- Found rmw_fastrtps_cpp: 6.2.6 (/opt/ros/humble/share/rmw_fastrtps_cpp/cmake)
-- Using RMW implementation 'rmw_fastrtps_cpp' as default
-- Found sensor_msgs: 4.2.3 (/opt/ros/humble/share/sensor_msgs/cmake)
-- Found cv_bridge: 3.2.1 (/opt/ros/humble/share/cv_bridge/cmake)
-- Found ament_cmake_ros: 0.10.0 (/opt/ros/humble/share/ament_cmake_ros/cmake)
-- Using all available rosidl_typesupport_c: rosidl_typesupport_fastrtps_c;rosidl_typesupport_introspection_c
-- Using all available rosidl_typesupport_cpp: rosidl_typesupport_fastrtps_cpp;rosidl_typesupport_introspection_cpp
-- Found ament_lint_auto: 0.12.10 (/opt/ros/humble/share/ament_lint_auto/cmake)
-- Added test 'cppcheck' to perform static code analysis on C / C++ code
-- Configured cppcheck include dirs: 
-- Configured cppcheck exclude dirs and/or files: 
-- Added test 'lint_cmake' to check CMake code style
-- Added test 'uncrustify' to check C / C++ code style
-- Configured uncrustify additional arguments: 
-- Added test 'xmllint' to check XML markup files
-- Configuring done
-- Generating done
-- Build files have been written to: /home/basten/ros2_ws/src/MagangBanyubramanta_Basten-Andika-Salim/src/build/tugas_yolo_yolocpp
[  4%] [34m[1mGenerating C code for ROS interfaces[0m
[  8%] [34m[1mGenerating C++ code for ROS interfaces[0m
[  8%] Built target tugas_yolo_yolocpp__cpp
[ 12%] [34m[1mGenerating C++ introspection for ROS interfaces[0m
[ 16%] [34m[1mGenerating C++ type support dispatch for ROS interfaces[0m
[ 20%] [34m[1mGenerating C++ type support for eProsima Fast-RTPS[0m
[ 25%] [32mBuilding C object CMakeFiles/tugas_yolo_yolocpp__rosidl_generator_c.dir/rosidl_generator_c/tugas_yolo_yolocpp/msg/detail/seen__functions.c.o[0m
[ 29%] [32m[1mLinking C shared library libtugas_yolo_yolocpp__rosidl_generator_c.so[0m
[ 29%] Built target tugas_yolo_yolocpp__rosidl_generator_c
[ 33%] [34m[1mGenerating C type support dispatch for ROS interfaces[0m
[ 37%] [34m[1mGenerating C type support for eProsima Fast-RTPS[0m
[ 41%] [34m[1mGenerating C introspection for ROS interfaces[0m
[ 45%] [32mBuilding CXX object CMakeFiles/tugas_yolo_yolocpp__rosidl_typesupport_introspection_cpp.dir/rosidl_typesupport_introspection_cpp/tugas_yolo_yolocpp/msg/detail/seen__type_support.cpp.o[0m
[ 50%] [32mBuilding CXX object CMakeFiles/tugas_yolo_yolocpp__rosidl_typesupport_fastrtps_cpp.dir/rosidl_typesupport_fastrtps_cpp/tugas_yolo_yolocpp/msg/detail/dds_fastrtps/seen__type_support.cpp.o[0m
[ 54%] [32mBuilding CXX object CMakeFiles/tugas_yolo_yolocpp__rosidl_typesupport_cpp.dir/rosidl_typesupport_cpp/tugas_yolo_yolocpp/msg/seen__type_support.cpp.o[0m
[ 58%] [32mBuilding CXX object CMakeFiles/tugas_yolo_yolocpp__rosidl_typesupport_c.dir/rosidl_typesupport_c/tugas_yolo_yolocpp/msg/seen__type_support.cpp.o[0m
[ 62%] [32mBuilding C object CMakeFiles/tugas_yolo_yolocpp__rosidl_typesupport_introspection_c.dir/rosidl_typesupport_introspection_c/tugas_yolo_yolocpp/msg/detail/seen__type_support.c.o[0m
[ 66%] [32mBuilding CXX object CMakeFiles/tugas_yolo_yolocpp__rosidl_typesupport_fastrtps_c.dir/rosidl_typesupport_fastrtps_c/tugas_yolo_yolocpp/msg/detail/seen__type_support_c.cpp.o[0m
[ 70%] [32m[1mLinking CXX shared library libtugas_yolo_yolocpp__rosidl_typesupport_c.so[0m
[ 75%] [32m[1mLinking C shared library libtugas_yolo_yolocpp__rosidl_typesupport_introspection_c.so[0m
[ 75%] Built target tugas_yolo_yolocpp__rosidl_typesupport_c
[ 75%] Built target tugas_yolo_yolocpp__rosidl_typesupport_introspection_c
[ 79%] [32m[1mLinking CXX shared library libtugas_yolo_yolocpp__rosidl_typesupport_cpp.so[0m
[ 79%] Built target tugas_yolo_yolocpp__rosidl_typesupport_cpp
[ 83%] [32mBuilding CXX object CMakeFiles/detect.dir/src/detect.cpp.o[0m
[ 87%] [32m[1mLinking CXX shared library libtugas_yolo_yolocpp__rosidl_typesupport_fastrtps_cpp.so[0m
[ 91%] [32m[1mLinking CXX shared library libtugas_yolo_yolocpp__rosidl_typesupport_introspection_cpp.so[0m
[ 91%] Built target tugas_yolo_yolocpp__rosidl_typesupport_introspection_cpp
[ 91%] Built target tugas_yolo_yolocpp__rosidl_typesupport_fastrtps_cpp
[ 95%] [32m[1mLinking CXX shared library libtugas_yolo_yolocpp__rosidl_typesupport_fastrtps_c.so[0m
[ 95%] Built target tugas_yolo_yolocpp__rosidl_typesupport_fastrtps_c
[ 95%] Built target tugas_yolo_yolocpp
[01m[K/home/basten/ros2_ws/src/MagangBanyubramanta_Basten-Andika-Salim/src/tugas_yolo-yolocpp/src/detect.cpp:13:10:[m[K [01;31m[Kfatal error: [m[Ktugas_yolo-yolocpp/msg/seen.hpp: No such file or directory
   13 | #include [01;31m[K"tugas_yolo-yolocpp/msg/seen.hpp"[m[K
      |          [01;31m[K^~~~~~~~~~~~~~~~~~~~~~~~~~~~~~~~~[m[K
compilation terminated.
gmake[2]: *** [CMakeFiles/detect.dir/build.make:76: CMakeFiles/detect.dir/src/detect.cpp.o] Error 1
gmake[1]: *** [CMakeFiles/Makefile2:396: CMakeFiles/detect.dir/all] Error 2
gmake: *** [Makefile:146: all] Error 2
