[0.036s] Invoking command in '/home/basten/ros2_ws/src/MagangBanyubramanta_Basten-Andika-Salim/src/build/tugas_yolo_yolocpp': CMAKE_PREFIX_PATH=${CMAKE_PREFIX_PATH}:/opt/ros/humble /usr/bin/cmake /home/basten/ros2_ws/src/MagangBanyubramanta_Basten-Andika-Salim/src/tugas_yolo-yolocpp -DCMAKE_INSTALL_PREFIX=/home/basten/ros2_ws/src/MagangBanyubramanta_Basten-Andika-Salim/src/install/tugas_yolo_yolocpp
[0.042s] -- Found ament_cmake: 1.3.8 (/opt/ros/humble/share/ament_cmake/cmake)
[0.112s] -- Found rclcpp: 16.0.8 (/opt/ros/humble/share/rclcpp/cmake)
[0.130s] -- Found rosidl_generator_c: 3.1.5 (/opt/ros/humble/share/rosidl_generator_c/cmake)
[0.132s] -- Found rosidl_adapter: 3.1.5 (/opt/ros/humble/share/rosidl_adapter/cmake)
[0.134s] -- Found rosidl_generator_cpp: 3.1.5 (/opt/ros/humble/share/rosidl_generator_cpp/cmake)
[0.139s] -- Using all available rosidl_typesupport_c: rosidl_typesupport_fastrtps_c;rosidl_typesupport_introspection_c
[0.146s] -- Using all available rosidl_typesupport_cpp: rosidl_typesupport_fastrtps_cpp;rosidl_typesupport_introspection_cpp
[0.172s] -- Found rmw_implementation_cmake: 6.1.1 (/opt/ros/humble/share/rmw_implementation_cmake/cmake)
[0.173s] -- Found rmw_fastrtps_cpp: 6.2.6 (/opt/ros/humble/share/rmw_fastrtps_cpp/cmake)
[0.229s] -- Using RMW implementation 'rmw_fastrtps_cpp' as default
[0.301s] -- Found sensor_msgs: 4.2.3 (/opt/ros/humble/share/sensor_msgs/cmake)
[0.358s] -- Found cv_bridge: 3.2.1 (/opt/ros/humble/share/cv_bridge/cmake)
[0.479s] -- Found ament_cmake_ros: 0.10.0 (/opt/ros/humble/share/ament_cmake_ros/cmake)
[0.648s] -- Using all available rosidl_typesupport_c: rosidl_typesupport_fastrtps_c;rosidl_typesupport_introspection_c
[0.713s] -- Using all available rosidl_typesupport_cpp: rosidl_typesupport_fastrtps_cpp;rosidl_typesupport_introspection_cpp
[0.715s] -- Found ament_lint_auto: 0.12.10 (/opt/ros/humble/share/ament_lint_auto/cmake)
[0.725s] -- Added test 'cppcheck' to perform static code analysis on C / C++ code
[0.725s] -- Configured cppcheck include dirs: 
[0.725s] -- Configured cppcheck exclude dirs and/or files: 
[0.726s] -- Added test 'lint_cmake' to check CMake code style
[0.728s] -- Added test 'uncrustify' to check C / C++ code style
[0.728s] -- Configured uncrustify additional arguments: 
[0.729s] -- Added test 'xmllint' to check XML markup files
[0.730s] -- Configuring done
[0.740s] -- Generating done
[0.741s] -- Build files have been written to: /home/basten/ros2_ws/src/MagangBanyubramanta_Basten-Andika-Salim/src/build/tugas_yolo_yolocpp
[0.746s] Invoked command in '/home/basten/ros2_ws/src/MagangBanyubramanta_Basten-Andika-Salim/src/build/tugas_yolo_yolocpp' returned '0': CMAKE_PREFIX_PATH=${CMAKE_PREFIX_PATH}:/opt/ros/humble /usr/bin/cmake /home/basten/ros2_ws/src/MagangBanyubramanta_Basten-Andika-Salim/src/tugas_yolo-yolocpp -DCMAKE_INSTALL_PREFIX=/home/basten/ros2_ws/src/MagangBanyubramanta_Basten-Andika-Salim/src/install/tugas_yolo_yolocpp
[0.746s] Invoking command in '/home/basten/ros2_ws/src/MagangBanyubramanta_Basten-Andika-Salim/src/build/tugas_yolo_yolocpp': CMAKE_PREFIX_PATH=${CMAKE_PREFIX_PATH}:/opt/ros/humble /usr/bin/cmake --build /home/basten/ros2_ws/src/MagangBanyubramanta_Basten-Andika-Salim/src/build/tugas_yolo_yolocpp -- -j32 -l32
[0.766s] [  4%] [34m[1mGenerating C code for ROS interfaces[0m
[0.771s] [  8%] [34m[1mGenerating C++ code for ROS interfaces[0m
[0.876s] [  8%] Built target tugas_yolo_yolocpp__cpp
[0.880s] [ 12%] [34m[1mGenerating C++ introspection for ROS interfaces[0m
[0.880s] [ 16%] [34m[1mGenerating C++ type support dispatch for ROS interfaces[0m
[0.880s] [ 20%] [34m[1mGenerating C++ type support for eProsima Fast-RTPS[0m
[0.883s] [ 25%] [32mBuilding C object CMakeFiles/tugas_yolo_yolocpp__rosidl_generator_c.dir/rosidl_generator_c/tugas_yolo_yolocpp/msg/detail/seen__functions.c.o[0m
[0.905s] [ 29%] [32m[1mLinking C shared library libtugas_yolo_yolocpp__rosidl_generator_c.so[0m
[0.922s] [ 29%] Built target tugas_yolo_yolocpp__rosidl_generator_c
[0.927s] [ 33%] [34m[1mGenerating C type support dispatch for ROS interfaces[0m
[0.927s] [ 37%] [34m[1mGenerating C type support for eProsima Fast-RTPS[0m
[0.927s] [ 41%] [34m[1mGenerating C introspection for ROS interfaces[0m
[0.987s] [ 45%] [32mBuilding CXX object CMakeFiles/tugas_yolo_yolocpp__rosidl_typesupport_introspection_cpp.dir/rosidl_typesupport_introspection_cpp/tugas_yolo_yolocpp/msg/detail/seen__type_support.cpp.o[0m
[0.989s] [ 50%] [32mBuilding CXX object CMakeFiles/tugas_yolo_yolocpp__rosidl_typesupport_fastrtps_cpp.dir/rosidl_typesupport_fastrtps_cpp/tugas_yolo_yolocpp/msg/detail/dds_fastrtps/seen__type_support.cpp.o[0m
[1.001s] [ 54%] [32mBuilding CXX object CMakeFiles/tugas_yolo_yolocpp__rosidl_typesupport_cpp.dir/rosidl_typesupport_cpp/tugas_yolo_yolocpp/msg/seen__type_support.cpp.o[0m
[1.028s] [ 58%] [32mBuilding CXX object CMakeFiles/tugas_yolo_yolocpp__rosidl_typesupport_c.dir/rosidl_typesupport_c/tugas_yolo_yolocpp/msg/seen__type_support.cpp.o[0m
[1.036s] [ 62%] [32mBuilding C object CMakeFiles/tugas_yolo_yolocpp__rosidl_typesupport_introspection_c.dir/rosidl_typesupport_introspection_c/tugas_yolo_yolocpp/msg/detail/seen__type_support.c.o[0m
[1.037s] [ 66%] [32mBuilding CXX object CMakeFiles/tugas_yolo_yolocpp__rosidl_typesupport_fastrtps_c.dir/rosidl_typesupport_fastrtps_c/tugas_yolo_yolocpp/msg/detail/seen__type_support_c.cpp.o[0m
[1.042s] [ 70%] [32m[1mLinking CXX shared library libtugas_yolo_yolocpp__rosidl_typesupport_c.so[0m
[1.052s] [ 75%] [32m[1mLinking C shared library libtugas_yolo_yolocpp__rosidl_typesupport_introspection_c.so[0m
[1.063s] [ 75%] Built target tugas_yolo_yolocpp__rosidl_typesupport_c
[1.066s] [ 75%] Built target tugas_yolo_yolocpp__rosidl_typesupport_introspection_c
[1.111s] [ 79%] [32m[1mLinking CXX shared library libtugas_yolo_yolocpp__rosidl_typesupport_cpp.so[0m
[1.131s] [ 79%] Built target tugas_yolo_yolocpp__rosidl_typesupport_cpp
[1.141s] [ 83%] [32mBuilding CXX object CMakeFiles/detect.dir/src/detect.cpp.o[0m
[1.149s] [ 87%] [32m[1mLinking CXX shared library libtugas_yolo_yolocpp__rosidl_typesupport_fastrtps_cpp.so[0m
[1.150s] [ 91%] [32m[1mLinking CXX shared library libtugas_yolo_yolocpp__rosidl_typesupport_introspection_cpp.so[0m
[1.169s] [ 91%] Built target tugas_yolo_yolocpp__rosidl_typesupport_introspection_cpp
[1.184s] [ 91%] Built target tugas_yolo_yolocpp__rosidl_typesupport_fastrtps_cpp
[1.195s] [ 95%] [32m[1mLinking CXX shared library libtugas_yolo_yolocpp__rosidl_typesupport_fastrtps_c.so[0m
[1.230s] [ 95%] Built target tugas_yolo_yolocpp__rosidl_typesupport_fastrtps_c
[1.240s] [ 95%] Built target tugas_yolo_yolocpp
[1.263s] [01m[K/home/basten/ros2_ws/src/MagangBanyubramanta_Basten-Andika-Salim/src/tugas_yolo-yolocpp/src/detect.cpp:13:10:[m[K [01;31m[Kfatal error: [m[Ktugas_yolo-yolocpp/msg/seen.hpp: No such file or directory
[1.263s]    13 | #include [01;31m[K"tugas_yolo-yolocpp/msg/seen.hpp"[m[K
[1.263s]       |          [01;31m[K^~~~~~~~~~~~~~~~~~~~~~~~~~~~~~~~~[m[K
[1.263s] compilation terminated.
[1.265s] gmake[2]: *** [CMakeFiles/detect.dir/build.make:76: CMakeFiles/detect.dir/src/detect.cpp.o] Error 1
[1.265s] gmake[1]: *** [CMakeFiles/Makefile2:396: CMakeFiles/detect.dir/all] Error 2
[1.265s] gmake: *** [Makefile:146: all] Error 2
[1.267s] Invoked command in '/home/basten/ros2_ws/src/MagangBanyubramanta_Basten-Andika-Salim/src/build/tugas_yolo_yolocpp' returned '2': CMAKE_PREFIX_PATH=${CMAKE_PREFIX_PATH}:/opt/ros/humble /usr/bin/cmake --build /home/basten/ros2_ws/src/MagangBanyubramanta_Basten-Andika-Salim/src/build/tugas_yolo_yolocpp -- -j32 -l32
