[0.078s] Invoking command in '/home/basten/ros2_ws/src/MagangBanyubramanta_Basten-Andika-Salim/Ros2/build/tugas_joy': CMAKE_PREFIX_PATH=/opt/ros/humble /usr/bin/cmake /home/basten/ros2_ws/src/MagangBanyubramanta_Basten-Andika-Salim/Ros2/src/tugas_joy -DCMAKE_INSTALL_PREFIX=/home/basten/ros2_ws/src/MagangBanyubramanta_Basten-Andika-Salim/Ros2/install/tugas_joy
[0.129s] -- The C compiler identification is GNU 11.4.0
[0.174s] -- The CXX compiler identification is GNU 11.4.0
[0.180s] -- Detecting C compiler ABI info
[0.214s] -- Detecting C compiler ABI info - done
[0.218s] -- Check for working C compiler: /usr/bin/cc - skipped
[0.218s] -- Detecting C compile features
[0.218s] -- Detecting C compile features - done
[0.220s] -- Detecting CXX compiler ABI info
[0.259s] -- Detecting CXX compiler ABI info - done
[0.264s] -- Check for working CXX compiler: /usr/bin/c++ - skipped
[0.264s] -- Detecting CXX compile features
[0.264s] -- Detecting CXX compile features - done
[0.266s] -- Found ament_cmake: 1.3.8 (/opt/ros/humble/share/ament_cmake/cmake)
[0.441s] -- Found Python3: /usr/bin/python3 (found version "3.10.12") found components: Interpreter 
[0.490s] -- Found sensor_msgs: 4.2.3 (/opt/ros/humble/share/sensor_msgs/cmake)
[0.511s] -- Found rosidl_generator_c: 3.1.5 (/opt/ros/humble/share/rosidl_generator_c/cmake)
[0.514s] -- Found rosidl_adapter: 3.1.5 (/opt/ros/humble/share/rosidl_adapter/cmake)
[0.520s] -- Found rosidl_generator_cpp: 3.1.5 (/opt/ros/humble/share/rosidl_generator_cpp/cmake)
[0.528s] -- Using all available rosidl_typesupport_c: rosidl_typesupport_fastrtps_c;rosidl_typesupport_introspection_c
[0.539s] -- Using all available rosidl_typesupport_cpp: rosidl_typesupport_fastrtps_cpp;rosidl_typesupport_introspection_cpp
[0.652s] -- Found rclcpp: 16.0.8 (/opt/ros/humble/share/rclcpp/cmake)
[0.686s] -- Found rmw_implementation_cmake: 6.1.1 (/opt/ros/humble/share/rmw_implementation_cmake/cmake)
[0.688s] -- Found rmw_fastrtps_cpp: 6.2.6 (/opt/ros/humble/share/rmw_fastrtps_cpp/cmake)
[0.739s] -- Found OpenSSL: /usr/lib/x86_64-linux-gnu/libcrypto.so (found version "3.0.2")  
[0.754s] -- Found FastRTPS: /opt/ros/humble/include  
[0.777s] -- Using RMW implementation 'rmw_fastrtps_cpp' as default
[0.783s] -- Looking for pthread.h
[0.818s] -- Looking for pthread.h - found
[0.818s] -- Performing Test CMAKE_HAVE_LIBC_PTHREAD
[0.855s] -- Performing Test CMAKE_HAVE_LIBC_PTHREAD - Success
[0.856s] -- Found Threads: TRUE  
[0.925s] -- Found rosidl_default_generators: 1.2.0 (/opt/ros/humble/share/rosidl_default_generators/cmake)
[1.058s] -- Found ament_cmake_ros: 0.10.0 (/opt/ros/humble/share/ament_cmake_ros/cmake)
[1.217s] -- Using all available rosidl_typesupport_c: rosidl_typesupport_fastrtps_c;rosidl_typesupport_introspection_c
[1.280s] -- Using all available rosidl_typesupport_cpp: rosidl_typesupport_fastrtps_cpp;rosidl_typesupport_introspection_cpp
[1.291s] -- Found PythonInterp: /usr/bin/python3 (found suitable version "3.10.12", minimum required is "3.6") 
[1.292s] -- Found python_cmake_module: 0.10.0 (/opt/ros/humble/share/python_cmake_module/cmake)
[1.306s] -- Found PythonLibs: /usr/lib/x86_64-linux-gnu/libpython3.10.so (found suitable version "3.10.12", minimum required is "3.5") 
[1.306s] -- Using PYTHON_EXECUTABLE: /usr/bin/python3
[1.306s] -- Using PYTHON_INCLUDE_DIRS: /usr/include/python3.10
[1.306s] -- Using PYTHON_LIBRARIES: /usr/lib/x86_64-linux-gnu/libpython3.10.so
[1.318s] -- Found PythonExtra: .so  
[1.335s] -- Found ament_lint_auto: 0.12.10 (/opt/ros/humble/share/ament_lint_auto/cmake)
[1.357s] -- Added test 'cppcheck' to perform static code analysis on C / C++ code
[1.357s] -- Configured cppcheck include dirs: 
[1.357s] -- Configured cppcheck exclude dirs and/or files: 
[1.359s] -- Added test 'flake8' to check Python code syntax and style conventions
[1.362s] -- Added test 'lint_cmake' to check CMake code style
[1.363s] -- Added test 'pep257' to check Python code against some of the docstring style conventions in PEP 257
[1.374s] -- Added test 'uncrustify' to check C / C++ code style
[1.374s] -- Configured uncrustify additional arguments: 
[1.375s] -- Added test 'xmllint' to check XML markup files
[1.377s] -- Configuring done
[1.393s] -- Generating done
[1.394s] -- Build files have been written to: /home/basten/ros2_ws/src/MagangBanyubramanta_Basten-Andika-Salim/Ros2/build/tugas_joy
[1.400s] Invoked command in '/home/basten/ros2_ws/src/MagangBanyubramanta_Basten-Andika-Salim/Ros2/build/tugas_joy' returned '0': CMAKE_PREFIX_PATH=/opt/ros/humble /usr/bin/cmake /home/basten/ros2_ws/src/MagangBanyubramanta_Basten-Andika-Salim/Ros2/src/tugas_joy -DCMAKE_INSTALL_PREFIX=/home/basten/ros2_ws/src/MagangBanyubramanta_Basten-Andika-Salim/Ros2/install/tugas_joy
[1.401s] Invoking command in '/home/basten/ros2_ws/src/MagangBanyubramanta_Basten-Andika-Salim/Ros2/build/tugas_joy': CMAKE_PREFIX_PATH=/opt/ros/humble /usr/bin/cmake --build /home/basten/ros2_ws/src/MagangBanyubramanta_Basten-Andika-Salim/Ros2/build/tugas_joy -- -j32 -l32
[1.421s] [  3%] [34m[1mGenerating C code for ROS interfaces[0m
[1.426s] [  6%] [34m[1mGenerating C++ code for ROS interfaces[0m
[1.429s] [  6%] Built target ament_cmake_python_copy_tugas_joy
[1.529s] running egg_info
[1.529s] creating tugas_joy.egg-info
[1.536s] writing tugas_joy.egg-info/PKG-INFO
[1.536s] writing dependency_links to tugas_joy.egg-info/dependency_links.txt
[1.536s] writing top-level names to tugas_joy.egg-info/top_level.txt
[1.536s] writing manifest file 'tugas_joy.egg-info/SOURCES.txt'
[1.543s] [  6%] Built target tugas_joy__cpp
[1.548s] [ 12%] [34m[1mGenerating C++ type support dispatch for ROS interfaces[0m
[1.548s] [ 12%] [34m[1mGenerating C++ type support for eProsima Fast-RTPS[0m
[1.551s] [ 15%] [34m[1mGenerating C++ introspection for ROS interfaces[0m
[1.551s] [ 18%] [32mBuilding C object CMakeFiles/tugas_joy__rosidl_generator_c.dir/rosidl_generator_c/tugas_joy/msg/detail/command__functions.c.o[0m
[1.555s] reading manifest file 'tugas_joy.egg-info/SOURCES.txt'
[1.556s] writing manifest file 'tugas_joy.egg-info/SOURCES.txt'
[1.569s] [ 18%] Built target ament_cmake_python_build_tugas_joy_egg
[1.574s] [ 21%] [32m[1mLinking C shared library libtugas_joy__rosidl_generator_c.so[0m
[1.593s] [ 21%] Built target tugas_joy__rosidl_generator_c
[1.597s] [ 24%] [34m[1mGenerating C type support for eProsima Fast-RTPS[0m
[1.600s] [ 30%] [34m[1mGenerating C introspection for ROS interfaces[0m
[1.600s] [ 30%] [34m[1mGenerating C type support dispatch for ROS interfaces[0m
[1.654s] [ 33%] [32mBuilding CXX object CMakeFiles/tugas_joy__rosidl_typesupport_cpp.dir/rosidl_typesupport_cpp/tugas_joy/msg/command__type_support.cpp.o[0m
[1.664s] [ 36%] [32mBuilding CXX object CMakeFiles/tugas_joy__rosidl_typesupport_fastrtps_cpp.dir/rosidl_typesupport_fastrtps_cpp/tugas_joy/msg/detail/dds_fastrtps/command__type_support.cpp.o[0m
[1.670s] [ 39%] [32mBuilding CXX object CMakeFiles/tugas_joy__rosidl_typesupport_introspection_cpp.dir/rosidl_typesupport_introspection_cpp/tugas_joy/msg/detail/command__type_support.cpp.o[0m
[1.727s] [ 42%] [32mBuilding CXX object CMakeFiles/tugas_joy__rosidl_typesupport_fastrtps_c.dir/rosidl_typesupport_fastrtps_c/tugas_joy/msg/detail/command__type_support_c.cpp.o[0m
[1.747s] [ 45%] [32mBuilding CXX object CMakeFiles/tugas_joy__rosidl_typesupport_c.dir/rosidl_typesupport_c/tugas_joy/msg/command__type_support.cpp.o[0m
[1.749s] [ 48%] [32mBuilding C object CMakeFiles/tugas_joy__rosidl_typesupport_introspection_c.dir/rosidl_typesupport_introspection_c/tugas_joy/msg/detail/command__type_support.c.o[0m
[1.765s] [ 54%] [32m[1mLinking C shared library libtugas_joy__rosidl_typesupport_introspection_c.so[0m
[1.765s] [ 54%] [32m[1mLinking CXX shared library libtugas_joy__rosidl_typesupport_c.so[0m
[1.767s] [ 57%] [32m[1mLinking CXX shared library libtugas_joy__rosidl_typesupport_cpp.so[0m
[1.780s] [ 57%] Built target tugas_joy__rosidl_typesupport_introspection_c
[1.785s] [ 57%] Built target tugas_joy__rosidl_typesupport_c
[1.785s] [ 57%] Built target tugas_joy__rosidl_typesupport_cpp
[1.795s] [ 60%] [32mBuilding CXX object CMakeFiles/publisher.dir/src/publisher.cpp.o[0m
[1.850s] [ 63%] [32m[1mLinking CXX shared library libtugas_joy__rosidl_typesupport_fastrtps_cpp.so[0m
[1.872s] [ 66%] [32m[1mLinking CXX shared library libtugas_joy__rosidl_typesupport_introspection_cpp.so[0m
[1.882s] [ 69%] [32m[1mLinking CXX shared library libtugas_joy__rosidl_typesupport_fastrtps_c.so[0m
[1.887s] [ 69%] Built target tugas_joy__rosidl_typesupport_fastrtps_cpp
[1.892s] [ 69%] Built target tugas_joy__rosidl_typesupport_introspection_cpp
[1.919s] [ 69%] Built target tugas_joy__rosidl_typesupport_fastrtps_c
[1.929s] [ 69%] Built target tugas_joy
[1.939s] [ 72%] [34m[1mGenerating Python code for ROS interfaces[0m
[2.082s] [ 72%] Built target tugas_joy__py
[2.093s] [ 75%] [32mBuilding C object CMakeFiles/tugas_joy__rosidl_generator_py.dir/rosidl_generator_py/tugas_joy/msg/_command_s.c.o[0m
[2.149s] [ 78%] [32m[1mLinking C shared library rosidl_generator_py/tugas_joy/libtugas_joy__rosidl_generator_py.so[0m
[2.168s] [ 78%] Built target tugas_joy__rosidl_generator_py
[2.178s] [ 84%] [32mBuilding C object CMakeFiles/tugas_joy__rosidl_typesupport_introspection_c__pyext.dir/rosidl_generator_py/tugas_joy/_tugas_joy_s.ep.rosidl_typesupport_introspection_c.c.o[0m
[2.178s] [ 84%] [32mBuilding C object CMakeFiles/tugas_joy__rosidl_typesupport_c__pyext.dir/rosidl_generator_py/tugas_joy/_tugas_joy_s.ep.rosidl_typesupport_c.c.o[0m
[2.178s] [ 87%] [32mBuilding C object CMakeFiles/tugas_joy__rosidl_typesupport_fastrtps_c__pyext.dir/rosidl_generator_py/tugas_joy/_tugas_joy_s.ep.rosidl_typesupport_fastrtps_c.c.o[0m
[2.220s] [ 90%] [32m[1mLinking C shared library rosidl_generator_py/tugas_joy/tugas_joy_s__rosidl_typesupport_c.cpython-310-x86_64-linux-gnu.so[0m
[2.221s] [ 93%] [32m[1mLinking C shared library rosidl_generator_py/tugas_joy/tugas_joy_s__rosidl_typesupport_introspection_c.cpython-310-x86_64-linux-gnu.so[0m
[2.221s] [ 96%] [32m[1mLinking C shared library rosidl_generator_py/tugas_joy/tugas_joy_s__rosidl_typesupport_fastrtps_c.cpython-310-x86_64-linux-gnu.so[0m
[2.237s] [ 96%] Built target tugas_joy__rosidl_typesupport_introspection_c__pyext
[2.237s] [ 96%] Built target tugas_joy__rosidl_typesupport_c__pyext
[2.237s] [ 96%] Built target tugas_joy__rosidl_typesupport_fastrtps_c__pyext
[5.614s] [100%] [32m[1mLinking CXX executable publisher[0m
[5.800s] [100%] Built target publisher
