[35m[1mConsolidate compiler generated dependencies of target detector[0m
[ 25%] [32mBuilding CXX object CMakeFiles/detector.dir/yolov5.cpp.o[0m
[ 50%] [32m[1mLinking CXX shared library libdetector.so[0m
[ 50%] Built target detector
[35m[1mConsolidate compiler generated dependencies of target detects[0m
[ 75%] [32mBuilding CXX object CMakeFiles/detects.dir/src/detect.cpp.o[0m
[100%] [32m[1mLinking CXX executable detects[0m
[100%] Built target detects
-- Install configuration: ""
-- Installing: /home/basten/ros2_ws/src/MagangBanyubramanta_Basten-Andika-Salim/src/install/tugas_yolo-yolocpp/lib/tugas_yolo-yolocpp/detects
-- Set runtime path of "/home/basten/ros2_ws/src/MagangBanyubramanta_Basten-Andika-Salim/src/install/tugas_yolo-yolocpp/lib/tugas_yolo-yolocpp/detects" to ""
-- Up-to-date: /home/basten/ros2_ws/src/MagangBanyubramanta_Basten-Andika-Salim/src/install/tugas_yolo-yolocpp/share/ament_index/resource_index/package_run_dependencies/tugas_yolo-yolocpp
-- Installing: /home/basten/ros2_ws/src/MagangBanyubramanta_Basten-Andika-Salim/src/install/tugas_yolo-yolocpp/share/ament_index/resource_index/parent_prefix_path/tugas_yolo-yolocpp
-- Up-to-date: /home/basten/ros2_ws/src/MagangBanyubramanta_Basten-Andika-Salim/src/install/tugas_yolo-yolocpp/share/tugas_yolo-yolocpp/environment/ament_prefix_path.sh
-- Installing: /home/basten/ros2_ws/src/MagangBanyubramanta_Basten-Andika-Salim/src/install/tugas_yolo-yolocpp/share/tugas_yolo-yolocpp/environment/ament_prefix_path.dsv
-- Up-to-date: /home/basten/ros2_ws/src/MagangBanyubramanta_Basten-Andika-Salim/src/install/tugas_yolo-yolocpp/share/tugas_yolo-yolocpp/environment/path.sh
-- Installing: /home/basten/ros2_ws/src/MagangBanyubramanta_Basten-Andika-Salim/src/install/tugas_yolo-yolocpp/share/tugas_yolo-yolocpp/environment/path.dsv
-- Up-to-date: /home/basten/ros2_ws/src/MagangBanyubramanta_Basten-Andika-Salim/src/install/tugas_yolo-yolocpp/share/tugas_yolo-yolocpp/local_setup.bash
-- Up-to-date: /home/basten/ros2_ws/src/MagangBanyubramanta_Basten-Andika-Salim/src/install/tugas_yolo-yolocpp/share/tugas_yolo-yolocpp/local_setup.sh
-- Up-to-date: /home/basten/ros2_ws/src/MagangBanyubramanta_Basten-Andika-Salim/src/install/tugas_yolo-yolocpp/share/tugas_yolo-yolocpp/local_setup.zsh
-- Installing: /home/basten/ros2_ws/src/MagangBanyubramanta_Basten-Andika-Salim/src/install/tugas_yolo-yolocpp/share/tugas_yolo-yolocpp/local_setup.dsv
-- Up-to-date: /home/basten/ros2_ws/src/MagangBanyubramanta_Basten-Andika-Salim/src/install/tugas_yolo-yolocpp/share/tugas_yolo-yolocpp/package.dsv
-- Up-to-date: /home/basten/ros2_ws/src/MagangBanyubramanta_Basten-Andika-Salim/src/install/tugas_yolo-yolocpp/share/ament_index/resource_index/packages/tugas_yolo-yolocpp
-- Installing: /home/basten/ros2_ws/src/MagangBanyubramanta_Basten-Andika-Salim/src/install/tugas_yolo-yolocpp/share/tugas_yolo-yolocpp/cmake/ament_cmake_export_dependencies-extras.cmake
-- Installing: /home/basten/ros2_ws/src/MagangBanyubramanta_Basten-Andika-Salim/src/install/tugas_yolo-yolocpp/share/tugas_yolo-yolocpp/cmake/tugas_yolo-yolocppConfig.cmake
-- Up-to-date: /home/basten/ros2_ws/src/MagangBanyubramanta_Basten-Andika-Salim/src/install/tugas_yolo-yolocpp/share/tugas_yolo-yolocpp/cmake/tugas_yolo-yolocppConfig-version.cmake
-- Up-to-date: /home/basten/ros2_ws/src/MagangBanyubramanta_Basten-Andika-Salim/src/install/tugas_yolo-yolocpp/share/tugas_yolo-yolocpp/package.xml
