[0.022s] Invoking command in '/home/basten/ros2_ws/src/MagangBanyubramanta_Basten-Andika-Salim/src/build/tugas_opencv': CMAKE_PREFIX_PATH=/opt/ros/humble /usr/bin/cmake --build /home/basten/ros2_ws/src/MagangBanyubramanta_Basten-Andika-Salim/src/build/tugas_opencv -- -j32 -l32
[0.069s] [  2%] Built target tugas_opencv__cpp
[0.070s] [ 12%] Built target tugas_opencv__rosidl_generator_c
[0.073s] [ 12%] Built target ament_cmake_python_copy_tugas_opencv
[0.080s] [ 21%] Built target tugas_opencv__rosidl_typesupport_cpp
[0.080s] [ 39%] Built target tugas_opencv__rosidl_typesupport_c
[0.080s] [ 41%] Built target tugas_opencv__rosidl_typesupport_introspection_c
[0.080s] [ 51%] Built target tugas_opencv__rosidl_typesupport_fastrtps_cpp
[0.081s] [ 60%] Built target tugas_opencv__rosidl_typesupport_fastrtps_c
[0.081s] [ 70%] Built target tugas_opencv__rosidl_typesupport_introspection_cpp
[0.086s] [35m[1mConsolidate compiler generated dependencies of target colorcheck[0m
[0.091s] [ 70%] Built target tugas_opencv
[0.099s] [ 73%] [32mBuilding CXX object CMakeFiles/colorcheck.dir/src/colorcheck.cpp.o[0m
[0.100s] [ 75%] Built target tugas_opencv__py
[0.111s] [ 82%] Built target tugas_opencv__rosidl_generator_py
[0.122s] [ 87%] Built target tugas_opencv__rosidl_typesupport_fastrtps_c__pyext
[0.122s] [ 92%] Built target tugas_opencv__rosidl_typesupport_introspection_c__pyext
[0.123s] [ 97%] Built target tugas_opencv__rosidl_typesupport_c__pyext
[0.159s] running egg_info
[0.165s] writing tugas_opencv.egg-info/PKG-INFO
[0.165s] writing dependency_links to tugas_opencv.egg-info/dependency_links.txt
[0.165s] writing top-level names to tugas_opencv.egg-info/top_level.txt
[0.182s] reading manifest file 'tugas_opencv.egg-info/SOURCES.txt'
[0.182s] writing manifest file 'tugas_opencv.egg-info/SOURCES.txt'
[0.194s] [ 97%] Built target ament_cmake_python_build_tugas_opencv_egg
[2.711s] [100%] [32m[1mLinking CXX executable colorcheck[0m
[2.915s] [100%] Built target colorcheck
[2.922s] Invoked command in '/home/basten/ros2_ws/src/MagangBanyubramanta_Basten-Andika-Salim/src/build/tugas_opencv' returned '0': CMAKE_PREFIX_PATH=/opt/ros/humble /usr/bin/cmake --build /home/basten/ros2_ws/src/MagangBanyubramanta_Basten-Andika-Salim/src/build/tugas_opencv -- -j32 -l32
[2.998s] Invoking command in '/home/basten/ros2_ws/src/MagangBanyubramanta_Basten-Andika-Salim/src/build/tugas_opencv': CMAKE_PREFIX_PATH=/opt/ros/humble /usr/bin/cmake --install /home/basten/ros2_ws/src/MagangBanyubramanta_Basten-Andika-Salim/src/build/tugas_opencv
[3.006s] -- Install configuration: ""
[3.006s] -- Up-to-date: /home/basten/ros2_ws/src/MagangBanyubramanta_Basten-Andika-Salim/src/install/tugas_opencv/share/ament_index/resource_index/rosidl_interfaces/tugas_opencv
[3.006s] -- Up-to-date: /home/basten/ros2_ws/src/MagangBanyubramanta_Basten-Andika-Salim/src/install/tugas_opencv/include/tugas_opencv/tugas_opencv
[3.006s] -- Up-to-date: /home/basten/ros2_ws/src/MagangBanyubramanta_Basten-Andika-Salim/src/install/tugas_opencv/include/tugas_opencv/tugas_opencv/msg
[3.006s] -- Up-to-date: /home/basten/ros2_ws/src/MagangBanyubramanta_Basten-Andika-Salim/src/install/tugas_opencv/include/tugas_opencv/tugas_opencv/msg/rosidl_generator_c__visibility_control.h
[3.007s] -- Up-to-date: /home/basten/ros2_ws/src/MagangBanyubramanta_Basten-Andika-Salim/src/install/tugas_opencv/include/tugas_opencv/tugas_opencv/msg/color.h
[3.007s] -- Up-to-date: /home/basten/ros2_ws/src/MagangBanyubramanta_Basten-Andika-Salim/src/install/tugas_opencv/include/tugas_opencv/tugas_opencv/msg/position.h
[3.007s] -- Up-to-date: /home/basten/ros2_ws/src/MagangBanyubramanta_Basten-Andika-Salim/src/install/tugas_opencv/include/tugas_opencv/tugas_opencv/msg/detail
[3.007s] -- Up-to-date: /home/basten/ros2_ws/src/MagangBanyubramanta_Basten-Andika-Salim/src/install/tugas_opencv/include/tugas_opencv/tugas_opencv/msg/detail/position__functions.c
[3.007s] -- Up-to-date: /home/basten/ros2_ws/src/MagangBanyubramanta_Basten-Andika-Salim/src/install/tugas_opencv/include/tugas_opencv/tugas_opencv/msg/detail/color__struct.h
[3.007s] -- Up-to-date: /home/basten/ros2_ws/src/MagangBanyubramanta_Basten-Andika-Salim/src/install/tugas_opencv/include/tugas_opencv/tugas_opencv/msg/detail/color__functions.h
[3.007s] -- Up-to-date: /home/basten/ros2_ws/src/MagangBanyubramanta_Basten-Andika-Salim/src/install/tugas_opencv/include/tugas_opencv/tugas_opencv/msg/detail/position__struct.h
[3.007s] -- Up-to-date: /home/basten/ros2_ws/src/MagangBanyubramanta_Basten-Andika-Salim/src/install/tugas_opencv/include/tugas_opencv/tugas_opencv/msg/detail/color__type_support.h
[3.007s] -- Up-to-date: /home/basten/ros2_ws/src/MagangBanyubramanta_Basten-Andika-Salim/src/install/tugas_opencv/include/tugas_opencv/tugas_opencv/msg/detail/color__functions.c
[3.007s] -- Up-to-date: /home/basten/ros2_ws/src/MagangBanyubramanta_Basten-Andika-Salim/src/install/tugas_opencv/include/tugas_opencv/tugas_opencv/msg/detail/position__type_support.h
[3.008s] -- Up-to-date: /home/basten/ros2_ws/src/MagangBanyubramanta_Basten-Andika-Salim/src/install/tugas_opencv/include/tugas_opencv/tugas_opencv/msg/detail/position__functions.h
[3.008s] -- Up-to-date: /home/basten/ros2_ws/src/MagangBanyubramanta_Basten-Andika-Salim/src/install/tugas_opencv/share/tugas_opencv/environment/library_path.sh
[3.008s] -- Up-to-date: /home/basten/ros2_ws/src/MagangBanyubramanta_Basten-Andika-Salim/src/install/tugas_opencv/share/tugas_opencv/environment/library_path.dsv
[3.008s] -- Up-to-date: /home/basten/ros2_ws/src/MagangBanyubramanta_Basten-Andika-Salim/src/install/tugas_opencv/lib/libtugas_opencv__rosidl_generator_c.so
[3.008s] -- Up-to-date: /home/basten/ros2_ws/src/MagangBanyubramanta_Basten-Andika-Salim/src/install/tugas_opencv/include/tugas_opencv/tugas_opencv
[3.008s] -- Up-to-date: /home/basten/ros2_ws/src/MagangBanyubramanta_Basten-Andika-Salim/src/install/tugas_opencv/include/tugas_opencv/tugas_opencv/msg
[3.008s] -- Up-to-date: /home/basten/ros2_ws/src/MagangBanyubramanta_Basten-Andika-Salim/src/install/tugas_opencv/include/tugas_opencv/tugas_opencv/msg/rosidl_typesupport_fastrtps_c__visibility_control.h
[3.008s] -- Up-to-date: /home/basten/ros2_ws/src/MagangBanyubramanta_Basten-Andika-Salim/src/install/tugas_opencv/include/tugas_opencv/tugas_opencv/msg/detail
[3.008s] -- Up-to-date: /home/basten/ros2_ws/src/MagangBanyubramanta_Basten-Andika-Salim/src/install/tugas_opencv/include/tugas_opencv/tugas_opencv/msg/detail/position__rosidl_typesupport_fastrtps_c.h
[3.008s] -- Up-to-date: /home/basten/ros2_ws/src/MagangBanyubramanta_Basten-Andika-Salim/src/install/tugas_opencv/include/tugas_opencv/tugas_opencv/msg/detail/color__rosidl_typesupport_fastrtps_c.h
[3.008s] -- Up-to-date: /home/basten/ros2_ws/src/MagangBanyubramanta_Basten-Andika-Salim/src/install/tugas_opencv/lib/libtugas_opencv__rosidl_typesupport_fastrtps_c.so
[3.008s] -- Up-to-date: /home/basten/ros2_ws/src/MagangBanyubramanta_Basten-Andika-Salim/src/install/tugas_opencv/include/tugas_opencv/tugas_opencv
[3.008s] -- Up-to-date: /home/basten/ros2_ws/src/MagangBanyubramanta_Basten-Andika-Salim/src/install/tugas_opencv/include/tugas_opencv/tugas_opencv/msg
[3.008s] -- Up-to-date: /home/basten/ros2_ws/src/MagangBanyubramanta_Basten-Andika-Salim/src/install/tugas_opencv/include/tugas_opencv/tugas_opencv/msg/color.hpp
[3.009s] -- Up-to-date: /home/basten/ros2_ws/src/MagangBanyubramanta_Basten-Andika-Salim/src/install/tugas_opencv/include/tugas_opencv/tugas_opencv/msg/position.hpp
[3.009s] -- Up-to-date: /home/basten/ros2_ws/src/MagangBanyubramanta_Basten-Andika-Salim/src/install/tugas_opencv/include/tugas_opencv/tugas_opencv/msg/detail
[3.009s] -- Up-to-date: /home/basten/ros2_ws/src/MagangBanyubramanta_Basten-Andika-Salim/src/install/tugas_opencv/include/tugas_opencv/tugas_opencv/msg/detail/color__traits.hpp
[3.009s] -- Up-to-date: /home/basten/ros2_ws/src/MagangBanyubramanta_Basten-Andika-Salim/src/install/tugas_opencv/include/tugas_opencv/tugas_opencv/msg/detail/position__traits.hpp
[3.009s] -- Up-to-date: /home/basten/ros2_ws/src/MagangBanyubramanta_Basten-Andika-Salim/src/install/tugas_opencv/include/tugas_opencv/tugas_opencv/msg/detail/position__struct.hpp
[3.009s] -- Up-to-date: /home/basten/ros2_ws/src/MagangBanyubramanta_Basten-Andika-Salim/src/install/tugas_opencv/include/tugas_opencv/tugas_opencv/msg/detail/position__builder.hpp
[3.009s] -- Up-to-date: /home/basten/ros2_ws/src/MagangBanyubramanta_Basten-Andika-Salim/src/install/tugas_opencv/include/tugas_opencv/tugas_opencv/msg/detail/color__struct.hpp
[3.009s] -- Up-to-date: /home/basten/ros2_ws/src/MagangBanyubramanta_Basten-Andika-Salim/src/install/tugas_opencv/include/tugas_opencv/tugas_opencv/msg/detail/color__builder.hpp
[3.009s] -- Up-to-date: /home/basten/ros2_ws/src/MagangBanyubramanta_Basten-Andika-Salim/src/install/tugas_opencv/include/tugas_opencv/tugas_opencv
[3.009s] -- Up-to-date: /home/basten/ros2_ws/src/MagangBanyubramanta_Basten-Andika-Salim/src/install/tugas_opencv/include/tugas_opencv/tugas_opencv/msg
[3.009s] -- Up-to-date: /home/basten/ros2_ws/src/MagangBanyubramanta_Basten-Andika-Salim/src/install/tugas_opencv/include/tugas_opencv/tugas_opencv/msg/rosidl_typesupport_fastrtps_cpp__visibility_control.h
[3.009s] -- Up-to-date: /home/basten/ros2_ws/src/MagangBanyubramanta_Basten-Andika-Salim/src/install/tugas_opencv/include/tugas_opencv/tugas_opencv/msg/detail
[3.009s] -- Up-to-date: /home/basten/ros2_ws/src/MagangBanyubramanta_Basten-Andika-Salim/src/install/tugas_opencv/include/tugas_opencv/tugas_opencv/msg/detail/dds_fastrtps
[3.009s] -- Up-to-date: /home/basten/ros2_ws/src/MagangBanyubramanta_Basten-Andika-Salim/src/install/tugas_opencv/include/tugas_opencv/tugas_opencv/msg/detail/color__rosidl_typesupport_fastrtps_cpp.hpp
[3.009s] -- Up-to-date: /home/basten/ros2_ws/src/MagangBanyubramanta_Basten-Andika-Salim/src/install/tugas_opencv/include/tugas_opencv/tugas_opencv/msg/detail/position__rosidl_typesupport_fastrtps_cpp.hpp
[3.009s] -- Up-to-date: /home/basten/ros2_ws/src/MagangBanyubramanta_Basten-Andika-Salim/src/install/tugas_opencv/lib/libtugas_opencv__rosidl_typesupport_fastrtps_cpp.so
[3.009s] -- Up-to-date: /home/basten/ros2_ws/src/MagangBanyubramanta_Basten-Andika-Salim/src/install/tugas_opencv/include/tugas_opencv/tugas_opencv
[3.009s] -- Up-to-date: /home/basten/ros2_ws/src/MagangBanyubramanta_Basten-Andika-Salim/src/install/tugas_opencv/include/tugas_opencv/tugas_opencv/msg
[3.009s] -- Up-to-date: /home/basten/ros2_ws/src/MagangBanyubramanta_Basten-Andika-Salim/src/install/tugas_opencv/include/tugas_opencv/tugas_opencv/msg/rosidl_typesupport_introspection_c__visibility_control.h
[3.009s] -- Up-to-date: /home/basten/ros2_ws/src/MagangBanyubramanta_Basten-Andika-Salim/src/install/tugas_opencv/include/tugas_opencv/tugas_opencv/msg/detail
[3.009s] -- Up-to-date: /home/basten/ros2_ws/src/MagangBanyubramanta_Basten-Andika-Salim/src/install/tugas_opencv/include/tugas_opencv/tugas_opencv/msg/detail/position__type_support.c
[3.009s] -- Up-to-date: /home/basten/ros2_ws/src/MagangBanyubramanta_Basten-Andika-Salim/src/install/tugas_opencv/include/tugas_opencv/tugas_opencv/msg/detail/position__rosidl_typesupport_introspection_c.h
[3.009s] -- Up-to-date: /home/basten/ros2_ws/src/MagangBanyubramanta_Basten-Andika-Salim/src/install/tugas_opencv/include/tugas_opencv/tugas_opencv/msg/detail/color__rosidl_typesupport_introspection_c.h
[3.009s] -- Up-to-date: /home/basten/ros2_ws/src/MagangBanyubramanta_Basten-Andika-Salim/src/install/tugas_opencv/include/tugas_opencv/tugas_opencv/msg/detail/color__type_support.c
[3.010s] -- Up-to-date: /home/basten/ros2_ws/src/MagangBanyubramanta_Basten-Andika-Salim/src/install/tugas_opencv/lib/libtugas_opencv__rosidl_typesupport_introspection_c.so
[3.010s] -- Up-to-date: /home/basten/ros2_ws/src/MagangBanyubramanta_Basten-Andika-Salim/src/install/tugas_opencv/lib/libtugas_opencv__rosidl_typesupport_c.so
[3.010s] -- Up-to-date: /home/basten/ros2_ws/src/MagangBanyubramanta_Basten-Andika-Salim/src/install/tugas_opencv/include/tugas_opencv/tugas_opencv
[3.010s] -- Up-to-date: /home/basten/ros2_ws/src/MagangBanyubramanta_Basten-Andika-Salim/src/install/tugas_opencv/include/tugas_opencv/tugas_opencv/msg
[3.010s] -- Up-to-date: /home/basten/ros2_ws/src/MagangBanyubramanta_Basten-Andika-Salim/src/install/tugas_opencv/include/tugas_opencv/tugas_opencv/msg/detail
[3.010s] -- Up-to-date: /home/basten/ros2_ws/src/MagangBanyubramanta_Basten-Andika-Salim/src/install/tugas_opencv/include/tugas_opencv/tugas_opencv/msg/detail/color__type_support.cpp
[3.010s] -- Up-to-date: /home/basten/ros2_ws/src/MagangBanyubramanta_Basten-Andika-Salim/src/install/tugas_opencv/include/tugas_opencv/tugas_opencv/msg/detail/position__type_support.cpp
[3.010s] -- Up-to-date: /home/basten/ros2_ws/src/MagangBanyubramanta_Basten-Andika-Salim/src/install/tugas_opencv/include/tugas_opencv/tugas_opencv/msg/detail/color__rosidl_typesupport_introspection_cpp.hpp
[3.010s] -- Up-to-date: /home/basten/ros2_ws/src/MagangBanyubramanta_Basten-Andika-Salim/src/install/tugas_opencv/include/tugas_opencv/tugas_opencv/msg/detail/position__rosidl_typesupport_introspection_cpp.hpp
[3.010s] -- Up-to-date: /home/basten/ros2_ws/src/MagangBanyubramanta_Basten-Andika-Salim/src/install/tugas_opencv/lib/libtugas_opencv__rosidl_typesupport_introspection_cpp.so
[3.010s] -- Up-to-date: /home/basten/ros2_ws/src/MagangBanyubramanta_Basten-Andika-Salim/src/install/tugas_opencv/lib/libtugas_opencv__rosidl_typesupport_cpp.so
[3.010s] -- Up-to-date: /home/basten/ros2_ws/src/MagangBanyubramanta_Basten-Andika-Salim/src/install/tugas_opencv/share/tugas_opencv/environment/pythonpath.sh
[3.010s] -- Up-to-date: /home/basten/ros2_ws/src/MagangBanyubramanta_Basten-Andika-Salim/src/install/tugas_opencv/share/tugas_opencv/environment/pythonpath.dsv
[3.010s] -- Up-to-date: /home/basten/ros2_ws/src/MagangBanyubramanta_Basten-Andika-Salim/src/install/tugas_opencv/local/lib/python3.10/dist-packages/tugas_opencv-0.0.0-py3.10.egg-info
[3.010s] -- Installing: /home/basten/ros2_ws/src/MagangBanyubramanta_Basten-Andika-Salim/src/install/tugas_opencv/local/lib/python3.10/dist-packages/tugas_opencv-0.0.0-py3.10.egg-info/top_level.txt
[3.010s] -- Installing: /home/basten/ros2_ws/src/MagangBanyubramanta_Basten-Andika-Salim/src/install/tugas_opencv/local/lib/python3.10/dist-packages/tugas_opencv-0.0.0-py3.10.egg-info/PKG-INFO
[3.010s] -- Installing: /home/basten/ros2_ws/src/MagangBanyubramanta_Basten-Andika-Salim/src/install/tugas_opencv/local/lib/python3.10/dist-packages/tugas_opencv-0.0.0-py3.10.egg-info/dependency_links.txt
[3.010s] -- Installing: /home/basten/ros2_ws/src/MagangBanyubramanta_Basten-Andika-Salim/src/install/tugas_opencv/local/lib/python3.10/dist-packages/tugas_opencv-0.0.0-py3.10.egg-info/SOURCES.txt
[3.010s] -- Up-to-date: /home/basten/ros2_ws/src/MagangBanyubramanta_Basten-Andika-Salim/src/install/tugas_opencv/local/lib/python3.10/dist-packages/tugas_opencv
[3.010s] -- Up-to-date: /home/basten/ros2_ws/src/MagangBanyubramanta_Basten-Andika-Salim/src/install/tugas_opencv/local/lib/python3.10/dist-packages/tugas_opencv/_tugas_opencv_s.ep.rosidl_typesupport_introspection_c.c
[3.010s] -- Up-to-date: /home/basten/ros2_ws/src/MagangBanyubramanta_Basten-Andika-Salim/src/install/tugas_opencv/local/lib/python3.10/dist-packages/tugas_opencv/_tugas_opencv_s.ep.rosidl_typesupport_fastrtps_c.c
[3.010s] -- Up-to-date: /home/basten/ros2_ws/src/MagangBanyubramanta_Basten-Andika-Salim/src/install/tugas_opencv/local/lib/python3.10/dist-packages/tugas_opencv/tugas_opencv_s__rosidl_typesupport_introspection_c.cpython-310-x86_64-linux-gnu.so
[3.010s] -- Up-to-date: /home/basten/ros2_ws/src/MagangBanyubramanta_Basten-Andika-Salim/src/install/tugas_opencv/local/lib/python3.10/dist-packages/tugas_opencv/libtugas_opencv__rosidl_generator_py.so
[3.010s] -- Up-to-date: /home/basten/ros2_ws/src/MagangBanyubramanta_Basten-Andika-Salim/src/install/tugas_opencv/local/lib/python3.10/dist-packages/tugas_opencv/tugas_opencv_s__rosidl_typesupport_c.cpython-310-x86_64-linux-gnu.so
[3.010s] -- Up-to-date: /home/basten/ros2_ws/src/MagangBanyubramanta_Basten-Andika-Salim/src/install/tugas_opencv/local/lib/python3.10/dist-packages/tugas_opencv/tugas_opencv_s__rosidl_typesupport_fastrtps_c.cpython-310-x86_64-linux-gnu.so
[3.010s] -- Up-to-date: /home/basten/ros2_ws/src/MagangBanyubramanta_Basten-Andika-Salim/src/install/tugas_opencv/local/lib/python3.10/dist-packages/tugas_opencv/_tugas_opencv_s.ep.rosidl_typesupport_c.c
[3.010s] -- Up-to-date: /home/basten/ros2_ws/src/MagangBanyubramanta_Basten-Andika-Salim/src/install/tugas_opencv/local/lib/python3.10/dist-packages/tugas_opencv/__init__.py
[3.010s] -- Up-to-date: /home/basten/ros2_ws/src/MagangBanyubramanta_Basten-Andika-Salim/src/install/tugas_opencv/local/lib/python3.10/dist-packages/tugas_opencv/msg
[3.010s] -- Up-to-date: /home/basten/ros2_ws/src/MagangBanyubramanta_Basten-Andika-Salim/src/install/tugas_opencv/local/lib/python3.10/dist-packages/tugas_opencv/msg/_position.py
[3.010s] -- Up-to-date: /home/basten/ros2_ws/src/MagangBanyubramanta_Basten-Andika-Salim/src/install/tugas_opencv/local/lib/python3.10/dist-packages/tugas_opencv/msg/_color.py
[3.010s] -- Up-to-date: /home/basten/ros2_ws/src/MagangBanyubramanta_Basten-Andika-Salim/src/install/tugas_opencv/local/lib/python3.10/dist-packages/tugas_opencv/msg/_position_s.c
[3.010s] -- Up-to-date: /home/basten/ros2_ws/src/MagangBanyubramanta_Basten-Andika-Salim/src/install/tugas_opencv/local/lib/python3.10/dist-packages/tugas_opencv/msg/_color_s.c
[3.010s] -- Up-to-date: /home/basten/ros2_ws/src/MagangBanyubramanta_Basten-Andika-Salim/src/install/tugas_opencv/local/lib/python3.10/dist-packages/tugas_opencv/msg/__init__.py
[3.034s] Listing '/home/basten/ros2_ws/src/MagangBanyubramanta_Basten-Andika-Salim/src/install/tugas_opencv/local/lib/python3.10/dist-packages/tugas_opencv'...
[3.034s] Listing '/home/basten/ros2_ws/src/MagangBanyubramanta_Basten-Andika-Salim/src/install/tugas_opencv/local/lib/python3.10/dist-packages/tugas_opencv/msg'...
[3.037s] -- Up-to-date: /home/basten/ros2_ws/src/MagangBanyubramanta_Basten-Andika-Salim/src/install/tugas_opencv/local/lib/python3.10/dist-packages/tugas_opencv/tugas_opencv_s__rosidl_typesupport_fastrtps_c.cpython-310-x86_64-linux-gnu.so
[3.038s] -- Up-to-date: /home/basten/ros2_ws/src/MagangBanyubramanta_Basten-Andika-Salim/src/install/tugas_opencv/local/lib/python3.10/dist-packages/tugas_opencv/tugas_opencv_s__rosidl_typesupport_introspection_c.cpython-310-x86_64-linux-gnu.so
[3.038s] -- Up-to-date: /home/basten/ros2_ws/src/MagangBanyubramanta_Basten-Andika-Salim/src/install/tugas_opencv/local/lib/python3.10/dist-packages/tugas_opencv/tugas_opencv_s__rosidl_typesupport_c.cpython-310-x86_64-linux-gnu.so
[3.039s] -- Up-to-date: /home/basten/ros2_ws/src/MagangBanyubramanta_Basten-Andika-Salim/src/install/tugas_opencv/lib/libtugas_opencv__rosidl_generator_py.so
[3.039s] -- Up-to-date: /home/basten/ros2_ws/src/MagangBanyubramanta_Basten-Andika-Salim/src/install/tugas_opencv/share/tugas_opencv/msg/Color.idl
[3.039s] -- Up-to-date: /home/basten/ros2_ws/src/MagangBanyubramanta_Basten-Andika-Salim/src/install/tugas_opencv/share/tugas_opencv/msg/Position.idl
[3.039s] -- Up-to-date: /home/basten/ros2_ws/src/MagangBanyubramanta_Basten-Andika-Salim/src/install/tugas_opencv/share/tugas_opencv/msg/Color.msg
[3.039s] -- Up-to-date: /home/basten/ros2_ws/src/MagangBanyubramanta_Basten-Andika-Salim/src/install/tugas_opencv/share/tugas_opencv/msg/Position.msg
[3.039s] -- Installing: /home/basten/ros2_ws/src/MagangBanyubramanta_Basten-Andika-Salim/src/install/tugas_opencv/lib/tugas_opencv/colorcheck
[3.041s] -- Set runtime path of "/home/basten/ros2_ws/src/MagangBanyubramanta_Basten-Andika-Salim/src/install/tugas_opencv/lib/tugas_opencv/colorcheck" to ""
[3.041s] -- Up-to-date: /home/basten/ros2_ws/src/MagangBanyubramanta_Basten-Andika-Salim/src/install/tugas_opencv/share/ament_index/resource_index/package_run_dependencies/tugas_opencv
[3.041s] -- Up-to-date: /home/basten/ros2_ws/src/MagangBanyubramanta_Basten-Andika-Salim/src/install/tugas_opencv/share/ament_index/resource_index/parent_prefix_path/tugas_opencv
[3.041s] -- Up-to-date: /home/basten/ros2_ws/src/MagangBanyubramanta_Basten-Andika-Salim/src/install/tugas_opencv/share/tugas_opencv/environment/ament_prefix_path.sh
[3.041s] -- Up-to-date: /home/basten/ros2_ws/src/MagangBanyubramanta_Basten-Andika-Salim/src/install/tugas_opencv/share/tugas_opencv/environment/ament_prefix_path.dsv
[3.041s] -- Up-to-date: /home/basten/ros2_ws/src/MagangBanyubramanta_Basten-Andika-Salim/src/install/tugas_opencv/share/tugas_opencv/environment/path.sh
[3.041s] -- Up-to-date: /home/basten/ros2_ws/src/MagangBanyubramanta_Basten-Andika-Salim/src/install/tugas_opencv/share/tugas_opencv/environment/path.dsv
[3.041s] -- Up-to-date: /home/basten/ros2_ws/src/MagangBanyubramanta_Basten-Andika-Salim/src/install/tugas_opencv/share/tugas_opencv/local_setup.bash
[3.041s] -- Up-to-date: /home/basten/ros2_ws/src/MagangBanyubramanta_Basten-Andika-Salim/src/install/tugas_opencv/share/tugas_opencv/local_setup.sh
[3.041s] -- Up-to-date: /home/basten/ros2_ws/src/MagangBanyubramanta_Basten-Andika-Salim/src/install/tugas_opencv/share/tugas_opencv/local_setup.zsh
[3.041s] -- Up-to-date: /home/basten/ros2_ws/src/MagangBanyubramanta_Basten-Andika-Salim/src/install/tugas_opencv/share/tugas_opencv/local_setup.dsv
[3.041s] -- Installing: /home/basten/ros2_ws/src/MagangBanyubramanta_Basten-Andika-Salim/src/install/tugas_opencv/share/tugas_opencv/package.dsv
[3.041s] -- Up-to-date: /home/basten/ros2_ws/src/MagangBanyubramanta_Basten-Andika-Salim/src/install/tugas_opencv/share/ament_index/resource_index/packages/tugas_opencv
[3.042s] -- Up-to-date: /home/basten/ros2_ws/src/MagangBanyubramanta_Basten-Andika-Salim/src/install/tugas_opencv/share/tugas_opencv/cmake/export_tugas_opencv__rosidl_generator_cExport.cmake
[3.042s] -- Up-to-date: /home/basten/ros2_ws/src/MagangBanyubramanta_Basten-Andika-Salim/src/install/tugas_opencv/share/tugas_opencv/cmake/export_tugas_opencv__rosidl_generator_cExport-noconfig.cmake
[3.042s] -- Up-to-date: /home/basten/ros2_ws/src/MagangBanyubramanta_Basten-Andika-Salim/src/install/tugas_opencv/share/tugas_opencv/cmake/export_tugas_opencv__rosidl_typesupport_fastrtps_cExport.cmake
[3.042s] -- Up-to-date: /home/basten/ros2_ws/src/MagangBanyubramanta_Basten-Andika-Salim/src/install/tugas_opencv/share/tugas_opencv/cmake/export_tugas_opencv__rosidl_typesupport_fastrtps_cExport-noconfig.cmake
[3.042s] -- Up-to-date: /home/basten/ros2_ws/src/MagangBanyubramanta_Basten-Andika-Salim/src/install/tugas_opencv/share/tugas_opencv/cmake/export_tugas_opencv__rosidl_generator_cppExport.cmake
[3.042s] -- Up-to-date: /home/basten/ros2_ws/src/MagangBanyubramanta_Basten-Andika-Salim/src/install/tugas_opencv/share/tugas_opencv/cmake/export_tugas_opencv__rosidl_typesupport_fastrtps_cppExport.cmake
[3.042s] -- Up-to-date: /home/basten/ros2_ws/src/MagangBanyubramanta_Basten-Andika-Salim/src/install/tugas_opencv/share/tugas_opencv/cmake/export_tugas_opencv__rosidl_typesupport_fastrtps_cppExport-noconfig.cmake
[3.042s] -- Up-to-date: /home/basten/ros2_ws/src/MagangBanyubramanta_Basten-Andika-Salim/src/install/tugas_opencv/share/tugas_opencv/cmake/tugas_opencv__rosidl_typesupport_introspection_cExport.cmake
[3.042s] -- Up-to-date: /home/basten/ros2_ws/src/MagangBanyubramanta_Basten-Andika-Salim/src/install/tugas_opencv/share/tugas_opencv/cmake/tugas_opencv__rosidl_typesupport_introspection_cExport-noconfig.cmake
[3.042s] -- Up-to-date: /home/basten/ros2_ws/src/MagangBanyubramanta_Basten-Andika-Salim/src/install/tugas_opencv/share/tugas_opencv/cmake/tugas_opencv__rosidl_typesupport_cExport.cmake
[3.043s] -- Up-to-date: /home/basten/ros2_ws/src/MagangBanyubramanta_Basten-Andika-Salim/src/install/tugas_opencv/share/tugas_opencv/cmake/tugas_opencv__rosidl_typesupport_cExport-noconfig.cmake
[3.043s] -- Up-to-date: /home/basten/ros2_ws/src/MagangBanyubramanta_Basten-Andika-Salim/src/install/tugas_opencv/share/tugas_opencv/cmake/tugas_opencv__rosidl_typesupport_introspection_cppExport.cmake
[3.043s] -- Up-to-date: /home/basten/ros2_ws/src/MagangBanyubramanta_Basten-Andika-Salim/src/install/tugas_opencv/share/tugas_opencv/cmake/tugas_opencv__rosidl_typesupport_introspection_cppExport-noconfig.cmake
[3.043s] -- Up-to-date: /home/basten/ros2_ws/src/MagangBanyubramanta_Basten-Andika-Salim/src/install/tugas_opencv/share/tugas_opencv/cmake/tugas_opencv__rosidl_typesupport_cppExport.cmake
[3.043s] -- Up-to-date: /home/basten/ros2_ws/src/MagangBanyubramanta_Basten-Andika-Salim/src/install/tugas_opencv/share/tugas_opencv/cmake/tugas_opencv__rosidl_typesupport_cppExport-noconfig.cmake
[3.043s] -- Up-to-date: /home/basten/ros2_ws/src/MagangBanyubramanta_Basten-Andika-Salim/src/install/tugas_opencv/share/tugas_opencv/cmake/export_tugas_opencv__rosidl_generator_pyExport.cmake
[3.043s] -- Up-to-date: /home/basten/ros2_ws/src/MagangBanyubramanta_Basten-Andika-Salim/src/install/tugas_opencv/share/tugas_opencv/cmake/export_tugas_opencv__rosidl_generator_pyExport-noconfig.cmake
[3.043s] -- Up-to-date: /home/basten/ros2_ws/src/MagangBanyubramanta_Basten-Andika-Salim/src/install/tugas_opencv/share/tugas_opencv/cmake/rosidl_cmake-extras.cmake
[3.044s] -- Up-to-date: /home/basten/ros2_ws/src/MagangBanyubramanta_Basten-Andika-Salim/src/install/tugas_opencv/share/tugas_opencv/cmake/ament_cmake_export_include_directories-extras.cmake
[3.044s] -- Up-to-date: /home/basten/ros2_ws/src/MagangBanyubramanta_Basten-Andika-Salim/src/install/tugas_opencv/share/tugas_opencv/cmake/ament_cmake_export_libraries-extras.cmake
[3.044s] -- Up-to-date: /home/basten/ros2_ws/src/MagangBanyubramanta_Basten-Andika-Salim/src/install/tugas_opencv/share/tugas_opencv/cmake/ament_cmake_export_targets-extras.cmake
[3.044s] -- Up-to-date: /home/basten/ros2_ws/src/MagangBanyubramanta_Basten-Andika-Salim/src/install/tugas_opencv/share/tugas_opencv/cmake/rosidl_cmake_export_typesupport_targets-extras.cmake
[3.044s] -- Up-to-date: /home/basten/ros2_ws/src/MagangBanyubramanta_Basten-Andika-Salim/src/install/tugas_opencv/share/tugas_opencv/cmake/ament_cmake_export_dependencies-extras.cmake
[3.044s] -- Up-to-date: /home/basten/ros2_ws/src/MagangBanyubramanta_Basten-Andika-Salim/src/install/tugas_opencv/share/tugas_opencv/cmake/rosidl_cmake_export_typesupport_libraries-extras.cmake
[3.044s] -- Up-to-date: /home/basten/ros2_ws/src/MagangBanyubramanta_Basten-Andika-Salim/src/install/tugas_opencv/share/tugas_opencv/cmake/tugas_opencvConfig.cmake
[3.044s] -- Up-to-date: /home/basten/ros2_ws/src/MagangBanyubramanta_Basten-Andika-Salim/src/install/tugas_opencv/share/tugas_opencv/cmake/tugas_opencvConfig-version.cmake
[3.044s] -- Up-to-date: /home/basten/ros2_ws/src/MagangBanyubramanta_Basten-Andika-Salim/src/install/tugas_opencv/share/tugas_opencv/package.xml
[3.046s] Invoked command in '/home/basten/ros2_ws/src/MagangBanyubramanta_Basten-Andika-Salim/src/build/tugas_opencv' returned '0': CMAKE_PREFIX_PATH=/opt/ros/humble /usr/bin/cmake --install /home/basten/ros2_ws/src/MagangBanyubramanta_Basten-Andika-Salim/src/build/tugas_opencv
