[0.372s] [34mcolcon[0m [1;30mDEBUG[0m [32mCommand line arguments: ['/usr/bin/colcon', 'build', '--packages-select', 'tugas_yolo_yolocpp'][0m
[0.372s] [34mcolcon[0m [1;30mDEBUG[0m [32mParsed command line arguments: Namespace(log_base=None, log_level=None, verb_name='build', build_base='build', install_base='install', merge_install=False, symlink_install=False, test_result_base=None, continue_on_error=False, executor='parallel', parallel_workers=32, event_handlers=None, ignore_user_meta=False, metas=['./colcon.meta'], base_paths=['.'], packages_ignore=None, packages_ignore_regex=None, paths=None, packages_up_to=None, packages_up_to_regex=None, packages_above=None, packages_above_and_dependencies=None, packages_above_depth=None, packages_select_by_dep=None, packages_skip_by_dep=None, packages_skip_up_to=None, packages_select_build_failed=False, packages_skip_build_finished=False, packages_select_test_failures=False, packages_skip_test_passed=False, packages_select=['tugas_yolo_yolocpp'], packages_skip=None, packages_select_regex=None, packages_skip_regex=None, packages_start=None, packages_end=None, allow_overriding=[], cmake_args=None, cmake_target=None, cmake_target_skip_unavailable=False, cmake_clean_cache=False, cmake_clean_first=False, cmake_force_configure=False, ament_cmake_args=None, catkin_cmake_args=None, catkin_skip_building_tests=False, verb_parser=<colcon_defaults.argument_parser.defaults.DefaultArgumentsDecorator object at 0x7fde9ede8130>, verb_extension=<colcon_core.verb.build.BuildVerb object at 0x7fde9ef216f0>, main=<bound method BuildVerb.main of <colcon_core.verb.build.BuildVerb object at 0x7fde9ef216f0>>)[0m
[0.395s] [34mcolcon.colcon_core.package_discovery[0m [1;30mLevel 1[0m discover_packages(colcon_meta) check parameters
[0.395s] [34mcolcon.colcon_core.package_discovery[0m [1;30mLevel 1[0m discover_packages(recursive) check parameters
[0.395s] [34mcolcon.colcon_core.package_discovery[0m [1;30mLevel 1[0m discover_packages(ignore) check parameters
[0.395s] [34mcolcon.colcon_core.package_discovery[0m [1;30mLevel 1[0m discover_packages(path) check parameters
[0.395s] [34mcolcon.colcon_core.package_discovery[0m [1;30mLevel 1[0m discover_packages(colcon_meta) discover
[0.395s] [34mcolcon.colcon_core.package_discovery[0m [1;30mLevel 1[0m discover_packages(recursive) discover
[0.395s] [34mcolcon.colcon_core.package_discovery[0m [1;30mINFO[0m Crawling recursively for packages in '/home/basten/ros2_ws/src/MagangBanyubramanta_Basten-Andika-Salim/Ros2'
[0.395s] [34mcolcon.colcon_core.package_identification[0m [1;30mLevel 1[0m _identify(.) by extensions ['ignore', 'ignore_ament_install']
[0.395s] [34mcolcon.colcon_core.package_identification[0m [1;30mLevel 1[0m _identify(.) by extension 'ignore'
[0.395s] [34mcolcon.colcon_core.package_identification[0m [1;30mLevel 1[0m _identify(.) by extension 'ignore_ament_install'
[0.395s] [34mcolcon.colcon_core.package_identification[0m [1;30mLevel 1[0m _identify(.) by extensions ['colcon_pkg']
[0.395s] [34mcolcon.colcon_core.package_identification[0m [1;30mLevel 1[0m _identify(.) by extension 'colcon_pkg'
[0.395s] [34mcolcon.colcon_core.package_identification[0m [1;30mLevel 1[0m _identify(.) by extensions ['colcon_meta']
[0.395s] [34mcolcon.colcon_core.package_identification[0m [1;30mLevel 1[0m _identify(.) by extension 'colcon_meta'
[0.395s] [34mcolcon.colcon_core.package_identification[0m [1;30mLevel 1[0m _identify(.) by extensions ['ros']
[0.395s] [34mcolcon.colcon_core.package_identification[0m [1;30mLevel 1[0m _identify(.) by extension 'ros'
[0.402s] [34mcolcon.colcon_core.package_identification[0m [1;30mLevel 1[0m _identify(.) by extensions ['cmake', 'python']
[0.402s] [34mcolcon.colcon_core.package_identification[0m [1;30mLevel 1[0m _identify(.) by extension 'cmake'
[0.402s] [34mcolcon.colcon_core.package_identification[0m [1;30mLevel 1[0m _identify(.) by extension 'python'
[0.402s] [34mcolcon.colcon_core.package_identification[0m [1;30mLevel 1[0m _identify(.) by extensions ['python_setup_py']
[0.402s] [34mcolcon.colcon_core.package_identification[0m [1;30mLevel 1[0m _identify(.) by extension 'python_setup_py'
[0.402s] [34mcolcon.colcon_core.package_identification[0m [1;30mLevel 1[0m _identify(build) by extensions ['ignore', 'ignore_ament_install']
[0.402s] [34mcolcon.colcon_core.package_identification[0m [1;30mLevel 1[0m _identify(build) by extension 'ignore'
[0.402s] [34mcolcon.colcon_core.package_identification[0m [1;30mLevel 1[0m _identify(build) ignored
[0.402s] [34mcolcon.colcon_core.package_identification[0m [1;30mLevel 1[0m _identify(install) by extensions ['ignore', 'ignore_ament_install']
[0.402s] [34mcolcon.colcon_core.package_identification[0m [1;30mLevel 1[0m _identify(install) by extension 'ignore'
[0.402s] [34mcolcon.colcon_core.package_identification[0m [1;30mLevel 1[0m _identify(install) ignored
[0.402s] [34mcolcon.colcon_core.package_identification[0m [1;30mLevel 1[0m _identify(log) by extensions ['ignore', 'ignore_ament_install']
[0.402s] [34mcolcon.colcon_core.package_identification[0m [1;30mLevel 1[0m _identify(log) by extension 'ignore'
[0.402s] [34mcolcon.colcon_core.package_identification[0m [1;30mLevel 1[0m _identify(log) ignored
[0.402s] [34mcolcon.colcon_core.package_identification[0m [1;30mLevel 1[0m _identify(src) by extensions ['ignore', 'ignore_ament_install']
[0.402s] [34mcolcon.colcon_core.package_identification[0m [1;30mLevel 1[0m _identify(src) by extension 'ignore'
[0.402s] [34mcolcon.colcon_core.package_identification[0m [1;30mLevel 1[0m _identify(src) by extension 'ignore_ament_install'
[0.402s] [34mcolcon.colcon_core.package_identification[0m [1;30mLevel 1[0m _identify(src) by extensions ['colcon_pkg']
[0.402s] [34mcolcon.colcon_core.package_identification[0m [1;30mLevel 1[0m _identify(src) by extension 'colcon_pkg'
[0.402s] [34mcolcon.colcon_core.package_identification[0m [1;30mLevel 1[0m _identify(src) by extensions ['colcon_meta']
[0.402s] [34mcolcon.colcon_core.package_identification[0m [1;30mLevel 1[0m _identify(src) by extension 'colcon_meta'
[0.402s] [34mcolcon.colcon_core.package_identification[0m [1;30mLevel 1[0m _identify(src) by extensions ['ros']
[0.402s] [34mcolcon.colcon_core.package_identification[0m [1;30mLevel 1[0m _identify(src) by extension 'ros'
[0.402s] [34mcolcon.colcon_core.package_identification[0m [1;30mLevel 1[0m _identify(src) by extensions ['cmake', 'python']
[0.402s] [34mcolcon.colcon_core.package_identification[0m [1;30mLevel 1[0m _identify(src) by extension 'cmake'
[0.402s] [34mcolcon.colcon_core.package_identification[0m [1;30mLevel 1[0m _identify(src) by extension 'python'
[0.402s] [34mcolcon.colcon_core.package_identification[0m [1;30mLevel 1[0m _identify(src) by extensions ['python_setup_py']
[0.402s] [34mcolcon.colcon_core.package_identification[0m [1;30mLevel 1[0m _identify(src) by extension 'python_setup_py'
[0.402s] [34mcolcon.colcon_core.package_identification[0m [1;30mLevel 1[0m _identify(src/communicator) by extensions ['ignore', 'ignore_ament_install']
[0.402s] [34mcolcon.colcon_core.package_identification[0m [1;30mLevel 1[0m _identify(src/communicator) by extension 'ignore'
[0.402s] [34mcolcon.colcon_core.package_identification[0m [1;30mLevel 1[0m _identify(src/communicator) by extension 'ignore_ament_install'
[0.402s] [34mcolcon.colcon_core.package_identification[0m [1;30mLevel 1[0m _identify(src/communicator) by extensions ['colcon_pkg']
[0.402s] [34mcolcon.colcon_core.package_identification[0m [1;30mLevel 1[0m _identify(src/communicator) by extension 'colcon_pkg'
[0.402s] [34mcolcon.colcon_core.package_identification[0m [1;30mLevel 1[0m _identify(src/communicator) by extensions ['colcon_meta']
[0.402s] [34mcolcon.colcon_core.package_identification[0m [1;30mLevel 1[0m _identify(src/communicator) by extension 'colcon_meta'
[0.402s] [34mcolcon.colcon_core.package_identification[0m [1;30mLevel 1[0m _identify(src/communicator) by extensions ['ros']
[0.402s] [34mcolcon.colcon_core.package_identification[0m [1;30mLevel 1[0m _identify(src/communicator) by extension 'ros'
[0.403s] [34mcolcon.colcon_core.package_identification[0m [1;30mDEBUG[0m [32mPackage 'src/communicator' with type 'ros.ament_cmake' and name 'communicator'[0m
[0.403s] [34mcolcon.colcon_core.package_identification[0m [1;30mLevel 1[0m _identify(src/tugas_joy) by extensions ['ignore', 'ignore_ament_install']
[0.404s] [34mcolcon.colcon_core.package_identification[0m [1;30mLevel 1[0m _identify(src/tugas_joy) by extension 'ignore'
[0.404s] [34mcolcon.colcon_core.package_identification[0m [1;30mLevel 1[0m _identify(src/tugas_joy) by extension 'ignore_ament_install'
[0.404s] [34mcolcon.colcon_core.package_identification[0m [1;30mLevel 1[0m _identify(src/tugas_joy) by extensions ['colcon_pkg']
[0.404s] [34mcolcon.colcon_core.package_identification[0m [1;30mLevel 1[0m _identify(src/tugas_joy) by extension 'colcon_pkg'
[0.404s] [34mcolcon.colcon_core.package_identification[0m [1;30mLevel 1[0m _identify(src/tugas_joy) by extensions ['colcon_meta']
[0.404s] [34mcolcon.colcon_core.package_identification[0m [1;30mLevel 1[0m _identify(src/tugas_joy) by extension 'colcon_meta'
[0.404s] [34mcolcon.colcon_core.package_identification[0m [1;30mLevel 1[0m _identify(src/tugas_joy) by extensions ['ros']
[0.404s] [34mcolcon.colcon_core.package_identification[0m [1;30mLevel 1[0m _identify(src/tugas_joy) by extension 'ros'
[0.404s] [34mcolcon.colcon_core.package_identification[0m [1;30mLevel 1[0m _identify(src/tugas_joy) by extensions ['cmake', 'python']
[0.404s] [34mcolcon.colcon_core.package_identification[0m [1;30mLevel 1[0m _identify(src/tugas_joy) by extension 'cmake'
[0.404s] [34mcolcon.colcon_core.package_identification[0m [1;30mLevel 1[0m _identify(src/tugas_joy) by extension 'python'
[0.404s] [34mcolcon.colcon_core.package_identification[0m [1;30mLevel 1[0m _identify(src/tugas_joy) by extensions ['python_setup_py']
[0.404s] [34mcolcon.colcon_core.package_identification[0m [1;30mLevel 1[0m _identify(src/tugas_joy) by extension 'python_setup_py'
[0.404s] [34mcolcon.colcon_core.package_identification[0m [1;30mLevel 1[0m _identify(src/tugas_joy/xbox) by extensions ['ignore', 'ignore_ament_install']
[0.404s] [34mcolcon.colcon_core.package_identification[0m [1;30mLevel 1[0m _identify(src/tugas_joy/xbox) by extension 'ignore'
[0.404s] [34mcolcon.colcon_core.package_identification[0m [1;30mLevel 1[0m _identify(src/tugas_joy/xbox) by extension 'ignore_ament_install'
[0.404s] [34mcolcon.colcon_core.package_identification[0m [1;30mLevel 1[0m _identify(src/tugas_joy/xbox) by extensions ['colcon_pkg']
[0.404s] [34mcolcon.colcon_core.package_identification[0m [1;30mLevel 1[0m _identify(src/tugas_joy/xbox) by extension 'colcon_pkg'
[0.404s] [34mcolcon.colcon_core.package_identification[0m [1;30mLevel 1[0m _identify(src/tugas_joy/xbox) by extensions ['colcon_meta']
[0.404s] [34mcolcon.colcon_core.package_identification[0m [1;30mLevel 1[0m _identify(src/tugas_joy/xbox) by extension 'colcon_meta'
[0.404s] [34mcolcon.colcon_core.package_identification[0m [1;30mLevel 1[0m _identify(src/tugas_joy/xbox) by extensions ['ros']
[0.404s] [34mcolcon.colcon_core.package_identification[0m [1;30mLevel 1[0m _identify(src/tugas_joy/xbox) by extension 'ros'
[0.404s] [34mcolcon.colcon_core.package_identification[0m [1;30mDEBUG[0m [32mPackage 'src/tugas_joy/xbox' with type 'ros.ament_cmake' and name 'xbox'[0m
[0.404s] [34mcolcon.colcon_core.package_identification[0m [1;30mLevel 1[0m _identify(src/tugas_opencv) by extensions ['ignore', 'ignore_ament_install']
[0.404s] [34mcolcon.colcon_core.package_identification[0m [1;30mLevel 1[0m _identify(src/tugas_opencv) by extension 'ignore'
[0.404s] [34mcolcon.colcon_core.package_identification[0m [1;30mLevel 1[0m _identify(src/tugas_opencv) by extension 'ignore_ament_install'
[0.404s] [34mcolcon.colcon_core.package_identification[0m [1;30mLevel 1[0m _identify(src/tugas_opencv) by extensions ['colcon_pkg']
[0.404s] [34mcolcon.colcon_core.package_identification[0m [1;30mLevel 1[0m _identify(src/tugas_opencv) by extension 'colcon_pkg'
[0.404s] [34mcolcon.colcon_core.package_identification[0m [1;30mLevel 1[0m _identify(src/tugas_opencv) by extensions ['colcon_meta']
[0.404s] [34mcolcon.colcon_core.package_identification[0m [1;30mLevel 1[0m _identify(src/tugas_opencv) by extension 'colcon_meta'
[0.404s] [34mcolcon.colcon_core.package_identification[0m [1;30mLevel 1[0m _identify(src/tugas_opencv) by extensions ['ros']
[0.404s] [34mcolcon.colcon_core.package_identification[0m [1;30mLevel 1[0m _identify(src/tugas_opencv) by extension 'ros'
[0.405s] [34mcolcon.colcon_core.package_identification[0m [1;30mDEBUG[0m [32mPackage 'src/tugas_opencv' with type 'ros.ament_cmake' and name 'tugas_opencv'[0m
[0.405s] [34mcolcon.colcon_core.package_identification[0m [1;30mLevel 1[0m _identify(src/tugas_yolo) by extensions ['ignore', 'ignore_ament_install']
[0.405s] [34mcolcon.colcon_core.package_identification[0m [1;30mLevel 1[0m _identify(src/tugas_yolo) by extension 'ignore'
[0.405s] [34mcolcon.colcon_core.package_identification[0m [1;30mLevel 1[0m _identify(src/tugas_yolo) by extension 'ignore_ament_install'
[0.405s] [34mcolcon.colcon_core.package_identification[0m [1;30mLevel 1[0m _identify(src/tugas_yolo) by extensions ['colcon_pkg']
[0.405s] [34mcolcon.colcon_core.package_identification[0m [1;30mLevel 1[0m _identify(src/tugas_yolo) by extension 'colcon_pkg'
[0.405s] [34mcolcon.colcon_core.package_identification[0m [1;30mLevel 1[0m _identify(src/tugas_yolo) by extensions ['colcon_meta']
[0.405s] [34mcolcon.colcon_core.package_identification[0m [1;30mLevel 1[0m _identify(src/tugas_yolo) by extension 'colcon_meta'
[0.405s] [34mcolcon.colcon_core.package_identification[0m [1;30mLevel 1[0m _identify(src/tugas_yolo) by extensions ['ros']
[0.405s] [34mcolcon.colcon_core.package_identification[0m [1;30mLevel 1[0m _identify(src/tugas_yolo) by extension 'ros'
[0.405s] [34mcolcon.colcon_core.package_identification[0m [1;30mDEBUG[0m [32mPackage 'src/tugas_yolo' with type 'ros.ament_cmake' and name 'tugas_yolo'[0m
[0.405s] [34mcolcon.colcon_core.package_identification[0m [1;30mLevel 1[0m _identify(src/tugas_yolo_yolocpp) by extensions ['ignore', 'ignore_ament_install']
[0.405s] [34mcolcon.colcon_core.package_identification[0m [1;30mLevel 1[0m _identify(src/tugas_yolo_yolocpp) by extension 'ignore'
[0.405s] [34mcolcon.colcon_core.package_identification[0m [1;30mLevel 1[0m _identify(src/tugas_yolo_yolocpp) by extension 'ignore_ament_install'
[0.405s] [34mcolcon.colcon_core.package_identification[0m [1;30mLevel 1[0m _identify(src/tugas_yolo_yolocpp) by extensions ['colcon_pkg']
[0.405s] [34mcolcon.colcon_core.package_identification[0m [1;30mLevel 1[0m _identify(src/tugas_yolo_yolocpp) by extension 'colcon_pkg'
[0.405s] [34mcolcon.colcon_core.package_identification[0m [1;30mLevel 1[0m _identify(src/tugas_yolo_yolocpp) by extensions ['colcon_meta']
[0.405s] [34mcolcon.colcon_core.package_identification[0m [1;30mLevel 1[0m _identify(src/tugas_yolo_yolocpp) by extension 'colcon_meta'
[0.405s] [34mcolcon.colcon_core.package_identification[0m [1;30mLevel 1[0m _identify(src/tugas_yolo_yolocpp) by extensions ['ros']
[0.405s] [34mcolcon.colcon_core.package_identification[0m [1;30mLevel 1[0m _identify(src/tugas_yolo_yolocpp) by extension 'ros'
[0.406s] [34mcolcon.colcon_core.package_identification[0m [1;30mDEBUG[0m [32mPackage 'src/tugas_yolo_yolocpp' with type 'ros.ament_cmake' and name 'tugas_yolo_yolocpp'[0m
[0.406s] [34mcolcon.colcon_core.package_discovery[0m [1;30mLevel 1[0m discover_packages(recursive) using defaults
[0.406s] [34mcolcon.colcon_core.package_discovery[0m [1;30mLevel 1[0m discover_packages(ignore) discover
[0.406s] [34mcolcon.colcon_core.package_discovery[0m [1;30mLevel 1[0m discover_packages(ignore) using defaults
[0.406s] [34mcolcon.colcon_core.package_discovery[0m [1;30mLevel 1[0m discover_packages(path) discover
[0.406s] [34mcolcon.colcon_core.package_discovery[0m [1;30mLevel 1[0m discover_packages(path) using defaults
[0.429s] [34mcolcon.colcon_core.package_selection[0m [1;30mINFO[0m Skipping not selected package 'communicator' in 'src/communicator'
[0.429s] [34mcolcon.colcon_core.package_selection[0m [1;30mINFO[0m Skipping not selected package 'tugas_opencv' in 'src/tugas_opencv'
[0.429s] [34mcolcon.colcon_core.package_selection[0m [1;30mINFO[0m Skipping not selected package 'tugas_yolo' in 'src/tugas_yolo'
[0.429s] [34mcolcon.colcon_core.package_selection[0m [1;30mINFO[0m Skipping not selected package 'xbox' in 'src/tugas_joy/xbox'
[0.440s] [34mcolcon.colcon_core.package_discovery[0m [1;30mLevel 1[0m discover_packages(prefix_path) check parameters
[0.440s] [34mcolcon.colcon_core.package_discovery[0m [1;30mLevel 1[0m discover_packages(prefix_path) discover
[0.451s] [34mcolcon.colcon_installed_package_information.package_discovery[0m [1;30mDEBUG[0m [32mFound 4 installed packages in /home/basten/ros2_ws/src/MagangBanyubramanta_Basten-Andika-Salim/Ros2/install[0m
[0.456s] [34mcolcon.colcon_installed_package_information.package_discovery[0m [1;30mDEBUG[0m [32mFound 284 installed packages in /opt/ros/humble[0m
[0.457s] [34mcolcon.colcon_core.package_discovery[0m [1;30mLevel 1[0m discover_packages(prefix_path) using defaults
[0.487s] [34mcolcon.colcon_core.verb[0m [1;30mLevel 5[0m set package 'tugas_yolo_yolocpp' build argument 'cmake_args' from command line to 'None'
[0.487s] [34mcolcon.colcon_core.verb[0m [1;30mLevel 5[0m set package 'tugas_yolo_yolocpp' build argument 'cmake_target' from command line to 'None'
[0.487s] [34mcolcon.colcon_core.verb[0m [1;30mLevel 5[0m set package 'tugas_yolo_yolocpp' build argument 'cmake_target_skip_unavailable' from command line to 'False'
[0.487s] [34mcolcon.colcon_core.verb[0m [1;30mLevel 5[0m set package 'tugas_yolo_yolocpp' build argument 'cmake_clean_cache' from command line to 'False'
[0.487s] [34mcolcon.colcon_core.verb[0m [1;30mLevel 5[0m set package 'tugas_yolo_yolocpp' build argument 'cmake_clean_first' from command line to 'False'
[0.487s] [34mcolcon.colcon_core.verb[0m [1;30mLevel 5[0m set package 'tugas_yolo_yolocpp' build argument 'cmake_force_configure' from command line to 'False'
[0.487s] [34mcolcon.colcon_core.verb[0m [1;30mLevel 5[0m set package 'tugas_yolo_yolocpp' build argument 'ament_cmake_args' from command line to 'None'
[0.487s] [34mcolcon.colcon_core.verb[0m [1;30mLevel 5[0m set package 'tugas_yolo_yolocpp' build argument 'catkin_cmake_args' from command line to 'None'
[0.487s] [34mcolcon.colcon_core.verb[0m [1;30mLevel 5[0m set package 'tugas_yolo_yolocpp' build argument 'catkin_skip_building_tests' from command line to 'False'
[0.487s] [34mcolcon.colcon_core.verb[0m [1;30mDEBUG[0m [32mBuilding package 'tugas_yolo_yolocpp' with the following arguments: {'ament_cmake_args': None, 'build_base': '/home/basten/ros2_ws/src/MagangBanyubramanta_Basten-Andika-Salim/Ros2/build/tugas_yolo_yolocpp', 'catkin_cmake_args': None, 'catkin_skip_building_tests': False, 'cmake_args': None, 'cmake_clean_cache': False, 'cmake_clean_first': False, 'cmake_force_configure': False, 'cmake_target': None, 'cmake_target_skip_unavailable': False, 'install_base': '/home/basten/ros2_ws/src/MagangBanyubramanta_Basten-Andika-Salim/Ros2/install/tugas_yolo_yolocpp', 'merge_install': False, 'path': '/home/basten/ros2_ws/src/MagangBanyubramanta_Basten-Andika-Salim/Ros2/src/tugas_yolo_yolocpp', 'symlink_install': False, 'test_result_base': None}[0m
[0.492s] [34mcolcon.colcon_core.executor[0m [1;30mINFO[0m Executing jobs using 'parallel' executor
[0.498s] [34mcolcon.colcon_parallel_executor.executor.parallel[0m [1;30mDEBUG[0m [32mrun_until_complete[0m
[0.498s] [34mcolcon.colcon_ros.task.ament_cmake.build[0m [1;30mINFO[0m Building ROS package in '/home/basten/ros2_ws/src/MagangBanyubramanta_Basten-Andika-Salim/Ros2/src/tugas_yolo_yolocpp' with build type 'ament_cmake'
[0.498s] [34mcolcon.colcon_cmake.task.cmake.build[0m [1;30mINFO[0m Building CMake package in '/home/basten/ros2_ws/src/MagangBanyubramanta_Basten-Andika-Salim/Ros2/src/tugas_yolo_yolocpp'
[0.505s] [34mcolcon.colcon_core.plugin_system[0m [1;30mINFO[0m Skipping extension 'colcon_core.shell.bat': Not used on non-Windows systems
[0.505s] [34mcolcon.colcon_core.shell[0m [1;30mINFO[0m Skip shell extension 'powershell' for command environment: Not usable outside of PowerShell
[0.505s] [34mcolcon.colcon_core.shell[0m [1;30mDEBUG[0m [32mSkip shell extension 'dsv' for command environment[0m
[0.524s] [34mcolcon.colcon_core.event_handler.log_command[0m [1;30mDEBUG[0m [32mInvoking command in '/home/basten/ros2_ws/src/MagangBanyubramanta_Basten-Andika-Salim/Ros2/build/tugas_yolo_yolocpp': CMAKE_PREFIX_PATH=${CMAKE_PREFIX_PATH}:/opt/ros/humble /usr/bin/cmake --build /home/basten/ros2_ws/src/MagangBanyubramanta_Basten-Andika-Salim/Ros2/build/tugas_yolo_yolocpp -- -j32 -l32[0m
[4.884s] [34mcolcon.colcon_core.event_handler.log_command[0m [1;30mDEBUG[0m [32mInvoked command in '/home/basten/ros2_ws/src/MagangBanyubramanta_Basten-Andika-Salim/Ros2/build/tugas_yolo_yolocpp' returned '0': CMAKE_PREFIX_PATH=${CMAKE_PREFIX_PATH}:/opt/ros/humble /usr/bin/cmake --build /home/basten/ros2_ws/src/MagangBanyubramanta_Basten-Andika-Salim/Ros2/build/tugas_yolo_yolocpp -- -j32 -l32[0m
[4.951s] [34mcolcon.colcon_core.event_handler.log_command[0m [1;30mDEBUG[0m [32mInvoking command in '/home/basten/ros2_ws/src/MagangBanyubramanta_Basten-Andika-Salim/Ros2/build/tugas_yolo_yolocpp': CMAKE_PREFIX_PATH=${CMAKE_PREFIX_PATH}:/opt/ros/humble /usr/bin/cmake --install /home/basten/ros2_ws/src/MagangBanyubramanta_Basten-Andika-Salim/Ros2/build/tugas_yolo_yolocpp[0m
[4.998s] [34mcolcon.colcon_core.environment[0m [1;30mLevel 1[0m create_environment_scripts_only(tugas_yolo_yolocpp)
[4.998s] [34mcolcon.colcon_core.event_handler.log_command[0m [1;30mDEBUG[0m [32mInvoked command in '/home/basten/ros2_ws/src/MagangBanyubramanta_Basten-Andika-Salim/Ros2/build/tugas_yolo_yolocpp' returned '0': CMAKE_PREFIX_PATH=${CMAKE_PREFIX_PATH}:/opt/ros/humble /usr/bin/cmake --install /home/basten/ros2_ws/src/MagangBanyubramanta_Basten-Andika-Salim/Ros2/build/tugas_yolo_yolocpp[0m
[5.005s] [34mcolcon.colcon_core.environment[0m [1;30mLevel 1[0m checking '/home/basten/ros2_ws/src/MagangBanyubramanta_Basten-Andika-Salim/Ros2/install/tugas_yolo_yolocpp' for CMake module files
[5.005s] [34mcolcon.colcon_core.environment[0m [1;30mLevel 1[0m checking '/home/basten/ros2_ws/src/MagangBanyubramanta_Basten-Andika-Salim/Ros2/install/tugas_yolo_yolocpp' for CMake config files
[5.006s] [34mcolcon.colcon_core.shell[0m [1;30mLevel 1[0m create_environment_hook('tugas_yolo_yolocpp', 'cmake_prefix_path')
[5.011s] [34mcolcon.colcon_core.shell[0m [1;30mINFO[0m Creating environment hook '/home/basten/ros2_ws/src/MagangBanyubramanta_Basten-Andika-Salim/Ros2/install/tugas_yolo_yolocpp/share/tugas_yolo_yolocpp/hook/cmake_prefix_path.ps1'
[5.011s] [34mcolcon.colcon_core.shell[0m [1;30mINFO[0m Creating environment descriptor '/home/basten/ros2_ws/src/MagangBanyubramanta_Basten-Andika-Salim/Ros2/install/tugas_yolo_yolocpp/share/tugas_yolo_yolocpp/hook/cmake_prefix_path.dsv'
[5.012s] [34mcolcon.colcon_core.shell[0m [1;30mINFO[0m Creating environment hook '/home/basten/ros2_ws/src/MagangBanyubramanta_Basten-Andika-Salim/Ros2/install/tugas_yolo_yolocpp/share/tugas_yolo_yolocpp/hook/cmake_prefix_path.sh'
[5.012s] [34mcolcon.colcon_core.environment[0m [1;30mLevel 1[0m checking '/home/basten/ros2_ws/src/MagangBanyubramanta_Basten-Andika-Salim/Ros2/install/tugas_yolo_yolocpp/lib'
[5.012s] [34mcolcon.colcon_core.shell[0m [1;30mLevel 1[0m create_environment_hook('tugas_yolo_yolocpp', 'ld_library_path_lib')
[5.022s] [34mcolcon.colcon_core.shell[0m [1;30mINFO[0m Creating environment hook '/home/basten/ros2_ws/src/MagangBanyubramanta_Basten-Andika-Salim/Ros2/install/tugas_yolo_yolocpp/share/tugas_yolo_yolocpp/hook/ld_library_path_lib.ps1'
[5.023s] [34mcolcon.colcon_core.shell[0m [1;30mINFO[0m Creating environment descriptor '/home/basten/ros2_ws/src/MagangBanyubramanta_Basten-Andika-Salim/Ros2/install/tugas_yolo_yolocpp/share/tugas_yolo_yolocpp/hook/ld_library_path_lib.dsv'
[5.023s] [34mcolcon.colcon_core.shell[0m [1;30mINFO[0m Creating environment hook '/home/basten/ros2_ws/src/MagangBanyubramanta_Basten-Andika-Salim/Ros2/install/tugas_yolo_yolocpp/share/tugas_yolo_yolocpp/hook/ld_library_path_lib.sh'
[5.023s] [34mcolcon.colcon_core.environment[0m [1;30mLevel 1[0m checking '/home/basten/ros2_ws/src/MagangBanyubramanta_Basten-Andika-Salim/Ros2/install/tugas_yolo_yolocpp/bin'
[5.023s] [34mcolcon.colcon_core.environment[0m [1;30mLevel 1[0m checking '/home/basten/ros2_ws/src/MagangBanyubramanta_Basten-Andika-Salim/Ros2/install/tugas_yolo_yolocpp/lib/pkgconfig/tugas_yolo_yolocpp.pc'
[5.023s] [34mcolcon.colcon_core.environment[0m [1;30mLevel 1[0m checking '/home/basten/ros2_ws/src/MagangBanyubramanta_Basten-Andika-Salim/Ros2/install/tugas_yolo_yolocpp/lib/python3.10/site-packages'
[5.023s] [34mcolcon.colcon_core.environment[0m [1;30mLevel 1[0m checking '/home/basten/ros2_ws/src/MagangBanyubramanta_Basten-Andika-Salim/Ros2/install/tugas_yolo_yolocpp/bin'
[5.029s] [34mcolcon.colcon_core.shell[0m [1;30mINFO[0m Creating package script '/home/basten/ros2_ws/src/MagangBanyubramanta_Basten-Andika-Salim/Ros2/install/tugas_yolo_yolocpp/share/tugas_yolo_yolocpp/package.ps1'
[5.029s] [34mcolcon.colcon_core.shell[0m [1;30mINFO[0m Creating package descriptor '/home/basten/ros2_ws/src/MagangBanyubramanta_Basten-Andika-Salim/Ros2/install/tugas_yolo_yolocpp/share/tugas_yolo_yolocpp/package.dsv'
[5.029s] [34mcolcon.colcon_core.shell[0m [1;30mINFO[0m Creating package script '/home/basten/ros2_ws/src/MagangBanyubramanta_Basten-Andika-Salim/Ros2/install/tugas_yolo_yolocpp/share/tugas_yolo_yolocpp/package.sh'
[5.029s] [34mcolcon.colcon_core.shell[0m [1;30mINFO[0m Creating package script '/home/basten/ros2_ws/src/MagangBanyubramanta_Basten-Andika-Salim/Ros2/install/tugas_yolo_yolocpp/share/tugas_yolo_yolocpp/package.bash'
[5.030s] [34mcolcon.colcon_core.shell[0m [1;30mINFO[0m Creating package script '/home/basten/ros2_ws/src/MagangBanyubramanta_Basten-Andika-Salim/Ros2/install/tugas_yolo_yolocpp/share/tugas_yolo_yolocpp/package.zsh'
[5.030s] [34mcolcon.colcon_core.environment[0m [1;30mLevel 1[0m create_file_with_runtime_dependencies(/home/basten/ros2_ws/src/MagangBanyubramanta_Basten-Andika-Salim/Ros2/install/tugas_yolo_yolocpp/share/colcon-core/packages/tugas_yolo_yolocpp)
[5.070s] [34mcolcon.colcon_core.environment[0m [1;30mLevel 1[0m create_environment_scripts_only(tugas_yolo_yolocpp)
[5.076s] [34mcolcon.colcon_core.environment[0m [1;30mLevel 1[0m checking '/home/basten/ros2_ws/src/MagangBanyubramanta_Basten-Andika-Salim/Ros2/install/tugas_yolo_yolocpp' for CMake module files
[5.076s] [34mcolcon.colcon_core.environment[0m [1;30mLevel 1[0m checking '/home/basten/ros2_ws/src/MagangBanyubramanta_Basten-Andika-Salim/Ros2/install/tugas_yolo_yolocpp' for CMake config files
[5.076s] [34mcolcon.colcon_core.shell[0m [1;30mLevel 1[0m create_environment_hook('tugas_yolo_yolocpp', 'cmake_prefix_path')
[5.081s] [34mcolcon.colcon_core.shell[0m [1;30mINFO[0m Creating environment hook '/home/basten/ros2_ws/src/MagangBanyubramanta_Basten-Andika-Salim/Ros2/install/tugas_yolo_yolocpp/share/tugas_yolo_yolocpp/hook/cmake_prefix_path.ps1'
[5.082s] [34mcolcon.colcon_core.shell[0m [1;30mINFO[0m Creating environment descriptor '/home/basten/ros2_ws/src/MagangBanyubramanta_Basten-Andika-Salim/Ros2/install/tugas_yolo_yolocpp/share/tugas_yolo_yolocpp/hook/cmake_prefix_path.dsv'
[5.082s] [34mcolcon.colcon_core.shell[0m [1;30mINFO[0m Creating environment hook '/home/basten/ros2_ws/src/MagangBanyubramanta_Basten-Andika-Salim/Ros2/install/tugas_yolo_yolocpp/share/tugas_yolo_yolocpp/hook/cmake_prefix_path.sh'
[5.082s] [34mcolcon.colcon_core.environment[0m [1;30mLevel 1[0m checking '/home/basten/ros2_ws/src/MagangBanyubramanta_Basten-Andika-Salim/Ros2/install/tugas_yolo_yolocpp/lib'
[5.082s] [34mcolcon.colcon_core.shell[0m [1;30mLevel 1[0m create_environment_hook('tugas_yolo_yolocpp', 'ld_library_path_lib')
[5.088s] [34mcolcon.colcon_core.shell[0m [1;30mINFO[0m Creating environment hook '/home/basten/ros2_ws/src/MagangBanyubramanta_Basten-Andika-Salim/Ros2/install/tugas_yolo_yolocpp/share/tugas_yolo_yolocpp/hook/ld_library_path_lib.ps1'
[5.088s] [34mcolcon.colcon_core.shell[0m [1;30mINFO[0m Creating environment descriptor '/home/basten/ros2_ws/src/MagangBanyubramanta_Basten-Andika-Salim/Ros2/install/tugas_yolo_yolocpp/share/tugas_yolo_yolocpp/hook/ld_library_path_lib.dsv'
[5.088s] [34mcolcon.colcon_core.shell[0m [1;30mINFO[0m Creating environment hook '/home/basten/ros2_ws/src/MagangBanyubramanta_Basten-Andika-Salim/Ros2/install/tugas_yolo_yolocpp/share/tugas_yolo_yolocpp/hook/ld_library_path_lib.sh'
[5.088s] [34mcolcon.colcon_core.environment[0m [1;30mLevel 1[0m checking '/home/basten/ros2_ws/src/MagangBanyubramanta_Basten-Andika-Salim/Ros2/install/tugas_yolo_yolocpp/bin'
[5.088s] [34mcolcon.colcon_core.environment[0m [1;30mLevel 1[0m checking '/home/basten/ros2_ws/src/MagangBanyubramanta_Basten-Andika-Salim/Ros2/install/tugas_yolo_yolocpp/lib/pkgconfig/tugas_yolo_yolocpp.pc'
[5.088s] [34mcolcon.colcon_core.environment[0m [1;30mLevel 1[0m checking '/home/basten/ros2_ws/src/MagangBanyubramanta_Basten-Andika-Salim/Ros2/install/tugas_yolo_yolocpp/lib/python3.10/site-packages'
[5.088s] [34mcolcon.colcon_core.environment[0m [1;30mLevel 1[0m checking '/home/basten/ros2_ws/src/MagangBanyubramanta_Basten-Andika-Salim/Ros2/install/tugas_yolo_yolocpp/bin'
[5.094s] [34mcolcon.colcon_core.shell[0m [1;30mINFO[0m Creating package script '/home/basten/ros2_ws/src/MagangBanyubramanta_Basten-Andika-Salim/Ros2/install/tugas_yolo_yolocpp/share/tugas_yolo_yolocpp/package.ps1'
[5.094s] [34mcolcon.colcon_core.shell[0m [1;30mINFO[0m Creating package descriptor '/home/basten/ros2_ws/src/MagangBanyubramanta_Basten-Andika-Salim/Ros2/install/tugas_yolo_yolocpp/share/tugas_yolo_yolocpp/package.dsv'
[5.094s] [34mcolcon.colcon_core.shell[0m [1;30mINFO[0m Creating package script '/home/basten/ros2_ws/src/MagangBanyubramanta_Basten-Andika-Salim/Ros2/install/tugas_yolo_yolocpp/share/tugas_yolo_yolocpp/package.sh'
[5.094s] [34mcolcon.colcon_core.shell[0m [1;30mINFO[0m Creating package script '/home/basten/ros2_ws/src/MagangBanyubramanta_Basten-Andika-Salim/Ros2/install/tugas_yolo_yolocpp/share/tugas_yolo_yolocpp/package.bash'
[5.094s] [34mcolcon.colcon_core.shell[0m [1;30mINFO[0m Creating package script '/home/basten/ros2_ws/src/MagangBanyubramanta_Basten-Andika-Salim/Ros2/install/tugas_yolo_yolocpp/share/tugas_yolo_yolocpp/package.zsh'
[5.094s] [34mcolcon.colcon_core.environment[0m [1;30mLevel 1[0m create_file_with_runtime_dependencies(/home/basten/ros2_ws/src/MagangBanyubramanta_Basten-Andika-Salim/Ros2/install/tugas_yolo_yolocpp/share/colcon-core/packages/tugas_yolo_yolocpp)
[5.095s] [34mcolcon.colcon_parallel_executor.executor.parallel[0m [1;30mDEBUG[0m [32mclosing loop[0m
[5.095s] [34mcolcon.colcon_parallel_executor.executor.parallel[0m [1;30mDEBUG[0m [32mloop closed[0m
[5.095s] [34mcolcon.colcon_parallel_executor.executor.parallel[0m [1;30mDEBUG[0m [32mrun_until_complete finished with '0'[0m
[5.095s] [34mcolcon.colcon_core.event_reactor[0m [1;30mDEBUG[0m [32mjoining thread[0m
[5.103s] [34mcolcon.colcon_core.plugin_system[0m [1;30mINFO[0m Skipping extension 'colcon_notification.desktop_notification.terminal_notifier': Not used on non-Darwin systems
[5.103s] [34mcolcon.colcon_core.plugin_system[0m [1;30mINFO[0m Skipping extension 'colcon_notification.desktop_notification.win32': Not used on non-Windows systems
[5.103s] [34mcolcon.colcon_notification.desktop_notification[0m [1;30mINFO[0m Sending desktop notification using 'notify2'
[5.110s] [34mcolcon.colcon_core.event_reactor[0m [1;30mDEBUG[0m [32mjoined thread[0m
[5.118s] [34mcolcon.colcon_core.shell[0m [1;30mINFO[0m Creating prefix script '/home/basten/ros2_ws/src/MagangBanyubramanta_Basten-Andika-Salim/Ros2/install/local_setup.ps1'
[5.119s] [34mcolcon.colcon_core.shell[0m [1;30mINFO[0m Creating prefix util module '/home/basten/ros2_ws/src/MagangBanyubramanta_Basten-Andika-Salim/Ros2/install/_local_setup_util_ps1.py'
[5.120s] [34mcolcon.colcon_core.shell[0m [1;30mINFO[0m Creating prefix chain script '/home/basten/ros2_ws/src/MagangBanyubramanta_Basten-Andika-Salim/Ros2/install/setup.ps1'
[5.128s] [34mcolcon.colcon_core.shell[0m [1;30mINFO[0m Creating prefix script '/home/basten/ros2_ws/src/MagangBanyubramanta_Basten-Andika-Salim/Ros2/install/local_setup.sh'
[5.128s] [34mcolcon.colcon_core.shell[0m [1;30mINFO[0m Creating prefix util module '/home/basten/ros2_ws/src/MagangBanyubramanta_Basten-Andika-Salim/Ros2/install/_local_setup_util_sh.py'
[5.128s] [34mcolcon.colcon_core.shell[0m [1;30mINFO[0m Creating prefix chain script '/home/basten/ros2_ws/src/MagangBanyubramanta_Basten-Andika-Salim/Ros2/install/setup.sh'
[5.134s] [34mcolcon.colcon_core.shell[0m [1;30mINFO[0m Creating prefix script '/home/basten/ros2_ws/src/MagangBanyubramanta_Basten-Andika-Salim/Ros2/install/local_setup.bash'
[5.134s] [34mcolcon.colcon_core.shell[0m [1;30mINFO[0m Creating prefix chain script '/home/basten/ros2_ws/src/MagangBanyubramanta_Basten-Andika-Salim/Ros2/install/setup.bash'
[5.140s] [34mcolcon.colcon_core.shell[0m [1;30mINFO[0m Creating prefix script '/home/basten/ros2_ws/src/MagangBanyubramanta_Basten-Andika-Salim/Ros2/install/local_setup.zsh'
[5.140s] [34mcolcon.colcon_core.shell[0m [1;30mINFO[0m Creating prefix chain script '/home/basten/ros2_ws/src/MagangBanyubramanta_Basten-Andika-Salim/Ros2/install/setup.zsh'
