[0.020s] Invoking command in '/home/basten/ros2_ws/src/MagangBanyubramanta_Basten-Andika-Salim/src/build/tugas_yolo': CMAKE_PREFIX_PATH=/opt/ros/humble /usr/bin/cmake --build /home/basten/ros2_ws/src/MagangBanyubramanta_Basten-Andika-Salim/src/build/tugas_yolo -- -j32 -l32
[0.032s] -- Found ament_cmake: 1.3.8 (/opt/ros/humble/share/ament_cmake/cmake)
[0.091s] -- Found rclcpp: 16.0.8 (/opt/ros/humble/share/rclcpp/cmake)
[0.108s] -- Found rosidl_generator_c: 3.1.5 (/opt/ros/humble/share/rosidl_generator_c/cmake)
[0.109s] -- Found rosidl_adapter: 3.1.5 (/opt/ros/humble/share/rosidl_adapter/cmake)
[0.112s] -- Found rosidl_generator_cpp: 3.1.5 (/opt/ros/humble/share/rosidl_generator_cpp/cmake)
[0.117s] -- Using all available rosidl_typesupport_c: rosidl_typesupport_fastrtps_c;rosidl_typesupport_introspection_c
[0.123s] -- Using all available rosidl_typesupport_cpp: rosidl_typesupport_fastrtps_cpp;rosidl_typesupport_introspection_cpp
[0.149s] -- Found rmw_implementation_cmake: 6.1.1 (/opt/ros/humble/share/rmw_implementation_cmake/cmake)
[0.150s] -- Found rmw_fastrtps_cpp: 6.2.6 (/opt/ros/humble/share/rmw_fastrtps_cpp/cmake)
[0.204s] -- Using RMW implementation 'rmw_fastrtps_cpp' as default
[0.276s] -- Found sensor_msgs: 4.2.3 (/opt/ros/humble/share/sensor_msgs/cmake)
[0.334s] -- Found cv_bridge: 3.2.1 (/opt/ros/humble/share/cv_bridge/cmake)
[0.340s] -- Configuring incomplete, errors occurred!
[0.340s] See also "/home/basten/ros2_ws/src/MagangBanyubramanta_Basten-Andika-Salim/src/build/tugas_yolo/CMakeFiles/CMakeOutput.log".
[0.340s] [31mCMake Error at CMakeLists.txt:15 (find_package):
[0.340s]   By not providing "FindOpenVINO_2023.cmake" in CMAKE_MODULE_PATH this
[0.341s]   project has asked CMake to find a package configuration file provided by
[0.341s]   "OpenVINO_2023", but CMake did not find one.
[0.341s] 
[0.341s]   Could not find a package configuration file provided by "OpenVINO_2023"
[0.341s]   with any of the following names:
[0.341s] 
[0.341s]     OpenVINO_2023Config.cmake
[0.341s]     openvino_2023-config.cmake
[0.341s] 
[0.341s]   Add the installation prefix of "OpenVINO_2023" to CMAKE_PREFIX_PATH or set
[0.341s]   "OpenVINO_2023_DIR" to a directory containing one of the above files.  If
[0.341s]   "OpenVINO_2023" provides a separate development package or SDK, be sure it
[0.341s]   has been installed.
[0.341s] 
[0.341s] [0m
[0.344s] gmake: *** [Makefile:267: cmake_check_build_system] Error 1
[0.345s] Invoked command in '/home/basten/ros2_ws/src/MagangBanyubramanta_Basten-Andika-Salim/src/build/tugas_yolo' returned '2': CMAKE_PREFIX_PATH=/opt/ros/humble /usr/bin/cmake --build /home/basten/ros2_ws/src/MagangBanyubramanta_Basten-Andika-Salim/src/build/tugas_yolo -- -j32 -l32
