[0.043s] Invoking command in '/home/basten/ros2_ws/src/MagangBanyubramanta_Basten-Andika-Salim/src/build/tugas_opencv': CMAKE_PREFIX_PATH=${CMAKE_PREFIX_PATH}:/opt/ros/humble /usr/bin/cmake /home/basten/ros2_ws/src/MagangBanyubramanta_Basten-Andika-Salim/src/tugas_opencv -DCMAKE_INSTALL_PREFIX=/home/basten/ros2_ws/src/MagangBanyubramanta_Basten-Andika-Salim/src/install/tugas_opencv
[0.068s] -- The C compiler identification is GNU 11.4.0
[0.100s] -- The CXX compiler identification is GNU 11.4.0
[0.103s] -- Detecting C compiler ABI info
[0.150s] -- Detecting C compiler ABI info - done
[0.159s] -- Check for working C compiler: /usr/bin/cc - skipped
[0.159s] -- Detecting C compile features
[0.159s] -- Detecting C compile features - done
[0.161s] -- Detecting CXX compiler ABI info
[0.201s] -- Detecting CXX compiler ABI info - done
[0.205s] -- Check for working CXX compiler: /usr/bin/c++ - skipped
[0.205s] -- Detecting CXX compile features
[0.205s] -- Detecting CXX compile features - done
[0.206s] -- Found ament_cmake: 1.3.7 (/opt/ros/humble/share/ament_cmake/cmake)
[0.284s] -- Found Python3: /usr/bin/python3.10 (found version "3.10.12") found components: Interpreter 
[0.323s] -- Found rclcpp: 16.0.8 (/opt/ros/humble/share/rclcpp/cmake)
[0.345s] -- Found rosidl_generator_c: 3.1.5 (/opt/ros/humble/share/rosidl_generator_c/cmake)
[0.348s] -- Found rosidl_adapter: 3.1.5 (/opt/ros/humble/share/rosidl_adapter/cmake)
[0.352s] -- Found rosidl_generator_cpp: 3.1.5 (/opt/ros/humble/share/rosidl_generator_cpp/cmake)
[0.360s] -- Using all available rosidl_typesupport_c: rosidl_typesupport_fastrtps_c;rosidl_typesupport_introspection_c
[0.370s] -- Using all available rosidl_typesupport_cpp: rosidl_typesupport_fastrtps_cpp;rosidl_typesupport_introspection_cpp
[0.402s] -- Found rmw_implementation_cmake: 6.1.1 (/opt/ros/humble/share/rmw_implementation_cmake/cmake)
[0.403s] -- Found rmw_fastrtps_cpp: 6.2.6 (/opt/ros/humble/share/rmw_fastrtps_cpp/cmake)
[0.446s] -- Found OpenSSL: /usr/lib/x86_64-linux-gnu/libcrypto.so (found version "3.0.2")  
[0.458s] -- Found FastRTPS: /opt/ros/humble/include  
[0.480s] -- Using RMW implementation 'rmw_fastrtps_cpp' as default
[0.483s] -- Looking for pthread.h
[0.516s] -- Looking for pthread.h - found
[0.516s] -- Performing Test CMAKE_HAVE_LIBC_PTHREAD
[0.549s] -- Performing Test CMAKE_HAVE_LIBC_PTHREAD - Success
[0.550s] -- Found Threads: TRUE  
[0.625s] -- Found OpenCV: /usr/local (found version "4.9.0") 
[0.625s] -- Found rosidl_default_generators: 1.2.0 (/opt/ros/humble/share/rosidl_default_generators/cmake)
[0.740s] -- Found ament_cmake_ros: 0.10.0 (/opt/ros/humble/share/ament_cmake_ros/cmake)
[0.882s] -- Using all available rosidl_typesupport_c: rosidl_typesupport_fastrtps_c;rosidl_typesupport_introspection_c
[0.937s] -- Using all available rosidl_typesupport_cpp: rosidl_typesupport_fastrtps_cpp;rosidl_typesupport_introspection_cpp
[0.948s] -- Found PythonInterp: /usr/bin/python3 (found suitable version "3.10.12", minimum required is "3.6") 
[0.948s] -- Found python_cmake_module: 0.10.0 (/opt/ros/humble/share/python_cmake_module/cmake)
[0.960s] -- Found PythonLibs: /usr/lib/x86_64-linux-gnu/libpython3.10.so (found suitable version "3.10.12", minimum required is "3.5") 
[0.960s] -- Using PYTHON_EXECUTABLE: /usr/bin/python3
[0.960s] -- Using PYTHON_INCLUDE_DIRS: /usr/include/python3.10
[0.960s] -- Using PYTHON_LIBRARIES: /usr/lib/x86_64-linux-gnu/libpython3.10.so
[0.970s] -- Found PythonExtra: .so  
[0.986s] -- Found ament_lint_auto: 0.12.10 (/opt/ros/humble/share/ament_lint_auto/cmake)
[1.008s] -- Added test 'cppcheck' to perform static code analysis on C / C++ code
[1.008s] -- Configured cppcheck include dirs: 
[1.008s] -- Configured cppcheck exclude dirs and/or files: 
[1.010s] -- Added test 'flake8' to check Python code syntax and style conventions
[1.013s] -- Added test 'lint_cmake' to check CMake code style
[1.015s] -- Added test 'pep257' to check Python code against some of the docstring style conventions in PEP 257
[1.029s] -- Added test 'uncrustify' to check C / C++ code style
[1.029s] -- Configured uncrustify additional arguments: 
[1.031s] -- Added test 'xmllint' to check XML markup files
[1.032s] -- Configuring done
[1.046s] -- Generating done
[1.048s] -- Build files have been written to: /home/basten/ros2_ws/src/MagangBanyubramanta_Basten-Andika-Salim/src/build/tugas_opencv
[1.054s] Invoked command in '/home/basten/ros2_ws/src/MagangBanyubramanta_Basten-Andika-Salim/src/build/tugas_opencv' returned '0': CMAKE_PREFIX_PATH=${CMAKE_PREFIX_PATH}:/opt/ros/humble /usr/bin/cmake /home/basten/ros2_ws/src/MagangBanyubramanta_Basten-Andika-Salim/src/tugas_opencv -DCMAKE_INSTALL_PREFIX=/home/basten/ros2_ws/src/MagangBanyubramanta_Basten-Andika-Salim/src/install/tugas_opencv
[1.054s] Invoking command in '/home/basten/ros2_ws/src/MagangBanyubramanta_Basten-Andika-Salim/src/build/tugas_opencv': CMAKE_PREFIX_PATH=${CMAKE_PREFIX_PATH}:/opt/ros/humble /usr/bin/cmake --build /home/basten/ros2_ws/src/MagangBanyubramanta_Basten-Andika-Salim/src/build/tugas_opencv -- -j32 -l32
[1.073s] [  3%] [34m[1mGenerating C code for ROS interfaces[0m
[1.077s] [  6%] [34m[1mGenerating C++ code for ROS interfaces[0m
[1.081s] [  6%] Built target ament_cmake_python_copy_tugas_opencv
[1.182s] running egg_info
[1.182s] creating tugas_opencv.egg-info
[1.182s] writing tugas_opencv.egg-info/PKG-INFO
[1.182s] writing dependency_links to tugas_opencv.egg-info/dependency_links.txt
[1.182s] writing top-level names to tugas_opencv.egg-info/top_level.txt
[1.182s] writing manifest file 'tugas_opencv.egg-info/SOURCES.txt'
[1.183s] [  6%] Built target tugas_opencv__cpp
[1.183s] reading manifest file 'tugas_opencv.egg-info/SOURCES.txt'
[1.184s] writing manifest file 'tugas_opencv.egg-info/SOURCES.txt'
[1.188s] [ 12%] [34m[1mGenerating C++ type support dispatch for ROS interfaces[0m
[1.188s] [ 12%] [34m[1mGenerating C++ type support for eProsima Fast-RTPS[0m
[1.188s] [ 15%] [34m[1mGenerating C++ introspection for ROS interfaces[0m
[1.197s] [ 15%] Built target ament_cmake_python_build_tugas_opencv_egg
[1.210s] [ 18%] [32mBuilding C object CMakeFiles/tugas_opencv__rosidl_generator_c.dir/rosidl_generator_c/tugas_opencv/msg/detail/color__functions.c.o[0m
[1.232s] [ 21%] [32m[1mLinking C shared library libtugas_opencv__rosidl_generator_c.so[0m
[1.250s] [ 21%] Built target tugas_opencv__rosidl_generator_c
[1.255s] [ 24%] [34m[1mGenerating C type support for eProsima Fast-RTPS[0m
[1.255s] [ 27%] [34m[1mGenerating C introspection for ROS interfaces[0m
[1.257s] [ 30%] [34m[1mGenerating C type support dispatch for ROS interfaces[0m
[1.291s] [ 33%] [32mBuilding CXX object CMakeFiles/tugas_opencv__rosidl_typesupport_cpp.dir/rosidl_typesupport_cpp/tugas_opencv/msg/color__type_support.cpp.o[0m
[1.296s] [ 36%] [32mBuilding CXX object CMakeFiles/tugas_opencv__rosidl_typesupport_introspection_cpp.dir/rosidl_typesupport_introspection_cpp/tugas_opencv/msg/detail/color__type_support.cpp.o[0m
[1.300s] [ 39%] [32mBuilding CXX object CMakeFiles/tugas_opencv__rosidl_typesupport_fastrtps_cpp.dir/rosidl_typesupport_fastrtps_cpp/tugas_opencv/msg/detail/dds_fastrtps/color__type_support.cpp.o[0m
[1.371s] [ 42%] [32mBuilding CXX object CMakeFiles/tugas_opencv__rosidl_typesupport_fastrtps_c.dir/rosidl_typesupport_fastrtps_c/tugas_opencv/msg/detail/color__type_support_c.cpp.o[0m
[1.378s] [ 45%] [32mBuilding CXX object CMakeFiles/tugas_opencv__rosidl_typesupport_c.dir/rosidl_typesupport_c/tugas_opencv/msg/color__type_support.cpp.o[0m
[1.392s] [ 48%] [32m[1mLinking CXX shared library libtugas_opencv__rosidl_typesupport_c.so[0m
[1.394s] [ 51%] [32mBuilding C object CMakeFiles/tugas_opencv__rosidl_typesupport_introspection_c.dir/rosidl_typesupport_introspection_c/tugas_opencv/msg/detail/color__type_support.c.o[0m
[1.408s] [ 54%] [32m[1mLinking CXX shared library libtugas_opencv__rosidl_typesupport_cpp.so[0m
[1.411s] [ 54%] Built target tugas_opencv__rosidl_typesupport_c
[1.415s] [ 57%] [32m[1mLinking C shared library libtugas_opencv__rosidl_typesupport_introspection_c.so[0m
[1.427s] [ 57%] Built target tugas_opencv__rosidl_typesupport_cpp
[1.430s] [ 57%] Built target tugas_opencv__rosidl_typesupport_introspection_c
[1.438s] [ 60%] [32mBuilding CXX object CMakeFiles/colorcheck.dir/src/colorcheck.cpp.o[0m
[1.461s] [ 63%] [32m[1mLinking CXX shared library libtugas_opencv__rosidl_typesupport_introspection_cpp.so[0m
[1.472s] [ 66%] [32m[1mLinking CXX shared library libtugas_opencv__rosidl_typesupport_fastrtps_cpp.so[0m
[1.480s] [ 66%] Built target tugas_opencv__rosidl_typesupport_introspection_cpp
[1.509s] [ 66%] Built target tugas_opencv__rosidl_typesupport_fastrtps_cpp
[1.517s] [ 69%] [32m[1mLinking CXX shared library libtugas_opencv__rosidl_typesupport_fastrtps_c.so[0m
[1.554s] [ 69%] Built target tugas_opencv__rosidl_typesupport_fastrtps_c
[1.564s] [ 69%] Built target tugas_opencv
[1.571s] [01m[K/home/basten/ros2_ws/src/MagangBanyubramanta_Basten-Andika-Salim/src/tugas_opencv/src/colorcheck.cpp:7:10:[m[K [01;31m[Kfatal error: [m[Ktugas_opencv/msg/Color.hpp: No such file or directory
[1.571s]     7 | #include [01;31m[K"tugas_opencv/msg/Color.hpp"[m[K
[1.571s]       |          [01;31m[K^~~~~~~~~~~~~~~~~~~~~~~~~~~~[m[K
[1.571s] compilation terminated.
[1.573s] gmake[2]: *** [CMakeFiles/colorcheck.dir/build.make:76: CMakeFiles/colorcheck.dir/src/colorcheck.cpp.o] Error 1
[1.573s] gmake[1]: *** [CMakeFiles/Makefile2:593: CMakeFiles/colorcheck.dir/all] Error 2
[1.573s] gmake[1]: *** Waiting for unfinished jobs....
[1.574s] [ 72%] [34m[1mGenerating Python code for ROS interfaces[0m
[1.703s] [ 72%] Built target tugas_opencv__py
[1.704s] gmake: *** [Makefile:146: all] Error 2
[1.706s] Invoked command in '/home/basten/ros2_ws/src/MagangBanyubramanta_Basten-Andika-Salim/src/build/tugas_opencv' returned '2': CMAKE_PREFIX_PATH=${CMAKE_PREFIX_PATH}:/opt/ros/humble /usr/bin/cmake --build /home/basten/ros2_ws/src/MagangBanyubramanta_Basten-Andika-Salim/src/build/tugas_opencv -- -j32 -l32
