[  3%] [34m[1mGenerating C code for ROS interfaces[0m
[  6%] [34m[1mGenerating C++ code for ROS interfaces[0m
[  6%] Built target ament_cmake_python_copy_xbox
running egg_info
creating xbox.egg-info
writing xbox.egg-info/PKG-INFO
writing dependency_links to xbox.egg-info/dependency_links.txt
writing top-level names to xbox.egg-info/top_level.txt
writing manifest file 'xbox.egg-info/SOURCES.txt'
[  6%] Built target xbox__cpp
[  9%] [34m[1mGenerating C++ type support dispatch for ROS interfaces[0m
[ 12%] [34m[1mGenerating C++ type support for eProsima Fast-RTPS[0m
[ 15%] [34m[1mGenerating C++ introspection for ROS interfaces[0m
[ 18%] [32mBuilding C object CMakeFiles/xbox__rosidl_generator_c.dir/rosidl_generator_c/xbox/msg/detail/command__functions.c.o[0m
reading manifest file 'xbox.egg-info/SOURCES.txt'
writing manifest file 'xbox.egg-info/SOURCES.txt'
[ 18%] Built target ament_cmake_python_build_xbox_egg
[ 21%] [32m[1mLinking C shared library libxbox__rosidl_generator_c.so[0m
[ 21%] Built target xbox__rosidl_generator_c
[ 24%] [34m[1mGenerating C type support for eProsima Fast-RTPS[0m
[ 27%] [34m[1mGenerating C type support dispatch for ROS interfaces[0m
[ 30%] [34m[1mGenerating C introspection for ROS interfaces[0m
[ 33%] [32mBuilding CXX object CMakeFiles/xbox__rosidl_typesupport_introspection_cpp.dir/rosidl_typesupport_introspection_cpp/xbox/msg/detail/command__type_support.cpp.o[0m
[ 36%] [32mBuilding CXX object CMakeFiles/xbox__rosidl_typesupport_cpp.dir/rosidl_typesupport_cpp/xbox/msg/command__type_support.cpp.o[0m
[ 39%] [32mBuilding CXX object CMakeFiles/xbox__rosidl_typesupport_c.dir/rosidl_typesupport_c/xbox/msg/command__type_support.cpp.o[0m
[ 42%] [32mBuilding CXX object CMakeFiles/xbox__rosidl_typesupport_fastrtps_cpp.dir/rosidl_typesupport_fastrtps_cpp/xbox/msg/detail/dds_fastrtps/command__type_support.cpp.o[0m
[ 45%] [32m[1mLinking CXX shared library libxbox__rosidl_typesupport_c.so[0m
[ 48%] [32mBuilding CXX object CMakeFiles/xbox__rosidl_typesupport_fastrtps_c.dir/rosidl_typesupport_fastrtps_c/xbox/msg/detail/command__type_support_c.cpp.o[0m
[ 48%] Built target xbox__rosidl_typesupport_c
[ 51%] [32mBuilding C object CMakeFiles/xbox__rosidl_typesupport_introspection_c.dir/rosidl_typesupport_introspection_c/xbox/msg/detail/command__type_support.c.o[0m
[ 54%] [32m[1mLinking C shared library libxbox__rosidl_typesupport_introspection_c.so[0m
[ 54%] Built target xbox__rosidl_typesupport_introspection_c
[ 57%] [32m[1mLinking CXX shared library libxbox__rosidl_typesupport_cpp.so[0m
[ 60%] [32m[1mLinking CXX shared library libxbox__rosidl_typesupport_introspection_cpp.so[0m
[ 60%] Built target xbox__rosidl_typesupport_cpp
[ 60%] Built target xbox__rosidl_typesupport_introspection_cpp
[ 63%] [32mBuilding CXX object CMakeFiles/publisher.dir/src/publisher.cpp.o[0m
[ 66%] [32m[1mLinking CXX shared library libxbox__rosidl_typesupport_fastrtps_cpp.so[0m
[ 69%] [32m[1mLinking CXX shared library libxbox__rosidl_typesupport_fastrtps_c.so[0m
[ 69%] Built target xbox__rosidl_typesupport_fastrtps_cpp
[ 69%] Built target xbox__rosidl_typesupport_fastrtps_c
[ 69%] Built target xbox
[ 72%] [34m[1mGenerating Python code for ROS interfaces[0m
[ 72%] Built target xbox__py
[ 75%] [32mBuilding C object CMakeFiles/xbox__rosidl_generator_py.dir/rosidl_generator_py/xbox/msg/_command_s.c.o[0m
[ 78%] [32m[1mLinking C shared library rosidl_generator_py/xbox/libxbox__rosidl_generator_py.so[0m
[ 78%] Built target xbox__rosidl_generator_py
[ 81%] [32mBuilding C object CMakeFiles/xbox__rosidl_typesupport_fastrtps_c__pyext.dir/rosidl_generator_py/xbox/_xbox_s.ep.rosidl_typesupport_fastrtps_c.c.o[0m
[ 84%] [32mBuilding C object CMakeFiles/xbox__rosidl_typesupport_introspection_c__pyext.dir/rosidl_generator_py/xbox/_xbox_s.ep.rosidl_typesupport_introspection_c.c.o[0m
[ 87%] [32mBuilding C object CMakeFiles/xbox__rosidl_typesupport_c__pyext.dir/rosidl_generator_py/xbox/_xbox_s.ep.rosidl_typesupport_c.c.o[0m
[ 90%] [32m[1mLinking C shared library rosidl_generator_py/xbox/xbox_s__rosidl_typesupport_introspection_c.cpython-310-x86_64-linux-gnu.so[0m
[ 93%] [32m[1mLinking C shared library rosidl_generator_py/xbox/xbox_s__rosidl_typesupport_fastrtps_c.cpython-310-x86_64-linux-gnu.so[0m
[ 96%] [32m[1mLinking C shared library rosidl_generator_py/xbox/xbox_s__rosidl_typesupport_c.cpython-310-x86_64-linux-gnu.so[0m
[ 96%] Built target xbox__rosidl_typesupport_introspection_c__pyext
[ 96%] Built target xbox__rosidl_typesupport_fastrtps_c__pyext
[ 96%] Built target xbox__rosidl_typesupport_c__pyext
[100%] [32m[1mLinking CXX executable publisher[0m
[100%] Built target publisher
