[0.026s] Invoking command in '/home/basten/ros2_ws/src/MagangBanyubramanta_Basten-Andika-Salim/Ros2/build/xbox': CMAKE_PREFIX_PATH=/opt/ros/humble /usr/bin/cmake --build /home/basten/ros2_ws/src/MagangBanyubramanta_Basten-Andika-Salim/Ros2/build/xbox -- -j32 -l32
[0.046s] [  3%] [34m[1mGenerating C code for ROS interfaces[0m
[0.050s] [  6%] [34m[1mGenerating C++ code for ROS interfaces[0m
[0.056s] [  6%] Built target ament_cmake_python_copy_xbox
[0.212s] running egg_info
[0.213s] creating xbox.egg-info
[0.225s] writing xbox.egg-info/PKG-INFO
[0.225s] writing dependency_links to xbox.egg-info/dependency_links.txt
[0.226s] writing top-level names to xbox.egg-info/top_level.txt
[0.226s] writing manifest file 'xbox.egg-info/SOURCES.txt'
[0.233s] [  6%] Built target xbox__cpp
[0.239s] [  9%] [34m[1mGenerating C++ type support dispatch for ROS interfaces[0m
[0.241s] [ 12%] [34m[1mGenerating C++ type support for eProsima Fast-RTPS[0m
[0.242s] [ 15%] [34m[1mGenerating C++ introspection for ROS interfaces[0m
[0.259s] [ 18%] [32mBuilding C object CMakeFiles/xbox__rosidl_generator_c.dir/rosidl_generator_c/xbox/msg/detail/command__functions.c.o[0m
[0.260s] reading manifest file 'xbox.egg-info/SOURCES.txt'
[0.261s] writing manifest file 'xbox.egg-info/SOURCES.txt'
[0.282s] [ 18%] Built target ament_cmake_python_build_xbox_egg
[0.292s] [ 21%] [32m[1mLinking C shared library libxbox__rosidl_generator_c.so[0m
[0.316s] [ 21%] Built target xbox__rosidl_generator_c
[0.323s] [ 24%] [34m[1mGenerating C type support for eProsima Fast-RTPS[0m
[0.323s] [ 27%] [34m[1mGenerating C type support dispatch for ROS interfaces[0m
[0.325s] [ 30%] [34m[1mGenerating C introspection for ROS interfaces[0m
[0.431s] [ 33%] [32mBuilding CXX object CMakeFiles/xbox__rosidl_typesupport_introspection_cpp.dir/rosidl_typesupport_introspection_cpp/xbox/msg/detail/command__type_support.cpp.o[0m
[0.464s] [ 36%] [32mBuilding CXX object CMakeFiles/xbox__rosidl_typesupport_cpp.dir/rosidl_typesupport_cpp/xbox/msg/command__type_support.cpp.o[0m
[0.488s] [ 39%] [32mBuilding CXX object CMakeFiles/xbox__rosidl_typesupport_c.dir/rosidl_typesupport_c/xbox/msg/command__type_support.cpp.o[0m
[0.514s] [ 42%] [32mBuilding CXX object CMakeFiles/xbox__rosidl_typesupport_fastrtps_cpp.dir/rosidl_typesupport_fastrtps_cpp/xbox/msg/detail/dds_fastrtps/command__type_support.cpp.o[0m
[0.517s] [ 45%] [32m[1mLinking CXX shared library libxbox__rosidl_typesupport_c.so[0m
[0.531s] [ 48%] [32mBuilding CXX object CMakeFiles/xbox__rosidl_typesupport_fastrtps_c.dir/rosidl_typesupport_fastrtps_c/xbox/msg/detail/command__type_support_c.cpp.o[0m
[0.559s] [ 48%] Built target xbox__rosidl_typesupport_c
[0.595s] [ 51%] [32mBuilding C object CMakeFiles/xbox__rosidl_typesupport_introspection_c.dir/rosidl_typesupport_introspection_c/xbox/msg/detail/command__type_support.c.o[0m
[0.626s] [ 54%] [32m[1mLinking C shared library libxbox__rosidl_typesupport_introspection_c.so[0m
[0.646s] [ 54%] Built target xbox__rosidl_typesupport_introspection_c
[0.663s] [ 57%] [32m[1mLinking CXX shared library libxbox__rosidl_typesupport_cpp.so[0m
[0.667s] [ 60%] [32m[1mLinking CXX shared library libxbox__rosidl_typesupport_introspection_cpp.so[0m
[0.688s] [ 60%] Built target xbox__rosidl_typesupport_cpp
[0.692s] [ 60%] Built target xbox__rosidl_typesupport_introspection_cpp
[0.700s] [ 63%] [32mBuilding CXX object CMakeFiles/publisher.dir/src/publisher.cpp.o[0m
[0.738s] [ 66%] [32m[1mLinking CXX shared library libxbox__rosidl_typesupport_fastrtps_cpp.so[0m
[0.757s] [ 69%] [32m[1mLinking CXX shared library libxbox__rosidl_typesupport_fastrtps_c.so[0m
[0.783s] [ 69%] Built target xbox__rosidl_typesupport_fastrtps_cpp
[0.800s] [ 69%] Built target xbox__rosidl_typesupport_fastrtps_c
[0.811s] [ 69%] Built target xbox
[0.822s] [ 72%] [34m[1mGenerating Python code for ROS interfaces[0m
[1.010s] [ 72%] Built target xbox__py
[1.023s] [ 75%] [32mBuilding C object CMakeFiles/xbox__rosidl_generator_py.dir/rosidl_generator_py/xbox/msg/_command_s.c.o[0m
[1.091s] [ 78%] [32m[1mLinking C shared library rosidl_generator_py/xbox/libxbox__rosidl_generator_py.so[0m
[1.113s] [ 78%] Built target xbox__rosidl_generator_py
[1.123s] [ 81%] [32mBuilding C object CMakeFiles/xbox__rosidl_typesupport_fastrtps_c__pyext.dir/rosidl_generator_py/xbox/_xbox_s.ep.rosidl_typesupport_fastrtps_c.c.o[0m
[1.123s] [ 84%] [32mBuilding C object CMakeFiles/xbox__rosidl_typesupport_introspection_c__pyext.dir/rosidl_generator_py/xbox/_xbox_s.ep.rosidl_typesupport_introspection_c.c.o[0m
[1.125s] [ 87%] [32mBuilding C object CMakeFiles/xbox__rosidl_typesupport_c__pyext.dir/rosidl_generator_py/xbox/_xbox_s.ep.rosidl_typesupport_c.c.o[0m
[1.172s] [ 90%] [32m[1mLinking C shared library rosidl_generator_py/xbox/xbox_s__rosidl_typesupport_introspection_c.cpython-310-x86_64-linux-gnu.so[0m
[1.173s] [ 93%] [32m[1mLinking C shared library rosidl_generator_py/xbox/xbox_s__rosidl_typesupport_fastrtps_c.cpython-310-x86_64-linux-gnu.so[0m
[1.179s] [ 96%] [32m[1mLinking C shared library rosidl_generator_py/xbox/xbox_s__rosidl_typesupport_c.cpython-310-x86_64-linux-gnu.so[0m
[1.191s] [ 96%] Built target xbox__rosidl_typesupport_introspection_c__pyext
[1.192s] [ 96%] Built target xbox__rosidl_typesupport_fastrtps_c__pyext
[1.197s] [ 96%] Built target xbox__rosidl_typesupport_c__pyext
[4.540s] [100%] [32m[1mLinking CXX executable publisher[0m
[4.722s] [100%] Built target publisher
