[0.008s] Invoking command in '/home/basten/ros2_ws/src/MagangBanyubramanta_Basten-Andika-Salim/Ros2/src/matlab_msg_gen/glnxa64/build/tugas_yolo_yolocpp': PS1=(venv) VIRTUAL_ENV_PROMPT=(venv) /usr/local/MATLAB/R2023b/bin/glnxa64/cmake/bin/cmake /home/basten/ros2_ws/src/MagangBanyubramanta_Basten-Andika-Salim/Ros2/src/matlab_msg_gen/glnxa64/src/tugas_yolo_yolocpp -DCMAKE_BUILD_TYPE=Release -DCMAKE_SHARED_LINKER_FLAGS=-Wl,-no-as-needed -DBUILD_TESTING=OFF -DALIAS_ROS2_TF2=1 -DCMAKE_CXX_FLAGS_RELEASE=-O0 -G Ninja -DCMAKE_INSTALL_PREFIX=/home/basten/ros2_ws/src/MagangBanyubramanta_Basten-Andika-Salim/Ros2/src/matlab_msg_gen/glnxa64/install
[0.037s] -- The C compiler identification is GNU 11.4.0
[0.077s] -- The CXX compiler identification is GNU 11.4.0
[0.084s] -- Detecting C compiler ABI info
[0.114s] -- Detecting C compiler ABI info - done
[0.119s] -- Check for working C compiler: /usr/bin/cc - skipped
[0.119s] -- Detecting C compile features
[0.119s] -- Detecting C compile features - done
[0.121s] -- Detecting CXX compiler ABI info
[0.154s] -- Detecting CXX compiler ABI info - done
[0.158s] -- Check for working CXX compiler: /usr/bin/c++ - skipped
[0.158s] -- Detecting CXX compile features
[0.159s] -- Detecting CXX compile features - done
[0.162s] -- Found ament_cmake: 1.3.3 (/usr/local/MATLAB/R2023b/sys/ros2/glnxa64/ros2/share/ament_cmake/cmake)
[0.571s] -- Found Python3: /home/basten/.matlab/R2023b/ros2/glnxa64/venv/bin/python3.10 (found version "3.10.12") found components: Interpreter 
[0.627s] -- Found ament_cmake_ros: 0.10.0 (/usr/local/MATLAB/R2023b/sys/ros2/glnxa64/ros2/share/ament_cmake_ros/cmake)
[0.633s] -- Found rosidl_typesupport_c: 2.0.0 (/usr/local/MATLAB/R2023b/sys/ros2/glnxa64/ros2/share/rosidl_typesupport_c/cmake)
[0.633s] -- Using all available rosidl_typesupport_c: rosidl_typesupport_fastrtps_c;rosidl_typesupport_introspection_c
[0.638s] -- Found rosidl_adapter: 3.1.4 (/usr/local/MATLAB/R2023b/sys/ros2/glnxa64/ros2/share/rosidl_adapter/cmake)
[0.670s] -- Found rosidl_typesupport_cpp: 2.0.0 (/usr/local/MATLAB/R2023b/sys/ros2/glnxa64/ros2/share/rosidl_typesupport_cpp/cmake)
[0.670s] -- Using all available rosidl_typesupport_cpp: rosidl_typesupport_fastrtps_cpp;rosidl_typesupport_introspection_cpp
[0.694s] -- Found rosidl_default_generators: 1.2.0 (/usr/local/MATLAB/R2023b/sys/ros2/glnxa64/ros2/share/rosidl_default_generators/cmake)
[0.696s] -- Found class_loader: 2.2.0 (/usr/local/MATLAB/R2023b/sys/ros2/glnxa64/ros2/share/class_loader/cmake)
[0.700s] -- Found rclcpp: 16.0.3 (/usr/local/MATLAB/R2023b/sys/ros2/glnxa64/ros2/share/rclcpp/cmake)
[0.757s] -- Found rmw_implementation_cmake: 6.1.1 (/usr/local/MATLAB/R2023b/sys/ros2/glnxa64/ros2/share/rmw_implementation_cmake/cmake)
[0.759s] -- Found rmw_fastrtps_cpp: 6.2.2 (/usr/local/MATLAB/R2023b/sys/ros2/glnxa64/ros2/share/rmw_fastrtps_cpp/cmake)
[0.803s] -- Found FastRTPS: /usr/local/MATLAB/R2023b/sys/ros2/glnxa64/ros2/include  
[0.822s] -- Using RMW implementation 'rmw_fastrtps_cpp' as default
[0.827s] -- Performing Test CMAKE_HAVE_LIBC_PTHREAD
[0.857s] -- Performing Test CMAKE_HAVE_LIBC_PTHREAD - Success
[0.858s] -- Found Threads: TRUE  
[1.045s] -- Using all available rosidl_typesupport_c: rosidl_typesupport_fastrtps_c;rosidl_typesupport_introspection_c
[1.092s] -- Using all available rosidl_typesupport_cpp: rosidl_typesupport_fastrtps_cpp;rosidl_typesupport_introspection_cpp
[1.097s] -- Configuring done
[1.107s] -- Generating done
[1.112s] -- Build files have been written to: /home/basten/ros2_ws/src/MagangBanyubramanta_Basten-Andika-Salim/Ros2/src/matlab_msg_gen/glnxa64/build/tugas_yolo_yolocpp
[1.115s] Invoked command in '/home/basten/ros2_ws/src/MagangBanyubramanta_Basten-Andika-Salim/Ros2/src/matlab_msg_gen/glnxa64/build/tugas_yolo_yolocpp' returned '0': PS1=(venv) VIRTUAL_ENV_PROMPT=(venv) /usr/local/MATLAB/R2023b/bin/glnxa64/cmake/bin/cmake /home/basten/ros2_ws/src/MagangBanyubramanta_Basten-Andika-Salim/Ros2/src/matlab_msg_gen/glnxa64/src/tugas_yolo_yolocpp -DCMAKE_BUILD_TYPE=Release -DCMAKE_SHARED_LINKER_FLAGS=-Wl,-no-as-needed -DBUILD_TESTING=OFF -DALIAS_ROS2_TF2=1 -DCMAKE_CXX_FLAGS_RELEASE=-O0 -G Ninja -DCMAKE_INSTALL_PREFIX=/home/basten/ros2_ws/src/MagangBanyubramanta_Basten-Andika-Salim/Ros2/src/matlab_msg_gen/glnxa64/install
[1.116s] Invoking command in '/home/basten/ros2_ws/src/MagangBanyubramanta_Basten-Andika-Salim/Ros2/src/matlab_msg_gen/glnxa64/build/tugas_yolo_yolocpp': PS1=(venv) VIRTUAL_ENV_PROMPT=(venv) /usr/local/MATLAB/R2023b/bin/glnxa64/cmake/bin/cmake --build /home/basten/ros2_ws/src/MagangBanyubramanta_Basten-Andika-Salim/Ros2/src/matlab_msg_gen/glnxa64/build/tugas_yolo_yolocpp -- -j32 -l32
[1.233s] [1/24] Generating C++ code for ROS interfaces
[1.235s] [2/24] Generating C code for ROS interfaces
[1.300s] [3/24] Building C object CMakeFiles/tugas_yolo_yolocpp__rosidl_generator_c.dir/rosidl_generator_c/tugas_yolo_yolocpp/msg/detail/seen__functions.c.o
[1.320s] [4/24] Linking C shared library libtugas_yolo_yolocpp__rosidl_generator_c.so
[1.362s] [5/24] Generating C++ introspection for ROS interfaces
[1.366s] [6/24] Generating C++ type support for eProsima Fast-RTPS
[1.385s] [7/24] Generating C++ type support dispatch for ROS interfaces
[1.466s] [8/24] Generating C type support dispatch for ROS interfaces
[1.493s] [9/24] Building CXX object CMakeFiles/tugas_yolo_yolocpp__rosidl_typesupport_c.dir/rosidl_typesupport_c/tugas_yolo_yolocpp/msg/seen__type_support.cpp.o
[1.551s] [10/24] Linking CXX shared library libtugas_yolo_yolocpp__rosidl_typesupport_c.so
[1.567s] [11/24] Generating C type support for eProsima Fast-RTPS
[1.571s] [12/24] Generating C introspection for ROS interfaces
[1.605s] [13/24] Building CXX object CMakeFiles/tugas_yolo_yolocpp__rosidl_typesupport_cpp.dir/rosidl_typesupport_cpp/tugas_yolo_yolocpp/msg/seen__type_support.cpp.o
[1.608s] [14/24] Building C object CMakeFiles/tugas_yolo_yolocpp__rosidl_typesupport_introspection_c.dir/rosidl_typesupport_introspection_c/tugas_yolo_yolocpp/msg/detail/seen__type_support.c.o
[1.626s] [15/24] Linking C shared library libtugas_yolo_yolocpp__rosidl_typesupport_introspection_c.so
[1.651s] [16/24] Linking CXX shared library libtugas_yolo_yolocpp__rosidl_typesupport_cpp.so
[1.689s] [17/24] Building CXX object CMakeFiles/tugas_yolo_yolocpp__rosidl_typesupport_fastrtps_cpp.dir/rosidl_typesupport_fastrtps_cpp/tugas_yolo_yolocpp/msg/detail/dds_fastrtps/seen__type_support.cpp.o
[1.746s] [18/24] Linking CXX shared library libtugas_yolo_yolocpp__rosidl_typesupport_fastrtps_cpp.so
[1.753s] [19/24] Building CXX object CMakeFiles/tugas_yolo_yolocpp__rosidl_typesupport_introspection_cpp.dir/rosidl_typesupport_introspection_cpp/tugas_yolo_yolocpp/msg/detail/seen__type_support.cpp.o
[1.788s] [20/24] Building CXX object CMakeFiles/tugas_yolo_yolocpp__rosidl_typesupport_fastrtps_c.dir/rosidl_typesupport_fastrtps_c/tugas_yolo_yolocpp/msg/detail/seen__type_support_c.cpp.o
[1.793s] [21/24] Linking CXX shared library libtugas_yolo_yolocpp__rosidl_typesupport_introspection_cpp.so
[1.826s] [22/24] Linking CXX shared library libtugas_yolo_yolocpp__rosidl_typesupport_fastrtps_c.so
[6.054s] [23/24] Building CXX object CMakeFiles/tugas_yolo_yolocpp_matlab.dir/src/tugas_yolo_yolocpp_Seen_message.cpp.o
[6.276s] [24/24] Linking CXX shared library libtugas_yolo_yolocpp_matlab.so
[6.277s] Invoked command in '/home/basten/ros2_ws/src/MagangBanyubramanta_Basten-Andika-Salim/Ros2/src/matlab_msg_gen/glnxa64/build/tugas_yolo_yolocpp' returned '0': PS1=(venv) VIRTUAL_ENV_PROMPT=(venv) /usr/local/MATLAB/R2023b/bin/glnxa64/cmake/bin/cmake --build /home/basten/ros2_ws/src/MagangBanyubramanta_Basten-Andika-Salim/Ros2/src/matlab_msg_gen/glnxa64/build/tugas_yolo_yolocpp -- -j32 -l32
[6.285s] Invoking command in '/home/basten/ros2_ws/src/MagangBanyubramanta_Basten-Andika-Salim/Ros2/src/matlab_msg_gen/glnxa64/build/tugas_yolo_yolocpp': PS1=(venv) VIRTUAL_ENV_PROMPT=(venv) /usr/local/MATLAB/R2023b/bin/glnxa64/cmake/bin/cmake --install /home/basten/ros2_ws/src/MagangBanyubramanta_Basten-Andika-Salim/Ros2/src/matlab_msg_gen/glnxa64/build/tugas_yolo_yolocpp
[6.287s] -- Install configuration: "Release"
[6.287s] -- Installing: /home/basten/ros2_ws/src/MagangBanyubramanta_Basten-Andika-Salim/Ros2/src/matlab_msg_gen/glnxa64/install/share/ament_index/resource_index/rosidl_interfaces/tugas_yolo_yolocpp
[6.287s] -- Installing: /home/basten/ros2_ws/src/MagangBanyubramanta_Basten-Andika-Salim/Ros2/src/matlab_msg_gen/glnxa64/install/include/tugas_yolo_yolocpp/tugas_yolo_yolocpp
[6.287s] -- Installing: /home/basten/ros2_ws/src/MagangBanyubramanta_Basten-Andika-Salim/Ros2/src/matlab_msg_gen/glnxa64/install/include/tugas_yolo_yolocpp/tugas_yolo_yolocpp/msg
[6.287s] -- Installing: /home/basten/ros2_ws/src/MagangBanyubramanta_Basten-Andika-Salim/Ros2/src/matlab_msg_gen/glnxa64/install/include/tugas_yolo_yolocpp/tugas_yolo_yolocpp/msg/rosidl_generator_c__visibility_control.h
[6.287s] -- Installing: /home/basten/ros2_ws/src/MagangBanyubramanta_Basten-Andika-Salim/Ros2/src/matlab_msg_gen/glnxa64/install/include/tugas_yolo_yolocpp/tugas_yolo_yolocpp/msg/seen.h
[6.287s] -- Installing: /home/basten/ros2_ws/src/MagangBanyubramanta_Basten-Andika-Salim/Ros2/src/matlab_msg_gen/glnxa64/install/include/tugas_yolo_yolocpp/tugas_yolo_yolocpp/msg/detail
[6.287s] -- Installing: /home/basten/ros2_ws/src/MagangBanyubramanta_Basten-Andika-Salim/Ros2/src/matlab_msg_gen/glnxa64/install/include/tugas_yolo_yolocpp/tugas_yolo_yolocpp/msg/detail/seen__functions.c
[6.287s] -- Installing: /home/basten/ros2_ws/src/MagangBanyubramanta_Basten-Andika-Salim/Ros2/src/matlab_msg_gen/glnxa64/install/include/tugas_yolo_yolocpp/tugas_yolo_yolocpp/msg/detail/seen__functions.h
[6.287s] -- Installing: /home/basten/ros2_ws/src/MagangBanyubramanta_Basten-Andika-Salim/Ros2/src/matlab_msg_gen/glnxa64/install/include/tugas_yolo_yolocpp/tugas_yolo_yolocpp/msg/detail/seen__struct.h
[6.287s] -- Installing: /home/basten/ros2_ws/src/MagangBanyubramanta_Basten-Andika-Salim/Ros2/src/matlab_msg_gen/glnxa64/install/include/tugas_yolo_yolocpp/tugas_yolo_yolocpp/msg/detail/seen__type_support.h
[6.288s] -- Installing: /home/basten/ros2_ws/src/MagangBanyubramanta_Basten-Andika-Salim/Ros2/src/matlab_msg_gen/glnxa64/install/share/tugas_yolo_yolocpp/environment/library_path.sh
[6.288s] -- Installing: /home/basten/ros2_ws/src/MagangBanyubramanta_Basten-Andika-Salim/Ros2/src/matlab_msg_gen/glnxa64/install/share/tugas_yolo_yolocpp/environment/library_path.dsv
[6.288s] -- Installing: /home/basten/ros2_ws/src/MagangBanyubramanta_Basten-Andika-Salim/Ros2/src/matlab_msg_gen/glnxa64/install/lib/libtugas_yolo_yolocpp__rosidl_generator_c.so
[6.288s] -- Up-to-date: /home/basten/ros2_ws/src/MagangBanyubramanta_Basten-Andika-Salim/Ros2/src/matlab_msg_gen/glnxa64/install/include/tugas_yolo_yolocpp/tugas_yolo_yolocpp
[6.288s] -- Up-to-date: /home/basten/ros2_ws/src/MagangBanyubramanta_Basten-Andika-Salim/Ros2/src/matlab_msg_gen/glnxa64/install/include/tugas_yolo_yolocpp/tugas_yolo_yolocpp/msg
[6.288s] -- Installing: /home/basten/ros2_ws/src/MagangBanyubramanta_Basten-Andika-Salim/Ros2/src/matlab_msg_gen/glnxa64/install/include/tugas_yolo_yolocpp/tugas_yolo_yolocpp/msg/rosidl_typesupport_fastrtps_c__visibility_control.h
[6.288s] -- Up-to-date: /home/basten/ros2_ws/src/MagangBanyubramanta_Basten-Andika-Salim/Ros2/src/matlab_msg_gen/glnxa64/install/include/tugas_yolo_yolocpp/tugas_yolo_yolocpp/msg/detail
[6.288s] -- Installing: /home/basten/ros2_ws/src/MagangBanyubramanta_Basten-Andika-Salim/Ros2/src/matlab_msg_gen/glnxa64/install/include/tugas_yolo_yolocpp/tugas_yolo_yolocpp/msg/detail/seen__rosidl_typesupport_fastrtps_c.h
[6.288s] -- Installing: /home/basten/ros2_ws/src/MagangBanyubramanta_Basten-Andika-Salim/Ros2/src/matlab_msg_gen/glnxa64/install/lib/libtugas_yolo_yolocpp__rosidl_typesupport_fastrtps_c.so
[6.288s] -- Up-to-date: /home/basten/ros2_ws/src/MagangBanyubramanta_Basten-Andika-Salim/Ros2/src/matlab_msg_gen/glnxa64/install/include/tugas_yolo_yolocpp/tugas_yolo_yolocpp
[6.288s] -- Up-to-date: /home/basten/ros2_ws/src/MagangBanyubramanta_Basten-Andika-Salim/Ros2/src/matlab_msg_gen/glnxa64/install/include/tugas_yolo_yolocpp/tugas_yolo_yolocpp/msg
[6.288s] -- Installing: /home/basten/ros2_ws/src/MagangBanyubramanta_Basten-Andika-Salim/Ros2/src/matlab_msg_gen/glnxa64/install/include/tugas_yolo_yolocpp/tugas_yolo_yolocpp/msg/rosidl_typesupport_introspection_c__visibility_control.h
[6.288s] -- Up-to-date: /home/basten/ros2_ws/src/MagangBanyubramanta_Basten-Andika-Salim/Ros2/src/matlab_msg_gen/glnxa64/install/include/tugas_yolo_yolocpp/tugas_yolo_yolocpp/msg/detail
[6.288s] -- Installing: /home/basten/ros2_ws/src/MagangBanyubramanta_Basten-Andika-Salim/Ros2/src/matlab_msg_gen/glnxa64/install/include/tugas_yolo_yolocpp/tugas_yolo_yolocpp/msg/detail/seen__type_support.c
[6.288s] -- Installing: /home/basten/ros2_ws/src/MagangBanyubramanta_Basten-Andika-Salim/Ros2/src/matlab_msg_gen/glnxa64/install/include/tugas_yolo_yolocpp/tugas_yolo_yolocpp/msg/detail/seen__rosidl_typesupport_introspection_c.h
[6.288s] -- Installing: /home/basten/ros2_ws/src/MagangBanyubramanta_Basten-Andika-Salim/Ros2/src/matlab_msg_gen/glnxa64/install/lib/libtugas_yolo_yolocpp__rosidl_typesupport_introspection_c.so
[6.288s] -- Installing: /home/basten/ros2_ws/src/MagangBanyubramanta_Basten-Andika-Salim/Ros2/src/matlab_msg_gen/glnxa64/install/lib/libtugas_yolo_yolocpp__rosidl_typesupport_c.so
[6.288s] -- Up-to-date: /home/basten/ros2_ws/src/MagangBanyubramanta_Basten-Andika-Salim/Ros2/src/matlab_msg_gen/glnxa64/install/include/tugas_yolo_yolocpp/tugas_yolo_yolocpp
[6.288s] -- Up-to-date: /home/basten/ros2_ws/src/MagangBanyubramanta_Basten-Andika-Salim/Ros2/src/matlab_msg_gen/glnxa64/install/include/tugas_yolo_yolocpp/tugas_yolo_yolocpp/msg
[6.288s] -- Installing: /home/basten/ros2_ws/src/MagangBanyubramanta_Basten-Andika-Salim/Ros2/src/matlab_msg_gen/glnxa64/install/include/tugas_yolo_yolocpp/tugas_yolo_yolocpp/msg/seen.hpp
[6.288s] -- Up-to-date: /home/basten/ros2_ws/src/MagangBanyubramanta_Basten-Andika-Salim/Ros2/src/matlab_msg_gen/glnxa64/install/include/tugas_yolo_yolocpp/tugas_yolo_yolocpp/msg/detail
[6.288s] -- Installing: /home/basten/ros2_ws/src/MagangBanyubramanta_Basten-Andika-Salim/Ros2/src/matlab_msg_gen/glnxa64/install/include/tugas_yolo_yolocpp/tugas_yolo_yolocpp/msg/detail/seen__builder.hpp
[6.288s] -- Installing: /home/basten/ros2_ws/src/MagangBanyubramanta_Basten-Andika-Salim/Ros2/src/matlab_msg_gen/glnxa64/install/include/tugas_yolo_yolocpp/tugas_yolo_yolocpp/msg/detail/seen__traits.hpp
[6.288s] -- Installing: /home/basten/ros2_ws/src/MagangBanyubramanta_Basten-Andika-Salim/Ros2/src/matlab_msg_gen/glnxa64/install/include/tugas_yolo_yolocpp/tugas_yolo_yolocpp/msg/detail/seen__struct.hpp
[6.288s] -- Up-to-date: /home/basten/ros2_ws/src/MagangBanyubramanta_Basten-Andika-Salim/Ros2/src/matlab_msg_gen/glnxa64/install/include/tugas_yolo_yolocpp/tugas_yolo_yolocpp
[6.288s] -- Up-to-date: /home/basten/ros2_ws/src/MagangBanyubramanta_Basten-Andika-Salim/Ros2/src/matlab_msg_gen/glnxa64/install/include/tugas_yolo_yolocpp/tugas_yolo_yolocpp/msg
[6.288s] -- Installing: /home/basten/ros2_ws/src/MagangBanyubramanta_Basten-Andika-Salim/Ros2/src/matlab_msg_gen/glnxa64/install/include/tugas_yolo_yolocpp/tugas_yolo_yolocpp/msg/rosidl_typesupport_fastrtps_cpp__visibility_control.h
[6.288s] -- Up-to-date: /home/basten/ros2_ws/src/MagangBanyubramanta_Basten-Andika-Salim/Ros2/src/matlab_msg_gen/glnxa64/install/include/tugas_yolo_yolocpp/tugas_yolo_yolocpp/msg/detail
[6.288s] -- Installing: /home/basten/ros2_ws/src/MagangBanyubramanta_Basten-Andika-Salim/Ros2/src/matlab_msg_gen/glnxa64/install/include/tugas_yolo_yolocpp/tugas_yolo_yolocpp/msg/detail/dds_fastrtps
[6.288s] -- Installing: /home/basten/ros2_ws/src/MagangBanyubramanta_Basten-Andika-Salim/Ros2/src/matlab_msg_gen/glnxa64/install/include/tugas_yolo_yolocpp/tugas_yolo_yolocpp/msg/detail/seen__rosidl_typesupport_fastrtps_cpp.hpp
[6.288s] -- Installing: /home/basten/ros2_ws/src/MagangBanyubramanta_Basten-Andika-Salim/Ros2/src/matlab_msg_gen/glnxa64/install/lib/libtugas_yolo_yolocpp__rosidl_typesupport_fastrtps_cpp.so
[6.289s] -- Up-to-date: /home/basten/ros2_ws/src/MagangBanyubramanta_Basten-Andika-Salim/Ros2/src/matlab_msg_gen/glnxa64/install/include/tugas_yolo_yolocpp/tugas_yolo_yolocpp
[6.289s] -- Up-to-date: /home/basten/ros2_ws/src/MagangBanyubramanta_Basten-Andika-Salim/Ros2/src/matlab_msg_gen/glnxa64/install/include/tugas_yolo_yolocpp/tugas_yolo_yolocpp/msg
[6.289s] -- Up-to-date: /home/basten/ros2_ws/src/MagangBanyubramanta_Basten-Andika-Salim/Ros2/src/matlab_msg_gen/glnxa64/install/include/tugas_yolo_yolocpp/tugas_yolo_yolocpp/msg/detail
[6.289s] -- Installing: /home/basten/ros2_ws/src/MagangBanyubramanta_Basten-Andika-Salim/Ros2/src/matlab_msg_gen/glnxa64/install/include/tugas_yolo_yolocpp/tugas_yolo_yolocpp/msg/detail/seen__rosidl_typesupport_introspection_cpp.hpp
[6.289s] -- Installing: /home/basten/ros2_ws/src/MagangBanyubramanta_Basten-Andika-Salim/Ros2/src/matlab_msg_gen/glnxa64/install/include/tugas_yolo_yolocpp/tugas_yolo_yolocpp/msg/detail/seen__type_support.cpp
[6.289s] -- Installing: /home/basten/ros2_ws/src/MagangBanyubramanta_Basten-Andika-Salim/Ros2/src/matlab_msg_gen/glnxa64/install/lib/libtugas_yolo_yolocpp__rosidl_typesupport_introspection_cpp.so
[6.289s] -- Installing: /home/basten/ros2_ws/src/MagangBanyubramanta_Basten-Andika-Salim/Ros2/src/matlab_msg_gen/glnxa64/install/lib/libtugas_yolo_yolocpp__rosidl_typesupport_cpp.so
[6.289s] -- Installing: /home/basten/ros2_ws/src/MagangBanyubramanta_Basten-Andika-Salim/Ros2/src/matlab_msg_gen/glnxa64/install/share/tugas_yolo_yolocpp/msg/Seen.idl
[6.289s] -- Installing: /home/basten/ros2_ws/src/MagangBanyubramanta_Basten-Andika-Salim/Ros2/src/matlab_msg_gen/glnxa64/install/share/tugas_yolo_yolocpp/msg/Seen.msg
[6.289s] -- Up-to-date: /home/basten/ros2_ws/src/MagangBanyubramanta_Basten-Andika-Salim/Ros2/src/matlab_msg_gen/glnxa64/install/include
[6.289s] -- Up-to-date: /home/basten/ros2_ws/src/MagangBanyubramanta_Basten-Andika-Salim/Ros2/src/matlab_msg_gen/glnxa64/install/include/tugas_yolo_yolocpp
[6.289s] -- Installing: /home/basten/ros2_ws/src/MagangBanyubramanta_Basten-Andika-Salim/Ros2/src/matlab_msg_gen/glnxa64/install/include/tugas_yolo_yolocpp/visibility_control.h
[6.289s] -- Installing: /home/basten/ros2_ws/src/MagangBanyubramanta_Basten-Andika-Salim/Ros2/src/matlab_msg_gen/glnxa64/install/lib/libtugas_yolo_yolocpp_matlab.so
[6.291s] -- Installing: /home/basten/ros2_ws/src/MagangBanyubramanta_Basten-Andika-Salim/Ros2/src/matlab_msg_gen/glnxa64/install/m/
[6.291s] -- Installing: /home/basten/ros2_ws/src/MagangBanyubramanta_Basten-Andika-Salim/Ros2/src/matlab_msg_gen/glnxa64/install/m//+ros
[6.291s] -- Installing: /home/basten/ros2_ws/src/MagangBanyubramanta_Basten-Andika-Salim/Ros2/src/matlab_msg_gen/glnxa64/install/m//+ros/+internal
[6.291s] -- Installing: /home/basten/ros2_ws/src/MagangBanyubramanta_Basten-Andika-Salim/Ros2/src/matlab_msg_gen/glnxa64/install/m//+ros/+internal/+ros2
[6.291s] -- Installing: /home/basten/ros2_ws/src/MagangBanyubramanta_Basten-Andika-Salim/Ros2/src/matlab_msg_gen/glnxa64/install/m//+ros/+internal/+ros2/+custommessages
[6.291s] -- Installing: /home/basten/ros2_ws/src/MagangBanyubramanta_Basten-Andika-Salim/Ros2/src/matlab_msg_gen/glnxa64/install/m//+ros/+internal/+ros2/+custommessages/+tugas_yolo_yolocpp
[6.291s] -- Installing: /home/basten/ros2_ws/src/MagangBanyubramanta_Basten-Andika-Salim/Ros2/src/matlab_msg_gen/glnxa64/install/m//+ros/+internal/+ros2/+custommessages/+tugas_yolo_yolocpp/seen.m
[6.291s] -- Installing: /home/basten/ros2_ws/src/MagangBanyubramanta_Basten-Andika-Salim/Ros2/src/matlab_msg_gen/glnxa64/install/m//+ros/+internal/+ros2/+custommessages/+tugas_yolo_yolocpp/tugas_yolo_yolocpp_msg_Seen_1To2_Converter.m
[6.291s] -- Installing: /home/basten/ros2_ws/src/MagangBanyubramanta_Basten-Andika-Salim/Ros2/src/matlab_msg_gen/glnxa64/install/m//+ros/+internal/+ros2/+custommessages/+tugas_yolo_yolocpp/tugas_yolo_yolocpp_msg_Seen_2To1_Converter.m
[6.291s] -- Installing: /home/basten/ros2_ws/src/MagangBanyubramanta_Basten-Andika-Salim/Ros2/src/matlab_msg_gen/glnxa64/install/share/ament_index/resource_index/package_run_dependencies/tugas_yolo_yolocpp
[6.291s] -- Installing: /home/basten/ros2_ws/src/MagangBanyubramanta_Basten-Andika-Salim/Ros2/src/matlab_msg_gen/glnxa64/install/share/ament_index/resource_index/parent_prefix_path/tugas_yolo_yolocpp
[6.291s] -- Installing: /home/basten/ros2_ws/src/MagangBanyubramanta_Basten-Andika-Salim/Ros2/src/matlab_msg_gen/glnxa64/install/share/tugas_yolo_yolocpp/environment/ament_prefix_path.sh
[6.292s] -- Installing: /home/basten/ros2_ws/src/MagangBanyubramanta_Basten-Andika-Salim/Ros2/src/matlab_msg_gen/glnxa64/install/share/tugas_yolo_yolocpp/environment/ament_prefix_path.dsv
[6.292s] -- Installing: /home/basten/ros2_ws/src/MagangBanyubramanta_Basten-Andika-Salim/Ros2/src/matlab_msg_gen/glnxa64/install/share/tugas_yolo_yolocpp/environment/path.sh
[6.292s] -- Installing: /home/basten/ros2_ws/src/MagangBanyubramanta_Basten-Andika-Salim/Ros2/src/matlab_msg_gen/glnxa64/install/share/tugas_yolo_yolocpp/environment/path.dsv
[6.292s] -- Installing: /home/basten/ros2_ws/src/MagangBanyubramanta_Basten-Andika-Salim/Ros2/src/matlab_msg_gen/glnxa64/install/share/tugas_yolo_yolocpp/local_setup.bash
[6.292s] -- Installing: /home/basten/ros2_ws/src/MagangBanyubramanta_Basten-Andika-Salim/Ros2/src/matlab_msg_gen/glnxa64/install/share/tugas_yolo_yolocpp/local_setup.sh
[6.292s] -- Installing: /home/basten/ros2_ws/src/MagangBanyubramanta_Basten-Andika-Salim/Ros2/src/matlab_msg_gen/glnxa64/install/share/tugas_yolo_yolocpp/local_setup.zsh
[6.292s] -- Installing: /home/basten/ros2_ws/src/MagangBanyubramanta_Basten-Andika-Salim/Ros2/src/matlab_msg_gen/glnxa64/install/share/tugas_yolo_yolocpp/local_setup.dsv
[6.292s] -- Installing: /home/basten/ros2_ws/src/MagangBanyubramanta_Basten-Andika-Salim/Ros2/src/matlab_msg_gen/glnxa64/install/share/tugas_yolo_yolocpp/package.dsv
[6.292s] -- Installing: /home/basten/ros2_ws/src/MagangBanyubramanta_Basten-Andika-Salim/Ros2/src/matlab_msg_gen/glnxa64/install/share/ament_index/resource_index/packages/tugas_yolo_yolocpp
[6.292s] -- Installing: /home/basten/ros2_ws/src/MagangBanyubramanta_Basten-Andika-Salim/Ros2/src/matlab_msg_gen/glnxa64/install/share/tugas_yolo_yolocpp/cmake/export_tugas_yolo_yolocpp__rosidl_generator_cExport.cmake
[6.292s] -- Installing: /home/basten/ros2_ws/src/MagangBanyubramanta_Basten-Andika-Salim/Ros2/src/matlab_msg_gen/glnxa64/install/share/tugas_yolo_yolocpp/cmake/export_tugas_yolo_yolocpp__rosidl_generator_cExport-release.cmake
[6.292s] -- Installing: /home/basten/ros2_ws/src/MagangBanyubramanta_Basten-Andika-Salim/Ros2/src/matlab_msg_gen/glnxa64/install/share/tugas_yolo_yolocpp/cmake/export_tugas_yolo_yolocpp__rosidl_typesupport_fastrtps_cExport.cmake
[6.292s] -- Installing: /home/basten/ros2_ws/src/MagangBanyubramanta_Basten-Andika-Salim/Ros2/src/matlab_msg_gen/glnxa64/install/share/tugas_yolo_yolocpp/cmake/export_tugas_yolo_yolocpp__rosidl_typesupport_fastrtps_cExport-release.cmake
[6.292s] -- Installing: /home/basten/ros2_ws/src/MagangBanyubramanta_Basten-Andika-Salim/Ros2/src/matlab_msg_gen/glnxa64/install/share/tugas_yolo_yolocpp/cmake/tugas_yolo_yolocpp__rosidl_typesupport_introspection_cExport.cmake
[6.292s] -- Installing: /home/basten/ros2_ws/src/MagangBanyubramanta_Basten-Andika-Salim/Ros2/src/matlab_msg_gen/glnxa64/install/share/tugas_yolo_yolocpp/cmake/tugas_yolo_yolocpp__rosidl_typesupport_introspection_cExport-release.cmake
[6.292s] -- Installing: /home/basten/ros2_ws/src/MagangBanyubramanta_Basten-Andika-Salim/Ros2/src/matlab_msg_gen/glnxa64/install/share/tugas_yolo_yolocpp/cmake/tugas_yolo_yolocpp__rosidl_typesupport_cExport.cmake
[6.292s] -- Installing: /home/basten/ros2_ws/src/MagangBanyubramanta_Basten-Andika-Salim/Ros2/src/matlab_msg_gen/glnxa64/install/share/tugas_yolo_yolocpp/cmake/tugas_yolo_yolocpp__rosidl_typesupport_cExport-release.cmake
[6.292s] -- Installing: /home/basten/ros2_ws/src/MagangBanyubramanta_Basten-Andika-Salim/Ros2/src/matlab_msg_gen/glnxa64/install/share/tugas_yolo_yolocpp/cmake/export_tugas_yolo_yolocpp__rosidl_generator_cppExport.cmake
[6.292s] -- Installing: /home/basten/ros2_ws/src/MagangBanyubramanta_Basten-Andika-Salim/Ros2/src/matlab_msg_gen/glnxa64/install/share/tugas_yolo_yolocpp/cmake/export_tugas_yolo_yolocpp__rosidl_typesupport_fastrtps_cppExport.cmake
[6.292s] -- Installing: /home/basten/ros2_ws/src/MagangBanyubramanta_Basten-Andika-Salim/Ros2/src/matlab_msg_gen/glnxa64/install/share/tugas_yolo_yolocpp/cmake/export_tugas_yolo_yolocpp__rosidl_typesupport_fastrtps_cppExport-release.cmake
[6.292s] -- Installing: /home/basten/ros2_ws/src/MagangBanyubramanta_Basten-Andika-Salim/Ros2/src/matlab_msg_gen/glnxa64/install/share/tugas_yolo_yolocpp/cmake/tugas_yolo_yolocpp__rosidl_typesupport_introspection_cppExport.cmake
[6.292s] -- Installing: /home/basten/ros2_ws/src/MagangBanyubramanta_Basten-Andika-Salim/Ros2/src/matlab_msg_gen/glnxa64/install/share/tugas_yolo_yolocpp/cmake/tugas_yolo_yolocpp__rosidl_typesupport_introspection_cppExport-release.cmake
[6.292s] -- Installing: /home/basten/ros2_ws/src/MagangBanyubramanta_Basten-Andika-Salim/Ros2/src/matlab_msg_gen/glnxa64/install/share/tugas_yolo_yolocpp/cmake/tugas_yolo_yolocpp__rosidl_typesupport_cppExport.cmake
[6.292s] -- Installing: /home/basten/ros2_ws/src/MagangBanyubramanta_Basten-Andika-Salim/Ros2/src/matlab_msg_gen/glnxa64/install/share/tugas_yolo_yolocpp/cmake/tugas_yolo_yolocpp__rosidl_typesupport_cppExport-release.cmake
[6.292s] -- Installing: /home/basten/ros2_ws/src/MagangBanyubramanta_Basten-Andika-Salim/Ros2/src/matlab_msg_gen/glnxa64/install/share/tugas_yolo_yolocpp/cmake/rosidl_cmake-extras.cmake
[6.292s] -- Installing: /home/basten/ros2_ws/src/MagangBanyubramanta_Basten-Andika-Salim/Ros2/src/matlab_msg_gen/glnxa64/install/share/tugas_yolo_yolocpp/cmake/ament_cmake_export_include_directories-extras.cmake
[6.292s] -- Installing: /home/basten/ros2_ws/src/MagangBanyubramanta_Basten-Andika-Salim/Ros2/src/matlab_msg_gen/glnxa64/install/share/tugas_yolo_yolocpp/cmake/ament_cmake_export_libraries-extras.cmake
[6.292s] -- Installing: /home/basten/ros2_ws/src/MagangBanyubramanta_Basten-Andika-Salim/Ros2/src/matlab_msg_gen/glnxa64/install/share/tugas_yolo_yolocpp/cmake/ament_cmake_export_targets-extras.cmake
[6.292s] -- Installing: /home/basten/ros2_ws/src/MagangBanyubramanta_Basten-Andika-Salim/Ros2/src/matlab_msg_gen/glnxa64/install/share/tugas_yolo_yolocpp/cmake/rosidl_cmake_export_typesupport_targets-extras.cmake
[6.292s] -- Installing: /home/basten/ros2_ws/src/MagangBanyubramanta_Basten-Andika-Salim/Ros2/src/matlab_msg_gen/glnxa64/install/share/tugas_yolo_yolocpp/cmake/ament_cmake_export_dependencies-extras.cmake
[6.292s] -- Installing: /home/basten/ros2_ws/src/MagangBanyubramanta_Basten-Andika-Salim/Ros2/src/matlab_msg_gen/glnxa64/install/share/tugas_yolo_yolocpp/cmake/rosidl_cmake_export_typesupport_libraries-extras.cmake
[6.292s] -- Installing: /home/basten/ros2_ws/src/MagangBanyubramanta_Basten-Andika-Salim/Ros2/src/matlab_msg_gen/glnxa64/install/share/tugas_yolo_yolocpp/cmake/tugas_yolo_yolocppConfig.cmake
[6.292s] -- Installing: /home/basten/ros2_ws/src/MagangBanyubramanta_Basten-Andika-Salim/Ros2/src/matlab_msg_gen/glnxa64/install/share/tugas_yolo_yolocpp/cmake/tugas_yolo_yolocppConfig-version.cmake
[6.292s] -- Installing: /home/basten/ros2_ws/src/MagangBanyubramanta_Basten-Andika-Salim/Ros2/src/matlab_msg_gen/glnxa64/install/share/tugas_yolo_yolocpp/package.xml
[6.293s] Invoked command in '/home/basten/ros2_ws/src/MagangBanyubramanta_Basten-Andika-Salim/Ros2/src/matlab_msg_gen/glnxa64/build/tugas_yolo_yolocpp' returned '0': PS1=(venv) VIRTUAL_ENV_PROMPT=(venv) /usr/local/MATLAB/R2023b/bin/glnxa64/cmake/bin/cmake --install /home/basten/ros2_ws/src/MagangBanyubramanta_Basten-Andika-Salim/Ros2/src/matlab_msg_gen/glnxa64/build/tugas_yolo_yolocpp
