[0.384s] [34mcolcon[0m [1;30mDEBUG[0m [32mCommand line arguments: ['/usr/bin/colcon', 'build', '--packages-select', 'tugas_joy'][0m
[0.384s] [34mcolcon[0m [1;30mDEBUG[0m [32mParsed command line arguments: Namespace(log_base=None, log_level=None, verb_name='build', build_base='build', install_base='install', merge_install=False, symlink_install=False, test_result_base=None, continue_on_error=False, executor='parallel', parallel_workers=32, event_handlers=None, ignore_user_meta=False, metas=['./colcon.meta'], base_paths=['.'], packages_ignore=None, packages_ignore_regex=None, paths=None, packages_up_to=None, packages_up_to_regex=None, packages_above=None, packages_above_and_dependencies=None, packages_above_depth=None, packages_select_by_dep=None, packages_skip_by_dep=None, packages_skip_up_to=None, packages_select_build_failed=False, packages_skip_build_finished=False, packages_select_test_failures=False, packages_skip_test_passed=False, packages_select=['tugas_joy'], packages_skip=None, packages_select_regex=None, packages_skip_regex=None, packages_start=None, packages_end=None, allow_overriding=[], cmake_args=None, cmake_target=None, cmake_target_skip_unavailable=False, cmake_clean_cache=False, cmake_clean_first=False, cmake_force_configure=False, ament_cmake_args=None, catkin_cmake_args=None, catkin_skip_building_tests=False, verb_parser=<colcon_defaults.argument_parser.defaults.DefaultArgumentsDecorator object at 0x7fd52a9e41f0>, verb_extension=<colcon_core.verb.build.BuildVerb object at 0x7fd52ab1c220>, main=<bound method BuildVerb.main of <colcon_core.verb.build.BuildVerb object at 0x7fd52ab1c220>>)[0m
[0.408s] [34mcolcon.colcon_core.package_discovery[0m [1;30mLevel 1[0m discover_packages(colcon_meta) check parameters
[0.408s] [34mcolcon.colcon_core.package_discovery[0m [1;30mLevel 1[0m discover_packages(recursive) check parameters
[0.408s] [34mcolcon.colcon_core.package_discovery[0m [1;30mLevel 1[0m discover_packages(ignore) check parameters
[0.408s] [34mcolcon.colcon_core.package_discovery[0m [1;30mLevel 1[0m discover_packages(path) check parameters
[0.408s] [34mcolcon.colcon_core.package_discovery[0m [1;30mLevel 1[0m discover_packages(colcon_meta) discover
[0.408s] [34mcolcon.colcon_core.package_discovery[0m [1;30mLevel 1[0m discover_packages(recursive) discover
[0.408s] [34mcolcon.colcon_core.package_discovery[0m [1;30mINFO[0m Crawling recursively for packages in '/home/basten/ros2_ws/src/MagangBanyubramanta_Basten-Andika-Salim/Ros2/src'
[0.408s] [34mcolcon.colcon_core.package_identification[0m [1;30mLevel 1[0m _identify(.) by extensions ['ignore', 'ignore_ament_install']
[0.408s] [34mcolcon.colcon_core.package_identification[0m [1;30mLevel 1[0m _identify(.) by extension 'ignore'
[0.408s] [34mcolcon.colcon_core.package_identification[0m [1;30mLevel 1[0m _identify(.) by extension 'ignore_ament_install'
[0.409s] [34mcolcon.colcon_core.package_identification[0m [1;30mLevel 1[0m _identify(.) by extensions ['colcon_pkg']
[0.409s] [34mcolcon.colcon_core.package_identification[0m [1;30mLevel 1[0m _identify(.) by extension 'colcon_pkg'
[0.409s] [34mcolcon.colcon_core.package_identification[0m [1;30mLevel 1[0m _identify(.) by extensions ['colcon_meta']
[0.409s] [34mcolcon.colcon_core.package_identification[0m [1;30mLevel 1[0m _identify(.) by extension 'colcon_meta'
[0.409s] [34mcolcon.colcon_core.package_identification[0m [1;30mLevel 1[0m _identify(.) by extensions ['ros']
[0.409s] [34mcolcon.colcon_core.package_identification[0m [1;30mLevel 1[0m _identify(.) by extension 'ros'
[0.415s] [34mcolcon.colcon_core.package_identification[0m [1;30mLevel 1[0m _identify(.) by extensions ['cmake', 'python']
[0.415s] [34mcolcon.colcon_core.package_identification[0m [1;30mLevel 1[0m _identify(.) by extension 'cmake'
[0.415s] [34mcolcon.colcon_core.package_identification[0m [1;30mLevel 1[0m _identify(.) by extension 'python'
[0.415s] [34mcolcon.colcon_core.package_identification[0m [1;30mLevel 1[0m _identify(.) by extensions ['python_setup_py']
[0.415s] [34mcolcon.colcon_core.package_identification[0m [1;30mLevel 1[0m _identify(.) by extension 'python_setup_py'
[0.415s] [34mcolcon.colcon_core.package_identification[0m [1;30mLevel 1[0m _identify(build) by extensions ['ignore', 'ignore_ament_install']
[0.415s] [34mcolcon.colcon_core.package_identification[0m [1;30mLevel 1[0m _identify(build) by extension 'ignore'
[0.415s] [34mcolcon.colcon_core.package_identification[0m [1;30mLevel 1[0m _identify(build) ignored
[0.415s] [34mcolcon.colcon_core.package_identification[0m [1;30mLevel 1[0m _identify(communicator) by extensions ['ignore', 'ignore_ament_install']
[0.415s] [34mcolcon.colcon_core.package_identification[0m [1;30mLevel 1[0m _identify(communicator) by extension 'ignore'
[0.415s] [34mcolcon.colcon_core.package_identification[0m [1;30mLevel 1[0m _identify(communicator) by extension 'ignore_ament_install'
[0.415s] [34mcolcon.colcon_core.package_identification[0m [1;30mLevel 1[0m _identify(communicator) by extensions ['colcon_pkg']
[0.415s] [34mcolcon.colcon_core.package_identification[0m [1;30mLevel 1[0m _identify(communicator) by extension 'colcon_pkg'
[0.415s] [34mcolcon.colcon_core.package_identification[0m [1;30mLevel 1[0m _identify(communicator) by extensions ['colcon_meta']
[0.415s] [34mcolcon.colcon_core.package_identification[0m [1;30mLevel 1[0m _identify(communicator) by extension 'colcon_meta'
[0.416s] [34mcolcon.colcon_core.package_identification[0m [1;30mLevel 1[0m _identify(communicator) by extensions ['ros']
[0.416s] [34mcolcon.colcon_core.package_identification[0m [1;30mLevel 1[0m _identify(communicator) by extension 'ros'
[0.417s] [34mcolcon.colcon_core.package_identification[0m [1;30mDEBUG[0m [32mPackage 'communicator' with type 'ros.ament_cmake' and name 'communicator'[0m
[0.417s] [34mcolcon.colcon_core.package_identification[0m [1;30mLevel 1[0m _identify(install) by extensions ['ignore', 'ignore_ament_install']
[0.417s] [34mcolcon.colcon_core.package_identification[0m [1;30mLevel 1[0m _identify(install) by extension 'ignore'
[0.417s] [34mcolcon.colcon_core.package_identification[0m [1;30mLevel 1[0m _identify(install) ignored
[0.417s] [34mcolcon.colcon_core.package_identification[0m [1;30mLevel 1[0m _identify(log) by extensions ['ignore', 'ignore_ament_install']
[0.417s] [34mcolcon.colcon_core.package_identification[0m [1;30mLevel 1[0m _identify(log) by extension 'ignore'
[0.417s] [34mcolcon.colcon_core.package_identification[0m [1;30mLevel 1[0m _identify(log) ignored
[0.417s] [34mcolcon.colcon_core.package_identification[0m [1;30mLevel 1[0m _identify(matlab_msg_gen) by extensions ['ignore', 'ignore_ament_install']
[0.417s] [34mcolcon.colcon_core.package_identification[0m [1;30mLevel 1[0m _identify(matlab_msg_gen) by extension 'ignore'
[0.417s] [34mcolcon.colcon_core.package_identification[0m [1;30mLevel 1[0m _identify(matlab_msg_gen) ignored
[0.417s] [34mcolcon.colcon_core.package_identification[0m [1;30mLevel 1[0m _identify(tugas_joy) by extensions ['ignore', 'ignore_ament_install']
[0.417s] [34mcolcon.colcon_core.package_identification[0m [1;30mLevel 1[0m _identify(tugas_joy) by extension 'ignore'
[0.417s] [34mcolcon.colcon_core.package_identification[0m [1;30mLevel 1[0m _identify(tugas_joy) by extension 'ignore_ament_install'
[0.417s] [34mcolcon.colcon_core.package_identification[0m [1;30mLevel 1[0m _identify(tugas_joy) by extensions ['colcon_pkg']
[0.417s] [34mcolcon.colcon_core.package_identification[0m [1;30mLevel 1[0m _identify(tugas_joy) by extension 'colcon_pkg'
[0.417s] [34mcolcon.colcon_core.package_identification[0m [1;30mLevel 1[0m _identify(tugas_joy) by extensions ['colcon_meta']
[0.417s] [34mcolcon.colcon_core.package_identification[0m [1;30mLevel 1[0m _identify(tugas_joy) by extension 'colcon_meta'
[0.417s] [34mcolcon.colcon_core.package_identification[0m [1;30mLevel 1[0m _identify(tugas_joy) by extensions ['ros']
[0.417s] [34mcolcon.colcon_core.package_identification[0m [1;30mLevel 1[0m _identify(tugas_joy) by extension 'ros'
[0.417s] [34mcolcon.colcon_core.package_identification[0m [1;30mDEBUG[0m [32mPackage 'tugas_joy' with type 'ros.ament_cmake' and name 'tugas_joy'[0m
[0.417s] [34mcolcon.colcon_core.package_identification[0m [1;30mLevel 1[0m _identify(tugas_joy1) by extensions ['ignore', 'ignore_ament_install']
[0.418s] [34mcolcon.colcon_core.package_identification[0m [1;30mLevel 1[0m _identify(tugas_joy1) by extension 'ignore'
[0.418s] [34mcolcon.colcon_core.package_identification[0m [1;30mLevel 1[0m _identify(tugas_joy1) by extension 'ignore_ament_install'
[0.418s] [34mcolcon.colcon_core.package_identification[0m [1;30mLevel 1[0m _identify(tugas_joy1) by extensions ['colcon_pkg']
[0.418s] [34mcolcon.colcon_core.package_identification[0m [1;30mLevel 1[0m _identify(tugas_joy1) by extension 'colcon_pkg'
[0.418s] [34mcolcon.colcon_core.package_identification[0m [1;30mLevel 1[0m _identify(tugas_joy1) by extensions ['colcon_meta']
[0.418s] [34mcolcon.colcon_core.package_identification[0m [1;30mLevel 1[0m _identify(tugas_joy1) by extension 'colcon_meta'
[0.418s] [34mcolcon.colcon_core.package_identification[0m [1;30mLevel 1[0m _identify(tugas_joy1) by extensions ['ros']
[0.418s] [34mcolcon.colcon_core.package_identification[0m [1;30mLevel 1[0m _identify(tugas_joy1) by extension 'ros'
[0.418s] [34mcolcon.colcon_core.package_identification[0m [1;30mLevel 1[0m _identify(tugas_joy1) by extensions ['cmake', 'python']
[0.418s] [34mcolcon.colcon_core.package_identification[0m [1;30mLevel 1[0m _identify(tugas_joy1) by extension 'cmake'
[0.418s] [34mcolcon.colcon_core.package_identification[0m [1;30mLevel 1[0m _identify(tugas_joy1) by extension 'python'
[0.418s] [34mcolcon.colcon_core.package_identification[0m [1;30mLevel 1[0m _identify(tugas_joy1) by extensions ['python_setup_py']
[0.418s] [34mcolcon.colcon_core.package_identification[0m [1;30mLevel 1[0m _identify(tugas_joy1) by extension 'python_setup_py'
[0.418s] [34mcolcon.colcon_core.package_identification[0m [1;30mLevel 1[0m _identify(tugas_joy1/xbox) by extensions ['ignore', 'ignore_ament_install']
[0.418s] [34mcolcon.colcon_core.package_identification[0m [1;30mLevel 1[0m _identify(tugas_joy1/xbox) by extension 'ignore'
[0.418s] [34mcolcon.colcon_core.package_identification[0m [1;30mLevel 1[0m _identify(tugas_joy1/xbox) by extension 'ignore_ament_install'
[0.418s] [34mcolcon.colcon_core.package_identification[0m [1;30mLevel 1[0m _identify(tugas_joy1/xbox) by extensions ['colcon_pkg']
[0.418s] [34mcolcon.colcon_core.package_identification[0m [1;30mLevel 1[0m _identify(tugas_joy1/xbox) by extension 'colcon_pkg'
[0.418s] [34mcolcon.colcon_core.package_identification[0m [1;30mLevel 1[0m _identify(tugas_joy1/xbox) by extensions ['colcon_meta']
[0.418s] [34mcolcon.colcon_core.package_identification[0m [1;30mLevel 1[0m _identify(tugas_joy1/xbox) by extension 'colcon_meta'
[0.418s] [34mcolcon.colcon_core.package_identification[0m [1;30mLevel 1[0m _identify(tugas_joy1/xbox) by extensions ['ros']
[0.418s] [34mcolcon.colcon_core.package_identification[0m [1;30mLevel 1[0m _identify(tugas_joy1/xbox) by extension 'ros'
[0.418s] [34mcolcon.colcon_core.package_identification[0m [1;30mDEBUG[0m [32mPackage 'tugas_joy1/xbox' with type 'ros.ament_cmake' and name 'xbox'[0m
[0.418s] [34mcolcon.colcon_core.package_identification[0m [1;30mLevel 1[0m _identify(tugas_opencv) by extensions ['ignore', 'ignore_ament_install']
[0.418s] [34mcolcon.colcon_core.package_identification[0m [1;30mLevel 1[0m _identify(tugas_opencv) by extension 'ignore'
[0.418s] [34mcolcon.colcon_core.package_identification[0m [1;30mLevel 1[0m _identify(tugas_opencv) by extension 'ignore_ament_install'
[0.418s] [34mcolcon.colcon_core.package_identification[0m [1;30mLevel 1[0m _identify(tugas_opencv) by extensions ['colcon_pkg']
[0.418s] [34mcolcon.colcon_core.package_identification[0m [1;30mLevel 1[0m _identify(tugas_opencv) by extension 'colcon_pkg'
[0.418s] [34mcolcon.colcon_core.package_identification[0m [1;30mLevel 1[0m _identify(tugas_opencv) by extensions ['colcon_meta']
[0.418s] [34mcolcon.colcon_core.package_identification[0m [1;30mLevel 1[0m _identify(tugas_opencv) by extension 'colcon_meta'
[0.418s] [34mcolcon.colcon_core.package_identification[0m [1;30mLevel 1[0m _identify(tugas_opencv) by extensions ['ros']
[0.418s] [34mcolcon.colcon_core.package_identification[0m [1;30mLevel 1[0m _identify(tugas_opencv) by extension 'ros'
[0.419s] [34mcolcon.colcon_core.package_identification[0m [1;30mDEBUG[0m [32mPackage 'tugas_opencv' with type 'ros.ament_cmake' and name 'tugas_opencv'[0m
[0.419s] [34mcolcon.colcon_core.package_identification[0m [1;30mLevel 1[0m _identify(tugas_yolo) by extensions ['ignore', 'ignore_ament_install']
[0.419s] [34mcolcon.colcon_core.package_identification[0m [1;30mLevel 1[0m _identify(tugas_yolo) by extension 'ignore'
[0.419s] [34mcolcon.colcon_core.package_identification[0m [1;30mLevel 1[0m _identify(tugas_yolo) by extension 'ignore_ament_install'
[0.419s] [34mcolcon.colcon_core.package_identification[0m [1;30mLevel 1[0m _identify(tugas_yolo) by extensions ['colcon_pkg']
[0.419s] [34mcolcon.colcon_core.package_identification[0m [1;30mLevel 1[0m _identify(tugas_yolo) by extension 'colcon_pkg'
[0.419s] [34mcolcon.colcon_core.package_identification[0m [1;30mLevel 1[0m _identify(tugas_yolo) by extensions ['colcon_meta']
[0.419s] [34mcolcon.colcon_core.package_identification[0m [1;30mLevel 1[0m _identify(tugas_yolo) by extension 'colcon_meta'
[0.419s] [34mcolcon.colcon_core.package_identification[0m [1;30mLevel 1[0m _identify(tugas_yolo) by extensions ['ros']
[0.419s] [34mcolcon.colcon_core.package_identification[0m [1;30mLevel 1[0m _identify(tugas_yolo) by extension 'ros'
[0.419s] [34mcolcon.colcon_core.package_identification[0m [1;30mDEBUG[0m [32mPackage 'tugas_yolo' with type 'ros.ament_cmake' and name 'tugas_yolo'[0m
[0.419s] [34mcolcon.colcon_core.package_identification[0m [1;30mLevel 1[0m _identify(tugas_yolo_yolocpp) by extensions ['ignore', 'ignore_ament_install']
[0.419s] [34mcolcon.colcon_core.package_identification[0m [1;30mLevel 1[0m _identify(tugas_yolo_yolocpp) by extension 'ignore'
[0.419s] [34mcolcon.colcon_core.package_identification[0m [1;30mLevel 1[0m _identify(tugas_yolo_yolocpp) by extension 'ignore_ament_install'
[0.419s] [34mcolcon.colcon_core.package_identification[0m [1;30mLevel 1[0m _identify(tugas_yolo_yolocpp) by extensions ['colcon_pkg']
[0.420s] [34mcolcon.colcon_core.package_identification[0m [1;30mLevel 1[0m _identify(tugas_yolo_yolocpp) by extension 'colcon_pkg'
[0.420s] [34mcolcon.colcon_core.package_identification[0m [1;30mLevel 1[0m _identify(tugas_yolo_yolocpp) by extensions ['colcon_meta']
[0.420s] [34mcolcon.colcon_core.package_identification[0m [1;30mLevel 1[0m _identify(tugas_yolo_yolocpp) by extension 'colcon_meta'
[0.420s] [34mcolcon.colcon_core.package_identification[0m [1;30mLevel 1[0m _identify(tugas_yolo_yolocpp) by extensions ['ros']
[0.420s] [34mcolcon.colcon_core.package_identification[0m [1;30mLevel 1[0m _identify(tugas_yolo_yolocpp) by extension 'ros'
[0.420s] [34mcolcon.colcon_core.package_identification[0m [1;30mDEBUG[0m [32mPackage 'tugas_yolo_yolocpp' with type 'ros.ament_cmake' and name 'tugas_yolo_yolocpp'[0m
[0.420s] [34mcolcon.colcon_core.package_discovery[0m [1;30mLevel 1[0m discover_packages(recursive) using defaults
[0.420s] [34mcolcon.colcon_core.package_discovery[0m [1;30mLevel 1[0m discover_packages(ignore) discover
[0.420s] [34mcolcon.colcon_core.package_discovery[0m [1;30mLevel 1[0m discover_packages(ignore) using defaults
[0.420s] [34mcolcon.colcon_core.package_discovery[0m [1;30mLevel 1[0m discover_packages(path) discover
[0.420s] [34mcolcon.colcon_core.package_discovery[0m [1;30mLevel 1[0m discover_packages(path) using defaults
[0.444s] [34mcolcon.colcon_core.package_selection[0m [1;30mINFO[0m Skipping not selected package 'communicator' in 'communicator'
[0.444s] [34mcolcon.colcon_core.package_selection[0m [1;30mINFO[0m Skipping not selected package 'tugas_opencv' in 'tugas_opencv'
[0.444s] [34mcolcon.colcon_core.package_selection[0m [1;30mINFO[0m Skipping not selected package 'tugas_yolo' in 'tugas_yolo'
[0.445s] [34mcolcon.colcon_core.package_selection[0m [1;30mINFO[0m Skipping not selected package 'tugas_yolo_yolocpp' in 'tugas_yolo_yolocpp'
[0.445s] [34mcolcon.colcon_core.package_selection[0m [1;30mINFO[0m Skipping not selected package 'xbox' in 'tugas_joy1/xbox'
[0.455s] [34mcolcon.colcon_core.package_discovery[0m [1;30mLevel 1[0m discover_packages(prefix_path) check parameters
[0.455s] [34mcolcon.colcon_core.package_discovery[0m [1;30mLevel 1[0m discover_packages(prefix_path) discover
[0.467s] [34mcolcon.colcon_installed_package_information.package_discovery[0m [1;30mDEBUG[0m [32mFound 5 installed packages in /home/basten/ros2_ws/src/MagangBanyubramanta_Basten-Andika-Salim/Ros2/src/install[0m
[0.474s] [34mcolcon.colcon_installed_package_information.package_discovery[0m [1;30mDEBUG[0m [32mFound 284 installed packages in /opt/ros/humble[0m
[0.474s] [34mcolcon.colcon_core.package_discovery[0m [1;30mLevel 1[0m discover_packages(prefix_path) using defaults
[0.506s] [34mcolcon.colcon_core.verb[0m [1;30mLevel 5[0m set package 'tugas_joy' build argument 'cmake_args' from command line to 'None'
[0.506s] [34mcolcon.colcon_core.verb[0m [1;30mLevel 5[0m set package 'tugas_joy' build argument 'cmake_target' from command line to 'None'
[0.506s] [34mcolcon.colcon_core.verb[0m [1;30mLevel 5[0m set package 'tugas_joy' build argument 'cmake_target_skip_unavailable' from command line to 'False'
[0.506s] [34mcolcon.colcon_core.verb[0m [1;30mLevel 5[0m set package 'tugas_joy' build argument 'cmake_clean_cache' from command line to 'False'
[0.506s] [34mcolcon.colcon_core.verb[0m [1;30mLevel 5[0m set package 'tugas_joy' build argument 'cmake_clean_first' from command line to 'False'
[0.506s] [34mcolcon.colcon_core.verb[0m [1;30mLevel 5[0m set package 'tugas_joy' build argument 'cmake_force_configure' from command line to 'False'
[0.506s] [34mcolcon.colcon_core.verb[0m [1;30mLevel 5[0m set package 'tugas_joy' build argument 'ament_cmake_args' from command line to 'None'
[0.506s] [34mcolcon.colcon_core.verb[0m [1;30mLevel 5[0m set package 'tugas_joy' build argument 'catkin_cmake_args' from command line to 'None'
[0.506s] [34mcolcon.colcon_core.verb[0m [1;30mLevel 5[0m set package 'tugas_joy' build argument 'catkin_skip_building_tests' from command line to 'False'
[0.506s] [34mcolcon.colcon_core.verb[0m [1;30mDEBUG[0m [32mBuilding package 'tugas_joy' with the following arguments: {'ament_cmake_args': None, 'build_base': '/home/basten/ros2_ws/src/MagangBanyubramanta_Basten-Andika-Salim/Ros2/src/build/tugas_joy', 'catkin_cmake_args': None, 'catkin_skip_building_tests': False, 'cmake_args': None, 'cmake_clean_cache': False, 'cmake_clean_first': False, 'cmake_force_configure': False, 'cmake_target': None, 'cmake_target_skip_unavailable': False, 'install_base': '/home/basten/ros2_ws/src/MagangBanyubramanta_Basten-Andika-Salim/Ros2/src/install/tugas_joy', 'merge_install': False, 'path': '/home/basten/ros2_ws/src/MagangBanyubramanta_Basten-Andika-Salim/Ros2/src/tugas_joy', 'symlink_install': False, 'test_result_base': None}[0m
[0.511s] [34mcolcon.colcon_core.executor[0m [1;30mINFO[0m Executing jobs using 'parallel' executor
[0.517s] [34mcolcon.colcon_parallel_executor.executor.parallel[0m [1;30mDEBUG[0m [32mrun_until_complete[0m
[0.518s] [34mcolcon.colcon_ros.task.ament_cmake.build[0m [1;30mINFO[0m Building ROS package in '/home/basten/ros2_ws/src/MagangBanyubramanta_Basten-Andika-Salim/Ros2/src/tugas_joy' with build type 'ament_cmake'
[0.518s] [34mcolcon.colcon_cmake.task.cmake.build[0m [1;30mINFO[0m Building CMake package in '/home/basten/ros2_ws/src/MagangBanyubramanta_Basten-Andika-Salim/Ros2/src/tugas_joy'
[0.524s] [34mcolcon.colcon_core.plugin_system[0m [1;30mINFO[0m Skipping extension 'colcon_core.shell.bat': Not used on non-Windows systems
[0.524s] [34mcolcon.colcon_core.shell[0m [1;30mINFO[0m Skip shell extension 'powershell' for command environment: Not usable outside of PowerShell
[0.524s] [34mcolcon.colcon_core.shell[0m [1;30mDEBUG[0m [32mSkip shell extension 'dsv' for command environment[0m
[0.545s] [34mcolcon.colcon_core.event_handler.log_command[0m [1;30mDEBUG[0m [32mInvoking command in '/home/basten/ros2_ws/src/MagangBanyubramanta_Basten-Andika-Salim/Ros2/src/build/tugas_joy': CMAKE_PREFIX_PATH=${CMAKE_PREFIX_PATH}:/opt/ros/humble /usr/bin/cmake --build /home/basten/ros2_ws/src/MagangBanyubramanta_Basten-Andika-Salim/Ros2/src/build/tugas_joy -- -j32 -l32[0m
[4.493s] [34mcolcon.colcon_core.event_handler.log_command[0m [1;30mDEBUG[0m [32mInvoked command in '/home/basten/ros2_ws/src/MagangBanyubramanta_Basten-Andika-Salim/Ros2/src/build/tugas_joy' returned '0': CMAKE_PREFIX_PATH=${CMAKE_PREFIX_PATH}:/opt/ros/humble /usr/bin/cmake --build /home/basten/ros2_ws/src/MagangBanyubramanta_Basten-Andika-Salim/Ros2/src/build/tugas_joy -- -j32 -l32[0m
[4.567s] [34mcolcon.colcon_core.event_handler.log_command[0m [1;30mDEBUG[0m [32mInvoking command in '/home/basten/ros2_ws/src/MagangBanyubramanta_Basten-Andika-Salim/Ros2/src/build/tugas_joy': CMAKE_PREFIX_PATH=${CMAKE_PREFIX_PATH}:/opt/ros/humble /usr/bin/cmake --install /home/basten/ros2_ws/src/MagangBanyubramanta_Basten-Andika-Salim/Ros2/src/build/tugas_joy[0m
[4.614s] [34mcolcon.colcon_core.environment[0m [1;30mLevel 1[0m create_environment_scripts_only(tugas_joy)
[4.615s] [34mcolcon.colcon_core.event_handler.log_command[0m [1;30mDEBUG[0m [32mInvoked command in '/home/basten/ros2_ws/src/MagangBanyubramanta_Basten-Andika-Salim/Ros2/src/build/tugas_joy' returned '0': CMAKE_PREFIX_PATH=${CMAKE_PREFIX_PATH}:/opt/ros/humble /usr/bin/cmake --install /home/basten/ros2_ws/src/MagangBanyubramanta_Basten-Andika-Salim/Ros2/src/build/tugas_joy[0m
[4.626s] [34mcolcon.colcon_core.environment[0m [1;30mLevel 1[0m checking '/home/basten/ros2_ws/src/MagangBanyubramanta_Basten-Andika-Salim/Ros2/src/install/tugas_joy' for CMake module files
[4.627s] [34mcolcon.colcon_core.environment[0m [1;30mLevel 1[0m checking '/home/basten/ros2_ws/src/MagangBanyubramanta_Basten-Andika-Salim/Ros2/src/install/tugas_joy' for CMake config files
[4.627s] [34mcolcon.colcon_core.shell[0m [1;30mLevel 1[0m create_environment_hook('tugas_joy', 'cmake_prefix_path')
[4.636s] [34mcolcon.colcon_core.shell[0m [1;30mINFO[0m Creating environment hook '/home/basten/ros2_ws/src/MagangBanyubramanta_Basten-Andika-Salim/Ros2/src/install/tugas_joy/share/tugas_joy/hook/cmake_prefix_path.ps1'
[4.636s] [34mcolcon.colcon_core.shell[0m [1;30mINFO[0m Creating environment descriptor '/home/basten/ros2_ws/src/MagangBanyubramanta_Basten-Andika-Salim/Ros2/src/install/tugas_joy/share/tugas_joy/hook/cmake_prefix_path.dsv'
[4.637s] [34mcolcon.colcon_core.shell[0m [1;30mINFO[0m Creating environment hook '/home/basten/ros2_ws/src/MagangBanyubramanta_Basten-Andika-Salim/Ros2/src/install/tugas_joy/share/tugas_joy/hook/cmake_prefix_path.sh'
[4.637s] [34mcolcon.colcon_core.environment[0m [1;30mLevel 1[0m checking '/home/basten/ros2_ws/src/MagangBanyubramanta_Basten-Andika-Salim/Ros2/src/install/tugas_joy/lib'
[4.637s] [34mcolcon.colcon_core.shell[0m [1;30mLevel 1[0m create_environment_hook('tugas_joy', 'ld_library_path_lib')
[4.648s] [34mcolcon.colcon_core.shell[0m [1;30mINFO[0m Creating environment hook '/home/basten/ros2_ws/src/MagangBanyubramanta_Basten-Andika-Salim/Ros2/src/install/tugas_joy/share/tugas_joy/hook/ld_library_path_lib.ps1'
[4.648s] [34mcolcon.colcon_core.shell[0m [1;30mINFO[0m Creating environment descriptor '/home/basten/ros2_ws/src/MagangBanyubramanta_Basten-Andika-Salim/Ros2/src/install/tugas_joy/share/tugas_joy/hook/ld_library_path_lib.dsv'
[4.649s] [34mcolcon.colcon_core.shell[0m [1;30mINFO[0m Creating environment hook '/home/basten/ros2_ws/src/MagangBanyubramanta_Basten-Andika-Salim/Ros2/src/install/tugas_joy/share/tugas_joy/hook/ld_library_path_lib.sh'
[4.649s] [34mcolcon.colcon_core.environment[0m [1;30mLevel 1[0m checking '/home/basten/ros2_ws/src/MagangBanyubramanta_Basten-Andika-Salim/Ros2/src/install/tugas_joy/bin'
[4.649s] [34mcolcon.colcon_core.environment[0m [1;30mLevel 1[0m checking '/home/basten/ros2_ws/src/MagangBanyubramanta_Basten-Andika-Salim/Ros2/src/install/tugas_joy/lib/pkgconfig/tugas_joy.pc'
[4.649s] [34mcolcon.colcon_core.environment[0m [1;30mLevel 1[0m checking '/home/basten/ros2_ws/src/MagangBanyubramanta_Basten-Andika-Salim/Ros2/src/install/tugas_joy/lib/python3.10/site-packages'
[4.649s] [34mcolcon.colcon_core.environment[0m [1;30mLevel 1[0m checking '/home/basten/ros2_ws/src/MagangBanyubramanta_Basten-Andika-Salim/Ros2/src/install/tugas_joy/bin'
[4.655s] [34mcolcon.colcon_core.shell[0m [1;30mINFO[0m Creating package script '/home/basten/ros2_ws/src/MagangBanyubramanta_Basten-Andika-Salim/Ros2/src/install/tugas_joy/share/tugas_joy/package.ps1'
[4.655s] [34mcolcon.colcon_core.shell[0m [1;30mINFO[0m Creating package descriptor '/home/basten/ros2_ws/src/MagangBanyubramanta_Basten-Andika-Salim/Ros2/src/install/tugas_joy/share/tugas_joy/package.dsv'
[4.656s] [34mcolcon.colcon_core.shell[0m [1;30mINFO[0m Creating package script '/home/basten/ros2_ws/src/MagangBanyubramanta_Basten-Andika-Salim/Ros2/src/install/tugas_joy/share/tugas_joy/package.sh'
[4.656s] [34mcolcon.colcon_core.shell[0m [1;30mINFO[0m Creating package script '/home/basten/ros2_ws/src/MagangBanyubramanta_Basten-Andika-Salim/Ros2/src/install/tugas_joy/share/tugas_joy/package.bash'
[4.656s] [34mcolcon.colcon_core.shell[0m [1;30mINFO[0m Creating package script '/home/basten/ros2_ws/src/MagangBanyubramanta_Basten-Andika-Salim/Ros2/src/install/tugas_joy/share/tugas_joy/package.zsh'
[4.656s] [34mcolcon.colcon_core.environment[0m [1;30mLevel 1[0m create_file_with_runtime_dependencies(/home/basten/ros2_ws/src/MagangBanyubramanta_Basten-Andika-Salim/Ros2/src/install/tugas_joy/share/colcon-core/packages/tugas_joy)
[4.720s] [34mcolcon.colcon_core.environment[0m [1;30mLevel 1[0m create_environment_scripts_only(tugas_joy)
[4.728s] [34mcolcon.colcon_core.environment[0m [1;30mLevel 1[0m checking '/home/basten/ros2_ws/src/MagangBanyubramanta_Basten-Andika-Salim/Ros2/src/install/tugas_joy' for CMake module files
[4.729s] [34mcolcon.colcon_core.environment[0m [1;30mLevel 1[0m checking '/home/basten/ros2_ws/src/MagangBanyubramanta_Basten-Andika-Salim/Ros2/src/install/tugas_joy' for CMake config files
[4.729s] [34mcolcon.colcon_core.shell[0m [1;30mLevel 1[0m create_environment_hook('tugas_joy', 'cmake_prefix_path')
[4.735s] [34mcolcon.colcon_core.shell[0m [1;30mINFO[0m Creating environment hook '/home/basten/ros2_ws/src/MagangBanyubramanta_Basten-Andika-Salim/Ros2/src/install/tugas_joy/share/tugas_joy/hook/cmake_prefix_path.ps1'
[4.735s] [34mcolcon.colcon_core.shell[0m [1;30mINFO[0m Creating environment descriptor '/home/basten/ros2_ws/src/MagangBanyubramanta_Basten-Andika-Salim/Ros2/src/install/tugas_joy/share/tugas_joy/hook/cmake_prefix_path.dsv'
[4.735s] [34mcolcon.colcon_core.shell[0m [1;30mINFO[0m Creating environment hook '/home/basten/ros2_ws/src/MagangBanyubramanta_Basten-Andika-Salim/Ros2/src/install/tugas_joy/share/tugas_joy/hook/cmake_prefix_path.sh'
[4.736s] [34mcolcon.colcon_core.environment[0m [1;30mLevel 1[0m checking '/home/basten/ros2_ws/src/MagangBanyubramanta_Basten-Andika-Salim/Ros2/src/install/tugas_joy/lib'
[4.736s] [34mcolcon.colcon_core.shell[0m [1;30mLevel 1[0m create_environment_hook('tugas_joy', 'ld_library_path_lib')
[4.741s] [34mcolcon.colcon_core.shell[0m [1;30mINFO[0m Creating environment hook '/home/basten/ros2_ws/src/MagangBanyubramanta_Basten-Andika-Salim/Ros2/src/install/tugas_joy/share/tugas_joy/hook/ld_library_path_lib.ps1'
[4.742s] [34mcolcon.colcon_core.shell[0m [1;30mINFO[0m Creating environment descriptor '/home/basten/ros2_ws/src/MagangBanyubramanta_Basten-Andika-Salim/Ros2/src/install/tugas_joy/share/tugas_joy/hook/ld_library_path_lib.dsv'
[4.742s] [34mcolcon.colcon_core.shell[0m [1;30mINFO[0m Creating environment hook '/home/basten/ros2_ws/src/MagangBanyubramanta_Basten-Andika-Salim/Ros2/src/install/tugas_joy/share/tugas_joy/hook/ld_library_path_lib.sh'
[4.742s] [34mcolcon.colcon_core.environment[0m [1;30mLevel 1[0m checking '/home/basten/ros2_ws/src/MagangBanyubramanta_Basten-Andika-Salim/Ros2/src/install/tugas_joy/bin'
[4.742s] [34mcolcon.colcon_core.environment[0m [1;30mLevel 1[0m checking '/home/basten/ros2_ws/src/MagangBanyubramanta_Basten-Andika-Salim/Ros2/src/install/tugas_joy/lib/pkgconfig/tugas_joy.pc'
[4.742s] [34mcolcon.colcon_core.environment[0m [1;30mLevel 1[0m checking '/home/basten/ros2_ws/src/MagangBanyubramanta_Basten-Andika-Salim/Ros2/src/install/tugas_joy/lib/python3.10/site-packages'
[4.742s] [34mcolcon.colcon_core.environment[0m [1;30mLevel 1[0m checking '/home/basten/ros2_ws/src/MagangBanyubramanta_Basten-Andika-Salim/Ros2/src/install/tugas_joy/bin'
[4.748s] [34mcolcon.colcon_core.shell[0m [1;30mINFO[0m Creating package script '/home/basten/ros2_ws/src/MagangBanyubramanta_Basten-Andika-Salim/Ros2/src/install/tugas_joy/share/tugas_joy/package.ps1'
[4.748s] [34mcolcon.colcon_core.shell[0m [1;30mINFO[0m Creating package descriptor '/home/basten/ros2_ws/src/MagangBanyubramanta_Basten-Andika-Salim/Ros2/src/install/tugas_joy/share/tugas_joy/package.dsv'
[4.748s] [34mcolcon.colcon_core.shell[0m [1;30mINFO[0m Creating package script '/home/basten/ros2_ws/src/MagangBanyubramanta_Basten-Andika-Salim/Ros2/src/install/tugas_joy/share/tugas_joy/package.sh'
[4.748s] [34mcolcon.colcon_core.shell[0m [1;30mINFO[0m Creating package script '/home/basten/ros2_ws/src/MagangBanyubramanta_Basten-Andika-Salim/Ros2/src/install/tugas_joy/share/tugas_joy/package.bash'
[4.749s] [34mcolcon.colcon_core.shell[0m [1;30mINFO[0m Creating package script '/home/basten/ros2_ws/src/MagangBanyubramanta_Basten-Andika-Salim/Ros2/src/install/tugas_joy/share/tugas_joy/package.zsh'
[4.749s] [34mcolcon.colcon_core.environment[0m [1;30mLevel 1[0m create_file_with_runtime_dependencies(/home/basten/ros2_ws/src/MagangBanyubramanta_Basten-Andika-Salim/Ros2/src/install/tugas_joy/share/colcon-core/packages/tugas_joy)
[4.749s] [34mcolcon.colcon_parallel_executor.executor.parallel[0m [1;30mDEBUG[0m [32mclosing loop[0m
[4.749s] [34mcolcon.colcon_parallel_executor.executor.parallel[0m [1;30mDEBUG[0m [32mloop closed[0m
[4.749s] [34mcolcon.colcon_parallel_executor.executor.parallel[0m [1;30mDEBUG[0m [32mrun_until_complete finished with '0'[0m
[4.749s] [34mcolcon.colcon_core.event_reactor[0m [1;30mDEBUG[0m [32mjoining thread[0m
[4.758s] [34mcolcon.colcon_core.plugin_system[0m [1;30mINFO[0m Skipping extension 'colcon_notification.desktop_notification.terminal_notifier': Not used on non-Darwin systems
[4.758s] [34mcolcon.colcon_core.plugin_system[0m [1;30mINFO[0m Skipping extension 'colcon_notification.desktop_notification.win32': Not used on non-Windows systems
[4.758s] [34mcolcon.colcon_notification.desktop_notification[0m [1;30mINFO[0m Sending desktop notification using 'notify2'
[4.766s] [34mcolcon.colcon_core.event_reactor[0m [1;30mDEBUG[0m [32mjoined thread[0m
[4.776s] [34mcolcon.colcon_core.shell[0m [1;30mINFO[0m Creating prefix script '/home/basten/ros2_ws/src/MagangBanyubramanta_Basten-Andika-Salim/Ros2/src/install/local_setup.ps1'
[4.777s] [34mcolcon.colcon_core.shell[0m [1;30mINFO[0m Creating prefix util module '/home/basten/ros2_ws/src/MagangBanyubramanta_Basten-Andika-Salim/Ros2/src/install/_local_setup_util_ps1.py'
[4.778s] [34mcolcon.colcon_core.shell[0m [1;30mINFO[0m Creating prefix chain script '/home/basten/ros2_ws/src/MagangBanyubramanta_Basten-Andika-Salim/Ros2/src/install/setup.ps1'
[4.787s] [34mcolcon.colcon_core.shell[0m [1;30mINFO[0m Creating prefix script '/home/basten/ros2_ws/src/MagangBanyubramanta_Basten-Andika-Salim/Ros2/src/install/local_setup.sh'
[4.787s] [34mcolcon.colcon_core.shell[0m [1;30mINFO[0m Creating prefix util module '/home/basten/ros2_ws/src/MagangBanyubramanta_Basten-Andika-Salim/Ros2/src/install/_local_setup_util_sh.py'
[4.787s] [34mcolcon.colcon_core.shell[0m [1;30mINFO[0m Creating prefix chain script '/home/basten/ros2_ws/src/MagangBanyubramanta_Basten-Andika-Salim/Ros2/src/install/setup.sh'
[4.793s] [34mcolcon.colcon_core.shell[0m [1;30mINFO[0m Creating prefix script '/home/basten/ros2_ws/src/MagangBanyubramanta_Basten-Andika-Salim/Ros2/src/install/local_setup.bash'
[4.794s] [34mcolcon.colcon_core.shell[0m [1;30mINFO[0m Creating prefix chain script '/home/basten/ros2_ws/src/MagangBanyubramanta_Basten-Andika-Salim/Ros2/src/install/setup.bash'
[4.800s] [34mcolcon.colcon_core.shell[0m [1;30mINFO[0m Creating prefix script '/home/basten/ros2_ws/src/MagangBanyubramanta_Basten-Andika-Salim/Ros2/src/install/local_setup.zsh'
[4.800s] [34mcolcon.colcon_core.shell[0m [1;30mINFO[0m Creating prefix chain script '/home/basten/ros2_ws/src/MagangBanyubramanta_Basten-Andika-Salim/Ros2/src/install/setup.zsh'
