[0.026s] Invoking command in '/home/basten/ros2_ws/src/MagangBanyubramanta_Basten-Andika-Salim/src/build/tugas_yolo-yolov5cpp': CMAKE_PREFIX_PATH=${CMAKE_PREFIX_PATH}:/opt/ros/humble /usr/bin/cmake --build /home/basten/ros2_ws/src/MagangBanyubramanta_Basten-Andika-Salim/src/build/tugas_yolo-yolov5cpp -- -j32 -l32
[0.040s] -- Found ament_cmake: 1.3.8 (/opt/ros/humble/share/ament_cmake/cmake)
[0.104s] -- Found rclcpp: 16.0.8 (/opt/ros/humble/share/rclcpp/cmake)
[0.118s] -- Found rosidl_generator_c: 3.1.5 (/opt/ros/humble/share/rosidl_generator_c/cmake)
[0.120s] -- Found rosidl_adapter: 3.1.5 (/opt/ros/humble/share/rosidl_adapter/cmake)
[0.123s] -- Found rosidl_generator_cpp: 3.1.5 (/opt/ros/humble/share/rosidl_generator_cpp/cmake)
[0.128s] -- Using all available rosidl_typesupport_c: rosidl_typesupport_fastrtps_c;rosidl_typesupport_introspection_c
[0.135s] -- Using all available rosidl_typesupport_cpp: rosidl_typesupport_fastrtps_cpp;rosidl_typesupport_introspection_cpp
[0.161s] -- Found rmw_implementation_cmake: 6.1.1 (/opt/ros/humble/share/rmw_implementation_cmake/cmake)
[0.161s] -- Found rmw_fastrtps_cpp: 6.2.6 (/opt/ros/humble/share/rmw_fastrtps_cpp/cmake)
[0.217s] -- Using RMW implementation 'rmw_fastrtps_cpp' as default
[0.289s] -- Found sensor_msgs: 4.2.3 (/opt/ros/humble/share/sensor_msgs/cmake)
[0.346s] -- Found cv_bridge: 3.2.1 (/opt/ros/humble/share/cv_bridge/cmake)
[0.349s] -- OpenCV library status:
[0.349s] -- version:4.5.4
[0.349s] -- libraries:opencv_calib3d;opencv_core;opencv_dnn;opencv_features2d;opencv_flann;opencv_gapi;opencv_highgui;opencv_imgcodecs;opencv_imgproc;opencv_ml;opencv_objdetect;opencv_photo;opencv_stitching;opencv_video;opencv_videoio;opencv_calib3d;opencv_core;opencv_dnn;opencv_features2d;opencv_flann;opencv_gapi;opencv_highgui;opencv_imgcodecs;opencv_imgproc;opencv_ml;opencv_objdetect;opencv_photo;opencv_stitching;opencv_video;opencv_videoio
[0.349s] -- include path:/usr/local/include/opencv4
[0.349s] -- Found ament_lint_auto: 0.12.10 (/opt/ros/humble/share/ament_lint_auto/cmake)
[0.381s] -- Added test 'cppcheck' to perform static code analysis on C / C++ code
[0.381s] -- Configured cppcheck include dirs: /home/basten/ros2_ws/src/MagangBanyubramanta_Basten-Andika-Salim/src/tugas_yolo-yolov5cpp/include
[0.381s] -- Configured cppcheck exclude dirs and/or files: 
[0.381s] -- Added test 'lint_cmake' to check CMake code style
[0.382s] -- Added test 'uncrustify' to check C / C++ code style
[0.382s] -- Configured uncrustify additional arguments: 
[0.382s] -- Added test 'xmllint' to check XML markup files
[0.382s] -- Configuring done
[0.389s] -- Generating done
[0.390s] -- Build files have been written to: /home/basten/ros2_ws/src/MagangBanyubramanta_Basten-Andika-Salim/src/build/tugas_yolo-yolov5cpp
[0.407s] [35m[1mConsolidate compiler generated dependencies of target detector[0m
[0.407s] [35m[1mConsolidate compiler generated dependencies of target detects[0m
[0.415s] [ 33%] Built target detector
[0.417s] [ 50%] [32m[1mLinking CXX executable detects[0m
[0.424s] [ 66%] [32mBuilding CXX object CMakeFiles/tugas_yolo-yolov5cpp.dir/src/detect.cpp.o[0m
[0.486s] [01m[K/home/basten/ros2_ws/src/MagangBanyubramanta_Basten-Andika-Salim/src/tugas_yolo-yolov5cpp/src/detect.cpp:11:10:[m[K [01;31m[Kfatal error: [m[Ksensor_msgs/msg/image.hpp: No such file or directory
[0.486s]    11 | #include [01;31m[K"sensor_msgs/msg/image.hpp"[m[K
[0.486s]       |          [01;31m[K^~~~~~~~~~~~~~~~~~~~~~~~~~~[m[K
[0.486s] compilation terminated.
[0.487s] gmake[2]: *** [CMakeFiles/tugas_yolo-yolov5cpp.dir/build.make:76: CMakeFiles/tugas_yolo-yolov5cpp.dir/src/detect.cpp.o] Error 1
[0.487s] gmake[1]: *** [CMakeFiles/Makefile2:193: CMakeFiles/tugas_yolo-yolov5cpp.dir/all] Error 2
[0.487s] gmake[1]: *** Waiting for unfinished jobs....
[0.523s] /usr/bin/ld: CMakeFiles/detects.dir/src/detect.cpp.o: in function `main':
[0.523s] detect.cpp:(.text+0x132): undefined reference to `YOLOV5::YOLOV5(Config)'
[0.523s] /usr/bin/ld: detect.cpp:(.text+0x19b): undefined reference to `YOLOV5::detect(cv::Mat&)'
[0.523s] /usr/bin/ld: detect.cpp:(.text+0x302): undefined reference to `YOLOV5::~YOLOV5()'
[0.523s] /usr/bin/ld: CMakeFiles/detects.dir/src/detect.cpp.o:(.data.rel.ro+0x0): undefined reference to `ov::node_validation_failure_loc_string[abi:cxx11](ov::Node const*)'
[0.523s] /usr/bin/ld: CMakeFiles/detects.dir/src/detect.cpp.o:(.data.rel.ro+0x8): undefined reference to `ov::as_output_vector(std::vector<std::shared_ptr<ov::Node>, std::allocator<std::shared_ptr<ov::Node> > > const&)'
[0.523s] /usr/bin/ld: CMakeFiles/detects.dir/src/detect.cpp.o:(.data.rel.ro+0x10): undefined reference to `ov::as_node_vector(std::vector<ov::Output<ov::Node>, std::allocator<ov::Output<ov::Node> > > const&)'
[0.523s] /usr/bin/ld: CMakeFiles/detects.dir/src/detect.cpp.o:(.data.rel.ro+0x18): undefined reference to `ov::as_result_vector(std::vector<ov::Output<ov::Node>, std::allocator<ov::Output<ov::Node> > > const&)'
[0.530s] collect2: error: ld returned 1 exit status
[0.531s] gmake[2]: *** [CMakeFiles/detects.dir/build.make:191: detects] Error 1
[0.531s] gmake[1]: *** [CMakeFiles/Makefile2:141: CMakeFiles/detects.dir/all] Error 2
[0.531s] gmake: *** [Makefile:146: all] Error 2
[0.532s] Invoked command in '/home/basten/ros2_ws/src/MagangBanyubramanta_Basten-Andika-Salim/src/build/tugas_yolo-yolov5cpp' returned '2': CMAKE_PREFIX_PATH=${CMAKE_PREFIX_PATH}:/opt/ros/humble /usr/bin/cmake --build /home/basten/ros2_ws/src/MagangBanyubramanta_Basten-Andika-Salim/src/build/tugas_yolo-yolov5cpp -- -j32 -l32
