[0.037s] Invoking command in '/home/basten/ros2_ws/src/MagangBanyubramanta_Basten-Andika-Salim/src/build/tugas_yolo-yolocpp': CMAKE_PREFIX_PATH=${CMAKE_PREFIX_PATH}:/opt/ros/humble /usr/bin/cmake --build /home/basten/ros2_ws/src/MagangBanyubramanta_Basten-Andika-Salim/src/build/tugas_yolo-yolocpp -- -j32 -l32
[0.048s] -- Found ament_cmake: 1.3.8 (/opt/ros/humble/share/ament_cmake/cmake)
[0.107s] -- Found rclcpp: 16.0.8 (/opt/ros/humble/share/rclcpp/cmake)
[0.121s] -- Found rosidl_generator_c: 3.1.5 (/opt/ros/humble/share/rosidl_generator_c/cmake)
[0.122s] -- Found rosidl_adapter: 3.1.5 (/opt/ros/humble/share/rosidl_adapter/cmake)
[0.125s] -- Found rosidl_generator_cpp: 3.1.5 (/opt/ros/humble/share/rosidl_generator_cpp/cmake)
[0.130s] -- Using all available rosidl_typesupport_c: rosidl_typesupport_fastrtps_c;rosidl_typesupport_introspection_c
[0.137s] -- Using all available rosidl_typesupport_cpp: rosidl_typesupport_fastrtps_cpp;rosidl_typesupport_introspection_cpp
[0.163s] -- Found rmw_implementation_cmake: 6.1.1 (/opt/ros/humble/share/rmw_implementation_cmake/cmake)
[0.163s] -- Found rmw_fastrtps_cpp: 6.2.6 (/opt/ros/humble/share/rmw_fastrtps_cpp/cmake)
[0.219s] -- Using RMW implementation 'rmw_fastrtps_cpp' as default
[0.291s] -- Found sensor_msgs: 4.2.3 (/opt/ros/humble/share/sensor_msgs/cmake)
[0.349s] -- Found cv_bridge: 3.2.1 (/opt/ros/humble/share/cv_bridge/cmake)
[0.449s] [31mCMake Error at /opt/ros/humble/share/rosidl_adapter/cmake/rosidl_adapt_interfaces.cmake:59 (message):
[0.449s]   execute_process(/usr/bin/python3 -m rosidl_adapter --package-name
[0.450s]   tugas_yolo-yolocpp --arguments-file
[0.450s]   /home/basten/ros2_ws/src/MagangBanyubramanta_Basten-Andika-Salim/src/build/tugas_yolo-yolocpp/rosidl_adapter__arguments__tugas_yolo-yolocpp.json
[0.450s]   --output-dir
[0.450s]   /home/basten/ros2_ws/src/MagangBanyubramanta_Basten-Andika-Salim/src/build/tugas_yolo-yolocpp/rosidl_adapter/tugas_yolo-yolocpp
[0.450s]   --output-file
[0.450s]   /home/basten/ros2_ws/src/MagangBanyubramanta_Basten-Andika-Salim/src/build/tugas_yolo-yolocpp/rosidl_adapter/tugas_yolo-yolocpp.idls)
[0.450s]   returned error code 1:
[0.450s] 
[0.450s]   Traceback (most recent call last):
[0.450s] 
[0.450s]     File "/usr/lib/python3.10/runpy.py", line 196, in _run_module_as_main
[0.450s]       return _run_code(code, main_globals, None,
[0.450s]     File "/usr/lib/python3.10/runpy.py", line 86, in _run_code
[0.450s]       exec(code, run_globals)
[0.450s]     File "/opt/ros/humble/local/lib/python3.10/dist-packages/rosidl_adapter/__main__.py", line 19, in <module>
[0.450s]       sys.exit(main())
[0.450s]     File "/opt/ros/humble/local/lib/python3.10/dist-packages/rosidl_adapter/main.py", line 53, in main
[0.450s]       abs_idl_file = convert_to_idl(
[0.450s]     File "/opt/ros/humble/local/lib/python3.10/dist-packages/rosidl_adapter/__init__.py", line 19, in convert_to_idl
[0.450s]       return convert_msg_to_idl(
[0.450s]     File "/opt/ros/humble/local/lib/python3.10/dist-packages/rosidl_adapter/msg/__init__.py", line 28, in convert_msg_to_idl
[0.450s]       msg = parse_message_string(package_name, input_file.stem, content)
[0.450s]     File "/opt/ros/humble/local/lib/python3.10/dist-packages/rosidl_adapter/parser.py", line 544, in parse_message_string
[0.450s]       msg = MessageSpecification(pkg_name, msg_name, fields, constants)
[0.450s]     File "/opt/ros/humble/local/lib/python3.10/dist-packages/rosidl_adapter/parser.py", line 388, in __init__
[0.450s]       self.base_type = BaseType(
[0.450s]     File "/opt/ros/humble/local/lib/python3.10/dist-packages/rosidl_adapter/parser.py", line 201, in __init__
[0.450s]       raise InvalidResourceName(
[0.450s] 
[0.450s]   rosidl_adapter.parser.InvalidResourceName: 'tugas_yolo-yolocpp' is an
[0.450s]   invalid package name.  It should have the pattern
[0.450s]   '^(?!.*__)(?!.*_$)[a-z][a-z0-9_]*$'
[0.450s] 
[0.450s] Call Stack (most recent call first):
[0.450s]   /opt/ros/humble/share/rosidl_cmake/cmake/rosidl_generate_interfaces.cmake:130 (rosidl_adapt_interfaces)
[0.450s]   CMakeLists.txt:16 (rosidl_generate_interfaces)
[0.450s] 
[0.450s] [0m
[0.450s] -- Configuring incomplete, errors occurred!
[0.450s] See also "/home/basten/ros2_ws/src/MagangBanyubramanta_Basten-Andika-Salim/src/build/tugas_yolo-yolocpp/CMakeFiles/CMakeOutput.log".
[0.454s] gmake: *** [Makefile:267: cmake_check_build_system] Error 1
[0.455s] Invoked command in '/home/basten/ros2_ws/src/MagangBanyubramanta_Basten-Andika-Salim/src/build/tugas_yolo-yolocpp' returned '2': CMAKE_PREFIX_PATH=${CMAKE_PREFIX_PATH}:/opt/ros/humble /usr/bin/cmake --build /home/basten/ros2_ws/src/MagangBanyubramanta_Basten-Andika-Salim/src/build/tugas_yolo-yolocpp -- -j32 -l32
