[0.059s] Invoking command in '/home/basten/ros2_ws/src/MagangBanyubramanta_Basten-Andika-Salim/Ros2/build/tugas_opencv': CMAKE_PREFIX_PATH=/opt/ros/humble /usr/bin/cmake --build /home/basten/ros2_ws/src/MagangBanyubramanta_Basten-Andika-Salim/Ros2/build/tugas_opencv -- -j32 -l32
[0.090s] [  2%] Built target tugas_opencv__cpp
[0.091s] [ 12%] Built target tugas_opencv__rosidl_generator_c
[0.099s] [ 12%] Built target ament_cmake_python_copy_tugas_opencv
[0.103s] [ 21%] Built target tugas_opencv__rosidl_typesupport_cpp
[0.103s] [ 31%] Built target tugas_opencv__rosidl_typesupport_introspection_cpp
[0.105s] [ 41%] Built target tugas_opencv__rosidl_typesupport_fastrtps_c
[0.107s] [ 51%] Built target tugas_opencv__rosidl_typesupport_fastrtps_cpp
[0.107s] [ 60%] Built target tugas_opencv__rosidl_typesupport_c
[0.108s] [ 70%] Built target tugas_opencv__rosidl_typesupport_introspection_c
[0.111s] [35m[1mConsolidate compiler generated dependencies of target colorcheck[0m
[0.117s] [ 70%] Built target tugas_opencv
[0.123s] [ 73%] [32mBuilding CXX object CMakeFiles/colorcheck.dir/src/colorcheck.cpp.o[0m
[0.127s] [ 75%] Built target tugas_opencv__py
[0.137s] [ 82%] Built target tugas_opencv__rosidl_generator_py
[0.149s] [ 92%] Built target tugas_opencv__rosidl_typesupport_fastrtps_c__pyext
[0.149s] [ 92%] Built target tugas_opencv__rosidl_typesupport_c__pyext
[0.150s] [ 97%] Built target tugas_opencv__rosidl_typesupport_introspection_c__pyext
[0.195s] running egg_info
[0.202s] writing tugas_opencv.egg-info/PKG-INFO
[0.202s] writing dependency_links to tugas_opencv.egg-info/dependency_links.txt
[0.202s] writing top-level names to tugas_opencv.egg-info/top_level.txt
[0.220s] reading manifest file 'tugas_opencv.egg-info/SOURCES.txt'
[0.221s] writing manifest file 'tugas_opencv.egg-info/SOURCES.txt'
[0.233s] [ 97%] Built target ament_cmake_python_build_tugas_opencv_egg
[5.001s] [100%] [32m[1mLinking CXX executable colorcheck[0m
[5.120s] /usr/bin/ld: warning: libopencv_imgproc.so.4.5d, needed by /opt/ros/humble/lib/libcv_bridge.so, may conflict with libopencv_imgproc.so.409
[5.120s] /usr/bin/ld: warning: libopencv_core.so.4.5d, needed by /opt/ros/humble/lib/libcv_bridge.so, may conflict with libopencv_core.so.409
[5.336s] [100%] Built target colorcheck
