[0.019s] Invoking command in '/home/basten/ros2_ws/src/MagangBanyubramanta_Basten-Andika-Salim/src/tugas_opencv/build/tugas_opencv': CMAKE_PREFIX_PATH=/opt/ros/humble /usr/bin/cmake --build /home/basten/ros2_ws/src/MagangBanyubramanta_Basten-Andika-Salim/src/tugas_opencv/build/tugas_opencv -- -j32 -l32
[0.033s] -- Found ament_cmake: 1.3.7 (/opt/ros/humble/share/ament_cmake/cmake)
[0.113s] -- Found rclcpp: 16.0.8 (/opt/ros/humble/share/rclcpp/cmake)
[0.130s] -- Found rosidl_generator_c: 3.1.5 (/opt/ros/humble/share/rosidl_generator_c/cmake)
[0.131s] -- Found rosidl_adapter: 3.1.5 (/opt/ros/humble/share/rosidl_adapter/cmake)
[0.135s] -- Found rosidl_generator_cpp: 3.1.5 (/opt/ros/humble/share/rosidl_generator_cpp/cmake)
[0.141s] -- Using all available rosidl_typesupport_c: rosidl_typesupport_fastrtps_c;rosidl_typesupport_introspection_c
[0.149s] -- Using all available rosidl_typesupport_cpp: rosidl_typesupport_fastrtps_cpp;rosidl_typesupport_introspection_cpp
[0.183s] -- Found rmw_implementation_cmake: 6.1.1 (/opt/ros/humble/share/rmw_implementation_cmake/cmake)
[0.183s] -- Found rmw_fastrtps_cpp: 6.2.6 (/opt/ros/humble/share/rmw_fastrtps_cpp/cmake)
[0.246s] -- Using RMW implementation 'rmw_fastrtps_cpp' as default
[0.332s] -- Configuring incomplete, errors occurred!
[0.332s] See also "/home/basten/ros2_ws/src/MagangBanyubramanta_Basten-Andika-Salim/src/tugas_opencv/build/tugas_opencv/CMakeFiles/CMakeOutput.log".
[0.332s] [31mCMake Error at CMakeLists.txt:10 (find_package):
[0.332s]   By not providing "Findopencv.cmake" in CMAKE_MODULE_PATH this project has
[0.332s]   asked CMake to find a package configuration file provided by "opencv", but
[0.332s]   CMake did not find one.
[0.332s] 
[0.332s]   Could not find a package configuration file provided by "opencv" with any
[0.332s]   of the following names:
[0.332s] 
[0.332s]     opencvConfig.cmake
[0.332s]     opencv-config.cmake
[0.332s] 
[0.333s]   Add the installation prefix of "opencv" to CMAKE_PREFIX_PATH or set
[0.333s]   "opencv_DIR" to a directory containing one of the above files.  If "opencv"
[0.333s]   provides a separate development package or SDK, be sure it has been
[0.333s]   installed.
[0.333s] 
[0.333s] [0m
[0.335s] gmake: *** [Makefile:788: cmake_check_build_system] Error 1
[0.337s] Invoked command in '/home/basten/ros2_ws/src/MagangBanyubramanta_Basten-Andika-Salim/src/tugas_opencv/build/tugas_opencv' returned '2': CMAKE_PREFIX_PATH=/opt/ros/humble /usr/bin/cmake --build /home/basten/ros2_ws/src/MagangBanyubramanta_Basten-Andika-Salim/src/tugas_opencv/build/tugas_opencv -- -j32 -l32
