[  3%] [34m[1mGenerating C code for ROS interfaces[0m
[  6%] [34m[1mGenerating C++ code for ROS interfaces[0m
[  6%] Built target ament_cmake_python_copy_tugas_yolo_yolocpp
running egg_info
creating tugas_yolo_yolocpp.egg-info
writing tugas_yolo_yolocpp.egg-info/PKG-INFO
writing dependency_links to tugas_yolo_yolocpp.egg-info/dependency_links.txt
writing top-level names to tugas_yolo_yolocpp.egg-info/top_level.txt
writing manifest file 'tugas_yolo_yolocpp.egg-info/SOURCES.txt'
[  6%] Built target tugas_yolo_yolocpp__cpp
[  9%] [34m[1mGenerating C++ type support dispatch for ROS interfaces[0m
[ 12%] [34m[1mGenerating C++ introspection for ROS interfaces[0m
[ 15%] [34m[1mGenerating C++ type support for eProsima Fast-RTPS[0m
[ 18%] [32mBuilding C object CMakeFiles/tugas_yolo_yolocpp__rosidl_generator_c.dir/rosidl_generator_c/tugas_yolo_yolocpp/msg/detail/seen__functions.c.o[0m
reading manifest file 'tugas_yolo_yolocpp.egg-info/SOURCES.txt'
writing manifest file 'tugas_yolo_yolocpp.egg-info/SOURCES.txt'
[ 18%] Built target ament_cmake_python_build_tugas_yolo_yolocpp_egg
[ 21%] [32m[1mLinking C shared library libtugas_yolo_yolocpp__rosidl_generator_c.so[0m
[ 21%] Built target tugas_yolo_yolocpp__rosidl_generator_c
[ 24%] [34m[1mGenerating C introspection for ROS interfaces[0m
[ 27%] [34m[1mGenerating C type support for eProsima Fast-RTPS[0m
[ 30%] [34m[1mGenerating C type support dispatch for ROS interfaces[0m
[ 33%] [32mBuilding CXX object CMakeFiles/tugas_yolo_yolocpp__rosidl_typesupport_cpp.dir/rosidl_typesupport_cpp/tugas_yolo_yolocpp/msg/seen__type_support.cpp.o[0m
[ 36%] [32mBuilding CXX object CMakeFiles/tugas_yolo_yolocpp__rosidl_typesupport_introspection_cpp.dir/rosidl_typesupport_introspection_cpp/tugas_yolo_yolocpp/msg/detail/seen__type_support.cpp.o[0m
[ 39%] [32mBuilding CXX object CMakeFiles/tugas_yolo_yolocpp__rosidl_typesupport_fastrtps_cpp.dir/rosidl_typesupport_fastrtps_cpp/tugas_yolo_yolocpp/msg/detail/dds_fastrtps/seen__type_support.cpp.o[0m
[ 42%] [32mBuilding C object CMakeFiles/tugas_yolo_yolocpp__rosidl_typesupport_introspection_c.dir/rosidl_typesupport_introspection_c/tugas_yolo_yolocpp/msg/detail/seen__type_support.c.o[0m
[ 45%] [32mBuilding CXX object CMakeFiles/tugas_yolo_yolocpp__rosidl_typesupport_c.dir/rosidl_typesupport_c/tugas_yolo_yolocpp/msg/seen__type_support.cpp.o[0m
[ 48%] [32mBuilding CXX object CMakeFiles/tugas_yolo_yolocpp__rosidl_typesupport_fastrtps_c.dir/rosidl_typesupport_fastrtps_c/tugas_yolo_yolocpp/msg/detail/seen__type_support_c.cpp.o[0m
[ 51%] [32m[1mLinking CXX shared library libtugas_yolo_yolocpp__rosidl_typesupport_c.so[0m
[ 54%] [32m[1mLinking C shared library libtugas_yolo_yolocpp__rosidl_typesupport_introspection_c.so[0m
[ 54%] Built target tugas_yolo_yolocpp__rosidl_typesupport_introspection_c
[ 57%] [32m[1mLinking CXX shared library libtugas_yolo_yolocpp__rosidl_typesupport_cpp.so[0m
[ 54%] Built target tugas_yolo_yolocpp__rosidl_typesupport_c
[ 57%] Built target tugas_yolo_yolocpp__rosidl_typesupport_cpp
[ 60%] [32mBuilding CXX object CMakeFiles/detect.dir/src/detect.cpp.o[0m
[ 63%] [32m[1mLinking CXX shared library libtugas_yolo_yolocpp__rosidl_typesupport_introspection_cpp.so[0m
[ 66%] [32m[1mLinking CXX shared library libtugas_yolo_yolocpp__rosidl_typesupport_fastrtps_cpp.so[0m
[ 66%] Built target tugas_yolo_yolocpp__rosidl_typesupport_introspection_cpp
[ 66%] Built target tugas_yolo_yolocpp__rosidl_typesupport_fastrtps_cpp
[ 69%] [32m[1mLinking CXX shared library libtugas_yolo_yolocpp__rosidl_typesupport_fastrtps_c.so[0m
[ 69%] Built target tugas_yolo_yolocpp__rosidl_typesupport_fastrtps_c
[ 69%] Built target tugas_yolo_yolocpp
[ 72%] [34m[1mGenerating Python code for ROS interfaces[0m
[ 72%] Built target tugas_yolo_yolocpp__py
[ 75%] [32mBuilding C object CMakeFiles/tugas_yolo_yolocpp__rosidl_generator_py.dir/rosidl_generator_py/tugas_yolo_yolocpp/msg/_seen_s.c.o[0m
[ 78%] [32m[1mLinking C shared library rosidl_generator_py/tugas_yolo_yolocpp/libtugas_yolo_yolocpp__rosidl_generator_py.so[0m
[ 78%] Built target tugas_yolo_yolocpp__rosidl_generator_py
[ 81%] [32mBuilding C object CMakeFiles/tugas_yolo_yolocpp__rosidl_typesupport_fastrtps_c__pyext.dir/rosidl_generator_py/tugas_yolo_yolocpp/_tugas_yolo_yolocpp_s.ep.rosidl_typesupport_fastrtps_c.c.o[0m
[ 84%] [32mBuilding C object CMakeFiles/tugas_yolo_yolocpp__rosidl_typesupport_c__pyext.dir/rosidl_generator_py/tugas_yolo_yolocpp/_tugas_yolo_yolocpp_s.ep.rosidl_typesupport_c.c.o[0m
[ 87%] [32mBuilding C object CMakeFiles/tugas_yolo_yolocpp__rosidl_typesupport_introspection_c__pyext.dir/rosidl_generator_py/tugas_yolo_yolocpp/_tugas_yolo_yolocpp_s.ep.rosidl_typesupport_introspection_c.c.o[0m
[ 90%] [32m[1mLinking C shared library rosidl_generator_py/tugas_yolo_yolocpp/tugas_yolo_yolocpp_s__rosidl_typesupport_c.cpython-310-x86_64-linux-gnu.so[0m
[ 93%] [32m[1mLinking C shared library rosidl_generator_py/tugas_yolo_yolocpp/tugas_yolo_yolocpp_s__rosidl_typesupport_introspection_c.cpython-310-x86_64-linux-gnu.so[0m
[ 96%] [32m[1mLinking C shared library rosidl_generator_py/tugas_yolo_yolocpp/tugas_yolo_yolocpp_s__rosidl_typesupport_fastrtps_c.cpython-310-x86_64-linux-gnu.so[0m
[ 96%] Built target tugas_yolo_yolocpp__rosidl_typesupport_c__pyext
[ 96%] Built target tugas_yolo_yolocpp__rosidl_typesupport_introspection_c__pyext
[ 96%] Built target tugas_yolo_yolocpp__rosidl_typesupport_fastrtps_c__pyext
[100%] [32m[1mLinking CXX executable detect[0m
[100%] Built target detect
