[  9%] Built target xbox__rosidl_generator_c
[ 12%] Built target xbox__cpp
[ 12%] Built target ament_cmake_python_copy_xbox
[ 21%] Built target xbox__rosidl_typesupport_c
[ 30%] Built target xbox__rosidl_typesupport_fastrtps_c
[ 39%] Built target xbox__rosidl_typesupport_introspection_c
[ 48%] Built target xbox__rosidl_typesupport_fastrtps_cpp
[ 57%] Built target xbox__rosidl_typesupport_cpp
[ 66%] Built target xbox__rosidl_typesupport_introspection_cpp
[ 72%] Built target publisher
[ 72%] Built target xbox
[ 75%] Built target xbox__py
[ 81%] Built target xbox__rosidl_generator_py
[ 87%] Built target xbox__rosidl_typesupport_introspection_c__pyext
[ 93%] Built target xbox__rosidl_typesupport_fastrtps_c__pyext
[100%] Built target xbox__rosidl_typesupport_c__pyext
running egg_info
writing xbox.egg-info/PKG-INFO
writing dependency_links to xbox.egg-info/dependency_links.txt
writing top-level names to xbox.egg-info/top_level.txt
reading manifest file 'xbox.egg-info/SOURCES.txt'
writing manifest file 'xbox.egg-info/SOURCES.txt'
[100%] Built target ament_cmake_python_build_xbox_egg
