[0.031s] Invoking command in '/home/basten/ros2_ws/src/MagangBanyubramanta_Basten-Andika-Salim/Ros2/build/xbox': CMAKE_PREFIX_PATH=${CMAKE_PREFIX_PATH}:/opt/ros/humble /usr/bin/cmake --build /home/basten/ros2_ws/src/MagangBanyubramanta_Basten-Andika-Salim/Ros2/build/xbox -- -j32 -l32
[0.053s] [  9%] Built target xbox__rosidl_generator_c
[0.055s] [ 12%] Built target xbox__cpp
[0.060s] [ 12%] Built target ament_cmake_python_copy_xbox
[0.066s] [ 21%] Built target xbox__rosidl_typesupport_c
[0.067s] [ 30%] Built target xbox__rosidl_typesupport_fastrtps_c
[0.067s] [ 39%] Built target xbox__rosidl_typesupport_introspection_c
[0.069s] [ 48%] Built target xbox__rosidl_typesupport_fastrtps_cpp
[0.070s] [ 57%] Built target xbox__rosidl_typesupport_cpp
[0.070s] [ 66%] Built target xbox__rosidl_typesupport_introspection_cpp
[0.086s] [ 72%] Built target publisher
[0.099s] [ 72%] Built target xbox
[0.113s] [ 75%] Built target xbox__py
[0.128s] [ 81%] Built target xbox__rosidl_generator_py
[0.142s] [ 87%] Built target xbox__rosidl_typesupport_introspection_c__pyext
[0.142s] [ 93%] Built target xbox__rosidl_typesupport_fastrtps_c__pyext
[0.144s] [100%] Built target xbox__rosidl_typesupport_c__pyext
[0.183s] running egg_info
[0.191s] writing xbox.egg-info/PKG-INFO
[0.191s] writing dependency_links to xbox.egg-info/dependency_links.txt
[0.191s] writing top-level names to xbox.egg-info/top_level.txt
[0.213s] reading manifest file 'xbox.egg-info/SOURCES.txt'
[0.214s] writing manifest file 'xbox.egg-info/SOURCES.txt'
[0.228s] [100%] Built target ament_cmake_python_build_xbox_egg
