[  3%] Built target tugas_joy__cpp
[ 12%] Built target tugas_joy__rosidl_generator_c
[ 12%] Built target ament_cmake_python_copy_tugas_joy
[ 27%] Built target tugas_joy__rosidl_typesupport_fastrtps_cpp
[ 30%] Built target tugas_joy__rosidl_typesupport_introspection_cpp
[ 39%] Built target tugas_joy__rosidl_typesupport_cpp
[ 48%] Built target tugas_joy__rosidl_typesupport_introspection_c
[ 57%] Built target tugas_joy__rosidl_typesupport_c
[ 66%] Built target tugas_joy__rosidl_typesupport_fastrtps_c
[35m[1mConsolidate compiler generated dependencies of target publisher[0m
[ 66%] Built target tugas_joy
[ 69%] [32mBuilding CXX object CMakeFiles/publisher.dir/src/publisher.cpp.o[0m
[ 72%] Built target tugas_joy__py
[ 78%] Built target tugas_joy__rosidl_generator_py
[ 84%] Built target tugas_joy__rosidl_typesupport_fastrtps_c__pyext
[ 90%] Built target tugas_joy__rosidl_typesupport_c__pyext
[ 96%] Built target tugas_joy__rosidl_typesupport_introspection_c__pyext
running egg_info
writing tugas_joy.egg-info/PKG-INFO
writing dependency_links to tugas_joy.egg-info/dependency_links.txt
writing top-level names to tugas_joy.egg-info/top_level.txt
reading manifest file 'tugas_joy.egg-info/SOURCES.txt'
writing manifest file 'tugas_joy.egg-info/SOURCES.txt'
[ 96%] Built target ament_cmake_python_build_tugas_joy_egg
[100%] [32m[1mLinking CXX executable publisher[0m
[100%] Built target publisher
-- Install configuration: ""
-- Up-to-date: /home/basten/ros2_ws/src/MagangBanyubramanta_Basten-Andika-Salim/Ros2/src/install/tugas_joy/share/ament_index/resource_index/rosidl_interfaces/tugas_joy
-- Up-to-date: /home/basten/ros2_ws/src/MagangBanyubramanta_Basten-Andika-Salim/Ros2/src/install/tugas_joy/include/tugas_joy/tugas_joy
-- Up-to-date: /home/basten/ros2_ws/src/MagangBanyubramanta_Basten-Andika-Salim/Ros2/src/install/tugas_joy/include/tugas_joy/tugas_joy/msg
-- Up-to-date: /home/basten/ros2_ws/src/MagangBanyubramanta_Basten-Andika-Salim/Ros2/src/install/tugas_joy/include/tugas_joy/tugas_joy/msg/rosidl_generator_c__visibility_control.h
-- Up-to-date: /home/basten/ros2_ws/src/MagangBanyubramanta_Basten-Andika-Salim/Ros2/src/install/tugas_joy/include/tugas_joy/tugas_joy/msg/command.h
-- Up-to-date: /home/basten/ros2_ws/src/MagangBanyubramanta_Basten-Andika-Salim/Ros2/src/install/tugas_joy/include/tugas_joy/tugas_joy/msg/detail
-- Up-to-date: /home/basten/ros2_ws/src/MagangBanyubramanta_Basten-Andika-Salim/Ros2/src/install/tugas_joy/include/tugas_joy/tugas_joy/msg/detail/command__struct.h
-- Up-to-date: /home/basten/ros2_ws/src/MagangBanyubramanta_Basten-Andika-Salim/Ros2/src/install/tugas_joy/include/tugas_joy/tugas_joy/msg/detail/command__functions.c
-- Up-to-date: /home/basten/ros2_ws/src/MagangBanyubramanta_Basten-Andika-Salim/Ros2/src/install/tugas_joy/include/tugas_joy/tugas_joy/msg/detail/command__type_support.h
-- Up-to-date: /home/basten/ros2_ws/src/MagangBanyubramanta_Basten-Andika-Salim/Ros2/src/install/tugas_joy/include/tugas_joy/tugas_joy/msg/detail/command__functions.h
-- Up-to-date: /home/basten/ros2_ws/src/MagangBanyubramanta_Basten-Andika-Salim/Ros2/src/install/tugas_joy/share/tugas_joy/environment/library_path.sh
-- Up-to-date: /home/basten/ros2_ws/src/MagangBanyubramanta_Basten-Andika-Salim/Ros2/src/install/tugas_joy/share/tugas_joy/environment/library_path.dsv
-- Up-to-date: /home/basten/ros2_ws/src/MagangBanyubramanta_Basten-Andika-Salim/Ros2/src/install/tugas_joy/lib/libtugas_joy__rosidl_generator_c.so
-- Up-to-date: /home/basten/ros2_ws/src/MagangBanyubramanta_Basten-Andika-Salim/Ros2/src/install/tugas_joy/include/tugas_joy/tugas_joy
-- Up-to-date: /home/basten/ros2_ws/src/MagangBanyubramanta_Basten-Andika-Salim/Ros2/src/install/tugas_joy/include/tugas_joy/tugas_joy/msg
-- Up-to-date: /home/basten/ros2_ws/src/MagangBanyubramanta_Basten-Andika-Salim/Ros2/src/install/tugas_joy/include/tugas_joy/tugas_joy/msg/rosidl_typesupport_fastrtps_c__visibility_control.h
-- Up-to-date: /home/basten/ros2_ws/src/MagangBanyubramanta_Basten-Andika-Salim/Ros2/src/install/tugas_joy/include/tugas_joy/tugas_joy/msg/detail
-- Up-to-date: /home/basten/ros2_ws/src/MagangBanyubramanta_Basten-Andika-Salim/Ros2/src/install/tugas_joy/include/tugas_joy/tugas_joy/msg/detail/command__rosidl_typesupport_fastrtps_c.h
-- Up-to-date: /home/basten/ros2_ws/src/MagangBanyubramanta_Basten-Andika-Salim/Ros2/src/install/tugas_joy/lib/libtugas_joy__rosidl_typesupport_fastrtps_c.so
-- Up-to-date: /home/basten/ros2_ws/src/MagangBanyubramanta_Basten-Andika-Salim/Ros2/src/install/tugas_joy/include/tugas_joy/tugas_joy
-- Up-to-date: /home/basten/ros2_ws/src/MagangBanyubramanta_Basten-Andika-Salim/Ros2/src/install/tugas_joy/include/tugas_joy/tugas_joy/msg
-- Up-to-date: /home/basten/ros2_ws/src/MagangBanyubramanta_Basten-Andika-Salim/Ros2/src/install/tugas_joy/include/tugas_joy/tugas_joy/msg/command.hpp
-- Up-to-date: /home/basten/ros2_ws/src/MagangBanyubramanta_Basten-Andika-Salim/Ros2/src/install/tugas_joy/include/tugas_joy/tugas_joy/msg/detail
-- Up-to-date: /home/basten/ros2_ws/src/MagangBanyubramanta_Basten-Andika-Salim/Ros2/src/install/tugas_joy/include/tugas_joy/tugas_joy/msg/detail/command__traits.hpp
-- Up-to-date: /home/basten/ros2_ws/src/MagangBanyubramanta_Basten-Andika-Salim/Ros2/src/install/tugas_joy/include/tugas_joy/tugas_joy/msg/detail/command__builder.hpp
-- Up-to-date: /home/basten/ros2_ws/src/MagangBanyubramanta_Basten-Andika-Salim/Ros2/src/install/tugas_joy/include/tugas_joy/tugas_joy/msg/detail/command__struct.hpp
-- Up-to-date: /home/basten/ros2_ws/src/MagangBanyubramanta_Basten-Andika-Salim/Ros2/src/install/tugas_joy/include/tugas_joy/tugas_joy
-- Up-to-date: /home/basten/ros2_ws/src/MagangBanyubramanta_Basten-Andika-Salim/Ros2/src/install/tugas_joy/include/tugas_joy/tugas_joy/msg
-- Up-to-date: /home/basten/ros2_ws/src/MagangBanyubramanta_Basten-Andika-Salim/Ros2/src/install/tugas_joy/include/tugas_joy/tugas_joy/msg/rosidl_typesupport_fastrtps_cpp__visibility_control.h
-- Up-to-date: /home/basten/ros2_ws/src/MagangBanyubramanta_Basten-Andika-Salim/Ros2/src/install/tugas_joy/include/tugas_joy/tugas_joy/msg/detail
-- Up-to-date: /home/basten/ros2_ws/src/MagangBanyubramanta_Basten-Andika-Salim/Ros2/src/install/tugas_joy/include/tugas_joy/tugas_joy/msg/detail/command__rosidl_typesupport_fastrtps_cpp.hpp
-- Up-to-date: /home/basten/ros2_ws/src/MagangBanyubramanta_Basten-Andika-Salim/Ros2/src/install/tugas_joy/include/tugas_joy/tugas_joy/msg/detail/dds_fastrtps
-- Up-to-date: /home/basten/ros2_ws/src/MagangBanyubramanta_Basten-Andika-Salim/Ros2/src/install/tugas_joy/lib/libtugas_joy__rosidl_typesupport_fastrtps_cpp.so
-- Up-to-date: /home/basten/ros2_ws/src/MagangBanyubramanta_Basten-Andika-Salim/Ros2/src/install/tugas_joy/include/tugas_joy/tugas_joy
-- Up-to-date: /home/basten/ros2_ws/src/MagangBanyubramanta_Basten-Andika-Salim/Ros2/src/install/tugas_joy/include/tugas_joy/tugas_joy/msg
-- Up-to-date: /home/basten/ros2_ws/src/MagangBanyubramanta_Basten-Andika-Salim/Ros2/src/install/tugas_joy/include/tugas_joy/tugas_joy/msg/rosidl_typesupport_introspection_c__visibility_control.h
-- Up-to-date: /home/basten/ros2_ws/src/MagangBanyubramanta_Basten-Andika-Salim/Ros2/src/install/tugas_joy/include/tugas_joy/tugas_joy/msg/detail
-- Up-to-date: /home/basten/ros2_ws/src/MagangBanyubramanta_Basten-Andika-Salim/Ros2/src/install/tugas_joy/include/tugas_joy/tugas_joy/msg/detail/command__type_support.c
-- Up-to-date: /home/basten/ros2_ws/src/MagangBanyubramanta_Basten-Andika-Salim/Ros2/src/install/tugas_joy/include/tugas_joy/tugas_joy/msg/detail/command__rosidl_typesupport_introspection_c.h
-- Up-to-date: /home/basten/ros2_ws/src/MagangBanyubramanta_Basten-Andika-Salim/Ros2/src/install/tugas_joy/lib/libtugas_joy__rosidl_typesupport_introspection_c.so
-- Up-to-date: /home/basten/ros2_ws/src/MagangBanyubramanta_Basten-Andika-Salim/Ros2/src/install/tugas_joy/lib/libtugas_joy__rosidl_typesupport_c.so
-- Up-to-date: /home/basten/ros2_ws/src/MagangBanyubramanta_Basten-Andika-Salim/Ros2/src/install/tugas_joy/include/tugas_joy/tugas_joy
-- Up-to-date: /home/basten/ros2_ws/src/MagangBanyubramanta_Basten-Andika-Salim/Ros2/src/install/tugas_joy/include/tugas_joy/tugas_joy/msg
-- Up-to-date: /home/basten/ros2_ws/src/MagangBanyubramanta_Basten-Andika-Salim/Ros2/src/install/tugas_joy/include/tugas_joy/tugas_joy/msg/detail
-- Up-to-date: /home/basten/ros2_ws/src/MagangBanyubramanta_Basten-Andika-Salim/Ros2/src/install/tugas_joy/include/tugas_joy/tugas_joy/msg/detail/command__rosidl_typesupport_introspection_cpp.hpp
-- Up-to-date: /home/basten/ros2_ws/src/MagangBanyubramanta_Basten-Andika-Salim/Ros2/src/install/tugas_joy/include/tugas_joy/tugas_joy/msg/detail/command__type_support.cpp
-- Up-to-date: /home/basten/ros2_ws/src/MagangBanyubramanta_Basten-Andika-Salim/Ros2/src/install/tugas_joy/lib/libtugas_joy__rosidl_typesupport_introspection_cpp.so
-- Up-to-date: /home/basten/ros2_ws/src/MagangBanyubramanta_Basten-Andika-Salim/Ros2/src/install/tugas_joy/lib/libtugas_joy__rosidl_typesupport_cpp.so
-- Up-to-date: /home/basten/ros2_ws/src/MagangBanyubramanta_Basten-Andika-Salim/Ros2/src/install/tugas_joy/share/tugas_joy/environment/pythonpath.sh
-- Up-to-date: /home/basten/ros2_ws/src/MagangBanyubramanta_Basten-Andika-Salim/Ros2/src/install/tugas_joy/share/tugas_joy/environment/pythonpath.dsv
-- Up-to-date: /home/basten/ros2_ws/src/MagangBanyubramanta_Basten-Andika-Salim/Ros2/src/install/tugas_joy/local/lib/python3.10/dist-packages/tugas_joy-0.0.0-py3.10.egg-info
-- Installing: /home/basten/ros2_ws/src/MagangBanyubramanta_Basten-Andika-Salim/Ros2/src/install/tugas_joy/local/lib/python3.10/dist-packages/tugas_joy-0.0.0-py3.10.egg-info/top_level.txt
-- Installing: /home/basten/ros2_ws/src/MagangBanyubramanta_Basten-Andika-Salim/Ros2/src/install/tugas_joy/local/lib/python3.10/dist-packages/tugas_joy-0.0.0-py3.10.egg-info/PKG-INFO
-- Installing: /home/basten/ros2_ws/src/MagangBanyubramanta_Basten-Andika-Salim/Ros2/src/install/tugas_joy/local/lib/python3.10/dist-packages/tugas_joy-0.0.0-py3.10.egg-info/dependency_links.txt
-- Installing: /home/basten/ros2_ws/src/MagangBanyubramanta_Basten-Andika-Salim/Ros2/src/install/tugas_joy/local/lib/python3.10/dist-packages/tugas_joy-0.0.0-py3.10.egg-info/SOURCES.txt
-- Up-to-date: /home/basten/ros2_ws/src/MagangBanyubramanta_Basten-Andika-Salim/Ros2/src/install/tugas_joy/local/lib/python3.10/dist-packages/tugas_joy
-- Up-to-date: /home/basten/ros2_ws/src/MagangBanyubramanta_Basten-Andika-Salim/Ros2/src/install/tugas_joy/local/lib/python3.10/dist-packages/tugas_joy/tugas_joy_s__rosidl_typesupport_introspection_c.cpython-310-x86_64-linux-gnu.so
-- Up-to-date: /home/basten/ros2_ws/src/MagangBanyubramanta_Basten-Andika-Salim/Ros2/src/install/tugas_joy/local/lib/python3.10/dist-packages/tugas_joy/tugas_joy_s__rosidl_typesupport_c.cpython-310-x86_64-linux-gnu.so
-- Up-to-date: /home/basten/ros2_ws/src/MagangBanyubramanta_Basten-Andika-Salim/Ros2/src/install/tugas_joy/local/lib/python3.10/dist-packages/tugas_joy/_tugas_joy_s.ep.rosidl_typesupport_fastrtps_c.c
-- Up-to-date: /home/basten/ros2_ws/src/MagangBanyubramanta_Basten-Andika-Salim/Ros2/src/install/tugas_joy/local/lib/python3.10/dist-packages/tugas_joy/_tugas_joy_s.ep.rosidl_typesupport_c.c
-- Up-to-date: /home/basten/ros2_ws/src/MagangBanyubramanta_Basten-Andika-Salim/Ros2/src/install/tugas_joy/local/lib/python3.10/dist-packages/tugas_joy/tugas_joy_s__rosidl_typesupport_fastrtps_c.cpython-310-x86_64-linux-gnu.so
-- Up-to-date: /home/basten/ros2_ws/src/MagangBanyubramanta_Basten-Andika-Salim/Ros2/src/install/tugas_joy/local/lib/python3.10/dist-packages/tugas_joy/__init__.py
-- Up-to-date: /home/basten/ros2_ws/src/MagangBanyubramanta_Basten-Andika-Salim/Ros2/src/install/tugas_joy/local/lib/python3.10/dist-packages/tugas_joy/msg
-- Up-to-date: /home/basten/ros2_ws/src/MagangBanyubramanta_Basten-Andika-Salim/Ros2/src/install/tugas_joy/local/lib/python3.10/dist-packages/tugas_joy/msg/_command.py
-- Up-to-date: /home/basten/ros2_ws/src/MagangBanyubramanta_Basten-Andika-Salim/Ros2/src/install/tugas_joy/local/lib/python3.10/dist-packages/tugas_joy/msg/__init__.py
-- Up-to-date: /home/basten/ros2_ws/src/MagangBanyubramanta_Basten-Andika-Salim/Ros2/src/install/tugas_joy/local/lib/python3.10/dist-packages/tugas_joy/msg/_command_s.c
-- Up-to-date: /home/basten/ros2_ws/src/MagangBanyubramanta_Basten-Andika-Salim/Ros2/src/install/tugas_joy/local/lib/python3.10/dist-packages/tugas_joy/libtugas_joy__rosidl_generator_py.so
-- Up-to-date: /home/basten/ros2_ws/src/MagangBanyubramanta_Basten-Andika-Salim/Ros2/src/install/tugas_joy/local/lib/python3.10/dist-packages/tugas_joy/_tugas_joy_s.ep.rosidl_typesupport_introspection_c.c
Listing '/home/basten/ros2_ws/src/MagangBanyubramanta_Basten-Andika-Salim/Ros2/src/install/tugas_joy/local/lib/python3.10/dist-packages/tugas_joy'...
Listing '/home/basten/ros2_ws/src/MagangBanyubramanta_Basten-Andika-Salim/Ros2/src/install/tugas_joy/local/lib/python3.10/dist-packages/tugas_joy/msg'...
-- Up-to-date: /home/basten/ros2_ws/src/MagangBanyubramanta_Basten-Andika-Salim/Ros2/src/install/tugas_joy/local/lib/python3.10/dist-packages/tugas_joy/tugas_joy_s__rosidl_typesupport_fastrtps_c.cpython-310-x86_64-linux-gnu.so
-- Up-to-date: /home/basten/ros2_ws/src/MagangBanyubramanta_Basten-Andika-Salim/Ros2/src/install/tugas_joy/local/lib/python3.10/dist-packages/tugas_joy/tugas_joy_s__rosidl_typesupport_introspection_c.cpython-310-x86_64-linux-gnu.so
-- Up-to-date: /home/basten/ros2_ws/src/MagangBanyubramanta_Basten-Andika-Salim/Ros2/src/install/tugas_joy/local/lib/python3.10/dist-packages/tugas_joy/tugas_joy_s__rosidl_typesupport_c.cpython-310-x86_64-linux-gnu.so
-- Up-to-date: /home/basten/ros2_ws/src/MagangBanyubramanta_Basten-Andika-Salim/Ros2/src/install/tugas_joy/lib/libtugas_joy__rosidl_generator_py.so
-- Up-to-date: /home/basten/ros2_ws/src/MagangBanyubramanta_Basten-Andika-Salim/Ros2/src/install/tugas_joy/share/tugas_joy/msg/Command.idl
-- Up-to-date: /home/basten/ros2_ws/src/MagangBanyubramanta_Basten-Andika-Salim/Ros2/src/install/tugas_joy/share/tugas_joy/msg/Command.msg
-- Installing: /home/basten/ros2_ws/src/MagangBanyubramanta_Basten-Andika-Salim/Ros2/src/install/tugas_joy/lib/tugas_joy/publisher
-- Set runtime path of "/home/basten/ros2_ws/src/MagangBanyubramanta_Basten-Andika-Salim/Ros2/src/install/tugas_joy/lib/tugas_joy/publisher" to ""
-- Up-to-date: /home/basten/ros2_ws/src/MagangBanyubramanta_Basten-Andika-Salim/Ros2/src/install/tugas_joy/share/ament_index/resource_index/package_run_dependencies/tugas_joy
-- Up-to-date: /home/basten/ros2_ws/src/MagangBanyubramanta_Basten-Andika-Salim/Ros2/src/install/tugas_joy/share/ament_index/resource_index/parent_prefix_path/tugas_joy
-- Up-to-date: /home/basten/ros2_ws/src/MagangBanyubramanta_Basten-Andika-Salim/Ros2/src/install/tugas_joy/share/tugas_joy/environment/ament_prefix_path.sh
-- Up-to-date: /home/basten/ros2_ws/src/MagangBanyubramanta_Basten-Andika-Salim/Ros2/src/install/tugas_joy/share/tugas_joy/environment/ament_prefix_path.dsv
-- Up-to-date: /home/basten/ros2_ws/src/MagangBanyubramanta_Basten-Andika-Salim/Ros2/src/install/tugas_joy/share/tugas_joy/environment/path.sh
-- Up-to-date: /home/basten/ros2_ws/src/MagangBanyubramanta_Basten-Andika-Salim/Ros2/src/install/tugas_joy/share/tugas_joy/environment/path.dsv
-- Up-to-date: /home/basten/ros2_ws/src/MagangBanyubramanta_Basten-Andika-Salim/Ros2/src/install/tugas_joy/share/tugas_joy/local_setup.bash
-- Up-to-date: /home/basten/ros2_ws/src/MagangBanyubramanta_Basten-Andika-Salim/Ros2/src/install/tugas_joy/share/tugas_joy/local_setup.sh
-- Up-to-date: /home/basten/ros2_ws/src/MagangBanyubramanta_Basten-Andika-Salim/Ros2/src/install/tugas_joy/share/tugas_joy/local_setup.zsh
-- Up-to-date: /home/basten/ros2_ws/src/MagangBanyubramanta_Basten-Andika-Salim/Ros2/src/install/tugas_joy/share/tugas_joy/local_setup.dsv
-- Installing: /home/basten/ros2_ws/src/MagangBanyubramanta_Basten-Andika-Salim/Ros2/src/install/tugas_joy/share/tugas_joy/package.dsv
-- Up-to-date: /home/basten/ros2_ws/src/MagangBanyubramanta_Basten-Andika-Salim/Ros2/src/install/tugas_joy/share/ament_index/resource_index/packages/tugas_joy
-- Up-to-date: /home/basten/ros2_ws/src/MagangBanyubramanta_Basten-Andika-Salim/Ros2/src/install/tugas_joy/share/tugas_joy/cmake/export_tugas_joy__rosidl_generator_cExport.cmake
-- Up-to-date: /home/basten/ros2_ws/src/MagangBanyubramanta_Basten-Andika-Salim/Ros2/src/install/tugas_joy/share/tugas_joy/cmake/export_tugas_joy__rosidl_generator_cExport-noconfig.cmake
-- Up-to-date: /home/basten/ros2_ws/src/MagangBanyubramanta_Basten-Andika-Salim/Ros2/src/install/tugas_joy/share/tugas_joy/cmake/export_tugas_joy__rosidl_typesupport_fastrtps_cExport.cmake
-- Up-to-date: /home/basten/ros2_ws/src/MagangBanyubramanta_Basten-Andika-Salim/Ros2/src/install/tugas_joy/share/tugas_joy/cmake/export_tugas_joy__rosidl_typesupport_fastrtps_cExport-noconfig.cmake
-- Up-to-date: /home/basten/ros2_ws/src/MagangBanyubramanta_Basten-Andika-Salim/Ros2/src/install/tugas_joy/share/tugas_joy/cmake/export_tugas_joy__rosidl_generator_cppExport.cmake
-- Up-to-date: /home/basten/ros2_ws/src/MagangBanyubramanta_Basten-Andika-Salim/Ros2/src/install/tugas_joy/share/tugas_joy/cmake/export_tugas_joy__rosidl_typesupport_fastrtps_cppExport.cmake
-- Up-to-date: /home/basten/ros2_ws/src/MagangBanyubramanta_Basten-Andika-Salim/Ros2/src/install/tugas_joy/share/tugas_joy/cmake/export_tugas_joy__rosidl_typesupport_fastrtps_cppExport-noconfig.cmake
-- Up-to-date: /home/basten/ros2_ws/src/MagangBanyubramanta_Basten-Andika-Salim/Ros2/src/install/tugas_joy/share/tugas_joy/cmake/tugas_joy__rosidl_typesupport_introspection_cExport.cmake
-- Up-to-date: /home/basten/ros2_ws/src/MagangBanyubramanta_Basten-Andika-Salim/Ros2/src/install/tugas_joy/share/tugas_joy/cmake/tugas_joy__rosidl_typesupport_introspection_cExport-noconfig.cmake
-- Up-to-date: /home/basten/ros2_ws/src/MagangBanyubramanta_Basten-Andika-Salim/Ros2/src/install/tugas_joy/share/tugas_joy/cmake/tugas_joy__rosidl_typesupport_cExport.cmake
-- Up-to-date: /home/basten/ros2_ws/src/MagangBanyubramanta_Basten-Andika-Salim/Ros2/src/install/tugas_joy/share/tugas_joy/cmake/tugas_joy__rosidl_typesupport_cExport-noconfig.cmake
-- Up-to-date: /home/basten/ros2_ws/src/MagangBanyubramanta_Basten-Andika-Salim/Ros2/src/install/tugas_joy/share/tugas_joy/cmake/tugas_joy__rosidl_typesupport_introspection_cppExport.cmake
-- Up-to-date: /home/basten/ros2_ws/src/MagangBanyubramanta_Basten-Andika-Salim/Ros2/src/install/tugas_joy/share/tugas_joy/cmake/tugas_joy__rosidl_typesupport_introspection_cppExport-noconfig.cmake
-- Up-to-date: /home/basten/ros2_ws/src/MagangBanyubramanta_Basten-Andika-Salim/Ros2/src/install/tugas_joy/share/tugas_joy/cmake/tugas_joy__rosidl_typesupport_cppExport.cmake
-- Up-to-date: /home/basten/ros2_ws/src/MagangBanyubramanta_Basten-Andika-Salim/Ros2/src/install/tugas_joy/share/tugas_joy/cmake/tugas_joy__rosidl_typesupport_cppExport-noconfig.cmake
-- Up-to-date: /home/basten/ros2_ws/src/MagangBanyubramanta_Basten-Andika-Salim/Ros2/src/install/tugas_joy/share/tugas_joy/cmake/export_tugas_joy__rosidl_generator_pyExport.cmake
-- Up-to-date: /home/basten/ros2_ws/src/MagangBanyubramanta_Basten-Andika-Salim/Ros2/src/install/tugas_joy/share/tugas_joy/cmake/export_tugas_joy__rosidl_generator_pyExport-noconfig.cmake
-- Up-to-date: /home/basten/ros2_ws/src/MagangBanyubramanta_Basten-Andika-Salim/Ros2/src/install/tugas_joy/share/tugas_joy/cmake/rosidl_cmake-extras.cmake
-- Up-to-date: /home/basten/ros2_ws/src/MagangBanyubramanta_Basten-Andika-Salim/Ros2/src/install/tugas_joy/share/tugas_joy/cmake/ament_cmake_export_include_directories-extras.cmake
-- Up-to-date: /home/basten/ros2_ws/src/MagangBanyubramanta_Basten-Andika-Salim/Ros2/src/install/tugas_joy/share/tugas_joy/cmake/ament_cmake_export_libraries-extras.cmake
-- Up-to-date: /home/basten/ros2_ws/src/MagangBanyubramanta_Basten-Andika-Salim/Ros2/src/install/tugas_joy/share/tugas_joy/cmake/ament_cmake_export_targets-extras.cmake
-- Up-to-date: /home/basten/ros2_ws/src/MagangBanyubramanta_Basten-Andika-Salim/Ros2/src/install/tugas_joy/share/tugas_joy/cmake/rosidl_cmake_export_typesupport_targets-extras.cmake
-- Up-to-date: /home/basten/ros2_ws/src/MagangBanyubramanta_Basten-Andika-Salim/Ros2/src/install/tugas_joy/share/tugas_joy/cmake/ament_cmake_export_dependencies-extras.cmake
-- Up-to-date: /home/basten/ros2_ws/src/MagangBanyubramanta_Basten-Andika-Salim/Ros2/src/install/tugas_joy/share/tugas_joy/cmake/rosidl_cmake_export_typesupport_libraries-extras.cmake
-- Up-to-date: /home/basten/ros2_ws/src/MagangBanyubramanta_Basten-Andika-Salim/Ros2/src/install/tugas_joy/share/tugas_joy/cmake/tugas_joyConfig.cmake
-- Up-to-date: /home/basten/ros2_ws/src/MagangBanyubramanta_Basten-Andika-Salim/Ros2/src/install/tugas_joy/share/tugas_joy/cmake/tugas_joyConfig-version.cmake
-- Up-to-date: /home/basten/ros2_ws/src/MagangBanyubramanta_Basten-Andika-Salim/Ros2/src/install/tugas_joy/share/tugas_joy/package.xml
