[0.021s] Invoking command in '/home/basten/ros2_ws/src/MagangBanyubramanta_Basten-Andika-Salim/src/build/tugas_yolo': CMAKE_PREFIX_PATH=/opt/ros/humble /usr/bin/cmake --build /home/basten/ros2_ws/src/MagangBanyubramanta_Basten-Andika-Salim/src/build/tugas_yolo -- -j32 -l32
[0.040s] [35m[1mConsolidate compiler generated dependencies of target initCv[0m
[0.053s] [ 50%] [32mBuilding CXX object CMakeFiles/initCv.dir/src/initCv.cpp.o[0m
[2.462s] [100%] [32m[1mLinking CXX executable initCv[0m
[2.520s] /usr/bin/ld: warning: libopencv_imgproc.so.4.5d, needed by /opt/ros/humble/lib/libcv_bridge.so, may conflict with libopencv_imgproc.so.409
[2.520s] /usr/bin/ld: warning: libopencv_core.so.4.5d, needed by /opt/ros/humble/lib/libcv_bridge.so, may conflict with libopencv_core.so.409
[2.663s] [100%] Built target initCv
[2.674s] Invoked command in '/home/basten/ros2_ws/src/MagangBanyubramanta_Basten-Andika-Salim/src/build/tugas_yolo' returned '0': CMAKE_PREFIX_PATH=/opt/ros/humble /usr/bin/cmake --build /home/basten/ros2_ws/src/MagangBanyubramanta_Basten-Andika-Salim/src/build/tugas_yolo -- -j32 -l32
[2.699s] Invoking command in '/home/basten/ros2_ws/src/MagangBanyubramanta_Basten-Andika-Salim/src/build/tugas_yolo': CMAKE_PREFIX_PATH=/opt/ros/humble /usr/bin/cmake --install /home/basten/ros2_ws/src/MagangBanyubramanta_Basten-Andika-Salim/src/build/tugas_yolo
[2.704s] -- Install configuration: ""
[2.704s] -- Installing: /home/basten/ros2_ws/src/MagangBanyubramanta_Basten-Andika-Salim/src/install/tugas_yolo/lib/tugas_yolo/initCv
[2.706s] -- Set runtime path of "/home/basten/ros2_ws/src/MagangBanyubramanta_Basten-Andika-Salim/src/install/tugas_yolo/lib/tugas_yolo/initCv" to ""
[2.706s] -- Up-to-date: /home/basten/ros2_ws/src/MagangBanyubramanta_Basten-Andika-Salim/src/install/tugas_yolo/share/ament_index/resource_index/package_run_dependencies/tugas_yolo
[2.706s] -- Up-to-date: /home/basten/ros2_ws/src/MagangBanyubramanta_Basten-Andika-Salim/src/install/tugas_yolo/share/ament_index/resource_index/parent_prefix_path/tugas_yolo
[2.706s] -- Up-to-date: /home/basten/ros2_ws/src/MagangBanyubramanta_Basten-Andika-Salim/src/install/tugas_yolo/share/tugas_yolo/environment/ament_prefix_path.sh
[2.706s] -- Up-to-date: /home/basten/ros2_ws/src/MagangBanyubramanta_Basten-Andika-Salim/src/install/tugas_yolo/share/tugas_yolo/environment/ament_prefix_path.dsv
[2.706s] -- Up-to-date: /home/basten/ros2_ws/src/MagangBanyubramanta_Basten-Andika-Salim/src/install/tugas_yolo/share/tugas_yolo/environment/path.sh
[2.706s] -- Up-to-date: /home/basten/ros2_ws/src/MagangBanyubramanta_Basten-Andika-Salim/src/install/tugas_yolo/share/tugas_yolo/environment/path.dsv
[2.706s] -- Up-to-date: /home/basten/ros2_ws/src/MagangBanyubramanta_Basten-Andika-Salim/src/install/tugas_yolo/share/tugas_yolo/local_setup.bash
[2.706s] -- Up-to-date: /home/basten/ros2_ws/src/MagangBanyubramanta_Basten-Andika-Salim/src/install/tugas_yolo/share/tugas_yolo/local_setup.sh
[2.706s] -- Up-to-date: /home/basten/ros2_ws/src/MagangBanyubramanta_Basten-Andika-Salim/src/install/tugas_yolo/share/tugas_yolo/local_setup.zsh
[2.706s] -- Up-to-date: /home/basten/ros2_ws/src/MagangBanyubramanta_Basten-Andika-Salim/src/install/tugas_yolo/share/tugas_yolo/local_setup.dsv
[2.706s] -- Installing: /home/basten/ros2_ws/src/MagangBanyubramanta_Basten-Andika-Salim/src/install/tugas_yolo/share/tugas_yolo/package.dsv
[2.706s] -- Up-to-date: /home/basten/ros2_ws/src/MagangBanyubramanta_Basten-Andika-Salim/src/install/tugas_yolo/share/ament_index/resource_index/packages/tugas_yolo
[2.707s] -- Up-to-date: /home/basten/ros2_ws/src/MagangBanyubramanta_Basten-Andika-Salim/src/install/tugas_yolo/share/tugas_yolo/cmake/ament_cmake_export_dependencies-extras.cmake
[2.707s] -- Up-to-date: /home/basten/ros2_ws/src/MagangBanyubramanta_Basten-Andika-Salim/src/install/tugas_yolo/share/tugas_yolo/cmake/tugas_yoloConfig.cmake
[2.707s] -- Up-to-date: /home/basten/ros2_ws/src/MagangBanyubramanta_Basten-Andika-Salim/src/install/tugas_yolo/share/tugas_yolo/cmake/tugas_yoloConfig-version.cmake
[2.707s] -- Up-to-date: /home/basten/ros2_ws/src/MagangBanyubramanta_Basten-Andika-Salim/src/install/tugas_yolo/share/tugas_yolo/package.xml
[2.708s] Invoked command in '/home/basten/ros2_ws/src/MagangBanyubramanta_Basten-Andika-Salim/src/build/tugas_yolo' returned '0': CMAKE_PREFIX_PATH=/opt/ros/humble /usr/bin/cmake --install /home/basten/ros2_ws/src/MagangBanyubramanta_Basten-Andika-Salim/src/build/tugas_yolo
