[0.075s] Invoking command in '/home/basten/ros2_ws/src/MagangBanyubramanta_Basten-Andika-Salim/Ros2/build/tugas_opencv': CMAKE_PREFIX_PATH=/opt/ros/humble /usr/bin/cmake --build /home/basten/ros2_ws/src/MagangBanyubramanta_Basten-Andika-Salim/Ros2/build/tugas_opencv -- -j32 -l32
[0.092s] [35m[1mConsolidate compiler generated dependencies of target tugas_opencv__rosidl_generator_c[0m
[0.096s] [  2%] Built target tugas_opencv__cpp
[0.097s] [ 12%] Built target tugas_opencv__rosidl_generator_c
[0.103s] [35m[1mConsolidate compiler generated dependencies of target tugas_opencv__rosidl_typesupport_cpp[0m
[0.103s] [35m[1mConsolidate compiler generated dependencies of target tugas_opencv__rosidl_typesupport_introspection_cpp[0m
[0.104s] [ 12%] Built target ament_cmake_python_copy_tugas_opencv
[0.105s] [35m[1mConsolidate compiler generated dependencies of target tugas_opencv__rosidl_typesupport_fastrtps_cpp[0m
[0.109s] [35m[1mConsolidate compiler generated dependencies of target tugas_opencv__rosidl_typesupport_introspection_c[0m
[0.109s] [35m[1mConsolidate compiler generated dependencies of target tugas_opencv__rosidl_typesupport_fastrtps_c[0m
[0.110s] [35m[1mConsolidate compiler generated dependencies of target tugas_opencv__rosidl_typesupport_c[0m
[0.112s] [ 21%] Built target tugas_opencv__rosidl_typesupport_cpp
[0.112s] [ 31%] Built target tugas_opencv__rosidl_typesupport_introspection_cpp
[0.115s] [ 51%] Built target tugas_opencv__rosidl_typesupport_introspection_c
[0.116s] [ 51%] Built target tugas_opencv__rosidl_typesupport_fastrtps_cpp
[0.116s] [ 60%] Built target tugas_opencv__rosidl_typesupport_c
[0.119s] [ 70%] Built target tugas_opencv__rosidl_typesupport_fastrtps_c
[0.120s] [35m[1mConsolidate compiler generated dependencies of target colorcheck[0m
[0.134s] [ 70%] Built target tugas_opencv
[0.135s] [ 75%] Built target colorcheck
[0.148s] [ 78%] Built target tugas_opencv__py
[0.156s] [35m[1mConsolidate compiler generated dependencies of target tugas_opencv__rosidl_generator_py[0m
[0.164s] [ 85%] Built target tugas_opencv__rosidl_generator_py
[0.171s] [35m[1mConsolidate compiler generated dependencies of target tugas_opencv__rosidl_typesupport_fastrtps_c__pyext[0m
[0.174s] [35m[1mConsolidate compiler generated dependencies of target tugas_opencv__rosidl_typesupport_c__pyext[0m
[0.174s] [35m[1mConsolidate compiler generated dependencies of target tugas_opencv__rosidl_typesupport_introspection_c__pyext[0m
[0.179s] [ 90%] Built target tugas_opencv__rosidl_typesupport_fastrtps_c__pyext
[0.182s] [ 95%] Built target tugas_opencv__rosidl_typesupport_introspection_c__pyext
[0.184s] [100%] Built target tugas_opencv__rosidl_typesupport_c__pyext
[0.260s] running egg_info
[0.273s] writing tugas_opencv.egg-info/PKG-INFO
[0.273s] writing dependency_links to tugas_opencv.egg-info/dependency_links.txt
[0.273s] writing top-level names to tugas_opencv.egg-info/top_level.txt
[0.308s] reading manifest file 'tugas_opencv.egg-info/SOURCES.txt'
[0.309s] writing manifest file 'tugas_opencv.egg-info/SOURCES.txt'
[0.330s] [100%] Built target ament_cmake_python_build_tugas_opencv_egg
