[0.026s] Invoking command in '/home/basten/ros2_ws/src/MagangBanyubramanta_Basten-Andika-Salim/Ros2/build/tugas_opencv': CMAKE_PREFIX_PATH=${CMAKE_PREFIX_PATH}:/opt/ros/humble /usr/bin/cmake --build /home/basten/ros2_ws/src/MagangBanyubramanta_Basten-Andika-Salim/Ros2/build/tugas_opencv -- -j32 -l32
[0.052s] [  9%] Built target tugas_opencv__rosidl_generator_c
[0.052s] [ 12%] Built target tugas_opencv__cpp
[0.056s] [ 12%] Built target ament_cmake_python_copy_tugas_opencv
[0.062s] [ 31%] Built target tugas_opencv__rosidl_typesupport_fastrtps_c
[0.062s] [ 31%] Built target tugas_opencv__rosidl_typesupport_introspection_c
[0.062s] [ 41%] Built target tugas_opencv__rosidl_typesupport_c
[0.063s] [ 51%] Built target tugas_opencv__rosidl_typesupport_introspection_cpp
[0.066s] [ 60%] Built target tugas_opencv__rosidl_typesupport_cpp
[0.066s] [ 70%] Built target tugas_opencv__rosidl_typesupport_fastrtps_cpp
[0.072s] [35m[1mConsolidate compiler generated dependencies of target colorcheck[0m
[0.075s] [ 70%] Built target tugas_opencv
[0.081s] [ 73%] [32mBuilding CXX object CMakeFiles/colorcheck.dir/src/colorcheck.cpp.o[0m
[0.085s] [ 75%] Built target tugas_opencv__py
[0.095s] [ 82%] Built target tugas_opencv__rosidl_generator_py
[0.105s] [ 87%] Built target tugas_opencv__rosidl_typesupport_fastrtps_c__pyext
[0.106s] [ 92%] Built target tugas_opencv__rosidl_typesupport_introspection_c__pyext
[0.106s] [ 97%] Built target tugas_opencv__rosidl_typesupport_c__pyext
[0.147s] running egg_info
[0.154s] writing tugas_opencv.egg-info/PKG-INFO
[0.154s] writing dependency_links to tugas_opencv.egg-info/dependency_links.txt
[0.154s] writing top-level names to tugas_opencv.egg-info/top_level.txt
[0.172s] reading manifest file 'tugas_opencv.egg-info/SOURCES.txt'
[0.173s] writing manifest file 'tugas_opencv.egg-info/SOURCES.txt'
[0.185s] [ 97%] Built target ament_cmake_python_build_tugas_opencv_egg
[1.526s] [01m[K/home/basten/ros2_ws/src/MagangBanyubramanta_Basten-Andika-Salim/Ros2/src/tugas_opencv/src/colorcheck.cpp:[m[K In function ‘[01m[Kint main(int, char**)[m[K’:
[1.526s] [01m[K/home/basten/ros2_ws/src/MagangBanyubramanta_Basten-Andika-Salim/Ros2/src/tugas_opencv/src/colorcheck.cpp:151:46:[m[K [01;35m[Kwarning: [m[Kcapture of variable ‘[01m[KcolorPosition[m[K’ with non-automatic storage duration
[1.526s]   151 |                rowR = countNonZero(frameRed([[01;35m[KcolorPosition[m[K.x_pos][:]));
[1.526s]       |                                              [01;35m[K^~~~~~~~~~~~~[m[K
[1.526s] [01m[K/home/basten/ros2_ws/src/MagangBanyubramanta_Basten-Andika-Salim/Ros2/src/tugas_opencv/src/colorcheck.cpp:17:6:[m[K [01;36m[Knote: [m[K‘[01m[Ktugas_opencv::msg::Position_<std::allocator<void> > colorPosition[m[K’ declared here
[1.527s]    17 | auto [01;36m[KcolorPosition[m[K = tugas_opencv::msg::Position();
[1.527s]       |      [01;36m[K^~~~~~~~~~~~~[m[K
[1.527s] [01m[K/home/basten/ros2_ws/src/MagangBanyubramanta_Basten-Andika-Salim/Ros2/src/tugas_opencv/src/colorcheck.cpp:151:59:[m[K [01;31m[Kerror: [m[Kexpected ‘[01m[K,[m[K’ before ‘[01m[K.[m[K’ token
[1.527s]   151 |                rowR = countNonZero(frameRed([colorPosition[01;31m[K.[m[Kx_pos][:]));
[1.527s]       |                                                           [01;31m[K^[m[K
[1.527s]       |                                                           [32m[K,[m[K
[1.527s] [01m[K/home/basten/ros2_ws/src/MagangBanyubramanta_Basten-Andika-Salim/Ros2/src/tugas_opencv/src/colorcheck.cpp:151:59:[m[K [01;31m[Kerror: [m[Kexpected identifier before ‘[01m[K.[m[K’ token
[1.527s] [01m[K/home/basten/ros2_ws/src/MagangBanyubramanta_Basten-Andika-Salim/Ros2/src/tugas_opencv/src/colorcheck.cpp:[m[K In lambda function:
[1.527s] [01m[K/home/basten/ros2_ws/src/MagangBanyubramanta_Basten-Andika-Salim/Ros2/src/tugas_opencv/src/colorcheck.cpp:151:66:[m[K [01;31m[Kerror: [m[Kexpected ‘[01m[K{[m[K’ before ‘[01m[K[[m[K’ token
[1.527s]   151 |                rowR = countNonZero(frameRed([colorPosition.x_pos][01;31m[K[[m[K:]));
[1.527s]       |                                                                  [01;31m[K^[m[K
[1.527s] [01m[K/home/basten/ros2_ws/src/MagangBanyubramanta_Basten-Andika-Salim/Ros2/src/tugas_opencv/src/colorcheck.cpp:[m[K In function ‘[01m[Kint main(int, char**)[m[K’:
[1.527s] [01m[K/home/basten/ros2_ws/src/MagangBanyubramanta_Basten-Andika-Salim/Ros2/src/tugas_opencv/src/colorcheck.cpp:151:67:[m[K [01;31m[Kerror: [m[Kexpected primary-expression before ‘[01m[K:[m[K’ token
[1.527s]   151 |                rowR = countNonZero(frameRed([colorPosition.x_pos][[01;31m[K:[m[K]));
[1.527s]       |                                                                   [01;31m[K^[m[K
[1.527s] [01m[K/home/basten/ros2_ws/src/MagangBanyubramanta_Basten-Andika-Salim/Ros2/src/tugas_opencv/src/colorcheck.cpp:151:67:[m[K [01;31m[Kerror: [m[Kexpected ‘[01m[K][m[K’ before ‘[01m[K:[m[K’ token
[1.527s]   151 |                rowR = countNonZero(frameRed([colorPosition.x_pos][[01;31m[K:[m[K]));
[1.527s]       |                                                                   [01;31m[K^[m[K
[1.527s]       |                                                                   [32m[K][m[K
[2.100s] gmake[2]: *** [CMakeFiles/colorcheck.dir/build.make:76: CMakeFiles/colorcheck.dir/src/colorcheck.cpp.o] Error 1
[2.100s] gmake[1]: *** [CMakeFiles/Makefile2:593: CMakeFiles/colorcheck.dir/all] Error 2
[2.100s] gmake: *** [Makefile:146: all] Error 2
[2.102s] Invoked command in '/home/basten/ros2_ws/src/MagangBanyubramanta_Basten-Andika-Salim/Ros2/build/tugas_opencv' returned '2': CMAKE_PREFIX_PATH=${CMAKE_PREFIX_PATH}:/opt/ros/humble /usr/bin/cmake --build /home/basten/ros2_ws/src/MagangBanyubramanta_Basten-Andika-Salim/Ros2/build/tugas_opencv -- -j32 -l32
