[0.012s] Invoking command in '/home/basten/ros2_ws/src/MagangBanyubramanta_Basten-Andika-Salim/src/matlab_msg_gen/glnxa64/build/tugas_yolo_yolocpp': PS1=(venv) VIRTUAL_ENV_PROMPT=(venv) /usr/local/MATLAB/R2023b/bin/glnxa64/cmake/bin/cmake /home/basten/ros2_ws/src/MagangBanyubramanta_Basten-Andika-Salim/src/matlab_msg_gen/glnxa64/src/tugas_yolo_yolocpp -DCMAKE_BUILD_TYPE=Release -DCMAKE_SHARED_LINKER_FLAGS=-Wl,-no-as-needed -DBUILD_TESTING=OFF -DALIAS_ROS2_TF2=1 -DCMAKE_CXX_FLAGS_RELEASE=-O0 -G Ninja -DCMAKE_INSTALL_PREFIX=/home/basten/ros2_ws/src/MagangBanyubramanta_Basten-Andika-Salim/src/matlab_msg_gen/glnxa64/install
[0.044s] -- The C compiler identification is GNU 11.4.0
[0.081s] -- The CXX compiler identification is GNU 11.4.0
[0.087s] -- Detecting C compiler ABI info
[0.112s] -- Detecting C compiler ABI info - done
[0.116s] -- Check for working C compiler: /usr/bin/cc - skipped
[0.116s] -- Detecting C compile features
[0.117s] -- Detecting C compile features - done
[0.119s] -- Detecting CXX compiler ABI info
[0.149s] -- Detecting CXX compiler ABI info - done
[0.154s] -- Check for working CXX compiler: /usr/bin/c++ - skipped
[0.154s] -- Detecting CXX compile features
[0.155s] -- Detecting CXX compile features - done
[0.157s] -- Found ament_cmake: 1.3.3 (/usr/local/MATLAB/R2023b/sys/ros2/glnxa64/ros2/share/ament_cmake/cmake)
[0.552s] -- Found Python3: /home/basten/.matlab/R2023b/ros2/glnxa64/venv/bin/python3.10 (found version "3.10.12") found components: Interpreter 
[0.596s] -- Found ament_cmake_ros: 0.10.0 (/usr/local/MATLAB/R2023b/sys/ros2/glnxa64/ros2/share/ament_cmake_ros/cmake)
[0.596s] -- Found rosidl_typesupport_c: 2.0.0 (/usr/local/MATLAB/R2023b/sys/ros2/glnxa64/ros2/share/rosidl_typesupport_c/cmake)
[0.596s] -- Using all available rosidl_typesupport_c: rosidl_typesupport_fastrtps_c;rosidl_typesupport_introspection_c
[0.599s] -- Found rosidl_adapter: 3.1.4 (/usr/local/MATLAB/R2023b/sys/ros2/glnxa64/ros2/share/rosidl_adapter/cmake)
[0.622s] -- Found rosidl_typesupport_cpp: 2.0.0 (/usr/local/MATLAB/R2023b/sys/ros2/glnxa64/ros2/share/rosidl_typesupport_cpp/cmake)
[0.622s] -- Using all available rosidl_typesupport_cpp: rosidl_typesupport_fastrtps_cpp;rosidl_typesupport_introspection_cpp
[0.640s] -- Found rosidl_default_generators: 1.2.0 (/usr/local/MATLAB/R2023b/sys/ros2/glnxa64/ros2/share/rosidl_default_generators/cmake)
[0.642s] -- Found class_loader: 2.2.0 (/usr/local/MATLAB/R2023b/sys/ros2/glnxa64/ros2/share/class_loader/cmake)
[0.645s] -- Found rclcpp: 16.0.3 (/usr/local/MATLAB/R2023b/sys/ros2/glnxa64/ros2/share/rclcpp/cmake)
[0.691s] -- Found rmw_implementation_cmake: 6.1.1 (/usr/local/MATLAB/R2023b/sys/ros2/glnxa64/ros2/share/rmw_implementation_cmake/cmake)
[0.692s] -- Found rmw_fastrtps_cpp: 6.2.2 (/usr/local/MATLAB/R2023b/sys/ros2/glnxa64/ros2/share/rmw_fastrtps_cpp/cmake)
[0.729s] -- Found FastRTPS: /usr/local/MATLAB/R2023b/sys/ros2/glnxa64/ros2/include  
[0.747s] -- Using RMW implementation 'rmw_fastrtps_cpp' as default
[0.751s] -- Performing Test CMAKE_HAVE_LIBC_PTHREAD
[0.781s] -- Performing Test CMAKE_HAVE_LIBC_PTHREAD - Success
[0.782s] -- Found Threads: TRUE  
[0.975s] -- Using all available rosidl_typesupport_c: rosidl_typesupport_fastrtps_c;rosidl_typesupport_introspection_c
[1.040s] -- Using all available rosidl_typesupport_cpp: rosidl_typesupport_fastrtps_cpp;rosidl_typesupport_introspection_cpp
[1.043s] -- Configuring done
[1.052s] -- Generating done
[1.057s] -- Build files have been written to: /home/basten/ros2_ws/src/MagangBanyubramanta_Basten-Andika-Salim/src/matlab_msg_gen/glnxa64/build/tugas_yolo_yolocpp
[1.063s] Invoked command in '/home/basten/ros2_ws/src/MagangBanyubramanta_Basten-Andika-Salim/src/matlab_msg_gen/glnxa64/build/tugas_yolo_yolocpp' returned '0': PS1=(venv) VIRTUAL_ENV_PROMPT=(venv) /usr/local/MATLAB/R2023b/bin/glnxa64/cmake/bin/cmake /home/basten/ros2_ws/src/MagangBanyubramanta_Basten-Andika-Salim/src/matlab_msg_gen/glnxa64/src/tugas_yolo_yolocpp -DCMAKE_BUILD_TYPE=Release -DCMAKE_SHARED_LINKER_FLAGS=-Wl,-no-as-needed -DBUILD_TESTING=OFF -DALIAS_ROS2_TF2=1 -DCMAKE_CXX_FLAGS_RELEASE=-O0 -G Ninja -DCMAKE_INSTALL_PREFIX=/home/basten/ros2_ws/src/MagangBanyubramanta_Basten-Andika-Salim/src/matlab_msg_gen/glnxa64/install
[1.063s] Invoking command in '/home/basten/ros2_ws/src/MagangBanyubramanta_Basten-Andika-Salim/src/matlab_msg_gen/glnxa64/build/tugas_yolo_yolocpp': PS1=(venv) VIRTUAL_ENV_PROMPT=(venv) /usr/local/MATLAB/R2023b/bin/glnxa64/cmake/bin/cmake --build /home/basten/ros2_ws/src/MagangBanyubramanta_Basten-Andika-Salim/src/matlab_msg_gen/glnxa64/build/tugas_yolo_yolocpp -- -j32 -l32
[1.163s] [1/24] Generating C++ code for ROS interfaces
[1.164s] [2/24] Generating C code for ROS interfaces
[1.205s] [3/24] Building C object CMakeFiles/tugas_yolo_yolocpp__rosidl_generator_c.dir/rosidl_generator_c/tugas_yolo_yolocpp/msg/detail/seen__functions.c.o
[1.216s] [4/24] Linking C shared library libtugas_yolo_yolocpp__rosidl_generator_c.so
[1.250s] [5/24] Generating C++ type support dispatch for ROS interfaces
[1.254s] [6/24] Generating C++ introspection for ROS interfaces
[1.258s] [7/24] Generating C++ type support for eProsima Fast-RTPS
[1.306s] [8/24] Generating C type support dispatch for ROS interfaces
[1.312s] [9/24] Generating C introspection for ROS interfaces
[1.315s] [10/24] Generating C type support for eProsima Fast-RTPS
[1.318s] [11/24] Building CXX object CMakeFiles/tugas_yolo_yolocpp__rosidl_typesupport_c.dir/rosidl_typesupport_c/tugas_yolo_yolocpp/msg/seen__type_support.cpp.o
[1.327s] [12/24] Building C object CMakeFiles/tugas_yolo_yolocpp__rosidl_typesupport_introspection_c.dir/rosidl_typesupport_introspection_c/tugas_yolo_yolocpp/msg/detail/seen__type_support.c.o
[1.337s] [13/24] Linking C shared library libtugas_yolo_yolocpp__rosidl_typesupport_introspection_c.so
[1.345s] [14/24] Linking CXX shared library libtugas_yolo_yolocpp__rosidl_typesupport_c.so
[1.366s] [15/24] Building CXX object CMakeFiles/tugas_yolo_yolocpp__rosidl_typesupport_cpp.dir/rosidl_typesupport_cpp/tugas_yolo_yolocpp/msg/seen__type_support.cpp.o
[1.394s] [16/24] Linking CXX shared library libtugas_yolo_yolocpp__rosidl_typesupport_cpp.so
[1.410s] [17/24] Building CXX object CMakeFiles/tugas_yolo_yolocpp__rosidl_typesupport_introspection_cpp.dir/rosidl_typesupport_introspection_cpp/tugas_yolo_yolocpp/msg/detail/seen__type_support.cpp.o
[1.421s] [18/24] Building CXX object CMakeFiles/tugas_yolo_yolocpp__rosidl_typesupport_fastrtps_cpp.dir/rosidl_typesupport_fastrtps_cpp/tugas_yolo_yolocpp/msg/detail/dds_fastrtps/seen__type_support.cpp.o
[1.438s] [19/24] Linking CXX shared library libtugas_yolo_yolocpp__rosidl_typesupport_introspection_cpp.so
[1.450s] [20/24] Linking CXX shared library libtugas_yolo_yolocpp__rosidl_typesupport_fastrtps_cpp.so
[1.453s] [21/24] Building CXX object CMakeFiles/tugas_yolo_yolocpp__rosidl_typesupport_fastrtps_c.dir/rosidl_typesupport_fastrtps_c/tugas_yolo_yolocpp/msg/detail/seen__type_support_c.cpp.o
[1.480s] [22/24] Linking CXX shared library libtugas_yolo_yolocpp__rosidl_typesupport_fastrtps_c.so
[5.296s] [23/24] Building CXX object CMakeFiles/tugas_yolo_yolocpp_matlab.dir/src/tugas_yolo_yolocpp_Seen_message.cpp.o
[5.508s] [24/24] Linking CXX shared library libtugas_yolo_yolocpp_matlab.so
[5.510s] Invoked command in '/home/basten/ros2_ws/src/MagangBanyubramanta_Basten-Andika-Salim/src/matlab_msg_gen/glnxa64/build/tugas_yolo_yolocpp' returned '0': PS1=(venv) VIRTUAL_ENV_PROMPT=(venv) /usr/local/MATLAB/R2023b/bin/glnxa64/cmake/bin/cmake --build /home/basten/ros2_ws/src/MagangBanyubramanta_Basten-Andika-Salim/src/matlab_msg_gen/glnxa64/build/tugas_yolo_yolocpp -- -j32 -l32
[5.517s] Invoking command in '/home/basten/ros2_ws/src/MagangBanyubramanta_Basten-Andika-Salim/src/matlab_msg_gen/glnxa64/build/tugas_yolo_yolocpp': PS1=(venv) VIRTUAL_ENV_PROMPT=(venv) /usr/local/MATLAB/R2023b/bin/glnxa64/cmake/bin/cmake --install /home/basten/ros2_ws/src/MagangBanyubramanta_Basten-Andika-Salim/src/matlab_msg_gen/glnxa64/build/tugas_yolo_yolocpp
[5.518s] -- Install configuration: "Release"
[5.518s] -- Installing: /home/basten/ros2_ws/src/MagangBanyubramanta_Basten-Andika-Salim/src/matlab_msg_gen/glnxa64/install/share/ament_index/resource_index/rosidl_interfaces/tugas_yolo_yolocpp
[5.518s] -- Installing: /home/basten/ros2_ws/src/MagangBanyubramanta_Basten-Andika-Salim/src/matlab_msg_gen/glnxa64/install/include/tugas_yolo_yolocpp/tugas_yolo_yolocpp
[5.518s] -- Installing: /home/basten/ros2_ws/src/MagangBanyubramanta_Basten-Andika-Salim/src/matlab_msg_gen/glnxa64/install/include/tugas_yolo_yolocpp/tugas_yolo_yolocpp/msg
[5.519s] -- Installing: /home/basten/ros2_ws/src/MagangBanyubramanta_Basten-Andika-Salim/src/matlab_msg_gen/glnxa64/install/include/tugas_yolo_yolocpp/tugas_yolo_yolocpp/msg/rosidl_generator_c__visibility_control.h
[5.519s] -- Installing: /home/basten/ros2_ws/src/MagangBanyubramanta_Basten-Andika-Salim/src/matlab_msg_gen/glnxa64/install/include/tugas_yolo_yolocpp/tugas_yolo_yolocpp/msg/seen.h
[5.519s] -- Installing: /home/basten/ros2_ws/src/MagangBanyubramanta_Basten-Andika-Salim/src/matlab_msg_gen/glnxa64/install/include/tugas_yolo_yolocpp/tugas_yolo_yolocpp/msg/detail
[5.519s] -- Installing: /home/basten/ros2_ws/src/MagangBanyubramanta_Basten-Andika-Salim/src/matlab_msg_gen/glnxa64/install/include/tugas_yolo_yolocpp/tugas_yolo_yolocpp/msg/detail/seen__functions.c
[5.519s] -- Installing: /home/basten/ros2_ws/src/MagangBanyubramanta_Basten-Andika-Salim/src/matlab_msg_gen/glnxa64/install/include/tugas_yolo_yolocpp/tugas_yolo_yolocpp/msg/detail/seen__functions.h
[5.519s] -- Installing: /home/basten/ros2_ws/src/MagangBanyubramanta_Basten-Andika-Salim/src/matlab_msg_gen/glnxa64/install/include/tugas_yolo_yolocpp/tugas_yolo_yolocpp/msg/detail/seen__struct.h
[5.519s] -- Installing: /home/basten/ros2_ws/src/MagangBanyubramanta_Basten-Andika-Salim/src/matlab_msg_gen/glnxa64/install/include/tugas_yolo_yolocpp/tugas_yolo_yolocpp/msg/detail/seen__type_support.h
[5.519s] -- Installing: /home/basten/ros2_ws/src/MagangBanyubramanta_Basten-Andika-Salim/src/matlab_msg_gen/glnxa64/install/share/tugas_yolo_yolocpp/environment/library_path.sh
[5.519s] -- Installing: /home/basten/ros2_ws/src/MagangBanyubramanta_Basten-Andika-Salim/src/matlab_msg_gen/glnxa64/install/share/tugas_yolo_yolocpp/environment/library_path.dsv
[5.519s] -- Installing: /home/basten/ros2_ws/src/MagangBanyubramanta_Basten-Andika-Salim/src/matlab_msg_gen/glnxa64/install/lib/libtugas_yolo_yolocpp__rosidl_generator_c.so
[5.519s] -- Up-to-date: /home/basten/ros2_ws/src/MagangBanyubramanta_Basten-Andika-Salim/src/matlab_msg_gen/glnxa64/install/include/tugas_yolo_yolocpp/tugas_yolo_yolocpp
[5.519s] -- Up-to-date: /home/basten/ros2_ws/src/MagangBanyubramanta_Basten-Andika-Salim/src/matlab_msg_gen/glnxa64/install/include/tugas_yolo_yolocpp/tugas_yolo_yolocpp/msg
[5.519s] -- Installing: /home/basten/ros2_ws/src/MagangBanyubramanta_Basten-Andika-Salim/src/matlab_msg_gen/glnxa64/install/include/tugas_yolo_yolocpp/tugas_yolo_yolocpp/msg/rosidl_typesupport_fastrtps_c__visibility_control.h
[5.519s] -- Up-to-date: /home/basten/ros2_ws/src/MagangBanyubramanta_Basten-Andika-Salim/src/matlab_msg_gen/glnxa64/install/include/tugas_yolo_yolocpp/tugas_yolo_yolocpp/msg/detail
[5.519s] -- Installing: /home/basten/ros2_ws/src/MagangBanyubramanta_Basten-Andika-Salim/src/matlab_msg_gen/glnxa64/install/include/tugas_yolo_yolocpp/tugas_yolo_yolocpp/msg/detail/seen__rosidl_typesupport_fastrtps_c.h
[5.519s] -- Installing: /home/basten/ros2_ws/src/MagangBanyubramanta_Basten-Andika-Salim/src/matlab_msg_gen/glnxa64/install/lib/libtugas_yolo_yolocpp__rosidl_typesupport_fastrtps_c.so
[5.519s] -- Up-to-date: /home/basten/ros2_ws/src/MagangBanyubramanta_Basten-Andika-Salim/src/matlab_msg_gen/glnxa64/install/include/tugas_yolo_yolocpp/tugas_yolo_yolocpp
[5.519s] -- Up-to-date: /home/basten/ros2_ws/src/MagangBanyubramanta_Basten-Andika-Salim/src/matlab_msg_gen/glnxa64/install/include/tugas_yolo_yolocpp/tugas_yolo_yolocpp/msg
[5.519s] -- Installing: /home/basten/ros2_ws/src/MagangBanyubramanta_Basten-Andika-Salim/src/matlab_msg_gen/glnxa64/install/include/tugas_yolo_yolocpp/tugas_yolo_yolocpp/msg/rosidl_typesupport_introspection_c__visibility_control.h
[5.519s] -- Up-to-date: /home/basten/ros2_ws/src/MagangBanyubramanta_Basten-Andika-Salim/src/matlab_msg_gen/glnxa64/install/include/tugas_yolo_yolocpp/tugas_yolo_yolocpp/msg/detail
[5.520s] -- Installing: /home/basten/ros2_ws/src/MagangBanyubramanta_Basten-Andika-Salim/src/matlab_msg_gen/glnxa64/install/include/tugas_yolo_yolocpp/tugas_yolo_yolocpp/msg/detail/seen__type_support.c
[5.520s] -- Installing: /home/basten/ros2_ws/src/MagangBanyubramanta_Basten-Andika-Salim/src/matlab_msg_gen/glnxa64/install/include/tugas_yolo_yolocpp/tugas_yolo_yolocpp/msg/detail/seen__rosidl_typesupport_introspection_c.h
[5.520s] -- Installing: /home/basten/ros2_ws/src/MagangBanyubramanta_Basten-Andika-Salim/src/matlab_msg_gen/glnxa64/install/lib/libtugas_yolo_yolocpp__rosidl_typesupport_introspection_c.so
[5.520s] -- Installing: /home/basten/ros2_ws/src/MagangBanyubramanta_Basten-Andika-Salim/src/matlab_msg_gen/glnxa64/install/lib/libtugas_yolo_yolocpp__rosidl_typesupport_c.so
[5.520s] -- Up-to-date: /home/basten/ros2_ws/src/MagangBanyubramanta_Basten-Andika-Salim/src/matlab_msg_gen/glnxa64/install/include/tugas_yolo_yolocpp/tugas_yolo_yolocpp
[5.520s] -- Up-to-date: /home/basten/ros2_ws/src/MagangBanyubramanta_Basten-Andika-Salim/src/matlab_msg_gen/glnxa64/install/include/tugas_yolo_yolocpp/tugas_yolo_yolocpp/msg
[5.520s] -- Installing: /home/basten/ros2_ws/src/MagangBanyubramanta_Basten-Andika-Salim/src/matlab_msg_gen/glnxa64/install/include/tugas_yolo_yolocpp/tugas_yolo_yolocpp/msg/seen.hpp
[5.520s] -- Up-to-date: /home/basten/ros2_ws/src/MagangBanyubramanta_Basten-Andika-Salim/src/matlab_msg_gen/glnxa64/install/include/tugas_yolo_yolocpp/tugas_yolo_yolocpp/msg/detail
[5.520s] -- Installing: /home/basten/ros2_ws/src/MagangBanyubramanta_Basten-Andika-Salim/src/matlab_msg_gen/glnxa64/install/include/tugas_yolo_yolocpp/tugas_yolo_yolocpp/msg/detail/seen__builder.hpp
[5.520s] -- Installing: /home/basten/ros2_ws/src/MagangBanyubramanta_Basten-Andika-Salim/src/matlab_msg_gen/glnxa64/install/include/tugas_yolo_yolocpp/tugas_yolo_yolocpp/msg/detail/seen__traits.hpp
[5.520s] -- Installing: /home/basten/ros2_ws/src/MagangBanyubramanta_Basten-Andika-Salim/src/matlab_msg_gen/glnxa64/install/include/tugas_yolo_yolocpp/tugas_yolo_yolocpp/msg/detail/seen__struct.hpp
[5.520s] -- Up-to-date: /home/basten/ros2_ws/src/MagangBanyubramanta_Basten-Andika-Salim/src/matlab_msg_gen/glnxa64/install/include/tugas_yolo_yolocpp/tugas_yolo_yolocpp
[5.520s] -- Up-to-date: /home/basten/ros2_ws/src/MagangBanyubramanta_Basten-Andika-Salim/src/matlab_msg_gen/glnxa64/install/include/tugas_yolo_yolocpp/tugas_yolo_yolocpp/msg
[5.520s] -- Installing: /home/basten/ros2_ws/src/MagangBanyubramanta_Basten-Andika-Salim/src/matlab_msg_gen/glnxa64/install/include/tugas_yolo_yolocpp/tugas_yolo_yolocpp/msg/rosidl_typesupport_fastrtps_cpp__visibility_control.h
[5.520s] -- Up-to-date: /home/basten/ros2_ws/src/MagangBanyubramanta_Basten-Andika-Salim/src/matlab_msg_gen/glnxa64/install/include/tugas_yolo_yolocpp/tugas_yolo_yolocpp/msg/detail
[5.520s] -- Installing: /home/basten/ros2_ws/src/MagangBanyubramanta_Basten-Andika-Salim/src/matlab_msg_gen/glnxa64/install/include/tugas_yolo_yolocpp/tugas_yolo_yolocpp/msg/detail/dds_fastrtps
[5.520s] -- Installing: /home/basten/ros2_ws/src/MagangBanyubramanta_Basten-Andika-Salim/src/matlab_msg_gen/glnxa64/install/include/tugas_yolo_yolocpp/tugas_yolo_yolocpp/msg/detail/seen__rosidl_typesupport_fastrtps_cpp.hpp
[5.520s] -- Installing: /home/basten/ros2_ws/src/MagangBanyubramanta_Basten-Andika-Salim/src/matlab_msg_gen/glnxa64/install/lib/libtugas_yolo_yolocpp__rosidl_typesupport_fastrtps_cpp.so
[5.520s] -- Up-to-date: /home/basten/ros2_ws/src/MagangBanyubramanta_Basten-Andika-Salim/src/matlab_msg_gen/glnxa64/install/include/tugas_yolo_yolocpp/tugas_yolo_yolocpp
[5.520s] -- Up-to-date: /home/basten/ros2_ws/src/MagangBanyubramanta_Basten-Andika-Salim/src/matlab_msg_gen/glnxa64/install/include/tugas_yolo_yolocpp/tugas_yolo_yolocpp/msg
[5.520s] -- Up-to-date: /home/basten/ros2_ws/src/MagangBanyubramanta_Basten-Andika-Salim/src/matlab_msg_gen/glnxa64/install/include/tugas_yolo_yolocpp/tugas_yolo_yolocpp/msg/detail
[5.520s] -- Installing: /home/basten/ros2_ws/src/MagangBanyubramanta_Basten-Andika-Salim/src/matlab_msg_gen/glnxa64/install/include/tugas_yolo_yolocpp/tugas_yolo_yolocpp/msg/detail/seen__rosidl_typesupport_introspection_cpp.hpp
[5.520s] -- Installing: /home/basten/ros2_ws/src/MagangBanyubramanta_Basten-Andika-Salim/src/matlab_msg_gen/glnxa64/install/include/tugas_yolo_yolocpp/tugas_yolo_yolocpp/msg/detail/seen__type_support.cpp
[5.520s] -- Installing: /home/basten/ros2_ws/src/MagangBanyubramanta_Basten-Andika-Salim/src/matlab_msg_gen/glnxa64/install/lib/libtugas_yolo_yolocpp__rosidl_typesupport_introspection_cpp.so
[5.520s] -- Installing: /home/basten/ros2_ws/src/MagangBanyubramanta_Basten-Andika-Salim/src/matlab_msg_gen/glnxa64/install/lib/libtugas_yolo_yolocpp__rosidl_typesupport_cpp.so
[5.520s] -- Installing: /home/basten/ros2_ws/src/MagangBanyubramanta_Basten-Andika-Salim/src/matlab_msg_gen/glnxa64/install/share/tugas_yolo_yolocpp/msg/Seen.idl
[5.520s] -- Installing: /home/basten/ros2_ws/src/MagangBanyubramanta_Basten-Andika-Salim/src/matlab_msg_gen/glnxa64/install/share/tugas_yolo_yolocpp/msg/Seen.msg
[5.520s] -- Up-to-date: /home/basten/ros2_ws/src/MagangBanyubramanta_Basten-Andika-Salim/src/matlab_msg_gen/glnxa64/install/include
[5.520s] -- Up-to-date: /home/basten/ros2_ws/src/MagangBanyubramanta_Basten-Andika-Salim/src/matlab_msg_gen/glnxa64/install/include/tugas_yolo_yolocpp
[5.520s] -- Installing: /home/basten/ros2_ws/src/MagangBanyubramanta_Basten-Andika-Salim/src/matlab_msg_gen/glnxa64/install/include/tugas_yolo_yolocpp/visibility_control.h
[5.520s] -- Installing: /home/basten/ros2_ws/src/MagangBanyubramanta_Basten-Andika-Salim/src/matlab_msg_gen/glnxa64/install/lib/libtugas_yolo_yolocpp_matlab.so
[5.523s] -- Up-to-date: /home/basten/ros2_ws/src/MagangBanyubramanta_Basten-Andika-Salim/src/matlab_msg_gen/glnxa64/install/m/
[5.523s] -- Up-to-date: /home/basten/ros2_ws/src/MagangBanyubramanta_Basten-Andika-Salim/src/matlab_msg_gen/glnxa64/install/m//+ros
[5.524s] -- Up-to-date: /home/basten/ros2_ws/src/MagangBanyubramanta_Basten-Andika-Salim/src/matlab_msg_gen/glnxa64/install/m//+ros/+internal
[5.524s] -- Up-to-date: /home/basten/ros2_ws/src/MagangBanyubramanta_Basten-Andika-Salim/src/matlab_msg_gen/glnxa64/install/m//+ros/+internal/+ros2
[5.524s] -- Up-to-date: /home/basten/ros2_ws/src/MagangBanyubramanta_Basten-Andika-Salim/src/matlab_msg_gen/glnxa64/install/m//+ros/+internal/+ros2/+custommessages
[5.524s] -- Installing: /home/basten/ros2_ws/src/MagangBanyubramanta_Basten-Andika-Salim/src/matlab_msg_gen/glnxa64/install/m//+ros/+internal/+ros2/+custommessages/+tugas_yolo_yolocpp
[5.524s] -- Installing: /home/basten/ros2_ws/src/MagangBanyubramanta_Basten-Andika-Salim/src/matlab_msg_gen/glnxa64/install/m//+ros/+internal/+ros2/+custommessages/+tugas_yolo_yolocpp/seen.m
[5.524s] -- Installing: /home/basten/ros2_ws/src/MagangBanyubramanta_Basten-Andika-Salim/src/matlab_msg_gen/glnxa64/install/m//+ros/+internal/+ros2/+custommessages/+tugas_yolo_yolocpp/tugas_yolo_yolocpp_msg_Seen_1To2_Converter.m
[5.524s] -- Installing: /home/basten/ros2_ws/src/MagangBanyubramanta_Basten-Andika-Salim/src/matlab_msg_gen/glnxa64/install/m//+ros/+internal/+ros2/+custommessages/+tugas_yolo_yolocpp/tugas_yolo_yolocpp_msg_Seen_2To1_Converter.m
[5.524s] -- Installing: /home/basten/ros2_ws/src/MagangBanyubramanta_Basten-Andika-Salim/src/matlab_msg_gen/glnxa64/install/share/ament_index/resource_index/package_run_dependencies/tugas_yolo_yolocpp
[5.524s] -- Installing: /home/basten/ros2_ws/src/MagangBanyubramanta_Basten-Andika-Salim/src/matlab_msg_gen/glnxa64/install/share/ament_index/resource_index/parent_prefix_path/tugas_yolo_yolocpp
[5.524s] -- Installing: /home/basten/ros2_ws/src/MagangBanyubramanta_Basten-Andika-Salim/src/matlab_msg_gen/glnxa64/install/share/tugas_yolo_yolocpp/environment/ament_prefix_path.sh
[5.524s] -- Installing: /home/basten/ros2_ws/src/MagangBanyubramanta_Basten-Andika-Salim/src/matlab_msg_gen/glnxa64/install/share/tugas_yolo_yolocpp/environment/ament_prefix_path.dsv
[5.524s] -- Installing: /home/basten/ros2_ws/src/MagangBanyubramanta_Basten-Andika-Salim/src/matlab_msg_gen/glnxa64/install/share/tugas_yolo_yolocpp/environment/path.sh
[5.524s] -- Installing: /home/basten/ros2_ws/src/MagangBanyubramanta_Basten-Andika-Salim/src/matlab_msg_gen/glnxa64/install/share/tugas_yolo_yolocpp/environment/path.dsv
[5.524s] -- Installing: /home/basten/ros2_ws/src/MagangBanyubramanta_Basten-Andika-Salim/src/matlab_msg_gen/glnxa64/install/share/tugas_yolo_yolocpp/local_setup.bash
[5.524s] -- Installing: /home/basten/ros2_ws/src/MagangBanyubramanta_Basten-Andika-Salim/src/matlab_msg_gen/glnxa64/install/share/tugas_yolo_yolocpp/local_setup.sh
[5.524s] -- Installing: /home/basten/ros2_ws/src/MagangBanyubramanta_Basten-Andika-Salim/src/matlab_msg_gen/glnxa64/install/share/tugas_yolo_yolocpp/local_setup.zsh
[5.524s] -- Installing: /home/basten/ros2_ws/src/MagangBanyubramanta_Basten-Andika-Salim/src/matlab_msg_gen/glnxa64/install/share/tugas_yolo_yolocpp/local_setup.dsv
[5.524s] -- Installing: /home/basten/ros2_ws/src/MagangBanyubramanta_Basten-Andika-Salim/src/matlab_msg_gen/glnxa64/install/share/tugas_yolo_yolocpp/package.dsv
[5.524s] -- Installing: /home/basten/ros2_ws/src/MagangBanyubramanta_Basten-Andika-Salim/src/matlab_msg_gen/glnxa64/install/share/ament_index/resource_index/packages/tugas_yolo_yolocpp
[5.524s] -- Installing: /home/basten/ros2_ws/src/MagangBanyubramanta_Basten-Andika-Salim/src/matlab_msg_gen/glnxa64/install/share/tugas_yolo_yolocpp/cmake/export_tugas_yolo_yolocpp__rosidl_generator_cExport.cmake
[5.524s] -- Installing: /home/basten/ros2_ws/src/MagangBanyubramanta_Basten-Andika-Salim/src/matlab_msg_gen/glnxa64/install/share/tugas_yolo_yolocpp/cmake/export_tugas_yolo_yolocpp__rosidl_generator_cExport-release.cmake
[5.524s] -- Installing: /home/basten/ros2_ws/src/MagangBanyubramanta_Basten-Andika-Salim/src/matlab_msg_gen/glnxa64/install/share/tugas_yolo_yolocpp/cmake/export_tugas_yolo_yolocpp__rosidl_typesupport_fastrtps_cExport.cmake
[5.524s] -- Installing: /home/basten/ros2_ws/src/MagangBanyubramanta_Basten-Andika-Salim/src/matlab_msg_gen/glnxa64/install/share/tugas_yolo_yolocpp/cmake/export_tugas_yolo_yolocpp__rosidl_typesupport_fastrtps_cExport-release.cmake
[5.524s] -- Installing: /home/basten/ros2_ws/src/MagangBanyubramanta_Basten-Andika-Salim/src/matlab_msg_gen/glnxa64/install/share/tugas_yolo_yolocpp/cmake/tugas_yolo_yolocpp__rosidl_typesupport_introspection_cExport.cmake
[5.524s] -- Installing: /home/basten/ros2_ws/src/MagangBanyubramanta_Basten-Andika-Salim/src/matlab_msg_gen/glnxa64/install/share/tugas_yolo_yolocpp/cmake/tugas_yolo_yolocpp__rosidl_typesupport_introspection_cExport-release.cmake
[5.524s] -- Installing: /home/basten/ros2_ws/src/MagangBanyubramanta_Basten-Andika-Salim/src/matlab_msg_gen/glnxa64/install/share/tugas_yolo_yolocpp/cmake/tugas_yolo_yolocpp__rosidl_typesupport_cExport.cmake
[5.524s] -- Installing: /home/basten/ros2_ws/src/MagangBanyubramanta_Basten-Andika-Salim/src/matlab_msg_gen/glnxa64/install/share/tugas_yolo_yolocpp/cmake/tugas_yolo_yolocpp__rosidl_typesupport_cExport-release.cmake
[5.524s] -- Installing: /home/basten/ros2_ws/src/MagangBanyubramanta_Basten-Andika-Salim/src/matlab_msg_gen/glnxa64/install/share/tugas_yolo_yolocpp/cmake/export_tugas_yolo_yolocpp__rosidl_generator_cppExport.cmake
[5.524s] -- Installing: /home/basten/ros2_ws/src/MagangBanyubramanta_Basten-Andika-Salim/src/matlab_msg_gen/glnxa64/install/share/tugas_yolo_yolocpp/cmake/export_tugas_yolo_yolocpp__rosidl_typesupport_fastrtps_cppExport.cmake
[5.524s] -- Installing: /home/basten/ros2_ws/src/MagangBanyubramanta_Basten-Andika-Salim/src/matlab_msg_gen/glnxa64/install/share/tugas_yolo_yolocpp/cmake/export_tugas_yolo_yolocpp__rosidl_typesupport_fastrtps_cppExport-release.cmake
[5.524s] -- Installing: /home/basten/ros2_ws/src/MagangBanyubramanta_Basten-Andika-Salim/src/matlab_msg_gen/glnxa64/install/share/tugas_yolo_yolocpp/cmake/tugas_yolo_yolocpp__rosidl_typesupport_introspection_cppExport.cmake
[5.524s] -- Installing: /home/basten/ros2_ws/src/MagangBanyubramanta_Basten-Andika-Salim/src/matlab_msg_gen/glnxa64/install/share/tugas_yolo_yolocpp/cmake/tugas_yolo_yolocpp__rosidl_typesupport_introspection_cppExport-release.cmake
[5.524s] -- Installing: /home/basten/ros2_ws/src/MagangBanyubramanta_Basten-Andika-Salim/src/matlab_msg_gen/glnxa64/install/share/tugas_yolo_yolocpp/cmake/tugas_yolo_yolocpp__rosidl_typesupport_cppExport.cmake
[5.524s] -- Installing: /home/basten/ros2_ws/src/MagangBanyubramanta_Basten-Andika-Salim/src/matlab_msg_gen/glnxa64/install/share/tugas_yolo_yolocpp/cmake/tugas_yolo_yolocpp__rosidl_typesupport_cppExport-release.cmake
[5.525s] -- Installing: /home/basten/ros2_ws/src/MagangBanyubramanta_Basten-Andika-Salim/src/matlab_msg_gen/glnxa64/install/share/tugas_yolo_yolocpp/cmake/rosidl_cmake-extras.cmake
[5.525s] -- Installing: /home/basten/ros2_ws/src/MagangBanyubramanta_Basten-Andika-Salim/src/matlab_msg_gen/glnxa64/install/share/tugas_yolo_yolocpp/cmake/ament_cmake_export_include_directories-extras.cmake
[5.525s] -- Installing: /home/basten/ros2_ws/src/MagangBanyubramanta_Basten-Andika-Salim/src/matlab_msg_gen/glnxa64/install/share/tugas_yolo_yolocpp/cmake/ament_cmake_export_libraries-extras.cmake
[5.525s] -- Installing: /home/basten/ros2_ws/src/MagangBanyubramanta_Basten-Andika-Salim/src/matlab_msg_gen/glnxa64/install/share/tugas_yolo_yolocpp/cmake/ament_cmake_export_targets-extras.cmake
[5.525s] -- Installing: /home/basten/ros2_ws/src/MagangBanyubramanta_Basten-Andika-Salim/src/matlab_msg_gen/glnxa64/install/share/tugas_yolo_yolocpp/cmake/rosidl_cmake_export_typesupport_targets-extras.cmake
[5.525s] -- Installing: /home/basten/ros2_ws/src/MagangBanyubramanta_Basten-Andika-Salim/src/matlab_msg_gen/glnxa64/install/share/tugas_yolo_yolocpp/cmake/ament_cmake_export_dependencies-extras.cmake
[5.525s] -- Installing: /home/basten/ros2_ws/src/MagangBanyubramanta_Basten-Andika-Salim/src/matlab_msg_gen/glnxa64/install/share/tugas_yolo_yolocpp/cmake/rosidl_cmake_export_typesupport_libraries-extras.cmake
[5.525s] -- Installing: /home/basten/ros2_ws/src/MagangBanyubramanta_Basten-Andika-Salim/src/matlab_msg_gen/glnxa64/install/share/tugas_yolo_yolocpp/cmake/tugas_yolo_yolocppConfig.cmake
[5.525s] -- Installing: /home/basten/ros2_ws/src/MagangBanyubramanta_Basten-Andika-Salim/src/matlab_msg_gen/glnxa64/install/share/tugas_yolo_yolocpp/cmake/tugas_yolo_yolocppConfig-version.cmake
[5.525s] -- Installing: /home/basten/ros2_ws/src/MagangBanyubramanta_Basten-Andika-Salim/src/matlab_msg_gen/glnxa64/install/share/tugas_yolo_yolocpp/package.xml
[5.529s] Invoked command in '/home/basten/ros2_ws/src/MagangBanyubramanta_Basten-Andika-Salim/src/matlab_msg_gen/glnxa64/build/tugas_yolo_yolocpp' returned '0': PS1=(venv) VIRTUAL_ENV_PROMPT=(venv) /usr/local/MATLAB/R2023b/bin/glnxa64/cmake/bin/cmake --install /home/basten/ros2_ws/src/MagangBanyubramanta_Basten-Andika-Salim/src/matlab_msg_gen/glnxa64/build/tugas_yolo_yolocpp
