[0.023s] Invoking command in '/home/basten/ros2_ws/src/MagangBanyubramanta_Basten-Andika-Salim/src/build/xbox': CMAKE_PREFIX_PATH=${CMAKE_PREFIX_PATH}:/opt/ros/humble /usr/bin/cmake /home/basten/ros2_ws/src/MagangBanyubramanta_Basten-Andika-Salim/src/tugas_joy/xbox -DCMAKE_INSTALL_PREFIX=/home/basten/ros2_ws/src/MagangBanyubramanta_Basten-Andika-Salim/src/install/xbox
[0.049s] -- The C compiler identification is GNU 11.4.0
[0.078s] -- The CXX compiler identification is GNU 11.4.0
[0.081s] -- Detecting C compiler ABI info
[0.127s] -- Detecting C compiler ABI info - done
[0.134s] -- Check for working C compiler: /usr/bin/cc - skipped
[0.134s] -- Detecting C compile features
[0.135s] -- Detecting C compile features - done
[0.137s] -- Detecting CXX compiler ABI info
[0.180s] -- Detecting CXX compiler ABI info - done
[0.184s] -- Check for working CXX compiler: /usr/bin/c++ - skipped
[0.185s] -- Detecting CXX compile features
[0.185s] -- Detecting CXX compile features - done
[0.186s] -- Found ament_cmake: 1.3.7 (/opt/ros/humble/share/ament_cmake/cmake)
[0.264s] -- Found Python3: /usr/bin/python3.10 (found version "3.10.12") found components: Interpreter 
[0.310s] -- Found sensor_msgs: 4.2.3 (/opt/ros/humble/share/sensor_msgs/cmake)
[0.326s] -- Found rosidl_generator_c: 3.1.5 (/opt/ros/humble/share/rosidl_generator_c/cmake)
[0.328s] -- Found rosidl_adapter: 3.1.5 (/opt/ros/humble/share/rosidl_adapter/cmake)
[0.331s] -- Found rosidl_generator_cpp: 3.1.5 (/opt/ros/humble/share/rosidl_generator_cpp/cmake)
[0.337s] -- Using all available rosidl_typesupport_c: rosidl_typesupport_fastrtps_c;rosidl_typesupport_introspection_c
[0.345s] -- Using all available rosidl_typesupport_cpp: rosidl_typesupport_fastrtps_cpp;rosidl_typesupport_introspection_cpp
[0.449s] -- Found rclcpp: 16.0.8 (/opt/ros/humble/share/rclcpp/cmake)
[0.475s] -- Found rmw_implementation_cmake: 6.1.1 (/opt/ros/humble/share/rmw_implementation_cmake/cmake)
[0.476s] -- Found rmw_fastrtps_cpp: 6.2.6 (/opt/ros/humble/share/rmw_fastrtps_cpp/cmake)
[0.522s] -- Found OpenSSL: /usr/lib/x86_64-linux-gnu/libcrypto.so (found version "3.0.2")  
[0.537s] -- Found FastRTPS: /opt/ros/humble/include  
[0.559s] -- Using RMW implementation 'rmw_fastrtps_cpp' as default
[0.562s] -- Looking for pthread.h
[0.596s] -- Looking for pthread.h - found
[0.596s] -- Performing Test CMAKE_HAVE_LIBC_PTHREAD
[0.629s] -- Performing Test CMAKE_HAVE_LIBC_PTHREAD - Success
[0.630s] -- Found Threads: TRUE  
[0.698s] -- Found rosidl_default_generators: 1.2.0 (/opt/ros/humble/share/rosidl_default_generators/cmake)
[0.812s] -- Found ament_cmake_ros: 0.10.0 (/opt/ros/humble/share/ament_cmake_ros/cmake)
[0.947s] -- Using all available rosidl_typesupport_c: rosidl_typesupport_fastrtps_c;rosidl_typesupport_introspection_c
[1.000s] -- Using all available rosidl_typesupport_cpp: rosidl_typesupport_fastrtps_cpp;rosidl_typesupport_introspection_cpp
[1.011s] -- Found PythonInterp: /usr/bin/python3 (found suitable version "3.10.12", minimum required is "3.6") 
[1.011s] -- Found python_cmake_module: 0.10.0 (/opt/ros/humble/share/python_cmake_module/cmake)
[1.024s] -- Found PythonLibs: /usr/lib/x86_64-linux-gnu/libpython3.10.so (found suitable version "3.10.12", minimum required is "3.5") 
[1.024s] -- Using PYTHON_EXECUTABLE: /usr/bin/python3
[1.024s] -- Using PYTHON_INCLUDE_DIRS: /usr/include/python3.10
[1.024s] -- Using PYTHON_LIBRARIES: /usr/lib/x86_64-linux-gnu/libpython3.10.so
[1.034s] -- Found PythonExtra: .so  
[1.052s] -- Found ament_lint_auto: 0.12.10 (/opt/ros/humble/share/ament_lint_auto/cmake)
[1.082s] -- Added test 'cppcheck' to perform static code analysis on C / C++ code
[1.082s] -- Configured cppcheck include dirs: 
[1.082s] -- Configured cppcheck exclude dirs and/or files: 
[1.084s] -- Added test 'flake8' to check Python code syntax and style conventions
[1.086s] -- Added test 'lint_cmake' to check CMake code style
[1.088s] -- Added test 'pep257' to check Python code against some of the docstring style conventions in PEP 257
[1.097s] -- Added test 'uncrustify' to check C / C++ code style
[1.097s] -- Configured uncrustify additional arguments: 
[1.099s] -- Added test 'xmllint' to check XML markup files
[1.100s] -- Configuring done
[1.114s] -- Generating done
[1.115s] -- Build files have been written to: /home/basten/ros2_ws/src/MagangBanyubramanta_Basten-Andika-Salim/src/build/xbox
[1.121s] Invoked command in '/home/basten/ros2_ws/src/MagangBanyubramanta_Basten-Andika-Salim/src/build/xbox' returned '0': CMAKE_PREFIX_PATH=${CMAKE_PREFIX_PATH}:/opt/ros/humble /usr/bin/cmake /home/basten/ros2_ws/src/MagangBanyubramanta_Basten-Andika-Salim/src/tugas_joy/xbox -DCMAKE_INSTALL_PREFIX=/home/basten/ros2_ws/src/MagangBanyubramanta_Basten-Andika-Salim/src/install/xbox
[1.122s] Invoking command in '/home/basten/ros2_ws/src/MagangBanyubramanta_Basten-Andika-Salim/src/build/xbox': CMAKE_PREFIX_PATH=${CMAKE_PREFIX_PATH}:/opt/ros/humble /usr/bin/cmake --build /home/basten/ros2_ws/src/MagangBanyubramanta_Basten-Andika-Salim/src/build/xbox -- -j32 -l32
[1.140s] [  3%] [34m[1mGenerating C code for ROS interfaces[0m
[1.144s] [  6%] [34m[1mGenerating C++ code for ROS interfaces[0m
[1.148s] [  6%] Built target ament_cmake_python_copy_xbox
[1.254s] running egg_info
[1.254s] creating xbox.egg-info
[1.254s] writing xbox.egg-info/PKG-INFO
[1.254s] writing dependency_links to xbox.egg-info/dependency_links.txt
[1.254s] writing top-level names to xbox.egg-info/top_level.txt
[1.254s] writing manifest file 'xbox.egg-info/SOURCES.txt'
[1.255s] reading manifest file 'xbox.egg-info/SOURCES.txt'
[1.255s] writing manifest file 'xbox.egg-info/SOURCES.txt'
[1.259s] [  6%] Built target xbox__cpp
[1.264s] [ 12%] [32mBuilding C object CMakeFiles/xbox__rosidl_generator_c.dir/rosidl_generator_c/xbox/msg/detail/command__functions.c.o[0m
[1.265s] [ 12%] [34m[1mGenerating C++ type support dispatch for ROS interfaces[0m
[1.266s] [ 15%] [34m[1mGenerating C++ type support for eProsima Fast-RTPS[0m
[1.267s] [ 18%] [34m[1mGenerating C++ introspection for ROS interfaces[0m
[1.269s] [ 18%] Built target ament_cmake_python_build_xbox_egg
[1.289s] [ 21%] [32m[1mLinking C shared library libxbox__rosidl_generator_c.so[0m
[1.317s] [ 21%] Built target xbox__rosidl_generator_c
[1.322s] [ 24%] [34m[1mGenerating C introspection for ROS interfaces[0m
[1.324s] [ 27%] [34m[1mGenerating C type support for eProsima Fast-RTPS[0m
[1.324s] [ 30%] [34m[1mGenerating C type support dispatch for ROS interfaces[0m
[1.383s] [ 33%] [32mBuilding CXX object CMakeFiles/xbox__rosidl_typesupport_introspection_cpp.dir/rosidl_typesupport_introspection_cpp/xbox/msg/detail/command__type_support.cpp.o[0m
[1.430s] [ 36%] [32mBuilding CXX object CMakeFiles/xbox__rosidl_typesupport_fastrtps_cpp.dir/rosidl_typesupport_fastrtps_cpp/xbox/msg/detail/dds_fastrtps/command__type_support.cpp.o[0m
[1.433s] [ 39%] [32mBuilding CXX object CMakeFiles/xbox__rosidl_typesupport_cpp.dir/rosidl_typesupport_cpp/xbox/msg/command__type_support.cpp.o[0m
[1.438s] [ 42%] [32mBuilding C object CMakeFiles/xbox__rosidl_typesupport_introspection_c.dir/rosidl_typesupport_introspection_c/xbox/msg/detail/command__type_support.c.o[0m
[1.453s] [ 45%] [32m[1mLinking C shared library libxbox__rosidl_typesupport_introspection_c.so[0m
[1.466s] [ 45%] Built target xbox__rosidl_typesupport_introspection_c
[1.473s] [ 48%] [32mBuilding CXX object CMakeFiles/xbox__rosidl_typesupport_fastrtps_c.dir/rosidl_typesupport_fastrtps_c/xbox/msg/detail/command__type_support_c.cpp.o[0m
[1.493s] [ 51%] [32mBuilding CXX object CMakeFiles/xbox__rosidl_typesupport_c.dir/rosidl_typesupport_c/xbox/msg/command__type_support.cpp.o[0m
[1.508s] [ 54%] [32m[1mLinking CXX shared library libxbox__rosidl_typesupport_c.so[0m
[1.529s] [ 54%] Built target xbox__rosidl_typesupport_c
[1.545s] [ 57%] [32m[1mLinking CXX shared library libxbox__rosidl_typesupport_introspection_cpp.so[0m
[1.565s] [ 57%] Built target xbox__rosidl_typesupport_introspection_cpp
[1.573s] [ 60%] [32m[1mLinking CXX shared library libxbox__rosidl_typesupport_cpp.so[0m
[1.593s] [ 60%] Built target xbox__rosidl_typesupport_cpp
[1.596s] [ 63%] [32m[1mLinking CXX shared library libxbox__rosidl_typesupport_fastrtps_cpp.so[0m
[1.602s] [ 66%] [32mBuilding CXX object CMakeFiles/publisher.dir/src/publisher.cpp.o[0m
[1.616s] [ 69%] [32m[1mLinking CXX shared library libxbox__rosidl_typesupport_fastrtps_c.so[0m
[1.632s] [ 69%] Built target xbox__rosidl_typesupport_fastrtps_cpp
[1.651s] [ 69%] Built target xbox__rosidl_typesupport_fastrtps_c
[1.661s] [ 69%] Built target xbox
[1.670s] [ 72%] [34m[1mGenerating Python code for ROS interfaces[0m
[1.803s] [ 72%] Built target xbox__py
[1.812s] [ 75%] [32mBuilding C object CMakeFiles/xbox__rosidl_generator_py.dir/rosidl_generator_py/xbox/msg/_command_s.c.o[0m
[1.856s] [ 78%] [32m[1mLinking C shared library rosidl_generator_py/xbox/libxbox__rosidl_generator_py.so[0m
[1.876s] [ 78%] Built target xbox__rosidl_generator_py
[1.886s] [ 81%] [32mBuilding C object CMakeFiles/xbox__rosidl_typesupport_introspection_c__pyext.dir/rosidl_generator_py/xbox/_xbox_s.ep.rosidl_typesupport_introspection_c.c.o[0m
[1.886s] [ 87%] [32mBuilding C object CMakeFiles/xbox__rosidl_typesupport_fastrtps_c__pyext.dir/rosidl_generator_py/xbox/_xbox_s.ep.rosidl_typesupport_fastrtps_c.c.o[0m
[1.886s] [ 87%] [32mBuilding C object CMakeFiles/xbox__rosidl_typesupport_c__pyext.dir/rosidl_generator_py/xbox/_xbox_s.ep.rosidl_typesupport_c.c.o[0m
[1.927s] [ 93%] [32m[1mLinking C shared library rosidl_generator_py/xbox/xbox_s__rosidl_typesupport_introspection_c.cpython-310-x86_64-linux-gnu.so[0m
[1.927s] [ 93%] [32m[1mLinking C shared library rosidl_generator_py/xbox/xbox_s__rosidl_typesupport_c.cpython-310-x86_64-linux-gnu.so[0m
[1.927s] [ 96%] [32m[1mLinking C shared library rosidl_generator_py/xbox/xbox_s__rosidl_typesupport_fastrtps_c.cpython-310-x86_64-linux-gnu.so[0m
[1.943s] [ 96%] Built target xbox__rosidl_typesupport_c__pyext
[1.943s] [ 96%] Built target xbox__rosidl_typesupport_fastrtps_c__pyext
[1.943s] [ 96%] Built target xbox__rosidl_typesupport_introspection_c__pyext
[5.152s] [100%] [32m[1mLinking CXX executable publisher[0m
[5.358s] [100%] Built target publisher
