[0.053s] Invoking command in '/home/basten/ros2_ws/src/MagangBanyubramanta_Basten-Andika-Salim/Ros2/build/communicator': AMENT_PREFIX_PATH=/home/basten/ros2_ws/src/MagangBanyubramanta_Basten-Andika-Salim/Ros2/install/tugas_joy:${AMENT_PREFIX_PATH} CMAKE_PREFIX_PATH=/home/basten/ros2_ws/src/MagangBanyubramanta_Basten-Andika-Salim/Ros2/install/tugas_joy:/opt/ros/humble LD_LIBRARY_PATH=/home/basten/ros2_ws/src/MagangBanyubramanta_Basten-Andika-Salim/Ros2/install/tugas_joy/lib:${LD_LIBRARY_PATH} PYTHONPATH=/home/basten/ros2_ws/src/MagangBanyubramanta_Basten-Andika-Salim/Ros2/install/tugas_joy/local/lib/python3.10/dist-packages:${PYTHONPATH} /usr/bin/cmake --build /home/basten/ros2_ws/src/MagangBanyubramanta_Basten-Andika-Salim/Ros2/build/communicator -- -j32 -l32
[0.094s] [35m[1mConsolidate compiler generated dependencies of target communicator[0m
[0.117s] [ 50%] [32mBuilding CXX object CMakeFiles/communicator.dir/src/communicator.cpp.o[0m
[2.752s] [01m[K/home/basten/ros2_ws/src/MagangBanyubramanta_Basten-Andika-Salim/Ros2/src/communicator/src/communicator.cpp:[m[K In function ‘[01m[Kint main(int, char**)[m[K’:
[2.752s] [01m[K/home/basten/ros2_ws/src/MagangBanyubramanta_Basten-Andika-Salim/Ros2/src/communicator/src/communicator.cpp:52:14:[m[K [01;35m[Kwarning: [m[Kunused parameter ‘[01m[Kargc[m[K’ [[01;35m[K]8;;https://gcc.gnu.org/onlinedocs/gcc/Warning-Options.html#index-Wunused-parameter-Wunused-parameter]8;;[m[K]
[2.752s]    52 | int main([01;35m[Kint argc[m[K, char *argv[])
[2.752s]       |          [01;35m[K~~~~^~~~[m[K
[2.752s] [01m[K/home/basten/ros2_ws/src/MagangBanyubramanta_Basten-Andika-Salim/Ros2/src/communicator/src/communicator.cpp:52:26:[m[K [01;35m[Kwarning: [m[Kunused parameter ‘[01m[Kargv[m[K’ [[01;35m[K]8;;https://gcc.gnu.org/onlinedocs/gcc/Warning-Options.html#index-Wunused-parameter-Wunused-parameter]8;;[m[K]
[2.752s]    52 | int main(int argc, [01;35m[Kchar *argv[][m[K)
[2.752s]       |                    [01;35m[K~~~~~~^~~~~~[m[K
[3.247s] [100%] [32m[1mLinking CXX executable communicator[0m
[3.348s] [100%] Built target communicator
[3.362s] Invoked command in '/home/basten/ros2_ws/src/MagangBanyubramanta_Basten-Andika-Salim/Ros2/build/communicator' returned '0': AMENT_PREFIX_PATH=/home/basten/ros2_ws/src/MagangBanyubramanta_Basten-Andika-Salim/Ros2/install/tugas_joy:${AMENT_PREFIX_PATH} CMAKE_PREFIX_PATH=/home/basten/ros2_ws/src/MagangBanyubramanta_Basten-Andika-Salim/Ros2/install/tugas_joy:/opt/ros/humble LD_LIBRARY_PATH=/home/basten/ros2_ws/src/MagangBanyubramanta_Basten-Andika-Salim/Ros2/install/tugas_joy/lib:${LD_LIBRARY_PATH} PYTHONPATH=/home/basten/ros2_ws/src/MagangBanyubramanta_Basten-Andika-Salim/Ros2/install/tugas_joy/local/lib/python3.10/dist-packages:${PYTHONPATH} /usr/bin/cmake --build /home/basten/ros2_ws/src/MagangBanyubramanta_Basten-Andika-Salim/Ros2/build/communicator -- -j32 -l32
[3.394s] Invoking command in '/home/basten/ros2_ws/src/MagangBanyubramanta_Basten-Andika-Salim/Ros2/build/communicator': AMENT_PREFIX_PATH=/home/basten/ros2_ws/src/MagangBanyubramanta_Basten-Andika-Salim/Ros2/install/tugas_joy:${AMENT_PREFIX_PATH} CMAKE_PREFIX_PATH=/home/basten/ros2_ws/src/MagangBanyubramanta_Basten-Andika-Salim/Ros2/install/tugas_joy:/opt/ros/humble LD_LIBRARY_PATH=/home/basten/ros2_ws/src/MagangBanyubramanta_Basten-Andika-Salim/Ros2/install/tugas_joy/lib:${LD_LIBRARY_PATH} PYTHONPATH=/home/basten/ros2_ws/src/MagangBanyubramanta_Basten-Andika-Salim/Ros2/install/tugas_joy/local/lib/python3.10/dist-packages:${PYTHONPATH} /usr/bin/cmake --install /home/basten/ros2_ws/src/MagangBanyubramanta_Basten-Andika-Salim/Ros2/build/communicator
[3.401s] -- Install configuration: ""
[3.402s] -- Installing: /home/basten/ros2_ws/src/MagangBanyubramanta_Basten-Andika-Salim/Ros2/install/communicator/lib/communicator/communicator
[3.402s] -- Set runtime path of "/home/basten/ros2_ws/src/MagangBanyubramanta_Basten-Andika-Salim/Ros2/install/communicator/lib/communicator/communicator" to ""
[3.402s] -- Up-to-date: /home/basten/ros2_ws/src/MagangBanyubramanta_Basten-Andika-Salim/Ros2/install/communicator/share/ament_index/resource_index/package_run_dependencies/communicator
[3.402s] -- Up-to-date: /home/basten/ros2_ws/src/MagangBanyubramanta_Basten-Andika-Salim/Ros2/install/communicator/share/ament_index/resource_index/parent_prefix_path/communicator
[3.402s] -- Up-to-date: /home/basten/ros2_ws/src/MagangBanyubramanta_Basten-Andika-Salim/Ros2/install/communicator/share/communicator/environment/ament_prefix_path.sh
[3.402s] -- Up-to-date: /home/basten/ros2_ws/src/MagangBanyubramanta_Basten-Andika-Salim/Ros2/install/communicator/share/communicator/environment/ament_prefix_path.dsv
[3.402s] -- Up-to-date: /home/basten/ros2_ws/src/MagangBanyubramanta_Basten-Andika-Salim/Ros2/install/communicator/share/communicator/environment/path.sh
[3.402s] -- Up-to-date: /home/basten/ros2_ws/src/MagangBanyubramanta_Basten-Andika-Salim/Ros2/install/communicator/share/communicator/environment/path.dsv
[3.402s] -- Up-to-date: /home/basten/ros2_ws/src/MagangBanyubramanta_Basten-Andika-Salim/Ros2/install/communicator/share/communicator/local_setup.bash
[3.402s] -- Up-to-date: /home/basten/ros2_ws/src/MagangBanyubramanta_Basten-Andika-Salim/Ros2/install/communicator/share/communicator/local_setup.sh
[3.403s] -- Up-to-date: /home/basten/ros2_ws/src/MagangBanyubramanta_Basten-Andika-Salim/Ros2/install/communicator/share/communicator/local_setup.zsh
[3.403s] -- Up-to-date: /home/basten/ros2_ws/src/MagangBanyubramanta_Basten-Andika-Salim/Ros2/install/communicator/share/communicator/local_setup.dsv
[3.403s] -- Installing: /home/basten/ros2_ws/src/MagangBanyubramanta_Basten-Andika-Salim/Ros2/install/communicator/share/communicator/package.dsv
[3.403s] -- Up-to-date: /home/basten/ros2_ws/src/MagangBanyubramanta_Basten-Andika-Salim/Ros2/install/communicator/share/ament_index/resource_index/packages/communicator
[3.403s] -- Up-to-date: /home/basten/ros2_ws/src/MagangBanyubramanta_Basten-Andika-Salim/Ros2/install/communicator/share/communicator/cmake/communicatorConfig.cmake
[3.403s] -- Up-to-date: /home/basten/ros2_ws/src/MagangBanyubramanta_Basten-Andika-Salim/Ros2/install/communicator/share/communicator/cmake/communicatorConfig-version.cmake
[3.403s] -- Up-to-date: /home/basten/ros2_ws/src/MagangBanyubramanta_Basten-Andika-Salim/Ros2/install/communicator/share/communicator/package.xml
[3.405s] Invoked command in '/home/basten/ros2_ws/src/MagangBanyubramanta_Basten-Andika-Salim/Ros2/build/communicator' returned '0': AMENT_PREFIX_PATH=/home/basten/ros2_ws/src/MagangBanyubramanta_Basten-Andika-Salim/Ros2/install/tugas_joy:${AMENT_PREFIX_PATH} CMAKE_PREFIX_PATH=/home/basten/ros2_ws/src/MagangBanyubramanta_Basten-Andika-Salim/Ros2/install/tugas_joy:/opt/ros/humble LD_LIBRARY_PATH=/home/basten/ros2_ws/src/MagangBanyubramanta_Basten-Andika-Salim/Ros2/install/tugas_joy/lib:${LD_LIBRARY_PATH} PYTHONPATH=/home/basten/ros2_ws/src/MagangBanyubramanta_Basten-Andika-Salim/Ros2/install/tugas_joy/local/lib/python3.10/dist-packages:${PYTHONPATH} /usr/bin/cmake --install /home/basten/ros2_ws/src/MagangBanyubramanta_Basten-Andika-Salim/Ros2/build/communicator
