[01m[K/home/basten/ros2_ws/src/MagangBanyubramanta_Basten-Andika-Salim/src/tugas_yolo-yolocpp/src/detect.cpp:[m[K In member function ‘[01m[Kcv::Mat Detection::post_process(cv::Mat&, std::vector<cv::Mat>&, const std::vector<std::__cxx11::basic_string<char> >&)[m[K’:
[01m[K/home/basten/ros2_ws/src/MagangBanyubramanta_Basten-Andika-Salim/src/tugas_yolo-yolocpp/src/detect.cpp:134:31:[m[K [01;35m[Kwarning: [m[Kcomparison of integer expressions of different signedness: ‘[01m[Kint[m[K’ and ‘[01m[Kstd::vector<int>::size_type[m[K’ {aka ‘[01m[Klong unsigned int[m[K’} [[01;35m[K]8;;https://gcc.gnu.org/onlinedocs/gcc/Warning-Options.html#index-Wsign-compare-Wsign-compare]8;;[m[K]
  134 |             for (int i = 0; [01;35m[Ki < index.size()[m[K; i++){
      |                             [01;35m[K~~^~~~~~~~~~~~~~[m[K
[01m[K/home/basten/ros2_ws/src/MagangBanyubramanta_Basten-Andika-Salim/src/tugas_yolo-yolocpp/src/detect.cpp:90:23:[m[K [01;35m[Kwarning: [m[Kunused variable ‘[01m[Kdimensions[m[K’ [[01;35m[K]8;;https://gcc.gnu.org/onlinedocs/gcc/Warning-Options.html#index-Wunused-variable-Wunused-variable]8;;[m[K]
   90 |             const int [01;35m[Kdimensions[m[K = 85;
      |                       [01;35m[K^~~~~~~~~~[m[K
[01m[K/home/basten/ros2_ws/src/MagangBanyubramanta_Basten-Andika-Salim/src/tugas_yolo-yolocpp/src/detect.cpp:[m[K In function ‘[01m[Kint main(int, const char**)[m[K’:
[01m[K/home/basten/ros2_ws/src/MagangBanyubramanta_Basten-Andika-Salim/src/tugas_yolo-yolocpp/src/detect.cpp:184:25:[m[K [01;31m[Kerror: [m[Kreference to ‘[01m[Kline[m[K’ is ambiguous
  184 |     while (getline(ifs, [01;31m[Kline[m[K)){
      |                         [01;31m[K^~~~[m[K
In file included from [01m[K/usr/local/include/opencv4/opencv2/opencv.hpp:74[m[K,
                 from [01m[K/home/basten/ros2_ws/src/MagangBanyubramanta_Basten-Andika-Salim/src/tugas_yolo-yolocpp/src/detect.cpp:11[m[K:
[01m[K/usr/local/include/opencv4/opencv2/imgproc.hpp:4511:19:[m[K [01;36m[Knote: [m[Kcandidates are: ‘[01m[Kvoid cv::line(cv::InputOutputArray, cv::Point, cv::Point, const Scalar&, int, int, int)[m[K’
 4511 | CV_EXPORTS_W void [01;36m[Kline[m[K(InputOutputArray img, Point pt1, Point pt2, const Scalar& color,
      |                   [01;36m[K^~~~[m[K
[01m[K/home/basten/ros2_ws/src/MagangBanyubramanta_Basten-Andika-Salim/src/tugas_yolo-yolocpp/src/detect.cpp:25:12:[m[K [01;36m[Knote: [m[K                ‘[01m[Kstd::string line[m[K’
   25 |     string [01;36m[Kline[m[K;
      |            [01;36m[K^~~~[m[K
[01m[K/home/basten/ros2_ws/src/MagangBanyubramanta_Basten-Andika-Salim/src/tugas_yolo-yolocpp/src/detect.cpp:185:30:[m[K [01;31m[Kerror: [m[Kreference to ‘[01m[Kline[m[K’ is ambiguous
  185 |         class_list.push_back([01;31m[Kline[m[K);
      |                              [01;31m[K^~~~[m[K
In file included from [01m[K/usr/local/include/opencv4/opencv2/opencv.hpp:74[m[K,
                 from [01m[K/home/basten/ros2_ws/src/MagangBanyubramanta_Basten-Andika-Salim/src/tugas_yolo-yolocpp/src/detect.cpp:11[m[K:
[01m[K/usr/local/include/opencv4/opencv2/imgproc.hpp:4511:19:[m[K [01;36m[Knote: [m[Kcandidates are: ‘[01m[Kvoid cv::line(cv::InputOutputArray, cv::Point, cv::Point, const Scalar&, int, int, int)[m[K’
 4511 | CV_EXPORTS_W void [01;36m[Kline[m[K(InputOutputArray img, Point pt1, Point pt2, const Scalar& color,
      |                   [01;36m[K^~~~[m[K
[01m[K/home/basten/ros2_ws/src/MagangBanyubramanta_Basten-Andika-Salim/src/tugas_yolo-yolocpp/src/detect.cpp:25:12:[m[K [01;36m[Knote: [m[K                ‘[01m[Kstd::string line[m[K’
   25 |     string [01;36m[Kline[m[K;
      |            [01;36m[K^~~~[m[K
gmake[2]: *** [CMakeFiles/detect.dir/build.make:76: CMakeFiles/detect.dir/src/detect.cpp.o] Error 1
gmake[1]: *** [CMakeFiles/Makefile2:137: CMakeFiles/detect.dir/all] Error 2
gmake: *** [Makefile:146: all] Error 2
