[0.020s] Invoking command in '/home/basten/ros2_ws/src/MagangBanyubramanta_Basten-Andika-Salim/src/matlab_msg_gen/glnxa64/build/tugas_opencv': PS1=(venv) VIRTUAL_ENV_PROMPT=(venv) /usr/local/MATLAB/R2023b/bin/glnxa64/cmake/bin/cmake --build /home/basten/ros2_ws/src/MagangBanyubramanta_Basten-Andika-Salim/src/matlab_msg_gen/glnxa64/build/tugas_opencv -- -j32 -l32
[0.033s] [0/1] Re-running CMake...
[0.042s] -- Found ament_cmake: 1.3.3 (/usr/local/MATLAB/R2023b/sys/ros2/glnxa64/ros2/share/ament_cmake/cmake)
[0.114s] -- Found ament_cmake_ros: 0.10.0 (/usr/local/MATLAB/R2023b/sys/ros2/glnxa64/ros2/share/ament_cmake_ros/cmake)
[0.117s] -- Found rosidl_typesupport_c: 2.0.0 (/usr/local/MATLAB/R2023b/sys/ros2/glnxa64/ros2/share/rosidl_typesupport_c/cmake)
[0.118s] -- Using all available rosidl_typesupport_c: rosidl_typesupport_fastrtps_c;rosidl_typesupport_introspection_c
[0.121s] -- Found rosidl_adapter: 3.1.4 (/usr/local/MATLAB/R2023b/sys/ros2/glnxa64/ros2/share/rosidl_adapter/cmake)
[0.148s] -- Found rosidl_typesupport_cpp: 2.0.0 (/usr/local/MATLAB/R2023b/sys/ros2/glnxa64/ros2/share/rosidl_typesupport_cpp/cmake)
[0.149s] -- Using all available rosidl_typesupport_cpp: rosidl_typesupport_fastrtps_cpp;rosidl_typesupport_introspection_cpp
[0.167s] -- Found rosidl_default_generators: 1.2.0 (/usr/local/MATLAB/R2023b/sys/ros2/glnxa64/ros2/share/rosidl_default_generators/cmake)
[0.169s] -- Found class_loader: 2.2.0 (/usr/local/MATLAB/R2023b/sys/ros2/glnxa64/ros2/share/class_loader/cmake)
[0.171s] -- Found rclcpp: 16.0.3 (/usr/local/MATLAB/R2023b/sys/ros2/glnxa64/ros2/share/rclcpp/cmake)
[0.219s] -- Found rmw_implementation_cmake: 6.1.1 (/usr/local/MATLAB/R2023b/sys/ros2/glnxa64/ros2/share/rmw_implementation_cmake/cmake)
[0.220s] -- Found rmw_fastrtps_cpp: 6.2.2 (/usr/local/MATLAB/R2023b/sys/ros2/glnxa64/ros2/share/rmw_fastrtps_cpp/cmake)
[0.276s] -- Using RMW implementation 'rmw_fastrtps_cpp' as default
[0.471s] -- Using all available rosidl_typesupport_c: rosidl_typesupport_fastrtps_c;rosidl_typesupport_introspection_c
[0.516s] -- Using all available rosidl_typesupport_cpp: rosidl_typesupport_fastrtps_cpp;rosidl_typesupport_introspection_cpp
[0.523s] -- Configuring done
[0.534s] -- Generating done
[0.537s] -- Build files have been written to: /home/basten/ros2_ws/src/MagangBanyubramanta_Basten-Andika-Salim/src/matlab_msg_gen/glnxa64/build/tugas_opencv
[0.660s] [1/32] Generating C++ code for ROS interfaces
[0.665s] [2/32] Generating C code for ROS interfaces
[0.709s] [3/32] Building C object CMakeFiles/tugas_opencv__rosidl_generator_c.dir/rosidl_generator_c/tugas_opencv/msg/detail/color__functions.c.o
[0.709s] [4/32] Building C object CMakeFiles/tugas_opencv__rosidl_generator_c.dir/rosidl_generator_c/tugas_opencv/msg/detail/position__functions.c.o
[0.718s] [5/32] Linking C shared library libtugas_opencv__rosidl_generator_c.so
[0.756s] [6/32] Generating C++ type support dispatch for ROS interfaces
[0.763s] [7/32] Generating C++ introspection for ROS interfaces
[0.769s] [8/32] Generating C++ type support for eProsima Fast-RTPS
[0.815s] [9/32] Generating C type support dispatch for ROS interfaces
[0.828s] [10/32] Building CXX object CMakeFiles/tugas_opencv__rosidl_typesupport_c.dir/rosidl_typesupport_c/tugas_opencv/msg/color__type_support.cpp.o
[0.831s] [11/32] Building CXX object CMakeFiles/tugas_opencv__rosidl_typesupport_c.dir/rosidl_typesupport_c/tugas_opencv/msg/position__type_support.cpp.o
[0.835s] [12/32] Generating C type support for eProsima Fast-RTPS
[0.851s] [13/32] Generating C introspection for ROS interfaces
[0.863s] [14/32] Linking CXX shared library libtugas_opencv__rosidl_typesupport_c.so
[0.867s] [15/32] Building C object CMakeFiles/tugas_opencv__rosidl_typesupport_introspection_c.dir/rosidl_typesupport_introspection_c/tugas_opencv/msg/detail/position__type_support.c.o
[0.871s] [16/32] Building C object CMakeFiles/tugas_opencv__rosidl_typesupport_introspection_c.dir/rosidl_typesupport_introspection_c/tugas_opencv/msg/detail/color__type_support.c.o
[0.871s] [17/32] Building CXX object CMakeFiles/tugas_opencv__rosidl_typesupport_cpp.dir/rosidl_typesupport_cpp/tugas_opencv/msg/color__type_support.cpp.o
[0.881s] [18/32] Linking C shared library libtugas_opencv__rosidl_typesupport_introspection_c.so
[0.914s] [19/32] Building CXX object CMakeFiles/tugas_opencv__rosidl_typesupport_cpp.dir/rosidl_typesupport_cpp/tugas_opencv/msg/position__type_support.cpp.o
[0.926s] [20/32] Building CXX object CMakeFiles/tugas_opencv__rosidl_typesupport_introspection_cpp.dir/rosidl_typesupport_introspection_cpp/tugas_opencv/msg/detail/position__type_support.cpp.o
[0.935s] [21/32] Building CXX object CMakeFiles/tugas_opencv__rosidl_typesupport_introspection_cpp.dir/rosidl_typesupport_introspection_cpp/tugas_opencv/msg/detail/color__type_support.cpp.o
[0.942s] [22/32] Linking CXX shared library libtugas_opencv__rosidl_typesupport_cpp.so
[0.944s] [23/32] Building CXX object CMakeFiles/tugas_opencv__rosidl_typesupport_fastrtps_cpp.dir/rosidl_typesupport_fastrtps_cpp/tugas_opencv/msg/detail/dds_fastrtps/position__type_support.cpp.o
[0.946s] [24/32] Building CXX object CMakeFiles/tugas_opencv__rosidl_typesupport_fastrtps_cpp.dir/rosidl_typesupport_fastrtps_cpp/tugas_opencv/msg/detail/dds_fastrtps/color__type_support.cpp.o
[0.963s] [25/32] Linking CXX shared library libtugas_opencv__rosidl_typesupport_introspection_cpp.so
[0.974s] [26/32] Linking CXX shared library libtugas_opencv__rosidl_typesupport_fastrtps_cpp.so
[0.979s] [27/32] Building CXX object CMakeFiles/tugas_opencv__rosidl_typesupport_fastrtps_c.dir/rosidl_typesupport_fastrtps_c/tugas_opencv/msg/detail/position__type_support_c.cpp.o
[0.993s] [28/32] Building CXX object CMakeFiles/tugas_opencv__rosidl_typesupport_fastrtps_c.dir/rosidl_typesupport_fastrtps_c/tugas_opencv/msg/detail/color__type_support_c.cpp.o
[1.020s] [29/32] Linking CXX shared library libtugas_opencv__rosidl_typesupport_fastrtps_c.so
[4.827s] [30/32] Building CXX object CMakeFiles/tugas_opencv_matlab.dir/src/tugas_opencv_Position_message.cpp.o
[4.844s] [31/32] Building CXX object CMakeFiles/tugas_opencv_matlab.dir/src/tugas_opencv_Color_message.cpp.o
[5.138s] [32/32] Linking CXX shared library libtugas_opencv_matlab.so
[5.140s] Invoked command in '/home/basten/ros2_ws/src/MagangBanyubramanta_Basten-Andika-Salim/src/matlab_msg_gen/glnxa64/build/tugas_opencv' returned '0': PS1=(venv) VIRTUAL_ENV_PROMPT=(venv) /usr/local/MATLAB/R2023b/bin/glnxa64/cmake/bin/cmake --build /home/basten/ros2_ws/src/MagangBanyubramanta_Basten-Andika-Salim/src/matlab_msg_gen/glnxa64/build/tugas_opencv -- -j32 -l32
[5.148s] Invoking command in '/home/basten/ros2_ws/src/MagangBanyubramanta_Basten-Andika-Salim/src/matlab_msg_gen/glnxa64/build/tugas_opencv': PS1=(venv) VIRTUAL_ENV_PROMPT=(venv) /usr/local/MATLAB/R2023b/bin/glnxa64/cmake/bin/cmake --install /home/basten/ros2_ws/src/MagangBanyubramanta_Basten-Andika-Salim/src/matlab_msg_gen/glnxa64/build/tugas_opencv
[5.150s] -- Install configuration: "Release"
[5.150s] -- Up-to-date: /home/basten/ros2_ws/src/MagangBanyubramanta_Basten-Andika-Salim/src/matlab_msg_gen/glnxa64/install/share/ament_index/resource_index/rosidl_interfaces/tugas_opencv
[5.150s] -- Up-to-date: /home/basten/ros2_ws/src/MagangBanyubramanta_Basten-Andika-Salim/src/matlab_msg_gen/glnxa64/install/include/tugas_opencv/tugas_opencv
[5.150s] -- Up-to-date: /home/basten/ros2_ws/src/MagangBanyubramanta_Basten-Andika-Salim/src/matlab_msg_gen/glnxa64/install/include/tugas_opencv/tugas_opencv/msg
[5.150s] -- Up-to-date: /home/basten/ros2_ws/src/MagangBanyubramanta_Basten-Andika-Salim/src/matlab_msg_gen/glnxa64/install/include/tugas_opencv/tugas_opencv/msg/rosidl_generator_c__visibility_control.h
[5.150s] -- Installing: /home/basten/ros2_ws/src/MagangBanyubramanta_Basten-Andika-Salim/src/matlab_msg_gen/glnxa64/install/include/tugas_opencv/tugas_opencv/msg/color.h
[5.150s] -- Installing: /home/basten/ros2_ws/src/MagangBanyubramanta_Basten-Andika-Salim/src/matlab_msg_gen/glnxa64/install/include/tugas_opencv/tugas_opencv/msg/position.h
[5.150s] -- Up-to-date: /home/basten/ros2_ws/src/MagangBanyubramanta_Basten-Andika-Salim/src/matlab_msg_gen/glnxa64/install/include/tugas_opencv/tugas_opencv/msg/detail
[5.150s] -- Installing: /home/basten/ros2_ws/src/MagangBanyubramanta_Basten-Andika-Salim/src/matlab_msg_gen/glnxa64/install/include/tugas_opencv/tugas_opencv/msg/detail/position__functions.c
[5.150s] -- Installing: /home/basten/ros2_ws/src/MagangBanyubramanta_Basten-Andika-Salim/src/matlab_msg_gen/glnxa64/install/include/tugas_opencv/tugas_opencv/msg/detail/color__struct.h
[5.150s] -- Installing: /home/basten/ros2_ws/src/MagangBanyubramanta_Basten-Andika-Salim/src/matlab_msg_gen/glnxa64/install/include/tugas_opencv/tugas_opencv/msg/detail/color__functions.h
[5.150s] -- Installing: /home/basten/ros2_ws/src/MagangBanyubramanta_Basten-Andika-Salim/src/matlab_msg_gen/glnxa64/install/include/tugas_opencv/tugas_opencv/msg/detail/position__struct.h
[5.150s] -- Installing: /home/basten/ros2_ws/src/MagangBanyubramanta_Basten-Andika-Salim/src/matlab_msg_gen/glnxa64/install/include/tugas_opencv/tugas_opencv/msg/detail/color__type_support.h
[5.150s] -- Installing: /home/basten/ros2_ws/src/MagangBanyubramanta_Basten-Andika-Salim/src/matlab_msg_gen/glnxa64/install/include/tugas_opencv/tugas_opencv/msg/detail/color__functions.c
[5.150s] -- Installing: /home/basten/ros2_ws/src/MagangBanyubramanta_Basten-Andika-Salim/src/matlab_msg_gen/glnxa64/install/include/tugas_opencv/tugas_opencv/msg/detail/position__type_support.h
[5.150s] -- Installing: /home/basten/ros2_ws/src/MagangBanyubramanta_Basten-Andika-Salim/src/matlab_msg_gen/glnxa64/install/include/tugas_opencv/tugas_opencv/msg/detail/position__functions.h
[5.150s] -- Up-to-date: /home/basten/ros2_ws/src/MagangBanyubramanta_Basten-Andika-Salim/src/matlab_msg_gen/glnxa64/install/share/tugas_opencv/environment/library_path.sh
[5.150s] -- Installing: /home/basten/ros2_ws/src/MagangBanyubramanta_Basten-Andika-Salim/src/matlab_msg_gen/glnxa64/install/share/tugas_opencv/environment/library_path.dsv
[5.150s] -- Installing: /home/basten/ros2_ws/src/MagangBanyubramanta_Basten-Andika-Salim/src/matlab_msg_gen/glnxa64/install/lib/libtugas_opencv__rosidl_generator_c.so
[5.150s] -- Up-to-date: /home/basten/ros2_ws/src/MagangBanyubramanta_Basten-Andika-Salim/src/matlab_msg_gen/glnxa64/install/include/tugas_opencv/tugas_opencv
[5.150s] -- Up-to-date: /home/basten/ros2_ws/src/MagangBanyubramanta_Basten-Andika-Salim/src/matlab_msg_gen/glnxa64/install/include/tugas_opencv/tugas_opencv/msg
[5.150s] -- Up-to-date: /home/basten/ros2_ws/src/MagangBanyubramanta_Basten-Andika-Salim/src/matlab_msg_gen/glnxa64/install/include/tugas_opencv/tugas_opencv/msg/rosidl_typesupport_fastrtps_c__visibility_control.h
[5.150s] -- Up-to-date: /home/basten/ros2_ws/src/MagangBanyubramanta_Basten-Andika-Salim/src/matlab_msg_gen/glnxa64/install/include/tugas_opencv/tugas_opencv/msg/detail
[5.150s] -- Installing: /home/basten/ros2_ws/src/MagangBanyubramanta_Basten-Andika-Salim/src/matlab_msg_gen/glnxa64/install/include/tugas_opencv/tugas_opencv/msg/detail/position__rosidl_typesupport_fastrtps_c.h
[5.150s] -- Installing: /home/basten/ros2_ws/src/MagangBanyubramanta_Basten-Andika-Salim/src/matlab_msg_gen/glnxa64/install/include/tugas_opencv/tugas_opencv/msg/detail/color__rosidl_typesupport_fastrtps_c.h
[5.150s] -- Installing: /home/basten/ros2_ws/src/MagangBanyubramanta_Basten-Andika-Salim/src/matlab_msg_gen/glnxa64/install/lib/libtugas_opencv__rosidl_typesupport_fastrtps_c.so
[5.150s] -- Up-to-date: /home/basten/ros2_ws/src/MagangBanyubramanta_Basten-Andika-Salim/src/matlab_msg_gen/glnxa64/install/include/tugas_opencv/tugas_opencv
[5.151s] -- Up-to-date: /home/basten/ros2_ws/src/MagangBanyubramanta_Basten-Andika-Salim/src/matlab_msg_gen/glnxa64/install/include/tugas_opencv/tugas_opencv/msg
[5.151s] -- Up-to-date: /home/basten/ros2_ws/src/MagangBanyubramanta_Basten-Andika-Salim/src/matlab_msg_gen/glnxa64/install/include/tugas_opencv/tugas_opencv/msg/rosidl_typesupport_introspection_c__visibility_control.h
[5.151s] -- Up-to-date: /home/basten/ros2_ws/src/MagangBanyubramanta_Basten-Andika-Salim/src/matlab_msg_gen/glnxa64/install/include/tugas_opencv/tugas_opencv/msg/detail
[5.151s] -- Installing: /home/basten/ros2_ws/src/MagangBanyubramanta_Basten-Andika-Salim/src/matlab_msg_gen/glnxa64/install/include/tugas_opencv/tugas_opencv/msg/detail/position__type_support.c
[5.151s] -- Installing: /home/basten/ros2_ws/src/MagangBanyubramanta_Basten-Andika-Salim/src/matlab_msg_gen/glnxa64/install/include/tugas_opencv/tugas_opencv/msg/detail/position__rosidl_typesupport_introspection_c.h
[5.151s] -- Installing: /home/basten/ros2_ws/src/MagangBanyubramanta_Basten-Andika-Salim/src/matlab_msg_gen/glnxa64/install/include/tugas_opencv/tugas_opencv/msg/detail/color__rosidl_typesupport_introspection_c.h
[5.151s] -- Installing: /home/basten/ros2_ws/src/MagangBanyubramanta_Basten-Andika-Salim/src/matlab_msg_gen/glnxa64/install/include/tugas_opencv/tugas_opencv/msg/detail/color__type_support.c
[5.151s] -- Installing: /home/basten/ros2_ws/src/MagangBanyubramanta_Basten-Andika-Salim/src/matlab_msg_gen/glnxa64/install/lib/libtugas_opencv__rosidl_typesupport_introspection_c.so
[5.151s] -- Installing: /home/basten/ros2_ws/src/MagangBanyubramanta_Basten-Andika-Salim/src/matlab_msg_gen/glnxa64/install/lib/libtugas_opencv__rosidl_typesupport_c.so
[5.151s] -- Up-to-date: /home/basten/ros2_ws/src/MagangBanyubramanta_Basten-Andika-Salim/src/matlab_msg_gen/glnxa64/install/include/tugas_opencv/tugas_opencv
[5.151s] -- Up-to-date: /home/basten/ros2_ws/src/MagangBanyubramanta_Basten-Andika-Salim/src/matlab_msg_gen/glnxa64/install/include/tugas_opencv/tugas_opencv/msg
[5.151s] -- Installing: /home/basten/ros2_ws/src/MagangBanyubramanta_Basten-Andika-Salim/src/matlab_msg_gen/glnxa64/install/include/tugas_opencv/tugas_opencv/msg/color.hpp
[5.151s] -- Installing: /home/basten/ros2_ws/src/MagangBanyubramanta_Basten-Andika-Salim/src/matlab_msg_gen/glnxa64/install/include/tugas_opencv/tugas_opencv/msg/position.hpp
[5.151s] -- Up-to-date: /home/basten/ros2_ws/src/MagangBanyubramanta_Basten-Andika-Salim/src/matlab_msg_gen/glnxa64/install/include/tugas_opencv/tugas_opencv/msg/detail
[5.151s] -- Installing: /home/basten/ros2_ws/src/MagangBanyubramanta_Basten-Andika-Salim/src/matlab_msg_gen/glnxa64/install/include/tugas_opencv/tugas_opencv/msg/detail/color__traits.hpp
[5.151s] -- Installing: /home/basten/ros2_ws/src/MagangBanyubramanta_Basten-Andika-Salim/src/matlab_msg_gen/glnxa64/install/include/tugas_opencv/tugas_opencv/msg/detail/position__traits.hpp
[5.151s] -- Installing: /home/basten/ros2_ws/src/MagangBanyubramanta_Basten-Andika-Salim/src/matlab_msg_gen/glnxa64/install/include/tugas_opencv/tugas_opencv/msg/detail/position__struct.hpp
[5.151s] -- Installing: /home/basten/ros2_ws/src/MagangBanyubramanta_Basten-Andika-Salim/src/matlab_msg_gen/glnxa64/install/include/tugas_opencv/tugas_opencv/msg/detail/position__builder.hpp
[5.151s] -- Installing: /home/basten/ros2_ws/src/MagangBanyubramanta_Basten-Andika-Salim/src/matlab_msg_gen/glnxa64/install/include/tugas_opencv/tugas_opencv/msg/detail/color__struct.hpp
[5.151s] -- Installing: /home/basten/ros2_ws/src/MagangBanyubramanta_Basten-Andika-Salim/src/matlab_msg_gen/glnxa64/install/include/tugas_opencv/tugas_opencv/msg/detail/color__builder.hpp
[5.151s] -- Up-to-date: /home/basten/ros2_ws/src/MagangBanyubramanta_Basten-Andika-Salim/src/matlab_msg_gen/glnxa64/install/include/tugas_opencv/tugas_opencv
[5.151s] -- Up-to-date: /home/basten/ros2_ws/src/MagangBanyubramanta_Basten-Andika-Salim/src/matlab_msg_gen/glnxa64/install/include/tugas_opencv/tugas_opencv/msg
[5.151s] -- Up-to-date: /home/basten/ros2_ws/src/MagangBanyubramanta_Basten-Andika-Salim/src/matlab_msg_gen/glnxa64/install/include/tugas_opencv/tugas_opencv/msg/rosidl_typesupport_fastrtps_cpp__visibility_control.h
[5.151s] -- Up-to-date: /home/basten/ros2_ws/src/MagangBanyubramanta_Basten-Andika-Salim/src/matlab_msg_gen/glnxa64/install/include/tugas_opencv/tugas_opencv/msg/detail
[5.151s] -- Up-to-date: /home/basten/ros2_ws/src/MagangBanyubramanta_Basten-Andika-Salim/src/matlab_msg_gen/glnxa64/install/include/tugas_opencv/tugas_opencv/msg/detail/dds_fastrtps
[5.151s] -- Installing: /home/basten/ros2_ws/src/MagangBanyubramanta_Basten-Andika-Salim/src/matlab_msg_gen/glnxa64/install/include/tugas_opencv/tugas_opencv/msg/detail/color__rosidl_typesupport_fastrtps_cpp.hpp
[5.151s] -- Installing: /home/basten/ros2_ws/src/MagangBanyubramanta_Basten-Andika-Salim/src/matlab_msg_gen/glnxa64/install/include/tugas_opencv/tugas_opencv/msg/detail/position__rosidl_typesupport_fastrtps_cpp.hpp
[5.151s] -- Installing: /home/basten/ros2_ws/src/MagangBanyubramanta_Basten-Andika-Salim/src/matlab_msg_gen/glnxa64/install/lib/libtugas_opencv__rosidl_typesupport_fastrtps_cpp.so
[5.151s] -- Up-to-date: /home/basten/ros2_ws/src/MagangBanyubramanta_Basten-Andika-Salim/src/matlab_msg_gen/glnxa64/install/include/tugas_opencv/tugas_opencv
[5.151s] -- Up-to-date: /home/basten/ros2_ws/src/MagangBanyubramanta_Basten-Andika-Salim/src/matlab_msg_gen/glnxa64/install/include/tugas_opencv/tugas_opencv/msg
[5.151s] -- Up-to-date: /home/basten/ros2_ws/src/MagangBanyubramanta_Basten-Andika-Salim/src/matlab_msg_gen/glnxa64/install/include/tugas_opencv/tugas_opencv/msg/detail
[5.151s] -- Installing: /home/basten/ros2_ws/src/MagangBanyubramanta_Basten-Andika-Salim/src/matlab_msg_gen/glnxa64/install/include/tugas_opencv/tugas_opencv/msg/detail/color__type_support.cpp
[5.151s] -- Installing: /home/basten/ros2_ws/src/MagangBanyubramanta_Basten-Andika-Salim/src/matlab_msg_gen/glnxa64/install/include/tugas_opencv/tugas_opencv/msg/detail/position__type_support.cpp
[5.151s] -- Installing: /home/basten/ros2_ws/src/MagangBanyubramanta_Basten-Andika-Salim/src/matlab_msg_gen/glnxa64/install/include/tugas_opencv/tugas_opencv/msg/detail/color__rosidl_typesupport_introspection_cpp.hpp
[5.151s] -- Installing: /home/basten/ros2_ws/src/MagangBanyubramanta_Basten-Andika-Salim/src/matlab_msg_gen/glnxa64/install/include/tugas_opencv/tugas_opencv/msg/detail/position__rosidl_typesupport_introspection_cpp.hpp
[5.151s] -- Installing: /home/basten/ros2_ws/src/MagangBanyubramanta_Basten-Andika-Salim/src/matlab_msg_gen/glnxa64/install/lib/libtugas_opencv__rosidl_typesupport_introspection_cpp.so
[5.151s] -- Installing: /home/basten/ros2_ws/src/MagangBanyubramanta_Basten-Andika-Salim/src/matlab_msg_gen/glnxa64/install/lib/libtugas_opencv__rosidl_typesupport_cpp.so
[5.151s] -- Up-to-date: /home/basten/ros2_ws/src/MagangBanyubramanta_Basten-Andika-Salim/src/matlab_msg_gen/glnxa64/install/share/tugas_opencv/msg/Color.idl
[5.151s] -- Installing: /home/basten/ros2_ws/src/MagangBanyubramanta_Basten-Andika-Salim/src/matlab_msg_gen/glnxa64/install/share/tugas_opencv/msg/Position.idl
[5.151s] -- Up-to-date: /home/basten/ros2_ws/src/MagangBanyubramanta_Basten-Andika-Salim/src/matlab_msg_gen/glnxa64/install/share/tugas_opencv/msg/Color.msg
[5.151s] -- Installing: /home/basten/ros2_ws/src/MagangBanyubramanta_Basten-Andika-Salim/src/matlab_msg_gen/glnxa64/install/share/tugas_opencv/msg/Position.msg
[5.151s] -- Up-to-date: /home/basten/ros2_ws/src/MagangBanyubramanta_Basten-Andika-Salim/src/matlab_msg_gen/glnxa64/install/include
[5.151s] -- Up-to-date: /home/basten/ros2_ws/src/MagangBanyubramanta_Basten-Andika-Salim/src/matlab_msg_gen/glnxa64/install/include/tugas_opencv
[5.152s] -- Up-to-date: /home/basten/ros2_ws/src/MagangBanyubramanta_Basten-Andika-Salim/src/matlab_msg_gen/glnxa64/install/include/tugas_opencv/visibility_control.h
[5.152s] -- Installing: /home/basten/ros2_ws/src/MagangBanyubramanta_Basten-Andika-Salim/src/matlab_msg_gen/glnxa64/install/lib/libtugas_opencv_matlab.so
[5.155s] -- Up-to-date: /home/basten/ros2_ws/src/MagangBanyubramanta_Basten-Andika-Salim/src/matlab_msg_gen/glnxa64/install/m/
[5.155s] -- Up-to-date: /home/basten/ros2_ws/src/MagangBanyubramanta_Basten-Andika-Salim/src/matlab_msg_gen/glnxa64/install/m//+ros
[5.155s] -- Up-to-date: /home/basten/ros2_ws/src/MagangBanyubramanta_Basten-Andika-Salim/src/matlab_msg_gen/glnxa64/install/m//+ros/+internal
[5.155s] -- Up-to-date: /home/basten/ros2_ws/src/MagangBanyubramanta_Basten-Andika-Salim/src/matlab_msg_gen/glnxa64/install/m//+ros/+internal/+ros2
[5.155s] -- Up-to-date: /home/basten/ros2_ws/src/MagangBanyubramanta_Basten-Andika-Salim/src/matlab_msg_gen/glnxa64/install/m//+ros/+internal/+ros2/+custommessages
[5.155s] -- Up-to-date: /home/basten/ros2_ws/src/MagangBanyubramanta_Basten-Andika-Salim/src/matlab_msg_gen/glnxa64/install/m//+ros/+internal/+ros2/+custommessages/+tugas_opencv
[5.155s] -- Installing: /home/basten/ros2_ws/src/MagangBanyubramanta_Basten-Andika-Salim/src/matlab_msg_gen/glnxa64/install/m//+ros/+internal/+ros2/+custommessages/+tugas_opencv/tugas_opencv_msg_Position_2To1_Converter.m
[5.155s] -- Installing: /home/basten/ros2_ws/src/MagangBanyubramanta_Basten-Andika-Salim/src/matlab_msg_gen/glnxa64/install/m//+ros/+internal/+ros2/+custommessages/+tugas_opencv/tugas_opencv_msg_Position_1To2_Converter.m
[5.155s] -- Up-to-date: /home/basten/ros2_ws/src/MagangBanyubramanta_Basten-Andika-Salim/src/matlab_msg_gen/glnxa64/install/m//+ros/+internal/+ros2/+custommessages/+tugas_opencv/tugas_opencv_msg_Color_2To1_Converter.m
[5.155s] -- Installing: /home/basten/ros2_ws/src/MagangBanyubramanta_Basten-Andika-Salim/src/matlab_msg_gen/glnxa64/install/m//+ros/+internal/+ros2/+custommessages/+tugas_opencv/position.m
[5.155s] -- Up-to-date: /home/basten/ros2_ws/src/MagangBanyubramanta_Basten-Andika-Salim/src/matlab_msg_gen/glnxa64/install/m//+ros/+internal/+ros2/+custommessages/+tugas_opencv/tugas_opencv_msg_Color_1To2_Converter.m
[5.155s] -- Up-to-date: /home/basten/ros2_ws/src/MagangBanyubramanta_Basten-Andika-Salim/src/matlab_msg_gen/glnxa64/install/m//+ros/+internal/+ros2/+custommessages/+tugas_opencv/color.m
[5.156s] -- Up-to-date: /home/basten/ros2_ws/src/MagangBanyubramanta_Basten-Andika-Salim/src/matlab_msg_gen/glnxa64/install/share/ament_index/resource_index/package_run_dependencies/tugas_opencv
[5.156s] -- Up-to-date: /home/basten/ros2_ws/src/MagangBanyubramanta_Basten-Andika-Salim/src/matlab_msg_gen/glnxa64/install/share/ament_index/resource_index/parent_prefix_path/tugas_opencv
[5.156s] -- Up-to-date: /home/basten/ros2_ws/src/MagangBanyubramanta_Basten-Andika-Salim/src/matlab_msg_gen/glnxa64/install/share/tugas_opencv/environment/ament_prefix_path.sh
[5.156s] -- Installing: /home/basten/ros2_ws/src/MagangBanyubramanta_Basten-Andika-Salim/src/matlab_msg_gen/glnxa64/install/share/tugas_opencv/environment/ament_prefix_path.dsv
[5.156s] -- Up-to-date: /home/basten/ros2_ws/src/MagangBanyubramanta_Basten-Andika-Salim/src/matlab_msg_gen/glnxa64/install/share/tugas_opencv/environment/path.sh
[5.156s] -- Installing: /home/basten/ros2_ws/src/MagangBanyubramanta_Basten-Andika-Salim/src/matlab_msg_gen/glnxa64/install/share/tugas_opencv/environment/path.dsv
[5.156s] -- Up-to-date: /home/basten/ros2_ws/src/MagangBanyubramanta_Basten-Andika-Salim/src/matlab_msg_gen/glnxa64/install/share/tugas_opencv/local_setup.bash
[5.156s] -- Up-to-date: /home/basten/ros2_ws/src/MagangBanyubramanta_Basten-Andika-Salim/src/matlab_msg_gen/glnxa64/install/share/tugas_opencv/local_setup.sh
[5.156s] -- Up-to-date: /home/basten/ros2_ws/src/MagangBanyubramanta_Basten-Andika-Salim/src/matlab_msg_gen/glnxa64/install/share/tugas_opencv/local_setup.zsh
[5.156s] -- Installing: /home/basten/ros2_ws/src/MagangBanyubramanta_Basten-Andika-Salim/src/matlab_msg_gen/glnxa64/install/share/tugas_opencv/local_setup.dsv
[5.156s] -- Installing: /home/basten/ros2_ws/src/MagangBanyubramanta_Basten-Andika-Salim/src/matlab_msg_gen/glnxa64/install/share/tugas_opencv/package.dsv
[5.156s] -- Up-to-date: /home/basten/ros2_ws/src/MagangBanyubramanta_Basten-Andika-Salim/src/matlab_msg_gen/glnxa64/install/share/ament_index/resource_index/packages/tugas_opencv
[5.165s] -- Up-to-date: /home/basten/ros2_ws/src/MagangBanyubramanta_Basten-Andika-Salim/src/matlab_msg_gen/glnxa64/install/share/tugas_opencv/cmake/export_tugas_opencv__rosidl_generator_cExport.cmake
[5.165s] -- Up-to-date: /home/basten/ros2_ws/src/MagangBanyubramanta_Basten-Andika-Salim/src/matlab_msg_gen/glnxa64/install/share/tugas_opencv/cmake/export_tugas_opencv__rosidl_generator_cExport-release.cmake
[5.165s] -- Up-to-date: /home/basten/ros2_ws/src/MagangBanyubramanta_Basten-Andika-Salim/src/matlab_msg_gen/glnxa64/install/share/tugas_opencv/cmake/export_tugas_opencv__rosidl_typesupport_fastrtps_cExport.cmake
[5.165s] -- Up-to-date: /home/basten/ros2_ws/src/MagangBanyubramanta_Basten-Andika-Salim/src/matlab_msg_gen/glnxa64/install/share/tugas_opencv/cmake/export_tugas_opencv__rosidl_typesupport_fastrtps_cExport-release.cmake
[5.166s] -- Up-to-date: /home/basten/ros2_ws/src/MagangBanyubramanta_Basten-Andika-Salim/src/matlab_msg_gen/glnxa64/install/share/tugas_opencv/cmake/tugas_opencv__rosidl_typesupport_introspection_cExport.cmake
[5.166s] -- Up-to-date: /home/basten/ros2_ws/src/MagangBanyubramanta_Basten-Andika-Salim/src/matlab_msg_gen/glnxa64/install/share/tugas_opencv/cmake/tugas_opencv__rosidl_typesupport_introspection_cExport-release.cmake
[5.166s] -- Up-to-date: /home/basten/ros2_ws/src/MagangBanyubramanta_Basten-Andika-Salim/src/matlab_msg_gen/glnxa64/install/share/tugas_opencv/cmake/tugas_opencv__rosidl_typesupport_cExport.cmake
[5.166s] -- Up-to-date: /home/basten/ros2_ws/src/MagangBanyubramanta_Basten-Andika-Salim/src/matlab_msg_gen/glnxa64/install/share/tugas_opencv/cmake/tugas_opencv__rosidl_typesupport_cExport-release.cmake
[5.166s] -- Up-to-date: /home/basten/ros2_ws/src/MagangBanyubramanta_Basten-Andika-Salim/src/matlab_msg_gen/glnxa64/install/share/tugas_opencv/cmake/export_tugas_opencv__rosidl_generator_cppExport.cmake
[5.166s] -- Up-to-date: /home/basten/ros2_ws/src/MagangBanyubramanta_Basten-Andika-Salim/src/matlab_msg_gen/glnxa64/install/share/tugas_opencv/cmake/export_tugas_opencv__rosidl_typesupport_fastrtps_cppExport.cmake
[5.166s] -- Up-to-date: /home/basten/ros2_ws/src/MagangBanyubramanta_Basten-Andika-Salim/src/matlab_msg_gen/glnxa64/install/share/tugas_opencv/cmake/export_tugas_opencv__rosidl_typesupport_fastrtps_cppExport-release.cmake
[5.166s] -- Up-to-date: /home/basten/ros2_ws/src/MagangBanyubramanta_Basten-Andika-Salim/src/matlab_msg_gen/glnxa64/install/share/tugas_opencv/cmake/tugas_opencv__rosidl_typesupport_introspection_cppExport.cmake
[5.166s] -- Up-to-date: /home/basten/ros2_ws/src/MagangBanyubramanta_Basten-Andika-Salim/src/matlab_msg_gen/glnxa64/install/share/tugas_opencv/cmake/tugas_opencv__rosidl_typesupport_introspection_cppExport-release.cmake
[5.167s] -- Up-to-date: /home/basten/ros2_ws/src/MagangBanyubramanta_Basten-Andika-Salim/src/matlab_msg_gen/glnxa64/install/share/tugas_opencv/cmake/tugas_opencv__rosidl_typesupport_cppExport.cmake
[5.167s] -- Up-to-date: /home/basten/ros2_ws/src/MagangBanyubramanta_Basten-Andika-Salim/src/matlab_msg_gen/glnxa64/install/share/tugas_opencv/cmake/tugas_opencv__rosidl_typesupport_cppExport-release.cmake
[5.167s] -- Up-to-date: /home/basten/ros2_ws/src/MagangBanyubramanta_Basten-Andika-Salim/src/matlab_msg_gen/glnxa64/install/share/tugas_opencv/cmake/rosidl_cmake-extras.cmake
[5.167s] -- Up-to-date: /home/basten/ros2_ws/src/MagangBanyubramanta_Basten-Andika-Salim/src/matlab_msg_gen/glnxa64/install/share/tugas_opencv/cmake/ament_cmake_export_include_directories-extras.cmake
[5.167s] -- Up-to-date: /home/basten/ros2_ws/src/MagangBanyubramanta_Basten-Andika-Salim/src/matlab_msg_gen/glnxa64/install/share/tugas_opencv/cmake/ament_cmake_export_libraries-extras.cmake
[5.167s] -- Up-to-date: /home/basten/ros2_ws/src/MagangBanyubramanta_Basten-Andika-Salim/src/matlab_msg_gen/glnxa64/install/share/tugas_opencv/cmake/ament_cmake_export_targets-extras.cmake
[5.167s] -- Up-to-date: /home/basten/ros2_ws/src/MagangBanyubramanta_Basten-Andika-Salim/src/matlab_msg_gen/glnxa64/install/share/tugas_opencv/cmake/rosidl_cmake_export_typesupport_targets-extras.cmake
[5.167s] -- Up-to-date: /home/basten/ros2_ws/src/MagangBanyubramanta_Basten-Andika-Salim/src/matlab_msg_gen/glnxa64/install/share/tugas_opencv/cmake/ament_cmake_export_dependencies-extras.cmake
[5.167s] -- Up-to-date: /home/basten/ros2_ws/src/MagangBanyubramanta_Basten-Andika-Salim/src/matlab_msg_gen/glnxa64/install/share/tugas_opencv/cmake/rosidl_cmake_export_typesupport_libraries-extras.cmake
[5.167s] -- Up-to-date: /home/basten/ros2_ws/src/MagangBanyubramanta_Basten-Andika-Salim/src/matlab_msg_gen/glnxa64/install/share/tugas_opencv/cmake/tugas_opencvConfig.cmake
[5.167s] -- Up-to-date: /home/basten/ros2_ws/src/MagangBanyubramanta_Basten-Andika-Salim/src/matlab_msg_gen/glnxa64/install/share/tugas_opencv/cmake/tugas_opencvConfig-version.cmake
[5.167s] -- Installing: /home/basten/ros2_ws/src/MagangBanyubramanta_Basten-Andika-Salim/src/matlab_msg_gen/glnxa64/install/share/tugas_opencv/package.xml
[5.169s] Invoked command in '/home/basten/ros2_ws/src/MagangBanyubramanta_Basten-Andika-Salim/src/matlab_msg_gen/glnxa64/build/tugas_opencv' returned '0': PS1=(venv) VIRTUAL_ENV_PROMPT=(venv) /usr/local/MATLAB/R2023b/bin/glnxa64/cmake/bin/cmake --install /home/basten/ros2_ws/src/MagangBanyubramanta_Basten-Andika-Salim/src/matlab_msg_gen/glnxa64/build/tugas_opencv
