[0.337s] DEBUG:colcon:Command line arguments: ['/usr/bin/colcon', 'build']
[0.337s] DEBUG:colcon:Parsed command line arguments: Namespace(log_base=None, log_level=None, verb_name='build', build_base='build', install_base='install', merge_install=False, symlink_install=False, test_result_base=None, continue_on_error=False, executor='parallel', parallel_workers=32, event_handlers=None, ignore_user_meta=False, metas=['./colcon.meta'], base_paths=['.'], packages_ignore=None, packages_ignore_regex=None, paths=None, packages_up_to=None, packages_up_to_regex=None, packages_above=None, packages_above_and_dependencies=None, packages_above_depth=None, packages_select_by_dep=None, packages_skip_by_dep=None, packages_skip_up_to=None, packages_select_build_failed=False, packages_skip_build_finished=False, packages_select_test_failures=False, packages_skip_test_passed=False, packages_select=None, packages_skip=None, packages_select_regex=None, packages_skip_regex=None, packages_start=None, packages_end=None, allow_overriding=[], cmake_args=None, cmake_target=None, cmake_target_skip_unavailable=False, cmake_clean_cache=False, cmake_clean_first=False, cmake_force_configure=False, ament_cmake_args=None, catkin_cmake_args=None, catkin_skip_building_tests=False, verb_parser=<colcon_defaults.argument_parser.defaults.DefaultArgumentsDecorator object at 0x7f0f3f682860>, verb_extension=<colcon_core.verb.build.BuildVerb object at 0x7f0f3f683fa0>, main=<bound method BuildVerb.main of <colcon_core.verb.build.BuildVerb object at 0x7f0f3f683fa0>>)
[0.354s] Level 1:colcon.colcon_core.package_discovery:discover_packages(colcon_meta) check parameters
[0.354s] Level 1:colcon.colcon_core.package_discovery:discover_packages(recursive) check parameters
[0.354s] Level 1:colcon.colcon_core.package_discovery:discover_packages(ignore) check parameters
[0.354s] Level 1:colcon.colcon_core.package_discovery:discover_packages(path) check parameters
[0.354s] Level 1:colcon.colcon_core.package_discovery:discover_packages(colcon_meta) discover
[0.354s] Level 1:colcon.colcon_core.package_discovery:discover_packages(recursive) discover
[0.354s] INFO:colcon.colcon_core.package_discovery:Crawling recursively for packages in '/home/basten/ros2_ws/src/MagangBanyubramanta_Basten-Andika-Salim/src'
[0.354s] Level 1:colcon.colcon_core.package_identification:_identify(.) by extensions ['ignore', 'ignore_ament_install']
[0.354s] Level 1:colcon.colcon_core.package_identification:_identify(.) by extension 'ignore'
[0.354s] Level 1:colcon.colcon_core.package_identification:_identify(.) by extension 'ignore_ament_install'
[0.354s] Level 1:colcon.colcon_core.package_identification:_identify(.) by extensions ['colcon_pkg']
[0.354s] Level 1:colcon.colcon_core.package_identification:_identify(.) by extension 'colcon_pkg'
[0.354s] Level 1:colcon.colcon_core.package_identification:_identify(.) by extensions ['colcon_meta']
[0.354s] Level 1:colcon.colcon_core.package_identification:_identify(.) by extension 'colcon_meta'
[0.354s] Level 1:colcon.colcon_core.package_identification:_identify(.) by extensions ['ros']
[0.354s] Level 1:colcon.colcon_core.package_identification:_identify(.) by extension 'ros'
[0.359s] Level 1:colcon.colcon_core.package_identification:_identify(.) by extensions ['cmake', 'python']
[0.359s] Level 1:colcon.colcon_core.package_identification:_identify(.) by extension 'cmake'
[0.359s] Level 1:colcon.colcon_core.package_identification:_identify(.) by extension 'python'
[0.359s] Level 1:colcon.colcon_core.package_identification:_identify(.) by extensions ['python_setup_py']
[0.359s] Level 1:colcon.colcon_core.package_identification:_identify(.) by extension 'python_setup_py'
[0.359s] Level 1:colcon.colcon_core.package_identification:_identify(build) by extensions ['ignore', 'ignore_ament_install']
[0.359s] Level 1:colcon.colcon_core.package_identification:_identify(build) by extension 'ignore'
[0.359s] Level 1:colcon.colcon_core.package_identification:_identify(build) ignored
[0.359s] Level 1:colcon.colcon_core.package_identification:_identify(install) by extensions ['ignore', 'ignore_ament_install']
[0.359s] Level 1:colcon.colcon_core.package_identification:_identify(install) by extension 'ignore'
[0.359s] Level 1:colcon.colcon_core.package_identification:_identify(install) ignored
[0.359s] Level 1:colcon.colcon_core.package_identification:_identify(log) by extensions ['ignore', 'ignore_ament_install']
[0.360s] Level 1:colcon.colcon_core.package_identification:_identify(log) by extension 'ignore'
[0.360s] Level 1:colcon.colcon_core.package_identification:_identify(log) ignored
[0.360s] Level 1:colcon.colcon_core.package_identification:_identify(tugas_joy) by extensions ['ignore', 'ignore_ament_install']
[0.360s] Level 1:colcon.colcon_core.package_identification:_identify(tugas_joy) by extension 'ignore'
[0.360s] Level 1:colcon.colcon_core.package_identification:_identify(tugas_joy) by extension 'ignore_ament_install'
[0.360s] Level 1:colcon.colcon_core.package_identification:_identify(tugas_joy) by extensions ['colcon_pkg']
[0.360s] Level 1:colcon.colcon_core.package_identification:_identify(tugas_joy) by extension 'colcon_pkg'
[0.360s] Level 1:colcon.colcon_core.package_identification:_identify(tugas_joy) by extensions ['colcon_meta']
[0.360s] Level 1:colcon.colcon_core.package_identification:_identify(tugas_joy) by extension 'colcon_meta'
[0.360s] Level 1:colcon.colcon_core.package_identification:_identify(tugas_joy) by extensions ['ros']
[0.360s] Level 1:colcon.colcon_core.package_identification:_identify(tugas_joy) by extension 'ros'
[0.360s] Level 1:colcon.colcon_core.package_identification:_identify(tugas_joy) by extensions ['cmake', 'python']
[0.360s] Level 1:colcon.colcon_core.package_identification:_identify(tugas_joy) by extension 'cmake'
[0.360s] Level 1:colcon.colcon_core.package_identification:_identify(tugas_joy) by extension 'python'
[0.360s] Level 1:colcon.colcon_core.package_identification:_identify(tugas_joy) by extensions ['python_setup_py']
[0.360s] Level 1:colcon.colcon_core.package_identification:_identify(tugas_joy) by extension 'python_setup_py'
[0.360s] Level 1:colcon.colcon_core.package_identification:_identify(tugas_joy/xbox) by extensions ['ignore', 'ignore_ament_install']
[0.360s] Level 1:colcon.colcon_core.package_identification:_identify(tugas_joy/xbox) by extension 'ignore'
[0.360s] Level 1:colcon.colcon_core.package_identification:_identify(tugas_joy/xbox) by extension 'ignore_ament_install'
[0.360s] Level 1:colcon.colcon_core.package_identification:_identify(tugas_joy/xbox) by extensions ['colcon_pkg']
[0.360s] Level 1:colcon.colcon_core.package_identification:_identify(tugas_joy/xbox) by extension 'colcon_pkg'
[0.360s] Level 1:colcon.colcon_core.package_identification:_identify(tugas_joy/xbox) by extensions ['colcon_meta']
[0.360s] Level 1:colcon.colcon_core.package_identification:_identify(tugas_joy/xbox) by extension 'colcon_meta'
[0.360s] Level 1:colcon.colcon_core.package_identification:_identify(tugas_joy/xbox) by extensions ['ros']
[0.360s] Level 1:colcon.colcon_core.package_identification:_identify(tugas_joy/xbox) by extension 'ros'
[0.361s] DEBUG:colcon.colcon_core.package_identification:Package 'tugas_joy/xbox' with type 'ros.ament_cmake' and name 'xbox'
[0.361s] Level 1:colcon.colcon_core.package_identification:_identify(tugas_opencv) by extensions ['ignore', 'ignore_ament_install']
[0.361s] Level 1:colcon.colcon_core.package_identification:_identify(tugas_opencv) by extension 'ignore'
[0.361s] Level 1:colcon.colcon_core.package_identification:_identify(tugas_opencv) by extension 'ignore_ament_install'
[0.361s] Level 1:colcon.colcon_core.package_identification:_identify(tugas_opencv) by extensions ['colcon_pkg']
[0.361s] Level 1:colcon.colcon_core.package_identification:_identify(tugas_opencv) by extension 'colcon_pkg'
[0.361s] Level 1:colcon.colcon_core.package_identification:_identify(tugas_opencv) by extensions ['colcon_meta']
[0.361s] Level 1:colcon.colcon_core.package_identification:_identify(tugas_opencv) by extension 'colcon_meta'
[0.361s] Level 1:colcon.colcon_core.package_identification:_identify(tugas_opencv) by extensions ['ros']
[0.361s] Level 1:colcon.colcon_core.package_identification:_identify(tugas_opencv) by extension 'ros'
[0.362s] DEBUG:colcon.colcon_core.package_identification:Package 'tugas_opencv' with type 'ros.ament_cmake' and name 'tugas_opencv'
[0.362s] Level 1:colcon.colcon_core.package_identification:_identify(tugas_opencv1) by extensions ['ignore', 'ignore_ament_install']
[0.362s] Level 1:colcon.colcon_core.package_identification:_identify(tugas_opencv1) by extension 'ignore'
[0.362s] Level 1:colcon.colcon_core.package_identification:_identify(tugas_opencv1) by extension 'ignore_ament_install'
[0.362s] Level 1:colcon.colcon_core.package_identification:_identify(tugas_opencv1) by extensions ['colcon_pkg']
[0.362s] Level 1:colcon.colcon_core.package_identification:_identify(tugas_opencv1) by extension 'colcon_pkg'
[0.362s] Level 1:colcon.colcon_core.package_identification:_identify(tugas_opencv1) by extensions ['colcon_meta']
[0.362s] Level 1:colcon.colcon_core.package_identification:_identify(tugas_opencv1) by extension 'colcon_meta'
[0.362s] Level 1:colcon.colcon_core.package_identification:_identify(tugas_opencv1) by extensions ['ros']
[0.362s] Level 1:colcon.colcon_core.package_identification:_identify(tugas_opencv1) by extension 'ros'
[0.362s] Level 1:colcon.colcon_core.package_identification:_identify(tugas_opencv1) by extensions ['cmake', 'python']
[0.362s] Level 1:colcon.colcon_core.package_identification:_identify(tugas_opencv1) by extension 'cmake'
[0.362s] Level 1:colcon.colcon_core.package_identification:_identify(tugas_opencv1) by extension 'python'
[0.362s] Level 1:colcon.colcon_core.package_identification:_identify(tugas_opencv1) by extensions ['python_setup_py']
[0.362s] Level 1:colcon.colcon_core.package_identification:_identify(tugas_opencv1) by extension 'python_setup_py'
[0.362s] Level 1:colcon.colcon_core.package_identification:_identify(tugas_opencv1/src) by extensions ['ignore', 'ignore_ament_install']
[0.362s] Level 1:colcon.colcon_core.package_identification:_identify(tugas_opencv1/src) by extension 'ignore'
[0.362s] Level 1:colcon.colcon_core.package_identification:_identify(tugas_opencv1/src) by extension 'ignore_ament_install'
[0.362s] Level 1:colcon.colcon_core.package_identification:_identify(tugas_opencv1/src) by extensions ['colcon_pkg']
[0.362s] Level 1:colcon.colcon_core.package_identification:_identify(tugas_opencv1/src) by extension 'colcon_pkg'
[0.362s] Level 1:colcon.colcon_core.package_identification:_identify(tugas_opencv1/src) by extensions ['colcon_meta']
[0.362s] Level 1:colcon.colcon_core.package_identification:_identify(tugas_opencv1/src) by extension 'colcon_meta'
[0.362s] Level 1:colcon.colcon_core.package_identification:_identify(tugas_opencv1/src) by extensions ['ros']
[0.362s] Level 1:colcon.colcon_core.package_identification:_identify(tugas_opencv1/src) by extension 'ros'
[0.362s] Level 1:colcon.colcon_core.package_identification:_identify(tugas_opencv1/src) by extensions ['cmake', 'python']
[0.362s] Level 1:colcon.colcon_core.package_identification:_identify(tugas_opencv1/src) by extension 'cmake'
[0.362s] Level 1:colcon.colcon_core.package_identification:_identify(tugas_opencv1/src) by extension 'python'
[0.362s] Level 1:colcon.colcon_core.package_identification:_identify(tugas_opencv1/src) by extensions ['python_setup_py']
[0.362s] Level 1:colcon.colcon_core.package_identification:_identify(tugas_opencv1/src) by extension 'python_setup_py'
[0.362s] Level 1:colcon.colcon_core.package_discovery:discover_packages(recursive) using defaults
[0.362s] Level 1:colcon.colcon_core.package_discovery:discover_packages(ignore) discover
[0.362s] Level 1:colcon.colcon_core.package_discovery:discover_packages(ignore) using defaults
[0.362s] Level 1:colcon.colcon_core.package_discovery:discover_packages(path) discover
[0.362s] Level 1:colcon.colcon_core.package_discovery:discover_packages(path) using defaults
[0.394s] Level 1:colcon.colcon_core.package_discovery:discover_packages(prefix_path) check parameters
[0.394s] Level 1:colcon.colcon_core.package_discovery:discover_packages(prefix_path) discover
[0.404s] DEBUG:colcon.colcon_installed_package_information.package_discovery:Found 284 installed packages in /opt/ros/humble
[0.405s] Level 1:colcon.colcon_core.package_discovery:discover_packages(prefix_path) using defaults
[0.440s] Level 5:colcon.colcon_core.verb:set package 'tugas_opencv' build argument 'cmake_args' from command line to 'None'
[0.440s] Level 5:colcon.colcon_core.verb:set package 'tugas_opencv' build argument 'cmake_target' from command line to 'None'
[0.440s] Level 5:colcon.colcon_core.verb:set package 'tugas_opencv' build argument 'cmake_target_skip_unavailable' from command line to 'False'
[0.440s] Level 5:colcon.colcon_core.verb:set package 'tugas_opencv' build argument 'cmake_clean_cache' from command line to 'False'
[0.440s] Level 5:colcon.colcon_core.verb:set package 'tugas_opencv' build argument 'cmake_clean_first' from command line to 'False'
[0.440s] Level 5:colcon.colcon_core.verb:set package 'tugas_opencv' build argument 'cmake_force_configure' from command line to 'False'
[0.440s] Level 5:colcon.colcon_core.verb:set package 'tugas_opencv' build argument 'ament_cmake_args' from command line to 'None'
[0.440s] Level 5:colcon.colcon_core.verb:set package 'tugas_opencv' build argument 'catkin_cmake_args' from command line to 'None'
[0.440s] Level 5:colcon.colcon_core.verb:set package 'tugas_opencv' build argument 'catkin_skip_building_tests' from command line to 'False'
[0.440s] DEBUG:colcon.colcon_core.verb:Building package 'tugas_opencv' with the following arguments: {'ament_cmake_args': None, 'build_base': '/home/basten/ros2_ws/src/MagangBanyubramanta_Basten-Andika-Salim/src/build/tugas_opencv', 'catkin_cmake_args': None, 'catkin_skip_building_tests': False, 'cmake_args': None, 'cmake_clean_cache': False, 'cmake_clean_first': False, 'cmake_force_configure': False, 'cmake_target': None, 'cmake_target_skip_unavailable': False, 'install_base': '/home/basten/ros2_ws/src/MagangBanyubramanta_Basten-Andika-Salim/src/install/tugas_opencv', 'merge_install': False, 'path': '/home/basten/ros2_ws/src/MagangBanyubramanta_Basten-Andika-Salim/src/tugas_opencv', 'symlink_install': False, 'test_result_base': None}
[0.445s] Level 5:colcon.colcon_core.verb:set package 'xbox' build argument 'cmake_args' from command line to 'None'
[0.445s] Level 5:colcon.colcon_core.verb:set package 'xbox' build argument 'cmake_target' from command line to 'None'
[0.445s] Level 5:colcon.colcon_core.verb:set package 'xbox' build argument 'cmake_target_skip_unavailable' from command line to 'False'
[0.445s] Level 5:colcon.colcon_core.verb:set package 'xbox' build argument 'cmake_clean_cache' from command line to 'False'
[0.445s] Level 5:colcon.colcon_core.verb:set package 'xbox' build argument 'cmake_clean_first' from command line to 'False'
[0.445s] Level 5:colcon.colcon_core.verb:set package 'xbox' build argument 'cmake_force_configure' from command line to 'False'
[0.445s] Level 5:colcon.colcon_core.verb:set package 'xbox' build argument 'ament_cmake_args' from command line to 'None'
[0.445s] Level 5:colcon.colcon_core.verb:set package 'xbox' build argument 'catkin_cmake_args' from command line to 'None'
[0.445s] Level 5:colcon.colcon_core.verb:set package 'xbox' build argument 'catkin_skip_building_tests' from command line to 'False'
[0.445s] DEBUG:colcon.colcon_core.verb:Building package 'xbox' with the following arguments: {'ament_cmake_args': None, 'build_base': '/home/basten/ros2_ws/src/MagangBanyubramanta_Basten-Andika-Salim/src/build/xbox', 'catkin_cmake_args': None, 'catkin_skip_building_tests': False, 'cmake_args': None, 'cmake_clean_cache': False, 'cmake_clean_first': False, 'cmake_force_configure': False, 'cmake_target': None, 'cmake_target_skip_unavailable': False, 'install_base': '/home/basten/ros2_ws/src/MagangBanyubramanta_Basten-Andika-Salim/src/install/xbox', 'merge_install': False, 'path': '/home/basten/ros2_ws/src/MagangBanyubramanta_Basten-Andika-Salim/src/tugas_joy/xbox', 'symlink_install': False, 'test_result_base': None}
[0.450s] INFO:colcon.colcon_core.executor:Executing jobs using 'parallel' executor
[0.455s] DEBUG:colcon.colcon_parallel_executor.executor.parallel:run_until_complete
[0.455s] INFO:colcon.colcon_ros.task.ament_cmake.build:Building ROS package in '/home/basten/ros2_ws/src/MagangBanyubramanta_Basten-Andika-Salim/src/tugas_opencv' with build type 'ament_cmake'
[0.455s] INFO:colcon.colcon_cmake.task.cmake.build:Building CMake package in '/home/basten/ros2_ws/src/MagangBanyubramanta_Basten-Andika-Salim/src/tugas_opencv'
[0.461s] INFO:colcon.colcon_core.plugin_system:Skipping extension 'colcon_core.shell.bat': Not used on non-Windows systems
[0.461s] INFO:colcon.colcon_core.shell:Skip shell extension 'powershell' for command environment: Not usable outside of PowerShell
[0.461s] DEBUG:colcon.colcon_core.shell:Skip shell extension 'dsv' for command environment
[0.472s] INFO:colcon.colcon_ros.task.ament_cmake.build:Building ROS package in '/home/basten/ros2_ws/src/MagangBanyubramanta_Basten-Andika-Salim/src/tugas_joy/xbox' with build type 'ament_cmake'
[0.472s] INFO:colcon.colcon_cmake.task.cmake.build:Building CMake package in '/home/basten/ros2_ws/src/MagangBanyubramanta_Basten-Andika-Salim/src/tugas_joy/xbox'
[0.477s] INFO:colcon.colcon_core.shell:Skip shell extension 'powershell' for command environment: Not usable outside of PowerShell
[0.477s] DEBUG:colcon.colcon_core.shell:Skip shell extension 'dsv' for command environment
[0.490s] DEBUG:colcon.colcon_core.event_handler.log_command:Invoking command in '/home/basten/ros2_ws/src/MagangBanyubramanta_Basten-Andika-Salim/src/build/tugas_opencv': CMAKE_PREFIX_PATH=/opt/ros/humble /usr/bin/cmake --build /home/basten/ros2_ws/src/MagangBanyubramanta_Basten-Andika-Salim/src/build/tugas_opencv -- -j32 -l32
[0.491s] DEBUG:colcon.colcon_core.event_handler.log_command:Invoking command in '/home/basten/ros2_ws/src/MagangBanyubramanta_Basten-Andika-Salim/src/build/xbox': CMAKE_PREFIX_PATH=/opt/ros/humble /usr/bin/cmake --build /home/basten/ros2_ws/src/MagangBanyubramanta_Basten-Andika-Salim/src/build/xbox -- -j32 -l32
[0.642s] DEBUG:colcon.colcon_core.event_handler.log_command:Invoked command in '/home/basten/ros2_ws/src/MagangBanyubramanta_Basten-Andika-Salim/src/build/xbox' returned '0': CMAKE_PREFIX_PATH=/opt/ros/humble /usr/bin/cmake --build /home/basten/ros2_ws/src/MagangBanyubramanta_Basten-Andika-Salim/src/build/xbox -- -j32 -l32
[0.673s] DEBUG:colcon.colcon_core.event_handler.log_command:Invoking command in '/home/basten/ros2_ws/src/MagangBanyubramanta_Basten-Andika-Salim/src/build/xbox': CMAKE_PREFIX_PATH=/opt/ros/humble /usr/bin/cmake --install /home/basten/ros2_ws/src/MagangBanyubramanta_Basten-Andika-Salim/src/build/xbox
[0.696s] Level 1:colcon.colcon_core.environment:create_environment_scripts_only(xbox)
[0.697s] DEBUG:colcon.colcon_core.event_handler.log_command:Invoked command in '/home/basten/ros2_ws/src/MagangBanyubramanta_Basten-Andika-Salim/src/build/xbox' returned '0': CMAKE_PREFIX_PATH=/opt/ros/humble /usr/bin/cmake --install /home/basten/ros2_ws/src/MagangBanyubramanta_Basten-Andika-Salim/src/build/xbox
[0.703s] Level 1:colcon.colcon_core.environment:checking '/home/basten/ros2_ws/src/MagangBanyubramanta_Basten-Andika-Salim/src/install/xbox' for CMake module files
[0.703s] Level 1:colcon.colcon_core.environment:checking '/home/basten/ros2_ws/src/MagangBanyubramanta_Basten-Andika-Salim/src/install/xbox' for CMake config files
[0.703s] Level 1:colcon.colcon_core.shell:create_environment_hook('xbox', 'cmake_prefix_path')
[0.708s] INFO:colcon.colcon_core.shell:Creating environment hook '/home/basten/ros2_ws/src/MagangBanyubramanta_Basten-Andika-Salim/src/install/xbox/share/xbox/hook/cmake_prefix_path.ps1'
[0.708s] INFO:colcon.colcon_core.shell:Creating environment descriptor '/home/basten/ros2_ws/src/MagangBanyubramanta_Basten-Andika-Salim/src/install/xbox/share/xbox/hook/cmake_prefix_path.dsv'
[0.708s] INFO:colcon.colcon_core.shell:Creating environment hook '/home/basten/ros2_ws/src/MagangBanyubramanta_Basten-Andika-Salim/src/install/xbox/share/xbox/hook/cmake_prefix_path.sh'
[0.709s] Level 1:colcon.colcon_core.environment:checking '/home/basten/ros2_ws/src/MagangBanyubramanta_Basten-Andika-Salim/src/install/xbox/lib'
[0.709s] Level 1:colcon.colcon_core.shell:create_environment_hook('xbox', 'ld_library_path_lib')
[0.714s] INFO:colcon.colcon_core.shell:Creating environment hook '/home/basten/ros2_ws/src/MagangBanyubramanta_Basten-Andika-Salim/src/install/xbox/share/xbox/hook/ld_library_path_lib.ps1'
[0.714s] INFO:colcon.colcon_core.shell:Creating environment descriptor '/home/basten/ros2_ws/src/MagangBanyubramanta_Basten-Andika-Salim/src/install/xbox/share/xbox/hook/ld_library_path_lib.dsv'
[0.714s] INFO:colcon.colcon_core.shell:Creating environment hook '/home/basten/ros2_ws/src/MagangBanyubramanta_Basten-Andika-Salim/src/install/xbox/share/xbox/hook/ld_library_path_lib.sh'
[0.714s] Level 1:colcon.colcon_core.environment:checking '/home/basten/ros2_ws/src/MagangBanyubramanta_Basten-Andika-Salim/src/install/xbox/bin'
[0.714s] Level 1:colcon.colcon_core.environment:checking '/home/basten/ros2_ws/src/MagangBanyubramanta_Basten-Andika-Salim/src/install/xbox/lib/pkgconfig/xbox.pc'
[0.714s] Level 1:colcon.colcon_core.environment:checking '/home/basten/ros2_ws/src/MagangBanyubramanta_Basten-Andika-Salim/src/install/xbox/lib/python3.10/site-packages'
[0.715s] Level 1:colcon.colcon_core.environment:checking '/home/basten/ros2_ws/src/MagangBanyubramanta_Basten-Andika-Salim/src/install/xbox/bin'
[0.719s] INFO:colcon.colcon_core.shell:Creating package script '/home/basten/ros2_ws/src/MagangBanyubramanta_Basten-Andika-Salim/src/install/xbox/share/xbox/package.ps1'
[0.720s] INFO:colcon.colcon_core.shell:Creating package descriptor '/home/basten/ros2_ws/src/MagangBanyubramanta_Basten-Andika-Salim/src/install/xbox/share/xbox/package.dsv'
[0.720s] INFO:colcon.colcon_core.shell:Creating package script '/home/basten/ros2_ws/src/MagangBanyubramanta_Basten-Andika-Salim/src/install/xbox/share/xbox/package.sh'
[0.720s] INFO:colcon.colcon_core.shell:Creating package script '/home/basten/ros2_ws/src/MagangBanyubramanta_Basten-Andika-Salim/src/install/xbox/share/xbox/package.bash'
[0.720s] INFO:colcon.colcon_core.shell:Creating package script '/home/basten/ros2_ws/src/MagangBanyubramanta_Basten-Andika-Salim/src/install/xbox/share/xbox/package.zsh'
[0.721s] Level 1:colcon.colcon_core.environment:create_file_with_runtime_dependencies(/home/basten/ros2_ws/src/MagangBanyubramanta_Basten-Andika-Salim/src/install/xbox/share/colcon-core/packages/xbox)
[0.754s] Level 1:colcon.colcon_core.environment:create_environment_scripts_only(xbox)
[0.759s] Level 1:colcon.colcon_core.environment:checking '/home/basten/ros2_ws/src/MagangBanyubramanta_Basten-Andika-Salim/src/install/xbox' for CMake module files
[0.759s] Level 1:colcon.colcon_core.environment:checking '/home/basten/ros2_ws/src/MagangBanyubramanta_Basten-Andika-Salim/src/install/xbox' for CMake config files
[0.760s] Level 1:colcon.colcon_core.shell:create_environment_hook('xbox', 'cmake_prefix_path')
[0.764s] INFO:colcon.colcon_core.shell:Creating environment hook '/home/basten/ros2_ws/src/MagangBanyubramanta_Basten-Andika-Salim/src/install/xbox/share/xbox/hook/cmake_prefix_path.ps1'
[0.765s] INFO:colcon.colcon_core.shell:Creating environment descriptor '/home/basten/ros2_ws/src/MagangBanyubramanta_Basten-Andika-Salim/src/install/xbox/share/xbox/hook/cmake_prefix_path.dsv'
[0.765s] INFO:colcon.colcon_core.shell:Creating environment hook '/home/basten/ros2_ws/src/MagangBanyubramanta_Basten-Andika-Salim/src/install/xbox/share/xbox/hook/cmake_prefix_path.sh'
[0.765s] Level 1:colcon.colcon_core.environment:checking '/home/basten/ros2_ws/src/MagangBanyubramanta_Basten-Andika-Salim/src/install/xbox/lib'
[0.765s] Level 1:colcon.colcon_core.shell:create_environment_hook('xbox', 'ld_library_path_lib')
[0.770s] INFO:colcon.colcon_core.shell:Creating environment hook '/home/basten/ros2_ws/src/MagangBanyubramanta_Basten-Andika-Salim/src/install/xbox/share/xbox/hook/ld_library_path_lib.ps1'
[0.770s] INFO:colcon.colcon_core.shell:Creating environment descriptor '/home/basten/ros2_ws/src/MagangBanyubramanta_Basten-Andika-Salim/src/install/xbox/share/xbox/hook/ld_library_path_lib.dsv'
[0.770s] INFO:colcon.colcon_core.shell:Creating environment hook '/home/basten/ros2_ws/src/MagangBanyubramanta_Basten-Andika-Salim/src/install/xbox/share/xbox/hook/ld_library_path_lib.sh'
[0.770s] Level 1:colcon.colcon_core.environment:checking '/home/basten/ros2_ws/src/MagangBanyubramanta_Basten-Andika-Salim/src/install/xbox/bin'
[0.770s] Level 1:colcon.colcon_core.environment:checking '/home/basten/ros2_ws/src/MagangBanyubramanta_Basten-Andika-Salim/src/install/xbox/lib/pkgconfig/xbox.pc'
[0.770s] Level 1:colcon.colcon_core.environment:checking '/home/basten/ros2_ws/src/MagangBanyubramanta_Basten-Andika-Salim/src/install/xbox/lib/python3.10/site-packages'
[0.770s] Level 1:colcon.colcon_core.environment:checking '/home/basten/ros2_ws/src/MagangBanyubramanta_Basten-Andika-Salim/src/install/xbox/bin'
[0.775s] INFO:colcon.colcon_core.shell:Creating package script '/home/basten/ros2_ws/src/MagangBanyubramanta_Basten-Andika-Salim/src/install/xbox/share/xbox/package.ps1'
[0.775s] INFO:colcon.colcon_core.shell:Creating package descriptor '/home/basten/ros2_ws/src/MagangBanyubramanta_Basten-Andika-Salim/src/install/xbox/share/xbox/package.dsv'
[0.776s] INFO:colcon.colcon_core.shell:Creating package script '/home/basten/ros2_ws/src/MagangBanyubramanta_Basten-Andika-Salim/src/install/xbox/share/xbox/package.sh'
[0.776s] INFO:colcon.colcon_core.shell:Creating package script '/home/basten/ros2_ws/src/MagangBanyubramanta_Basten-Andika-Salim/src/install/xbox/share/xbox/package.bash'
[0.776s] INFO:colcon.colcon_core.shell:Creating package script '/home/basten/ros2_ws/src/MagangBanyubramanta_Basten-Andika-Salim/src/install/xbox/share/xbox/package.zsh'
[0.776s] Level 1:colcon.colcon_core.environment:create_file_with_runtime_dependencies(/home/basten/ros2_ws/src/MagangBanyubramanta_Basten-Andika-Salim/src/install/xbox/share/colcon-core/packages/xbox)
[2.876s] DEBUG:colcon.colcon_core.event_handler.log_command:Invoked command in '/home/basten/ros2_ws/src/MagangBanyubramanta_Basten-Andika-Salim/src/build/tugas_opencv' returned '0': CMAKE_PREFIX_PATH=/opt/ros/humble /usr/bin/cmake --build /home/basten/ros2_ws/src/MagangBanyubramanta_Basten-Andika-Salim/src/build/tugas_opencv -- -j32 -l32
[2.920s] DEBUG:colcon.colcon_core.event_handler.log_command:Invoking command in '/home/basten/ros2_ws/src/MagangBanyubramanta_Basten-Andika-Salim/src/build/tugas_opencv': CMAKE_PREFIX_PATH=/opt/ros/humble /usr/bin/cmake --install /home/basten/ros2_ws/src/MagangBanyubramanta_Basten-Andika-Salim/src/build/tugas_opencv
[2.953s] Level 1:colcon.colcon_core.environment:create_environment_scripts_only(tugas_opencv)
[2.953s] DEBUG:colcon.colcon_core.event_handler.log_command:Invoked command in '/home/basten/ros2_ws/src/MagangBanyubramanta_Basten-Andika-Salim/src/build/tugas_opencv' returned '0': CMAKE_PREFIX_PATH=/opt/ros/humble /usr/bin/cmake --install /home/basten/ros2_ws/src/MagangBanyubramanta_Basten-Andika-Salim/src/build/tugas_opencv
[2.958s] Level 1:colcon.colcon_core.environment:checking '/home/basten/ros2_ws/src/MagangBanyubramanta_Basten-Andika-Salim/src/install/tugas_opencv' for CMake module files
[2.959s] Level 1:colcon.colcon_core.environment:checking '/home/basten/ros2_ws/src/MagangBanyubramanta_Basten-Andika-Salim/src/install/tugas_opencv' for CMake config files
[2.959s] Level 1:colcon.colcon_core.shell:create_environment_hook('tugas_opencv', 'cmake_prefix_path')
[2.964s] INFO:colcon.colcon_core.shell:Creating environment hook '/home/basten/ros2_ws/src/MagangBanyubramanta_Basten-Andika-Salim/src/install/tugas_opencv/share/tugas_opencv/hook/cmake_prefix_path.ps1'
[2.964s] INFO:colcon.colcon_core.shell:Creating environment descriptor '/home/basten/ros2_ws/src/MagangBanyubramanta_Basten-Andika-Salim/src/install/tugas_opencv/share/tugas_opencv/hook/cmake_prefix_path.dsv'
[2.964s] INFO:colcon.colcon_core.shell:Creating environment hook '/home/basten/ros2_ws/src/MagangBanyubramanta_Basten-Andika-Salim/src/install/tugas_opencv/share/tugas_opencv/hook/cmake_prefix_path.sh'
[2.964s] Level 1:colcon.colcon_core.environment:checking '/home/basten/ros2_ws/src/MagangBanyubramanta_Basten-Andika-Salim/src/install/tugas_opencv/lib'
[2.964s] Level 1:colcon.colcon_core.shell:create_environment_hook('tugas_opencv', 'ld_library_path_lib')
[2.969s] INFO:colcon.colcon_core.shell:Creating environment hook '/home/basten/ros2_ws/src/MagangBanyubramanta_Basten-Andika-Salim/src/install/tugas_opencv/share/tugas_opencv/hook/ld_library_path_lib.ps1'
[2.969s] INFO:colcon.colcon_core.shell:Creating environment descriptor '/home/basten/ros2_ws/src/MagangBanyubramanta_Basten-Andika-Salim/src/install/tugas_opencv/share/tugas_opencv/hook/ld_library_path_lib.dsv'
[2.969s] INFO:colcon.colcon_core.shell:Creating environment hook '/home/basten/ros2_ws/src/MagangBanyubramanta_Basten-Andika-Salim/src/install/tugas_opencv/share/tugas_opencv/hook/ld_library_path_lib.sh'
[2.969s] Level 1:colcon.colcon_core.environment:checking '/home/basten/ros2_ws/src/MagangBanyubramanta_Basten-Andika-Salim/src/install/tugas_opencv/bin'
[2.969s] Level 1:colcon.colcon_core.environment:checking '/home/basten/ros2_ws/src/MagangBanyubramanta_Basten-Andika-Salim/src/install/tugas_opencv/lib/pkgconfig/tugas_opencv.pc'
[2.969s] Level 1:colcon.colcon_core.environment:checking '/home/basten/ros2_ws/src/MagangBanyubramanta_Basten-Andika-Salim/src/install/tugas_opencv/lib/python3.10/site-packages'
[2.969s] Level 1:colcon.colcon_core.environment:checking '/home/basten/ros2_ws/src/MagangBanyubramanta_Basten-Andika-Salim/src/install/tugas_opencv/bin'
[2.974s] INFO:colcon.colcon_core.shell:Creating package script '/home/basten/ros2_ws/src/MagangBanyubramanta_Basten-Andika-Salim/src/install/tugas_opencv/share/tugas_opencv/package.ps1'
[2.974s] INFO:colcon.colcon_core.shell:Creating package descriptor '/home/basten/ros2_ws/src/MagangBanyubramanta_Basten-Andika-Salim/src/install/tugas_opencv/share/tugas_opencv/package.dsv'
[2.975s] INFO:colcon.colcon_core.shell:Creating package script '/home/basten/ros2_ws/src/MagangBanyubramanta_Basten-Andika-Salim/src/install/tugas_opencv/share/tugas_opencv/package.sh'
[2.975s] INFO:colcon.colcon_core.shell:Creating package script '/home/basten/ros2_ws/src/MagangBanyubramanta_Basten-Andika-Salim/src/install/tugas_opencv/share/tugas_opencv/package.bash'
[2.975s] INFO:colcon.colcon_core.shell:Creating package script '/home/basten/ros2_ws/src/MagangBanyubramanta_Basten-Andika-Salim/src/install/tugas_opencv/share/tugas_opencv/package.zsh'
[2.975s] Level 1:colcon.colcon_core.environment:create_file_with_runtime_dependencies(/home/basten/ros2_ws/src/MagangBanyubramanta_Basten-Andika-Salim/src/install/tugas_opencv/share/colcon-core/packages/tugas_opencv)
[3.014s] Level 1:colcon.colcon_core.environment:create_environment_scripts_only(tugas_opencv)
[3.024s] Level 1:colcon.colcon_core.environment:checking '/home/basten/ros2_ws/src/MagangBanyubramanta_Basten-Andika-Salim/src/install/tugas_opencv' for CMake module files
[3.025s] Level 1:colcon.colcon_core.environment:checking '/home/basten/ros2_ws/src/MagangBanyubramanta_Basten-Andika-Salim/src/install/tugas_opencv' for CMake config files
[3.025s] Level 1:colcon.colcon_core.shell:create_environment_hook('tugas_opencv', 'cmake_prefix_path')
[3.030s] INFO:colcon.colcon_core.shell:Creating environment hook '/home/basten/ros2_ws/src/MagangBanyubramanta_Basten-Andika-Salim/src/install/tugas_opencv/share/tugas_opencv/hook/cmake_prefix_path.ps1'
[3.030s] INFO:colcon.colcon_core.shell:Creating environment descriptor '/home/basten/ros2_ws/src/MagangBanyubramanta_Basten-Andika-Salim/src/install/tugas_opencv/share/tugas_opencv/hook/cmake_prefix_path.dsv'
[3.030s] INFO:colcon.colcon_core.shell:Creating environment hook '/home/basten/ros2_ws/src/MagangBanyubramanta_Basten-Andika-Salim/src/install/tugas_opencv/share/tugas_opencv/hook/cmake_prefix_path.sh'
[3.030s] Level 1:colcon.colcon_core.environment:checking '/home/basten/ros2_ws/src/MagangBanyubramanta_Basten-Andika-Salim/src/install/tugas_opencv/lib'
[3.030s] Level 1:colcon.colcon_core.shell:create_environment_hook('tugas_opencv', 'ld_library_path_lib')
[3.035s] INFO:colcon.colcon_core.shell:Creating environment hook '/home/basten/ros2_ws/src/MagangBanyubramanta_Basten-Andika-Salim/src/install/tugas_opencv/share/tugas_opencv/hook/ld_library_path_lib.ps1'
[3.035s] INFO:colcon.colcon_core.shell:Creating environment descriptor '/home/basten/ros2_ws/src/MagangBanyubramanta_Basten-Andika-Salim/src/install/tugas_opencv/share/tugas_opencv/hook/ld_library_path_lib.dsv'
[3.035s] INFO:colcon.colcon_core.shell:Creating environment hook '/home/basten/ros2_ws/src/MagangBanyubramanta_Basten-Andika-Salim/src/install/tugas_opencv/share/tugas_opencv/hook/ld_library_path_lib.sh'
[3.035s] Level 1:colcon.colcon_core.environment:checking '/home/basten/ros2_ws/src/MagangBanyubramanta_Basten-Andika-Salim/src/install/tugas_opencv/bin'
[3.035s] Level 1:colcon.colcon_core.environment:checking '/home/basten/ros2_ws/src/MagangBanyubramanta_Basten-Andika-Salim/src/install/tugas_opencv/lib/pkgconfig/tugas_opencv.pc'
[3.036s] Level 1:colcon.colcon_core.environment:checking '/home/basten/ros2_ws/src/MagangBanyubramanta_Basten-Andika-Salim/src/install/tugas_opencv/lib/python3.10/site-packages'
[3.036s] Level 1:colcon.colcon_core.environment:checking '/home/basten/ros2_ws/src/MagangBanyubramanta_Basten-Andika-Salim/src/install/tugas_opencv/bin'
[3.040s] INFO:colcon.colcon_core.shell:Creating package script '/home/basten/ros2_ws/src/MagangBanyubramanta_Basten-Andika-Salim/src/install/tugas_opencv/share/tugas_opencv/package.ps1'
[3.041s] INFO:colcon.colcon_core.shell:Creating package descriptor '/home/basten/ros2_ws/src/MagangBanyubramanta_Basten-Andika-Salim/src/install/tugas_opencv/share/tugas_opencv/package.dsv'
[3.041s] INFO:colcon.colcon_core.shell:Creating package script '/home/basten/ros2_ws/src/MagangBanyubramanta_Basten-Andika-Salim/src/install/tugas_opencv/share/tugas_opencv/package.sh'
[3.041s] INFO:colcon.colcon_core.shell:Creating package script '/home/basten/ros2_ws/src/MagangBanyubramanta_Basten-Andika-Salim/src/install/tugas_opencv/share/tugas_opencv/package.bash'
[3.041s] INFO:colcon.colcon_core.shell:Creating package script '/home/basten/ros2_ws/src/MagangBanyubramanta_Basten-Andika-Salim/src/install/tugas_opencv/share/tugas_opencv/package.zsh'
[3.041s] Level 1:colcon.colcon_core.environment:create_file_with_runtime_dependencies(/home/basten/ros2_ws/src/MagangBanyubramanta_Basten-Andika-Salim/src/install/tugas_opencv/share/colcon-core/packages/tugas_opencv)
[3.041s] DEBUG:colcon.colcon_parallel_executor.executor.parallel:closing loop
[3.042s] DEBUG:colcon.colcon_parallel_executor.executor.parallel:loop closed
[3.042s] DEBUG:colcon.colcon_parallel_executor.executor.parallel:run_until_complete finished with '0'
[3.042s] DEBUG:colcon.colcon_core.event_reactor:joining thread
[3.049s] INFO:colcon.colcon_core.plugin_system:Skipping extension 'colcon_notification.desktop_notification.terminal_notifier': Not used on non-Darwin systems
[3.049s] INFO:colcon.colcon_core.plugin_system:Skipping extension 'colcon_notification.desktop_notification.win32': Not used on non-Windows systems
[3.049s] INFO:colcon.colcon_notification.desktop_notification:Sending desktop notification using 'notify2'
[3.057s] DEBUG:colcon.colcon_core.event_reactor:joined thread
[3.063s] INFO:colcon.colcon_core.shell:Creating prefix script '/home/basten/ros2_ws/src/MagangBanyubramanta_Basten-Andika-Salim/src/install/local_setup.ps1'
[3.063s] INFO:colcon.colcon_core.shell:Creating prefix util module '/home/basten/ros2_ws/src/MagangBanyubramanta_Basten-Andika-Salim/src/install/_local_setup_util_ps1.py'
[3.063s] INFO:colcon.colcon_core.shell:Creating prefix chain script '/home/basten/ros2_ws/src/MagangBanyubramanta_Basten-Andika-Salim/src/install/setup.ps1'
[3.069s] INFO:colcon.colcon_core.shell:Creating prefix script '/home/basten/ros2_ws/src/MagangBanyubramanta_Basten-Andika-Salim/src/install/local_setup.sh'
[3.069s] INFO:colcon.colcon_core.shell:Creating prefix util module '/home/basten/ros2_ws/src/MagangBanyubramanta_Basten-Andika-Salim/src/install/_local_setup_util_sh.py'
[3.069s] INFO:colcon.colcon_core.shell:Creating prefix chain script '/home/basten/ros2_ws/src/MagangBanyubramanta_Basten-Andika-Salim/src/install/setup.sh'
[3.075s] INFO:colcon.colcon_core.shell:Creating prefix script '/home/basten/ros2_ws/src/MagangBanyubramanta_Basten-Andika-Salim/src/install/local_setup.bash'
[3.075s] INFO:colcon.colcon_core.shell:Creating prefix chain script '/home/basten/ros2_ws/src/MagangBanyubramanta_Basten-Andika-Salim/src/install/setup.bash'
[3.080s] INFO:colcon.colcon_core.shell:Creating prefix script '/home/basten/ros2_ws/src/MagangBanyubramanta_Basten-Andika-Salim/src/install/local_setup.zsh'
[3.081s] INFO:colcon.colcon_core.shell:Creating prefix chain script '/home/basten/ros2_ws/src/MagangBanyubramanta_Basten-Andika-Salim/src/install/setup.zsh'
