[35m[1mConsolidate compiler generated dependencies of target initCv[0m
[ 50%] [32mBuilding CXX object CMakeFiles/initCv.dir/src/initCv.cpp.o[0m
[100%] [32m[1mLinking CXX executable initCv[0m
[100%] Built target initCv
-- Install configuration: ""
-- Installing: /home/basten/ros2_ws/src/MagangBanyubramanta_Basten-Andika-Salim/src/install/tugas_yolo/lib/tugas_yolo/initCv
-- Set runtime path of "/home/basten/ros2_ws/src/MagangBanyubramanta_Basten-Andika-Salim/src/install/tugas_yolo/lib/tugas_yolo/initCv" to ""
-- Up-to-date: /home/basten/ros2_ws/src/MagangBanyubramanta_Basten-Andika-Salim/src/install/tugas_yolo/share/ament_index/resource_index/package_run_dependencies/tugas_yolo
-- Up-to-date: /home/basten/ros2_ws/src/MagangBanyubramanta_Basten-Andika-Salim/src/install/tugas_yolo/share/ament_index/resource_index/parent_prefix_path/tugas_yolo
-- Up-to-date: /home/basten/ros2_ws/src/MagangBanyubramanta_Basten-Andika-Salim/src/install/tugas_yolo/share/tugas_yolo/environment/ament_prefix_path.sh
-- Up-to-date: /home/basten/ros2_ws/src/MagangBanyubramanta_Basten-Andika-Salim/src/install/tugas_yolo/share/tugas_yolo/environment/ament_prefix_path.dsv
-- Up-to-date: /home/basten/ros2_ws/src/MagangBanyubramanta_Basten-Andika-Salim/src/install/tugas_yolo/share/tugas_yolo/environment/path.sh
-- Up-to-date: /home/basten/ros2_ws/src/MagangBanyubramanta_Basten-Andika-Salim/src/install/tugas_yolo/share/tugas_yolo/environment/path.dsv
-- Up-to-date: /home/basten/ros2_ws/src/MagangBanyubramanta_Basten-Andika-Salim/src/install/tugas_yolo/share/tugas_yolo/local_setup.bash
-- Up-to-date: /home/basten/ros2_ws/src/MagangBanyubramanta_Basten-Andika-Salim/src/install/tugas_yolo/share/tugas_yolo/local_setup.sh
-- Up-to-date: /home/basten/ros2_ws/src/MagangBanyubramanta_Basten-Andika-Salim/src/install/tugas_yolo/share/tugas_yolo/local_setup.zsh
-- Up-to-date: /home/basten/ros2_ws/src/MagangBanyubramanta_Basten-Andika-Salim/src/install/tugas_yolo/share/tugas_yolo/local_setup.dsv
-- Installing: /home/basten/ros2_ws/src/MagangBanyubramanta_Basten-Andika-Salim/src/install/tugas_yolo/share/tugas_yolo/package.dsv
-- Up-to-date: /home/basten/ros2_ws/src/MagangBanyubramanta_Basten-Andika-Salim/src/install/tugas_yolo/share/ament_index/resource_index/packages/tugas_yolo
-- Up-to-date: /home/basten/ros2_ws/src/MagangBanyubramanta_Basten-Andika-Salim/src/install/tugas_yolo/share/tugas_yolo/cmake/ament_cmake_export_dependencies-extras.cmake
-- Up-to-date: /home/basten/ros2_ws/src/MagangBanyubramanta_Basten-Andika-Salim/src/install/tugas_yolo/share/tugas_yolo/cmake/tugas_yoloConfig.cmake
-- Up-to-date: /home/basten/ros2_ws/src/MagangBanyubramanta_Basten-Andika-Salim/src/install/tugas_yolo/share/tugas_yolo/cmake/tugas_yoloConfig-version.cmake
-- Up-to-date: /home/basten/ros2_ws/src/MagangBanyubramanta_Basten-Andika-Salim/src/install/tugas_yolo/share/tugas_yolo/package.xml
