[0.365s] [34mcolcon[0m [1;30mDEBUG[0m [32mCommand line arguments: ['/usr/bin/colcon', 'build', '--packages-select', 'tugas_opencv'][0m
[0.365s] [34mcolcon[0m [1;30mDEBUG[0m [32mParsed command line arguments: Namespace(log_base=None, log_level=None, verb_name='build', build_base='build', install_base='install', merge_install=False, symlink_install=False, test_result_base=None, continue_on_error=False, executor='parallel', parallel_workers=32, event_handlers=None, ignore_user_meta=False, metas=['./colcon.meta'], base_paths=['.'], packages_ignore=None, packages_ignore_regex=None, paths=None, packages_up_to=None, packages_up_to_regex=None, packages_above=None, packages_above_and_dependencies=None, packages_above_depth=None, packages_select_by_dep=None, packages_skip_by_dep=None, packages_skip_up_to=None, packages_select_build_failed=False, packages_skip_build_finished=False, packages_select_test_failures=False, packages_skip_test_passed=False, packages_select=['tugas_opencv'], packages_skip=None, packages_select_regex=None, packages_skip_regex=None, packages_start=None, packages_end=None, allow_overriding=[], cmake_args=None, cmake_target=None, cmake_target_skip_unavailable=False, cmake_clean_cache=False, cmake_clean_first=False, cmake_force_configure=False, ament_cmake_args=None, catkin_cmake_args=None, catkin_skip_building_tests=False, verb_parser=<colcon_defaults.argument_parser.defaults.DefaultArgumentsDecorator object at 0x7fa09d7e1d80>, verb_extension=<colcon_core.verb.build.BuildVerb object at 0x7fa09d918760>, main=<bound method BuildVerb.main of <colcon_core.verb.build.BuildVerb object at 0x7fa09d918760>>)[0m
[0.387s] [34mcolcon.colcon_core.package_discovery[0m [1;30mLevel 1[0m discover_packages(colcon_meta) check parameters
[0.387s] [34mcolcon.colcon_core.package_discovery[0m [1;30mLevel 1[0m discover_packages(recursive) check parameters
[0.387s] [34mcolcon.colcon_core.package_discovery[0m [1;30mLevel 1[0m discover_packages(ignore) check parameters
[0.387s] [34mcolcon.colcon_core.package_discovery[0m [1;30mLevel 1[0m discover_packages(path) check parameters
[0.387s] [34mcolcon.colcon_core.package_discovery[0m [1;30mLevel 1[0m discover_packages(colcon_meta) discover
[0.387s] [34mcolcon.colcon_core.package_discovery[0m [1;30mLevel 1[0m discover_packages(recursive) discover
[0.387s] [34mcolcon.colcon_core.package_discovery[0m [1;30mINFO[0m Crawling recursively for packages in '/home/basten/ros2_ws/src/MagangBanyubramanta_Basten-Andika-Salim/Ros2/src'
[0.387s] [34mcolcon.colcon_core.package_identification[0m [1;30mLevel 1[0m _identify(.) by extensions ['ignore', 'ignore_ament_install']
[0.387s] [34mcolcon.colcon_core.package_identification[0m [1;30mLevel 1[0m _identify(.) by extension 'ignore'
[0.387s] [34mcolcon.colcon_core.package_identification[0m [1;30mLevel 1[0m _identify(.) by extension 'ignore_ament_install'
[0.387s] [34mcolcon.colcon_core.package_identification[0m [1;30mLevel 1[0m _identify(.) by extensions ['colcon_pkg']
[0.387s] [34mcolcon.colcon_core.package_identification[0m [1;30mLevel 1[0m _identify(.) by extension 'colcon_pkg'
[0.387s] [34mcolcon.colcon_core.package_identification[0m [1;30mLevel 1[0m _identify(.) by extensions ['colcon_meta']
[0.387s] [34mcolcon.colcon_core.package_identification[0m [1;30mLevel 1[0m _identify(.) by extension 'colcon_meta'
[0.387s] [34mcolcon.colcon_core.package_identification[0m [1;30mLevel 1[0m _identify(.) by extensions ['ros']
[0.387s] [34mcolcon.colcon_core.package_identification[0m [1;30mLevel 1[0m _identify(.) by extension 'ros'
[0.394s] [34mcolcon.colcon_core.package_identification[0m [1;30mLevel 1[0m _identify(.) by extensions ['cmake', 'python']
[0.394s] [34mcolcon.colcon_core.package_identification[0m [1;30mLevel 1[0m _identify(.) by extension 'cmake'
[0.394s] [34mcolcon.colcon_core.package_identification[0m [1;30mLevel 1[0m _identify(.) by extension 'python'
[0.394s] [34mcolcon.colcon_core.package_identification[0m [1;30mLevel 1[0m _identify(.) by extensions ['python_setup_py']
[0.394s] [34mcolcon.colcon_core.package_identification[0m [1;30mLevel 1[0m _identify(.) by extension 'python_setup_py'
[0.394s] [34mcolcon.colcon_core.package_identification[0m [1;30mLevel 1[0m _identify(build) by extensions ['ignore', 'ignore_ament_install']
[0.394s] [34mcolcon.colcon_core.package_identification[0m [1;30mLevel 1[0m _identify(build) by extension 'ignore'
[0.394s] [34mcolcon.colcon_core.package_identification[0m [1;30mLevel 1[0m _identify(build) ignored
[0.394s] [34mcolcon.colcon_core.package_identification[0m [1;30mLevel 1[0m _identify(communicator) by extensions ['ignore', 'ignore_ament_install']
[0.394s] [34mcolcon.colcon_core.package_identification[0m [1;30mLevel 1[0m _identify(communicator) by extension 'ignore'
[0.394s] [34mcolcon.colcon_core.package_identification[0m [1;30mLevel 1[0m _identify(communicator) by extension 'ignore_ament_install'
[0.394s] [34mcolcon.colcon_core.package_identification[0m [1;30mLevel 1[0m _identify(communicator) by extensions ['colcon_pkg']
[0.394s] [34mcolcon.colcon_core.package_identification[0m [1;30mLevel 1[0m _identify(communicator) by extension 'colcon_pkg'
[0.394s] [34mcolcon.colcon_core.package_identification[0m [1;30mLevel 1[0m _identify(communicator) by extensions ['colcon_meta']
[0.394s] [34mcolcon.colcon_core.package_identification[0m [1;30mLevel 1[0m _identify(communicator) by extension 'colcon_meta'
[0.394s] [34mcolcon.colcon_core.package_identification[0m [1;30mLevel 1[0m _identify(communicator) by extensions ['ros']
[0.394s] [34mcolcon.colcon_core.package_identification[0m [1;30mLevel 1[0m _identify(communicator) by extension 'ros'
[0.395s] [34mcolcon.colcon_core.package_identification[0m [1;30mDEBUG[0m [32mPackage 'communicator' with type 'ros.ament_cmake' and name 'communicator'[0m
[0.395s] [34mcolcon.colcon_core.package_identification[0m [1;30mLevel 1[0m _identify(install) by extensions ['ignore', 'ignore_ament_install']
[0.395s] [34mcolcon.colcon_core.package_identification[0m [1;30mLevel 1[0m _identify(install) by extension 'ignore'
[0.395s] [34mcolcon.colcon_core.package_identification[0m [1;30mLevel 1[0m _identify(install) ignored
[0.395s] [34mcolcon.colcon_core.package_identification[0m [1;30mLevel 1[0m _identify(log) by extensions ['ignore', 'ignore_ament_install']
[0.395s] [34mcolcon.colcon_core.package_identification[0m [1;30mLevel 1[0m _identify(log) by extension 'ignore'
[0.395s] [34mcolcon.colcon_core.package_identification[0m [1;30mLevel 1[0m _identify(log) ignored
[0.395s] [34mcolcon.colcon_core.package_identification[0m [1;30mLevel 1[0m _identify(matlab_msg_gen) by extensions ['ignore', 'ignore_ament_install']
[0.395s] [34mcolcon.colcon_core.package_identification[0m [1;30mLevel 1[0m _identify(matlab_msg_gen) by extension 'ignore'
[0.395s] [34mcolcon.colcon_core.package_identification[0m [1;30mLevel 1[0m _identify(matlab_msg_gen) ignored
[0.395s] [34mcolcon.colcon_core.package_identification[0m [1;30mLevel 1[0m _identify(tugas_joy) by extensions ['ignore', 'ignore_ament_install']
[0.395s] [34mcolcon.colcon_core.package_identification[0m [1;30mLevel 1[0m _identify(tugas_joy) by extension 'ignore'
[0.395s] [34mcolcon.colcon_core.package_identification[0m [1;30mLevel 1[0m _identify(tugas_joy) by extension 'ignore_ament_install'
[0.395s] [34mcolcon.colcon_core.package_identification[0m [1;30mLevel 1[0m _identify(tugas_joy) by extensions ['colcon_pkg']
[0.395s] [34mcolcon.colcon_core.package_identification[0m [1;30mLevel 1[0m _identify(tugas_joy) by extension 'colcon_pkg'
[0.395s] [34mcolcon.colcon_core.package_identification[0m [1;30mLevel 1[0m _identify(tugas_joy) by extensions ['colcon_meta']
[0.395s] [34mcolcon.colcon_core.package_identification[0m [1;30mLevel 1[0m _identify(tugas_joy) by extension 'colcon_meta'
[0.395s] [34mcolcon.colcon_core.package_identification[0m [1;30mLevel 1[0m _identify(tugas_joy) by extensions ['ros']
[0.396s] [34mcolcon.colcon_core.package_identification[0m [1;30mLevel 1[0m _identify(tugas_joy) by extension 'ros'
[0.396s] [34mcolcon.colcon_core.package_identification[0m [1;30mLevel 1[0m _identify(tugas_joy) by extensions ['cmake', 'python']
[0.396s] [34mcolcon.colcon_core.package_identification[0m [1;30mLevel 1[0m _identify(tugas_joy) by extension 'cmake'
[0.396s] [34mcolcon.colcon_core.package_identification[0m [1;30mLevel 1[0m _identify(tugas_joy) by extension 'python'
[0.396s] [34mcolcon.colcon_core.package_identification[0m [1;30mLevel 1[0m _identify(tugas_joy) by extensions ['python_setup_py']
[0.396s] [34mcolcon.colcon_core.package_identification[0m [1;30mLevel 1[0m _identify(tugas_joy) by extension 'python_setup_py'
[0.396s] [34mcolcon.colcon_core.package_identification[0m [1;30mLevel 1[0m _identify(tugas_joy/xbox) by extensions ['ignore', 'ignore_ament_install']
[0.396s] [34mcolcon.colcon_core.package_identification[0m [1;30mLevel 1[0m _identify(tugas_joy/xbox) by extension 'ignore'
[0.396s] [34mcolcon.colcon_core.package_identification[0m [1;30mLevel 1[0m _identify(tugas_joy/xbox) by extension 'ignore_ament_install'
[0.396s] [34mcolcon.colcon_core.package_identification[0m [1;30mLevel 1[0m _identify(tugas_joy/xbox) by extensions ['colcon_pkg']
[0.396s] [34mcolcon.colcon_core.package_identification[0m [1;30mLevel 1[0m _identify(tugas_joy/xbox) by extension 'colcon_pkg'
[0.396s] [34mcolcon.colcon_core.package_identification[0m [1;30mLevel 1[0m _identify(tugas_joy/xbox) by extensions ['colcon_meta']
[0.396s] [34mcolcon.colcon_core.package_identification[0m [1;30mLevel 1[0m _identify(tugas_joy/xbox) by extension 'colcon_meta'
[0.396s] [34mcolcon.colcon_core.package_identification[0m [1;30mLevel 1[0m _identify(tugas_joy/xbox) by extensions ['ros']
[0.396s] [34mcolcon.colcon_core.package_identification[0m [1;30mLevel 1[0m _identify(tugas_joy/xbox) by extension 'ros'
[0.396s] [34mcolcon.colcon_core.package_identification[0m [1;30mDEBUG[0m [32mPackage 'tugas_joy/xbox' with type 'ros.ament_cmake' and name 'xbox'[0m
[0.396s] [34mcolcon.colcon_core.package_identification[0m [1;30mLevel 1[0m _identify(tugas_opencv) by extensions ['ignore', 'ignore_ament_install']
[0.396s] [34mcolcon.colcon_core.package_identification[0m [1;30mLevel 1[0m _identify(tugas_opencv) by extension 'ignore'
[0.396s] [34mcolcon.colcon_core.package_identification[0m [1;30mLevel 1[0m _identify(tugas_opencv) by extension 'ignore_ament_install'
[0.396s] [34mcolcon.colcon_core.package_identification[0m [1;30mLevel 1[0m _identify(tugas_opencv) by extensions ['colcon_pkg']
[0.396s] [34mcolcon.colcon_core.package_identification[0m [1;30mLevel 1[0m _identify(tugas_opencv) by extension 'colcon_pkg'
[0.396s] [34mcolcon.colcon_core.package_identification[0m [1;30mLevel 1[0m _identify(tugas_opencv) by extensions ['colcon_meta']
[0.396s] [34mcolcon.colcon_core.package_identification[0m [1;30mLevel 1[0m _identify(tugas_opencv) by extension 'colcon_meta'
[0.396s] [34mcolcon.colcon_core.package_identification[0m [1;30mLevel 1[0m _identify(tugas_opencv) by extensions ['ros']
[0.396s] [34mcolcon.colcon_core.package_identification[0m [1;30mLevel 1[0m _identify(tugas_opencv) by extension 'ros'
[0.397s] [34mcolcon.colcon_core.package_identification[0m [1;30mDEBUG[0m [32mPackage 'tugas_opencv' with type 'ros.ament_cmake' and name 'tugas_opencv'[0m
[0.397s] [34mcolcon.colcon_core.package_identification[0m [1;30mLevel 1[0m _identify(tugas_yolo) by extensions ['ignore', 'ignore_ament_install']
[0.397s] [34mcolcon.colcon_core.package_identification[0m [1;30mLevel 1[0m _identify(tugas_yolo) by extension 'ignore'
[0.397s] [34mcolcon.colcon_core.package_identification[0m [1;30mLevel 1[0m _identify(tugas_yolo) by extension 'ignore_ament_install'
[0.397s] [34mcolcon.colcon_core.package_identification[0m [1;30mLevel 1[0m _identify(tugas_yolo) by extensions ['colcon_pkg']
[0.397s] [34mcolcon.colcon_core.package_identification[0m [1;30mLevel 1[0m _identify(tugas_yolo) by extension 'colcon_pkg'
[0.397s] [34mcolcon.colcon_core.package_identification[0m [1;30mLevel 1[0m _identify(tugas_yolo) by extensions ['colcon_meta']
[0.397s] [34mcolcon.colcon_core.package_identification[0m [1;30mLevel 1[0m _identify(tugas_yolo) by extension 'colcon_meta'
[0.397s] [34mcolcon.colcon_core.package_identification[0m [1;30mLevel 1[0m _identify(tugas_yolo) by extensions ['ros']
[0.397s] [34mcolcon.colcon_core.package_identification[0m [1;30mLevel 1[0m _identify(tugas_yolo) by extension 'ros'
[0.397s] [34mcolcon.colcon_core.package_identification[0m [1;30mDEBUG[0m [32mPackage 'tugas_yolo' with type 'ros.ament_cmake' and name 'tugas_yolo'[0m
[0.397s] [34mcolcon.colcon_core.package_identification[0m [1;30mLevel 1[0m _identify(tugas_yolo_yolocpp) by extensions ['ignore', 'ignore_ament_install']
[0.397s] [34mcolcon.colcon_core.package_identification[0m [1;30mLevel 1[0m _identify(tugas_yolo_yolocpp) by extension 'ignore'
[0.397s] [34mcolcon.colcon_core.package_identification[0m [1;30mLevel 1[0m _identify(tugas_yolo_yolocpp) by extension 'ignore_ament_install'
[0.397s] [34mcolcon.colcon_core.package_identification[0m [1;30mLevel 1[0m _identify(tugas_yolo_yolocpp) by extensions ['colcon_pkg']
[0.397s] [34mcolcon.colcon_core.package_identification[0m [1;30mLevel 1[0m _identify(tugas_yolo_yolocpp) by extension 'colcon_pkg'
[0.397s] [34mcolcon.colcon_core.package_identification[0m [1;30mLevel 1[0m _identify(tugas_yolo_yolocpp) by extensions ['colcon_meta']
[0.397s] [34mcolcon.colcon_core.package_identification[0m [1;30mLevel 1[0m _identify(tugas_yolo_yolocpp) by extension 'colcon_meta'
[0.397s] [34mcolcon.colcon_core.package_identification[0m [1;30mLevel 1[0m _identify(tugas_yolo_yolocpp) by extensions ['ros']
[0.397s] [34mcolcon.colcon_core.package_identification[0m [1;30mLevel 1[0m _identify(tugas_yolo_yolocpp) by extension 'ros'
[0.398s] [34mcolcon.colcon_core.package_identification[0m [1;30mDEBUG[0m [32mPackage 'tugas_yolo_yolocpp' with type 'ros.ament_cmake' and name 'tugas_yolo_yolocpp'[0m
[0.398s] [34mcolcon.colcon_core.package_discovery[0m [1;30mLevel 1[0m discover_packages(recursive) using defaults
[0.398s] [34mcolcon.colcon_core.package_discovery[0m [1;30mLevel 1[0m discover_packages(ignore) discover
[0.398s] [34mcolcon.colcon_core.package_discovery[0m [1;30mLevel 1[0m discover_packages(ignore) using defaults
[0.398s] [34mcolcon.colcon_core.package_discovery[0m [1;30mLevel 1[0m discover_packages(path) discover
[0.398s] [34mcolcon.colcon_core.package_discovery[0m [1;30mLevel 1[0m discover_packages(path) using defaults
[0.421s] [34mcolcon.colcon_core.package_selection[0m [1;30mINFO[0m Skipping not selected package 'communicator' in 'communicator'
[0.421s] [34mcolcon.colcon_core.package_selection[0m [1;30mINFO[0m Skipping not selected package 'tugas_yolo' in 'tugas_yolo'
[0.421s] [34mcolcon.colcon_core.package_selection[0m [1;30mINFO[0m Skipping not selected package 'tugas_yolo_yolocpp' in 'tugas_yolo_yolocpp'
[0.421s] [34mcolcon.colcon_core.package_selection[0m [1;30mINFO[0m Skipping not selected package 'xbox' in 'tugas_joy/xbox'
[0.431s] [34mcolcon.colcon_core.package_discovery[0m [1;30mLevel 1[0m discover_packages(prefix_path) check parameters
[0.431s] [34mcolcon.colcon_core.package_discovery[0m [1;30mLevel 1[0m discover_packages(prefix_path) discover
[0.442s] [34mcolcon.colcon_installed_package_information.package_discovery[0m [1;30mDEBUG[0m [32mFound 284 installed packages in /opt/ros/humble[0m
[0.443s] [34mcolcon.colcon_core.package_discovery[0m [1;30mLevel 1[0m discover_packages(prefix_path) using defaults
[0.472s] [34mcolcon.colcon_core.verb[0m [1;30mLevel 5[0m set package 'tugas_opencv' build argument 'cmake_args' from command line to 'None'
[0.472s] [34mcolcon.colcon_core.verb[0m [1;30mLevel 5[0m set package 'tugas_opencv' build argument 'cmake_target' from command line to 'None'
[0.472s] [34mcolcon.colcon_core.verb[0m [1;30mLevel 5[0m set package 'tugas_opencv' build argument 'cmake_target_skip_unavailable' from command line to 'False'
[0.472s] [34mcolcon.colcon_core.verb[0m [1;30mLevel 5[0m set package 'tugas_opencv' build argument 'cmake_clean_cache' from command line to 'False'
[0.472s] [34mcolcon.colcon_core.verb[0m [1;30mLevel 5[0m set package 'tugas_opencv' build argument 'cmake_clean_first' from command line to 'False'
[0.472s] [34mcolcon.colcon_core.verb[0m [1;30mLevel 5[0m set package 'tugas_opencv' build argument 'cmake_force_configure' from command line to 'False'
[0.472s] [34mcolcon.colcon_core.verb[0m [1;30mLevel 5[0m set package 'tugas_opencv' build argument 'ament_cmake_args' from command line to 'None'
[0.472s] [34mcolcon.colcon_core.verb[0m [1;30mLevel 5[0m set package 'tugas_opencv' build argument 'catkin_cmake_args' from command line to 'None'
[0.472s] [34mcolcon.colcon_core.verb[0m [1;30mLevel 5[0m set package 'tugas_opencv' build argument 'catkin_skip_building_tests' from command line to 'False'
[0.472s] [34mcolcon.colcon_core.verb[0m [1;30mDEBUG[0m [32mBuilding package 'tugas_opencv' with the following arguments: {'ament_cmake_args': None, 'build_base': '/home/basten/ros2_ws/src/MagangBanyubramanta_Basten-Andika-Salim/Ros2/src/build/tugas_opencv', 'catkin_cmake_args': None, 'catkin_skip_building_tests': False, 'cmake_args': None, 'cmake_clean_cache': False, 'cmake_clean_first': False, 'cmake_force_configure': False, 'cmake_target': None, 'cmake_target_skip_unavailable': False, 'install_base': '/home/basten/ros2_ws/src/MagangBanyubramanta_Basten-Andika-Salim/Ros2/src/install/tugas_opencv', 'merge_install': False, 'path': '/home/basten/ros2_ws/src/MagangBanyubramanta_Basten-Andika-Salim/Ros2/src/tugas_opencv', 'symlink_install': False, 'test_result_base': None}[0m
[0.478s] [34mcolcon.colcon_core.executor[0m [1;30mINFO[0m Executing jobs using 'parallel' executor
[0.483s] [34mcolcon.colcon_parallel_executor.executor.parallel[0m [1;30mDEBUG[0m [32mrun_until_complete[0m
[0.483s] [34mcolcon.colcon_ros.task.ament_cmake.build[0m [1;30mINFO[0m Building ROS package in '/home/basten/ros2_ws/src/MagangBanyubramanta_Basten-Andika-Salim/Ros2/src/tugas_opencv' with build type 'ament_cmake'
[0.483s] [34mcolcon.colcon_cmake.task.cmake.build[0m [1;30mINFO[0m Building CMake package in '/home/basten/ros2_ws/src/MagangBanyubramanta_Basten-Andika-Salim/Ros2/src/tugas_opencv'
[0.490s] [34mcolcon.colcon_core.plugin_system[0m [1;30mINFO[0m Skipping extension 'colcon_core.shell.bat': Not used on non-Windows systems
[0.490s] [34mcolcon.colcon_core.shell[0m [1;30mINFO[0m Skip shell extension 'powershell' for command environment: Not usable outside of PowerShell
[0.490s] [34mcolcon.colcon_core.shell[0m [1;30mDEBUG[0m [32mSkip shell extension 'dsv' for command environment[0m
[0.504s] [34mcolcon.colcon_core.event_handler.log_command[0m [1;30mDEBUG[0m [32mInvoking command in '/home/basten/ros2_ws/src/MagangBanyubramanta_Basten-Andika-Salim/Ros2/src/build/tugas_opencv': CMAKE_PREFIX_PATH=/opt/ros/humble /usr/bin/cmake --build /home/basten/ros2_ws/src/MagangBanyubramanta_Basten-Andika-Salim/Ros2/src/build/tugas_opencv -- -j32 -l32[0m
[3.062s] [34mcolcon.colcon_core.event_handler.log_command[0m [1;30mDEBUG[0m [32mInvoked command in '/home/basten/ros2_ws/src/MagangBanyubramanta_Basten-Andika-Salim/Ros2/src/build/tugas_opencv' returned '2': CMAKE_PREFIX_PATH=/opt/ros/humble /usr/bin/cmake --build /home/basten/ros2_ws/src/MagangBanyubramanta_Basten-Andika-Salim/Ros2/src/build/tugas_opencv -- -j32 -l32[0m
[3.128s] [34mcolcon.colcon_core.environment[0m [1;30mLevel 1[0m create_environment_scripts_only(tugas_opencv)
[3.138s] [34mcolcon.colcon_core.environment[0m [1;30mLevel 1[0m checking '/home/basten/ros2_ws/src/MagangBanyubramanta_Basten-Andika-Salim/Ros2/src/install/tugas_opencv' for CMake module files
[3.138s] [34mcolcon.colcon_core.environment[0m [1;30mLevel 1[0m checking '/home/basten/ros2_ws/src/MagangBanyubramanta_Basten-Andika-Salim/Ros2/src/install/tugas_opencv' for CMake config files
[3.138s] [34mcolcon.colcon_core.environment[0m [1;30mLevel 1[0m checking '/home/basten/ros2_ws/src/MagangBanyubramanta_Basten-Andika-Salim/Ros2/src/install/tugas_opencv/bin'
[3.138s] [34mcolcon.colcon_core.environment[0m [1;30mLevel 1[0m checking '/home/basten/ros2_ws/src/MagangBanyubramanta_Basten-Andika-Salim/Ros2/src/install/tugas_opencv/lib/pkgconfig/tugas_opencv.pc'
[3.138s] [34mcolcon.colcon_core.environment[0m [1;30mLevel 1[0m checking '/home/basten/ros2_ws/src/MagangBanyubramanta_Basten-Andika-Salim/Ros2/src/install/tugas_opencv/lib/python3.10/site-packages'
[3.138s] [34mcolcon.colcon_core.environment[0m [1;30mLevel 1[0m checking '/home/basten/ros2_ws/src/MagangBanyubramanta_Basten-Andika-Salim/Ros2/src/install/tugas_opencv/bin'
[3.144s] [34mcolcon.colcon_core.shell[0m [1;30mINFO[0m Creating package script '/home/basten/ros2_ws/src/MagangBanyubramanta_Basten-Andika-Salim/Ros2/src/install/tugas_opencv/share/tugas_opencv/package.ps1'
[3.144s] [34mcolcon.colcon_core.shell[0m [1;30mINFO[0m Creating package descriptor '/home/basten/ros2_ws/src/MagangBanyubramanta_Basten-Andika-Salim/Ros2/src/install/tugas_opencv/share/tugas_opencv/package.dsv'
[3.144s] [34mcolcon.colcon_core.shell[0m [1;30mINFO[0m Creating package script '/home/basten/ros2_ws/src/MagangBanyubramanta_Basten-Andika-Salim/Ros2/src/install/tugas_opencv/share/tugas_opencv/package.sh'
[3.145s] [34mcolcon.colcon_core.shell[0m [1;30mINFO[0m Creating package script '/home/basten/ros2_ws/src/MagangBanyubramanta_Basten-Andika-Salim/Ros2/src/install/tugas_opencv/share/tugas_opencv/package.bash'
[3.145s] [34mcolcon.colcon_core.shell[0m [1;30mINFO[0m Creating package script '/home/basten/ros2_ws/src/MagangBanyubramanta_Basten-Andika-Salim/Ros2/src/install/tugas_opencv/share/tugas_opencv/package.zsh'
[3.145s] [34mcolcon.colcon_core.environment[0m [1;30mLevel 1[0m create_file_with_runtime_dependencies(/home/basten/ros2_ws/src/MagangBanyubramanta_Basten-Andika-Salim/Ros2/src/install/tugas_opencv/share/colcon-core/packages/tugas_opencv)
[3.155s] [34mcolcon.colcon_parallel_executor.executor.parallel[0m [1;30mDEBUG[0m [32mclosing loop[0m
[3.155s] [34mcolcon.colcon_parallel_executor.executor.parallel[0m [1;30mDEBUG[0m [32mloop closed[0m
[3.156s] [34mcolcon.colcon_parallel_executor.executor.parallel[0m [1;30mDEBUG[0m [32mrun_until_complete finished with '2'[0m
[3.156s] [34mcolcon.colcon_core.event_reactor[0m [1;30mDEBUG[0m [32mjoining thread[0m
[3.175s] [34mcolcon.colcon_core.plugin_system[0m [1;30mINFO[0m Skipping extension 'colcon_notification.desktop_notification.terminal_notifier': Not used on non-Darwin systems
[3.175s] [34mcolcon.colcon_core.plugin_system[0m [1;30mINFO[0m Skipping extension 'colcon_notification.desktop_notification.win32': Not used on non-Windows systems
[3.175s] [34mcolcon.colcon_notification.desktop_notification[0m [1;30mINFO[0m Sending desktop notification using 'notify2'
[3.184s] [34mcolcon.colcon_core.event_reactor[0m [1;30mDEBUG[0m [32mjoined thread[0m
[3.196s] [34mcolcon.colcon_core.shell[0m [1;30mINFO[0m Creating prefix script '/home/basten/ros2_ws/src/MagangBanyubramanta_Basten-Andika-Salim/Ros2/src/install/local_setup.ps1'
[3.197s] [34mcolcon.colcon_core.shell[0m [1;30mINFO[0m Creating prefix util module '/home/basten/ros2_ws/src/MagangBanyubramanta_Basten-Andika-Salim/Ros2/src/install/_local_setup_util_ps1.py'
[3.197s] [34mcolcon.colcon_core.shell[0m [1;30mINFO[0m Creating prefix chain script '/home/basten/ros2_ws/src/MagangBanyubramanta_Basten-Andika-Salim/Ros2/src/install/setup.ps1'
[3.208s] [34mcolcon.colcon_core.shell[0m [1;30mINFO[0m Creating prefix script '/home/basten/ros2_ws/src/MagangBanyubramanta_Basten-Andika-Salim/Ros2/src/install/local_setup.sh'
[3.209s] [34mcolcon.colcon_core.shell[0m [1;30mINFO[0m Creating prefix util module '/home/basten/ros2_ws/src/MagangBanyubramanta_Basten-Andika-Salim/Ros2/src/install/_local_setup_util_sh.py'
[3.209s] [34mcolcon.colcon_core.shell[0m [1;30mINFO[0m Creating prefix chain script '/home/basten/ros2_ws/src/MagangBanyubramanta_Basten-Andika-Salim/Ros2/src/install/setup.sh'
[3.217s] [34mcolcon.colcon_core.shell[0m [1;30mINFO[0m Creating prefix script '/home/basten/ros2_ws/src/MagangBanyubramanta_Basten-Andika-Salim/Ros2/src/install/local_setup.bash'
[3.217s] [34mcolcon.colcon_core.shell[0m [1;30mINFO[0m Creating prefix chain script '/home/basten/ros2_ws/src/MagangBanyubramanta_Basten-Andika-Salim/Ros2/src/install/setup.bash'
[3.223s] [34mcolcon.colcon_core.shell[0m [1;30mINFO[0m Creating prefix script '/home/basten/ros2_ws/src/MagangBanyubramanta_Basten-Andika-Salim/Ros2/src/install/local_setup.zsh'
[3.223s] [34mcolcon.colcon_core.shell[0m [1;30mINFO[0m Creating prefix chain script '/home/basten/ros2_ws/src/MagangBanyubramanta_Basten-Andika-Salim/Ros2/src/install/setup.zsh'
