[35m[1mConsolidate compiler generated dependencies of target detect[0m
[ 50%] [32mBuilding CXX object CMakeFiles/detect.dir/src/detect.cpp.o[0m
[100%] [32m[1mLinking CXX executable detect[0m
[100%] Built target detect
-- Install configuration: ""
-- Installing: /home/basten/ros2_ws/src/MagangBanyubramanta_Basten-Andika-Salim/src/install/tugas_yolo_yolocpp/lib/tugas_yolo_yolocpp/detect
-- Set runtime path of "/home/basten/ros2_ws/src/MagangBanyubramanta_Basten-Andika-Salim/src/install/tugas_yolo_yolocpp/lib/tugas_yolo_yolocpp/detect" to ""
-- Installing: /home/basten/ros2_ws/src/MagangBanyubramanta_Basten-Andika-Salim/src/install/tugas_yolo_yolocpp/share/ament_index/resource_index/package_run_dependencies/tugas_yolo_yolocpp
-- Installing: /home/basten/ros2_ws/src/MagangBanyubramanta_Basten-Andika-Salim/src/install/tugas_yolo_yolocpp/share/ament_index/resource_index/parent_prefix_path/tugas_yolo_yolocpp
-- Installing: /home/basten/ros2_ws/src/MagangBanyubramanta_Basten-Andika-Salim/src/install/tugas_yolo_yolocpp/share/tugas_yolo_yolocpp/environment/ament_prefix_path.sh
-- Installing: /home/basten/ros2_ws/src/MagangBanyubramanta_Basten-Andika-Salim/src/install/tugas_yolo_yolocpp/share/tugas_yolo_yolocpp/environment/ament_prefix_path.dsv
-- Installing: /home/basten/ros2_ws/src/MagangBanyubramanta_Basten-Andika-Salim/src/install/tugas_yolo_yolocpp/share/tugas_yolo_yolocpp/environment/path.sh
-- Installing: /home/basten/ros2_ws/src/MagangBanyubramanta_Basten-Andika-Salim/src/install/tugas_yolo_yolocpp/share/tugas_yolo_yolocpp/environment/path.dsv
-- Installing: /home/basten/ros2_ws/src/MagangBanyubramanta_Basten-Andika-Salim/src/install/tugas_yolo_yolocpp/share/tugas_yolo_yolocpp/local_setup.bash
-- Installing: /home/basten/ros2_ws/src/MagangBanyubramanta_Basten-Andika-Salim/src/install/tugas_yolo_yolocpp/share/tugas_yolo_yolocpp/local_setup.sh
-- Installing: /home/basten/ros2_ws/src/MagangBanyubramanta_Basten-Andika-Salim/src/install/tugas_yolo_yolocpp/share/tugas_yolo_yolocpp/local_setup.zsh
-- Installing: /home/basten/ros2_ws/src/MagangBanyubramanta_Basten-Andika-Salim/src/install/tugas_yolo_yolocpp/share/tugas_yolo_yolocpp/local_setup.dsv
-- Installing: /home/basten/ros2_ws/src/MagangBanyubramanta_Basten-Andika-Salim/src/install/tugas_yolo_yolocpp/share/tugas_yolo_yolocpp/package.dsv
-- Installing: /home/basten/ros2_ws/src/MagangBanyubramanta_Basten-Andika-Salim/src/install/tugas_yolo_yolocpp/share/ament_index/resource_index/packages/tugas_yolo_yolocpp
-- Installing: /home/basten/ros2_ws/src/MagangBanyubramanta_Basten-Andika-Salim/src/install/tugas_yolo_yolocpp/share/tugas_yolo_yolocpp/cmake/ament_cmake_export_dependencies-extras.cmake
-- Installing: /home/basten/ros2_ws/src/MagangBanyubramanta_Basten-Andika-Salim/src/install/tugas_yolo_yolocpp/share/tugas_yolo_yolocpp/cmake/tugas_yolo_yolocppConfig.cmake
-- Installing: /home/basten/ros2_ws/src/MagangBanyubramanta_Basten-Andika-Salim/src/install/tugas_yolo_yolocpp/share/tugas_yolo_yolocpp/cmake/tugas_yolo_yolocppConfig-version.cmake
-- Installing: /home/basten/ros2_ws/src/MagangBanyubramanta_Basten-Andika-Salim/src/install/tugas_yolo_yolocpp/share/tugas_yolo_yolocpp/package.xml
