[0.470s] DEBUG:colcon:Command line arguments: ['/usr/bin/colcon', 'build']
[0.470s] DEBUG:colcon:Parsed command line arguments: Namespace(log_base=None, log_level=None, verb_name='build', build_base='build', install_base='install', merge_install=False, symlink_install=False, test_result_base=None, continue_on_error=False, executor='parallel', parallel_workers=32, event_handlers=None, ignore_user_meta=False, metas=['./colcon.meta'], base_paths=['.'], packages_ignore=None, packages_ignore_regex=None, paths=None, packages_up_to=None, packages_up_to_regex=None, packages_above=None, packages_above_and_dependencies=None, packages_above_depth=None, packages_select_by_dep=None, packages_skip_by_dep=None, packages_skip_up_to=None, packages_select_build_failed=False, packages_skip_build_finished=False, packages_select_test_failures=False, packages_skip_test_passed=False, packages_select=None, packages_skip=None, packages_select_regex=None, packages_skip_regex=None, packages_start=None, packages_end=None, allow_overriding=[], cmake_args=None, cmake_target=None, cmake_target_skip_unavailable=False, cmake_clean_cache=False, cmake_clean_first=False, cmake_force_configure=False, ament_cmake_args=None, catkin_cmake_args=None, catkin_skip_building_tests=False, verb_parser=<colcon_defaults.argument_parser.defaults.DefaultArgumentsDecorator object at 0x7f48dc8702b0>, verb_extension=<colcon_core.verb.build.BuildVerb object at 0x7f48dc88c370>, main=<bound method BuildVerb.main of <colcon_core.verb.build.BuildVerb object at 0x7f48dc88c370>>)
[0.497s] Level 1:colcon.colcon_core.package_discovery:discover_packages(colcon_meta) check parameters
[0.497s] Level 1:colcon.colcon_core.package_discovery:discover_packages(recursive) check parameters
[0.497s] Level 1:colcon.colcon_core.package_discovery:discover_packages(ignore) check parameters
[0.497s] Level 1:colcon.colcon_core.package_discovery:discover_packages(path) check parameters
[0.497s] Level 1:colcon.colcon_core.package_discovery:discover_packages(colcon_meta) discover
[0.498s] Level 1:colcon.colcon_core.package_discovery:discover_packages(recursive) discover
[0.498s] INFO:colcon.colcon_core.package_discovery:Crawling recursively for packages in '/home/basten/ros2_ws/src/xbox'
[0.498s] Level 1:colcon.colcon_core.package_identification:_identify(.) by extensions ['ignore', 'ignore_ament_install']
[0.498s] Level 1:colcon.colcon_core.package_identification:_identify(.) by extension 'ignore'
[0.498s] Level 1:colcon.colcon_core.package_identification:_identify(.) by extension 'ignore_ament_install'
[0.498s] Level 1:colcon.colcon_core.package_identification:_identify(.) by extensions ['colcon_pkg']
[0.498s] Level 1:colcon.colcon_core.package_identification:_identify(.) by extension 'colcon_pkg'
[0.498s] Level 1:colcon.colcon_core.package_identification:_identify(.) by extensions ['colcon_meta']
[0.498s] Level 1:colcon.colcon_core.package_identification:_identify(.) by extension 'colcon_meta'
[0.498s] Level 1:colcon.colcon_core.package_identification:_identify(.) by extensions ['ros']
[0.498s] Level 1:colcon.colcon_core.package_identification:_identify(.) by extension 'ros'
[0.505s] DEBUG:colcon.colcon_core.package_identification:Package '.' with type 'ros.ament_cmake' and name 'xbox'
[0.505s] Level 1:colcon.colcon_core.package_discovery:discover_packages(recursive) using defaults
[0.505s] Level 1:colcon.colcon_core.package_discovery:discover_packages(ignore) discover
[0.505s] Level 1:colcon.colcon_core.package_discovery:discover_packages(ignore) using defaults
[0.505s] Level 1:colcon.colcon_core.package_discovery:discover_packages(path) discover
[0.505s] Level 1:colcon.colcon_core.package_discovery:discover_packages(path) using defaults
[0.542s] Level 1:colcon.colcon_core.package_discovery:discover_packages(prefix_path) check parameters
[0.542s] Level 1:colcon.colcon_core.package_discovery:discover_packages(prefix_path) discover
[0.553s] DEBUG:colcon.colcon_installed_package_information.package_discovery:Found 284 installed packages in /opt/ros/humble
[0.553s] Level 1:colcon.colcon_core.package_discovery:discover_packages(prefix_path) using defaults
[0.591s] Level 5:colcon.colcon_core.verb:set package 'xbox' build argument 'cmake_args' from command line to 'None'
[0.591s] Level 5:colcon.colcon_core.verb:set package 'xbox' build argument 'cmake_target' from command line to 'None'
[0.591s] Level 5:colcon.colcon_core.verb:set package 'xbox' build argument 'cmake_target_skip_unavailable' from command line to 'False'
[0.591s] Level 5:colcon.colcon_core.verb:set package 'xbox' build argument 'cmake_clean_cache' from command line to 'False'
[0.591s] Level 5:colcon.colcon_core.verb:set package 'xbox' build argument 'cmake_clean_first' from command line to 'False'
[0.591s] Level 5:colcon.colcon_core.verb:set package 'xbox' build argument 'cmake_force_configure' from command line to 'False'
[0.591s] Level 5:colcon.colcon_core.verb:set package 'xbox' build argument 'ament_cmake_args' from command line to 'None'
[0.591s] Level 5:colcon.colcon_core.verb:set package 'xbox' build argument 'catkin_cmake_args' from command line to 'None'
[0.591s] Level 5:colcon.colcon_core.verb:set package 'xbox' build argument 'catkin_skip_building_tests' from command line to 'False'
[0.591s] DEBUG:colcon.colcon_core.verb:Building package 'xbox' with the following arguments: {'ament_cmake_args': None, 'build_base': '/home/basten/ros2_ws/src/xbox/build/xbox', 'catkin_cmake_args': None, 'catkin_skip_building_tests': False, 'cmake_args': None, 'cmake_clean_cache': False, 'cmake_clean_first': False, 'cmake_force_configure': False, 'cmake_target': None, 'cmake_target_skip_unavailable': False, 'install_base': '/home/basten/ros2_ws/src/xbox/install/xbox', 'merge_install': False, 'path': '/home/basten/ros2_ws/src/xbox', 'symlink_install': False, 'test_result_base': None}
[0.597s] INFO:colcon.colcon_core.executor:Executing jobs using 'parallel' executor
[0.602s] DEBUG:colcon.colcon_parallel_executor.executor.parallel:run_until_complete
[0.602s] INFO:colcon.colcon_ros.task.ament_cmake.build:Building ROS package in '/home/basten/ros2_ws/src/xbox' with build type 'ament_cmake'
[0.602s] INFO:colcon.colcon_cmake.task.cmake.build:Building CMake package in '/home/basten/ros2_ws/src/xbox'
[0.610s] INFO:colcon.colcon_core.plugin_system:Skipping extension 'colcon_core.shell.bat': Not used on non-Windows systems
[0.610s] INFO:colcon.colcon_core.shell:Skip shell extension 'powershell' for command environment: Not usable outside of PowerShell
[0.610s] DEBUG:colcon.colcon_core.shell:Skip shell extension 'dsv' for command environment
[0.624s] DEBUG:colcon.colcon_core.event_handler.log_command:Invoking command in '/home/basten/ros2_ws/src/xbox/build/xbox': CMAKE_PREFIX_PATH=/opt/ros/humble /usr/bin/cmake /home/basten/ros2_ws/src/xbox -DCMAKE_INSTALL_PREFIX=/home/basten/ros2_ws/src/xbox/install/xbox
[1.947s] DEBUG:colcon.colcon_core.event_handler.log_command:Invoked command in '/home/basten/ros2_ws/src/xbox/build/xbox' returned '0': CMAKE_PREFIX_PATH=/opt/ros/humble /usr/bin/cmake /home/basten/ros2_ws/src/xbox -DCMAKE_INSTALL_PREFIX=/home/basten/ros2_ws/src/xbox/install/xbox
[1.948s] DEBUG:colcon.colcon_core.event_handler.log_command:Invoking command in '/home/basten/ros2_ws/src/xbox/build/xbox': CMAKE_PREFIX_PATH=/opt/ros/humble /usr/bin/cmake --build /home/basten/ros2_ws/src/xbox/build/xbox -- -j32 -l32
[6.184s] DEBUG:colcon.colcon_core.event_handler.log_command:Invoked command in '/home/basten/ros2_ws/src/xbox/build/xbox' returned '0': CMAKE_PREFIX_PATH=/opt/ros/humble /usr/bin/cmake --build /home/basten/ros2_ws/src/xbox/build/xbox -- -j32 -l32
[6.231s] DEBUG:colcon.colcon_core.event_handler.log_command:Invoking command in '/home/basten/ros2_ws/src/xbox/build/xbox': CMAKE_PREFIX_PATH=/opt/ros/humble /usr/bin/cmake --install /home/basten/ros2_ws/src/xbox/build/xbox
[6.275s] Level 1:colcon.colcon_core.environment:create_environment_scripts_only(xbox)
[6.275s] DEBUG:colcon.colcon_core.event_handler.log_command:Invoked command in '/home/basten/ros2_ws/src/xbox/build/xbox' returned '0': CMAKE_PREFIX_PATH=/opt/ros/humble /usr/bin/cmake --install /home/basten/ros2_ws/src/xbox/build/xbox
[6.283s] Level 1:colcon.colcon_core.environment:checking '/home/basten/ros2_ws/src/xbox/install/xbox' for CMake module files
[6.283s] Level 1:colcon.colcon_core.environment:checking '/home/basten/ros2_ws/src/xbox/install/xbox' for CMake config files
[6.283s] Level 1:colcon.colcon_core.shell:create_environment_hook('xbox', 'cmake_prefix_path')
[6.288s] INFO:colcon.colcon_core.shell:Creating environment hook '/home/basten/ros2_ws/src/xbox/install/xbox/share/xbox/hook/cmake_prefix_path.ps1'
[6.289s] INFO:colcon.colcon_core.shell:Creating environment descriptor '/home/basten/ros2_ws/src/xbox/install/xbox/share/xbox/hook/cmake_prefix_path.dsv'
[6.289s] INFO:colcon.colcon_core.shell:Creating environment hook '/home/basten/ros2_ws/src/xbox/install/xbox/share/xbox/hook/cmake_prefix_path.sh'
[6.290s] Level 1:colcon.colcon_core.environment:checking '/home/basten/ros2_ws/src/xbox/install/xbox/lib'
[6.290s] Level 1:colcon.colcon_core.shell:create_environment_hook('xbox', 'ld_library_path_lib')
[6.296s] INFO:colcon.colcon_core.shell:Creating environment hook '/home/basten/ros2_ws/src/xbox/install/xbox/share/xbox/hook/ld_library_path_lib.ps1'
[6.296s] INFO:colcon.colcon_core.shell:Creating environment descriptor '/home/basten/ros2_ws/src/xbox/install/xbox/share/xbox/hook/ld_library_path_lib.dsv'
[6.297s] INFO:colcon.colcon_core.shell:Creating environment hook '/home/basten/ros2_ws/src/xbox/install/xbox/share/xbox/hook/ld_library_path_lib.sh'
[6.297s] Level 1:colcon.colcon_core.environment:checking '/home/basten/ros2_ws/src/xbox/install/xbox/bin'
[6.297s] Level 1:colcon.colcon_core.environment:checking '/home/basten/ros2_ws/src/xbox/install/xbox/lib/pkgconfig/xbox.pc'
[6.297s] Level 1:colcon.colcon_core.environment:checking '/home/basten/ros2_ws/src/xbox/install/xbox/lib/python3.10/site-packages'
[6.297s] Level 1:colcon.colcon_core.environment:checking '/home/basten/ros2_ws/src/xbox/install/xbox/bin'
[6.302s] INFO:colcon.colcon_core.shell:Creating package script '/home/basten/ros2_ws/src/xbox/install/xbox/share/xbox/package.ps1'
[6.302s] INFO:colcon.colcon_core.shell:Creating package descriptor '/home/basten/ros2_ws/src/xbox/install/xbox/share/xbox/package.dsv'
[6.303s] INFO:colcon.colcon_core.shell:Creating package script '/home/basten/ros2_ws/src/xbox/install/xbox/share/xbox/package.sh'
[6.303s] INFO:colcon.colcon_core.shell:Creating package script '/home/basten/ros2_ws/src/xbox/install/xbox/share/xbox/package.bash'
[6.303s] INFO:colcon.colcon_core.shell:Creating package script '/home/basten/ros2_ws/src/xbox/install/xbox/share/xbox/package.zsh'
[6.304s] Level 1:colcon.colcon_core.environment:create_file_with_runtime_dependencies(/home/basten/ros2_ws/src/xbox/install/xbox/share/colcon-core/packages/xbox)
[6.353s] Level 1:colcon.colcon_core.environment:create_environment_scripts_only(xbox)
[6.362s] Level 1:colcon.colcon_core.environment:checking '/home/basten/ros2_ws/src/xbox/install/xbox' for CMake module files
[6.363s] Level 1:colcon.colcon_core.environment:checking '/home/basten/ros2_ws/src/xbox/install/xbox' for CMake config files
[6.363s] Level 1:colcon.colcon_core.shell:create_environment_hook('xbox', 'cmake_prefix_path')
[6.370s] INFO:colcon.colcon_core.shell:Creating environment hook '/home/basten/ros2_ws/src/xbox/install/xbox/share/xbox/hook/cmake_prefix_path.ps1'
[6.370s] INFO:colcon.colcon_core.shell:Creating environment descriptor '/home/basten/ros2_ws/src/xbox/install/xbox/share/xbox/hook/cmake_prefix_path.dsv'
[6.370s] INFO:colcon.colcon_core.shell:Creating environment hook '/home/basten/ros2_ws/src/xbox/install/xbox/share/xbox/hook/cmake_prefix_path.sh'
[6.370s] Level 1:colcon.colcon_core.environment:checking '/home/basten/ros2_ws/src/xbox/install/xbox/lib'
[6.370s] Level 1:colcon.colcon_core.shell:create_environment_hook('xbox', 'ld_library_path_lib')
[6.375s] INFO:colcon.colcon_core.shell:Creating environment hook '/home/basten/ros2_ws/src/xbox/install/xbox/share/xbox/hook/ld_library_path_lib.ps1'
[6.375s] INFO:colcon.colcon_core.shell:Creating environment descriptor '/home/basten/ros2_ws/src/xbox/install/xbox/share/xbox/hook/ld_library_path_lib.dsv'
[6.375s] INFO:colcon.colcon_core.shell:Creating environment hook '/home/basten/ros2_ws/src/xbox/install/xbox/share/xbox/hook/ld_library_path_lib.sh'
[6.375s] Level 1:colcon.colcon_core.environment:checking '/home/basten/ros2_ws/src/xbox/install/xbox/bin'
[6.375s] Level 1:colcon.colcon_core.environment:checking '/home/basten/ros2_ws/src/xbox/install/xbox/lib/pkgconfig/xbox.pc'
[6.375s] Level 1:colcon.colcon_core.environment:checking '/home/basten/ros2_ws/src/xbox/install/xbox/lib/python3.10/site-packages'
[6.375s] Level 1:colcon.colcon_core.environment:checking '/home/basten/ros2_ws/src/xbox/install/xbox/bin'
[6.380s] INFO:colcon.colcon_core.shell:Creating package script '/home/basten/ros2_ws/src/xbox/install/xbox/share/xbox/package.ps1'
[6.380s] INFO:colcon.colcon_core.shell:Creating package descriptor '/home/basten/ros2_ws/src/xbox/install/xbox/share/xbox/package.dsv'
[6.381s] INFO:colcon.colcon_core.shell:Creating package script '/home/basten/ros2_ws/src/xbox/install/xbox/share/xbox/package.sh'
[6.381s] INFO:colcon.colcon_core.shell:Creating package script '/home/basten/ros2_ws/src/xbox/install/xbox/share/xbox/package.bash'
[6.381s] INFO:colcon.colcon_core.shell:Creating package script '/home/basten/ros2_ws/src/xbox/install/xbox/share/xbox/package.zsh'
[6.381s] Level 1:colcon.colcon_core.environment:create_file_with_runtime_dependencies(/home/basten/ros2_ws/src/xbox/install/xbox/share/colcon-core/packages/xbox)
[6.381s] DEBUG:colcon.colcon_parallel_executor.executor.parallel:closing loop
[6.381s] DEBUG:colcon.colcon_parallel_executor.executor.parallel:loop closed
[6.381s] DEBUG:colcon.colcon_parallel_executor.executor.parallel:run_until_complete finished with '0'
[6.381s] DEBUG:colcon.colcon_core.event_reactor:joining thread
[6.388s] INFO:colcon.colcon_core.plugin_system:Skipping extension 'colcon_notification.desktop_notification.terminal_notifier': Not used on non-Darwin systems
[6.389s] INFO:colcon.colcon_core.plugin_system:Skipping extension 'colcon_notification.desktop_notification.win32': Not used on non-Windows systems
[6.389s] INFO:colcon.colcon_notification.desktop_notification:Sending desktop notification using 'notify2'
[6.404s] DEBUG:colcon.colcon_core.event_reactor:joined thread
[6.412s] INFO:colcon.colcon_core.shell:Creating prefix script '/home/basten/ros2_ws/src/xbox/install/local_setup.ps1'
[6.412s] INFO:colcon.colcon_core.shell:Creating prefix util module '/home/basten/ros2_ws/src/xbox/install/_local_setup_util_ps1.py'
[6.413s] INFO:colcon.colcon_core.shell:Creating prefix chain script '/home/basten/ros2_ws/src/xbox/install/setup.ps1'
[6.419s] INFO:colcon.colcon_core.shell:Creating prefix script '/home/basten/ros2_ws/src/xbox/install/local_setup.sh'
[6.419s] INFO:colcon.colcon_core.shell:Creating prefix util module '/home/basten/ros2_ws/src/xbox/install/_local_setup_util_sh.py'
[6.419s] INFO:colcon.colcon_core.shell:Creating prefix chain script '/home/basten/ros2_ws/src/xbox/install/setup.sh'
[6.424s] INFO:colcon.colcon_core.shell:Creating prefix script '/home/basten/ros2_ws/src/xbox/install/local_setup.bash'
[6.424s] INFO:colcon.colcon_core.shell:Creating prefix chain script '/home/basten/ros2_ws/src/xbox/install/setup.bash'
[6.429s] INFO:colcon.colcon_core.shell:Creating prefix script '/home/basten/ros2_ws/src/xbox/install/local_setup.zsh'
[6.430s] INFO:colcon.colcon_core.shell:Creating prefix chain script '/home/basten/ros2_ws/src/xbox/install/setup.zsh'
