[0.024s] Invoking command in '/home/basten/ros2_ws/src/MagangBanyubramanta_Basten-Andika-Salim/Ros2/build/tugas_opencv': CMAKE_PREFIX_PATH=/opt/ros/humble /usr/bin/cmake --build /home/basten/ros2_ws/src/MagangBanyubramanta_Basten-Andika-Salim/Ros2/build/tugas_opencv -- -j32 -l32
[0.049s] [  2%] Built target tugas_opencv__cpp
[0.050s] [ 12%] Built target tugas_opencv__rosidl_generator_c
[0.053s] [ 12%] Built target ament_cmake_python_copy_tugas_opencv
[0.059s] [ 21%] Built target tugas_opencv__rosidl_typesupport_cpp
[0.060s] [ 41%] Built target tugas_opencv__rosidl_typesupport_introspection_c
[0.060s] [ 41%] Built target tugas_opencv__rosidl_typesupport_fastrtps_c
[0.061s] [ 51%] Built target tugas_opencv__rosidl_typesupport_c
[0.061s] [ 60%] Built target tugas_opencv__rosidl_typesupport_fastrtps_cpp
[0.061s] [ 70%] Built target tugas_opencv__rosidl_typesupport_introspection_cpp
[0.070s] [ 70%] Built target tugas_opencv
[0.072s] [ 75%] Built target colorcheck
[0.080s] [ 78%] Built target tugas_opencv__py
[0.090s] [ 85%] Built target tugas_opencv__rosidl_generator_py
[0.100s] [ 90%] Built target tugas_opencv__rosidl_typesupport_fastrtps_c__pyext
[0.101s] [ 95%] Built target tugas_opencv__rosidl_typesupport_c__pyext
[0.101s] [100%] Built target tugas_opencv__rosidl_typesupport_introspection_c__pyext
[0.150s] running egg_info
[0.157s] writing tugas_opencv.egg-info/PKG-INFO
[0.157s] writing dependency_links to tugas_opencv.egg-info/dependency_links.txt
[0.157s] writing top-level names to tugas_opencv.egg-info/top_level.txt
[0.177s] reading manifest file 'tugas_opencv.egg-info/SOURCES.txt'
[0.177s] writing manifest file 'tugas_opencv.egg-info/SOURCES.txt'
[0.190s] [100%] Built target ament_cmake_python_build_tugas_opencv_egg
[0.198s] Invoked command in '/home/basten/ros2_ws/src/MagangBanyubramanta_Basten-Andika-Salim/Ros2/build/tugas_opencv' returned '0': CMAKE_PREFIX_PATH=/opt/ros/humble /usr/bin/cmake --build /home/basten/ros2_ws/src/MagangBanyubramanta_Basten-Andika-Salim/Ros2/build/tugas_opencv -- -j32 -l32
[0.274s] Invoking command in '/home/basten/ros2_ws/src/MagangBanyubramanta_Basten-Andika-Salim/Ros2/build/tugas_opencv': CMAKE_PREFIX_PATH=/opt/ros/humble /usr/bin/cmake --install /home/basten/ros2_ws/src/MagangBanyubramanta_Basten-Andika-Salim/Ros2/build/tugas_opencv
[0.282s] -- Install configuration: ""
[0.283s] -- Up-to-date: /home/basten/ros2_ws/src/MagangBanyubramanta_Basten-Andika-Salim/Ros2/install/tugas_opencv/share/ament_index/resource_index/rosidl_interfaces/tugas_opencv
[0.283s] -- Up-to-date: /home/basten/ros2_ws/src/MagangBanyubramanta_Basten-Andika-Salim/Ros2/install/tugas_opencv/include/tugas_opencv/tugas_opencv
[0.283s] -- Up-to-date: /home/basten/ros2_ws/src/MagangBanyubramanta_Basten-Andika-Salim/Ros2/install/tugas_opencv/include/tugas_opencv/tugas_opencv/msg
[0.283s] -- Up-to-date: /home/basten/ros2_ws/src/MagangBanyubramanta_Basten-Andika-Salim/Ros2/install/tugas_opencv/include/tugas_opencv/tugas_opencv/msg/rosidl_generator_c__visibility_control.h
[0.283s] -- Up-to-date: /home/basten/ros2_ws/src/MagangBanyubramanta_Basten-Andika-Salim/Ros2/install/tugas_opencv/include/tugas_opencv/tugas_opencv/msg/color.h
[0.283s] -- Up-to-date: /home/basten/ros2_ws/src/MagangBanyubramanta_Basten-Andika-Salim/Ros2/install/tugas_opencv/include/tugas_opencv/tugas_opencv/msg/position.h
[0.283s] -- Up-to-date: /home/basten/ros2_ws/src/MagangBanyubramanta_Basten-Andika-Salim/Ros2/install/tugas_opencv/include/tugas_opencv/tugas_opencv/msg/detail
[0.283s] -- Up-to-date: /home/basten/ros2_ws/src/MagangBanyubramanta_Basten-Andika-Salim/Ros2/install/tugas_opencv/include/tugas_opencv/tugas_opencv/msg/detail/position__functions.c
[0.283s] -- Up-to-date: /home/basten/ros2_ws/src/MagangBanyubramanta_Basten-Andika-Salim/Ros2/install/tugas_opencv/include/tugas_opencv/tugas_opencv/msg/detail/color__struct.h
[0.283s] -- Up-to-date: /home/basten/ros2_ws/src/MagangBanyubramanta_Basten-Andika-Salim/Ros2/install/tugas_opencv/include/tugas_opencv/tugas_opencv/msg/detail/color__functions.h
[0.283s] -- Up-to-date: /home/basten/ros2_ws/src/MagangBanyubramanta_Basten-Andika-Salim/Ros2/install/tugas_opencv/include/tugas_opencv/tugas_opencv/msg/detail/position__struct.h
[0.284s] -- Up-to-date: /home/basten/ros2_ws/src/MagangBanyubramanta_Basten-Andika-Salim/Ros2/install/tugas_opencv/include/tugas_opencv/tugas_opencv/msg/detail/color__type_support.h
[0.284s] -- Up-to-date: /home/basten/ros2_ws/src/MagangBanyubramanta_Basten-Andika-Salim/Ros2/install/tugas_opencv/include/tugas_opencv/tugas_opencv/msg/detail/color__functions.c
[0.284s] -- Up-to-date: /home/basten/ros2_ws/src/MagangBanyubramanta_Basten-Andika-Salim/Ros2/install/tugas_opencv/include/tugas_opencv/tugas_opencv/msg/detail/position__type_support.h
[0.284s] -- Up-to-date: /home/basten/ros2_ws/src/MagangBanyubramanta_Basten-Andika-Salim/Ros2/install/tugas_opencv/include/tugas_opencv/tugas_opencv/msg/detail/position__functions.h
[0.284s] -- Up-to-date: /home/basten/ros2_ws/src/MagangBanyubramanta_Basten-Andika-Salim/Ros2/install/tugas_opencv/share/tugas_opencv/environment/library_path.sh
[0.284s] -- Up-to-date: /home/basten/ros2_ws/src/MagangBanyubramanta_Basten-Andika-Salim/Ros2/install/tugas_opencv/share/tugas_opencv/environment/library_path.dsv
[0.284s] -- Up-to-date: /home/basten/ros2_ws/src/MagangBanyubramanta_Basten-Andika-Salim/Ros2/install/tugas_opencv/lib/libtugas_opencv__rosidl_generator_c.so
[0.284s] -- Up-to-date: /home/basten/ros2_ws/src/MagangBanyubramanta_Basten-Andika-Salim/Ros2/install/tugas_opencv/include/tugas_opencv/tugas_opencv
[0.284s] -- Up-to-date: /home/basten/ros2_ws/src/MagangBanyubramanta_Basten-Andika-Salim/Ros2/install/tugas_opencv/include/tugas_opencv/tugas_opencv/msg
[0.284s] -- Up-to-date: /home/basten/ros2_ws/src/MagangBanyubramanta_Basten-Andika-Salim/Ros2/install/tugas_opencv/include/tugas_opencv/tugas_opencv/msg/rosidl_typesupport_fastrtps_c__visibility_control.h
[0.284s] -- Up-to-date: /home/basten/ros2_ws/src/MagangBanyubramanta_Basten-Andika-Salim/Ros2/install/tugas_opencv/include/tugas_opencv/tugas_opencv/msg/detail
[0.284s] -- Up-to-date: /home/basten/ros2_ws/src/MagangBanyubramanta_Basten-Andika-Salim/Ros2/install/tugas_opencv/include/tugas_opencv/tugas_opencv/msg/detail/position__rosidl_typesupport_fastrtps_c.h
[0.284s] -- Up-to-date: /home/basten/ros2_ws/src/MagangBanyubramanta_Basten-Andika-Salim/Ros2/install/tugas_opencv/include/tugas_opencv/tugas_opencv/msg/detail/color__rosidl_typesupport_fastrtps_c.h
[0.284s] -- Up-to-date: /home/basten/ros2_ws/src/MagangBanyubramanta_Basten-Andika-Salim/Ros2/install/tugas_opencv/lib/libtugas_opencv__rosidl_typesupport_fastrtps_c.so
[0.284s] -- Up-to-date: /home/basten/ros2_ws/src/MagangBanyubramanta_Basten-Andika-Salim/Ros2/install/tugas_opencv/include/tugas_opencv/tugas_opencv
[0.285s] -- Up-to-date: /home/basten/ros2_ws/src/MagangBanyubramanta_Basten-Andika-Salim/Ros2/install/tugas_opencv/include/tugas_opencv/tugas_opencv/msg
[0.285s] -- Up-to-date: /home/basten/ros2_ws/src/MagangBanyubramanta_Basten-Andika-Salim/Ros2/install/tugas_opencv/include/tugas_opencv/tugas_opencv/msg/color.hpp
[0.285s] -- Up-to-date: /home/basten/ros2_ws/src/MagangBanyubramanta_Basten-Andika-Salim/Ros2/install/tugas_opencv/include/tugas_opencv/tugas_opencv/msg/position.hpp
[0.285s] -- Up-to-date: /home/basten/ros2_ws/src/MagangBanyubramanta_Basten-Andika-Salim/Ros2/install/tugas_opencv/include/tugas_opencv/tugas_opencv/msg/detail
[0.285s] -- Up-to-date: /home/basten/ros2_ws/src/MagangBanyubramanta_Basten-Andika-Salim/Ros2/install/tugas_opencv/include/tugas_opencv/tugas_opencv/msg/detail/color__traits.hpp
[0.285s] -- Up-to-date: /home/basten/ros2_ws/src/MagangBanyubramanta_Basten-Andika-Salim/Ros2/install/tugas_opencv/include/tugas_opencv/tugas_opencv/msg/detail/position__traits.hpp
[0.285s] -- Up-to-date: /home/basten/ros2_ws/src/MagangBanyubramanta_Basten-Andika-Salim/Ros2/install/tugas_opencv/include/tugas_opencv/tugas_opencv/msg/detail/position__struct.hpp
[0.285s] -- Up-to-date: /home/basten/ros2_ws/src/MagangBanyubramanta_Basten-Andika-Salim/Ros2/install/tugas_opencv/include/tugas_opencv/tugas_opencv/msg/detail/position__builder.hpp
[0.285s] -- Up-to-date: /home/basten/ros2_ws/src/MagangBanyubramanta_Basten-Andika-Salim/Ros2/install/tugas_opencv/include/tugas_opencv/tugas_opencv/msg/detail/color__struct.hpp
[0.285s] -- Up-to-date: /home/basten/ros2_ws/src/MagangBanyubramanta_Basten-Andika-Salim/Ros2/install/tugas_opencv/include/tugas_opencv/tugas_opencv/msg/detail/color__builder.hpp
[0.285s] -- Up-to-date: /home/basten/ros2_ws/src/MagangBanyubramanta_Basten-Andika-Salim/Ros2/install/tugas_opencv/include/tugas_opencv/tugas_opencv
[0.285s] -- Up-to-date: /home/basten/ros2_ws/src/MagangBanyubramanta_Basten-Andika-Salim/Ros2/install/tugas_opencv/include/tugas_opencv/tugas_opencv/msg
[0.285s] -- Up-to-date: /home/basten/ros2_ws/src/MagangBanyubramanta_Basten-Andika-Salim/Ros2/install/tugas_opencv/include/tugas_opencv/tugas_opencv/msg/rosidl_typesupport_fastrtps_cpp__visibility_control.h
[0.285s] -- Up-to-date: /home/basten/ros2_ws/src/MagangBanyubramanta_Basten-Andika-Salim/Ros2/install/tugas_opencv/include/tugas_opencv/tugas_opencv/msg/detail
[0.285s] -- Up-to-date: /home/basten/ros2_ws/src/MagangBanyubramanta_Basten-Andika-Salim/Ros2/install/tugas_opencv/include/tugas_opencv/tugas_opencv/msg/detail/dds_fastrtps
[0.285s] -- Up-to-date: /home/basten/ros2_ws/src/MagangBanyubramanta_Basten-Andika-Salim/Ros2/install/tugas_opencv/include/tugas_opencv/tugas_opencv/msg/detail/color__rosidl_typesupport_fastrtps_cpp.hpp
[0.285s] -- Up-to-date: /home/basten/ros2_ws/src/MagangBanyubramanta_Basten-Andika-Salim/Ros2/install/tugas_opencv/include/tugas_opencv/tugas_opencv/msg/detail/position__rosidl_typesupport_fastrtps_cpp.hpp
[0.285s] -- Up-to-date: /home/basten/ros2_ws/src/MagangBanyubramanta_Basten-Andika-Salim/Ros2/install/tugas_opencv/lib/libtugas_opencv__rosidl_typesupport_fastrtps_cpp.so
[0.285s] -- Up-to-date: /home/basten/ros2_ws/src/MagangBanyubramanta_Basten-Andika-Salim/Ros2/install/tugas_opencv/include/tugas_opencv/tugas_opencv
[0.286s] -- Up-to-date: /home/basten/ros2_ws/src/MagangBanyubramanta_Basten-Andika-Salim/Ros2/install/tugas_opencv/include/tugas_opencv/tugas_opencv/msg
[0.286s] -- Up-to-date: /home/basten/ros2_ws/src/MagangBanyubramanta_Basten-Andika-Salim/Ros2/install/tugas_opencv/include/tugas_opencv/tugas_opencv/msg/rosidl_typesupport_introspection_c__visibility_control.h
[0.286s] -- Up-to-date: /home/basten/ros2_ws/src/MagangBanyubramanta_Basten-Andika-Salim/Ros2/install/tugas_opencv/include/tugas_opencv/tugas_opencv/msg/detail
[0.286s] -- Up-to-date: /home/basten/ros2_ws/src/MagangBanyubramanta_Basten-Andika-Salim/Ros2/install/tugas_opencv/include/tugas_opencv/tugas_opencv/msg/detail/position__type_support.c
[0.286s] -- Up-to-date: /home/basten/ros2_ws/src/MagangBanyubramanta_Basten-Andika-Salim/Ros2/install/tugas_opencv/include/tugas_opencv/tugas_opencv/msg/detail/position__rosidl_typesupport_introspection_c.h
[0.286s] -- Up-to-date: /home/basten/ros2_ws/src/MagangBanyubramanta_Basten-Andika-Salim/Ros2/install/tugas_opencv/include/tugas_opencv/tugas_opencv/msg/detail/color__rosidl_typesupport_introspection_c.h
[0.286s] -- Up-to-date: /home/basten/ros2_ws/src/MagangBanyubramanta_Basten-Andika-Salim/Ros2/install/tugas_opencv/include/tugas_opencv/tugas_opencv/msg/detail/color__type_support.c
[0.286s] -- Up-to-date: /home/basten/ros2_ws/src/MagangBanyubramanta_Basten-Andika-Salim/Ros2/install/tugas_opencv/lib/libtugas_opencv__rosidl_typesupport_introspection_c.so
[0.286s] -- Up-to-date: /home/basten/ros2_ws/src/MagangBanyubramanta_Basten-Andika-Salim/Ros2/install/tugas_opencv/lib/libtugas_opencv__rosidl_typesupport_c.so
[0.286s] -- Up-to-date: /home/basten/ros2_ws/src/MagangBanyubramanta_Basten-Andika-Salim/Ros2/install/tugas_opencv/include/tugas_opencv/tugas_opencv
[0.286s] -- Up-to-date: /home/basten/ros2_ws/src/MagangBanyubramanta_Basten-Andika-Salim/Ros2/install/tugas_opencv/include/tugas_opencv/tugas_opencv/msg
[0.286s] -- Up-to-date: /home/basten/ros2_ws/src/MagangBanyubramanta_Basten-Andika-Salim/Ros2/install/tugas_opencv/include/tugas_opencv/tugas_opencv/msg/detail
[0.286s] -- Up-to-date: /home/basten/ros2_ws/src/MagangBanyubramanta_Basten-Andika-Salim/Ros2/install/tugas_opencv/include/tugas_opencv/tugas_opencv/msg/detail/color__type_support.cpp
[0.286s] -- Up-to-date: /home/basten/ros2_ws/src/MagangBanyubramanta_Basten-Andika-Salim/Ros2/install/tugas_opencv/include/tugas_opencv/tugas_opencv/msg/detail/position__type_support.cpp
[0.286s] -- Up-to-date: /home/basten/ros2_ws/src/MagangBanyubramanta_Basten-Andika-Salim/Ros2/install/tugas_opencv/include/tugas_opencv/tugas_opencv/msg/detail/color__rosidl_typesupport_introspection_cpp.hpp
[0.286s] -- Up-to-date: /home/basten/ros2_ws/src/MagangBanyubramanta_Basten-Andika-Salim/Ros2/install/tugas_opencv/include/tugas_opencv/tugas_opencv/msg/detail/position__rosidl_typesupport_introspection_cpp.hpp
[0.286s] -- Up-to-date: /home/basten/ros2_ws/src/MagangBanyubramanta_Basten-Andika-Salim/Ros2/install/tugas_opencv/lib/libtugas_opencv__rosidl_typesupport_introspection_cpp.so
[0.286s] -- Up-to-date: /home/basten/ros2_ws/src/MagangBanyubramanta_Basten-Andika-Salim/Ros2/install/tugas_opencv/lib/libtugas_opencv__rosidl_typesupport_cpp.so
[0.286s] -- Up-to-date: /home/basten/ros2_ws/src/MagangBanyubramanta_Basten-Andika-Salim/Ros2/install/tugas_opencv/share/tugas_opencv/environment/pythonpath.sh
[0.286s] -- Up-to-date: /home/basten/ros2_ws/src/MagangBanyubramanta_Basten-Andika-Salim/Ros2/install/tugas_opencv/share/tugas_opencv/environment/pythonpath.dsv
[0.287s] -- Up-to-date: /home/basten/ros2_ws/src/MagangBanyubramanta_Basten-Andika-Salim/Ros2/install/tugas_opencv/local/lib/python3.10/dist-packages/tugas_opencv-0.0.0-py3.10.egg-info
[0.287s] -- Installing: /home/basten/ros2_ws/src/MagangBanyubramanta_Basten-Andika-Salim/Ros2/install/tugas_opencv/local/lib/python3.10/dist-packages/tugas_opencv-0.0.0-py3.10.egg-info/top_level.txt
[0.287s] -- Installing: /home/basten/ros2_ws/src/MagangBanyubramanta_Basten-Andika-Salim/Ros2/install/tugas_opencv/local/lib/python3.10/dist-packages/tugas_opencv-0.0.0-py3.10.egg-info/PKG-INFO
[0.287s] -- Installing: /home/basten/ros2_ws/src/MagangBanyubramanta_Basten-Andika-Salim/Ros2/install/tugas_opencv/local/lib/python3.10/dist-packages/tugas_opencv-0.0.0-py3.10.egg-info/dependency_links.txt
[0.287s] -- Installing: /home/basten/ros2_ws/src/MagangBanyubramanta_Basten-Andika-Salim/Ros2/install/tugas_opencv/local/lib/python3.10/dist-packages/tugas_opencv-0.0.0-py3.10.egg-info/SOURCES.txt
[0.287s] -- Up-to-date: /home/basten/ros2_ws/src/MagangBanyubramanta_Basten-Andika-Salim/Ros2/install/tugas_opencv/local/lib/python3.10/dist-packages/tugas_opencv
[0.287s] -- Up-to-date: /home/basten/ros2_ws/src/MagangBanyubramanta_Basten-Andika-Salim/Ros2/install/tugas_opencv/local/lib/python3.10/dist-packages/tugas_opencv/_tugas_opencv_s.ep.rosidl_typesupport_introspection_c.c
[0.287s] -- Up-to-date: /home/basten/ros2_ws/src/MagangBanyubramanta_Basten-Andika-Salim/Ros2/install/tugas_opencv/local/lib/python3.10/dist-packages/tugas_opencv/_tugas_opencv_s.ep.rosidl_typesupport_fastrtps_c.c
[0.287s] -- Up-to-date: /home/basten/ros2_ws/src/MagangBanyubramanta_Basten-Andika-Salim/Ros2/install/tugas_opencv/local/lib/python3.10/dist-packages/tugas_opencv/tugas_opencv_s__rosidl_typesupport_introspection_c.cpython-310-x86_64-linux-gnu.so
[0.287s] -- Up-to-date: /home/basten/ros2_ws/src/MagangBanyubramanta_Basten-Andika-Salim/Ros2/install/tugas_opencv/local/lib/python3.10/dist-packages/tugas_opencv/libtugas_opencv__rosidl_generator_py.so
[0.287s] -- Up-to-date: /home/basten/ros2_ws/src/MagangBanyubramanta_Basten-Andika-Salim/Ros2/install/tugas_opencv/local/lib/python3.10/dist-packages/tugas_opencv/tugas_opencv_s__rosidl_typesupport_c.cpython-310-x86_64-linux-gnu.so
[0.287s] -- Up-to-date: /home/basten/ros2_ws/src/MagangBanyubramanta_Basten-Andika-Salim/Ros2/install/tugas_opencv/local/lib/python3.10/dist-packages/tugas_opencv/tugas_opencv_s__rosidl_typesupport_fastrtps_c.cpython-310-x86_64-linux-gnu.so
[0.287s] -- Up-to-date: /home/basten/ros2_ws/src/MagangBanyubramanta_Basten-Andika-Salim/Ros2/install/tugas_opencv/local/lib/python3.10/dist-packages/tugas_opencv/_tugas_opencv_s.ep.rosidl_typesupport_c.c
[0.287s] -- Up-to-date: /home/basten/ros2_ws/src/MagangBanyubramanta_Basten-Andika-Salim/Ros2/install/tugas_opencv/local/lib/python3.10/dist-packages/tugas_opencv/__init__.py
[0.287s] -- Up-to-date: /home/basten/ros2_ws/src/MagangBanyubramanta_Basten-Andika-Salim/Ros2/install/tugas_opencv/local/lib/python3.10/dist-packages/tugas_opencv/msg
[0.287s] -- Up-to-date: /home/basten/ros2_ws/src/MagangBanyubramanta_Basten-Andika-Salim/Ros2/install/tugas_opencv/local/lib/python3.10/dist-packages/tugas_opencv/msg/_position.py
[0.287s] -- Up-to-date: /home/basten/ros2_ws/src/MagangBanyubramanta_Basten-Andika-Salim/Ros2/install/tugas_opencv/local/lib/python3.10/dist-packages/tugas_opencv/msg/_color.py
[0.287s] -- Up-to-date: /home/basten/ros2_ws/src/MagangBanyubramanta_Basten-Andika-Salim/Ros2/install/tugas_opencv/local/lib/python3.10/dist-packages/tugas_opencv/msg/_position_s.c
[0.287s] -- Up-to-date: /home/basten/ros2_ws/src/MagangBanyubramanta_Basten-Andika-Salim/Ros2/install/tugas_opencv/local/lib/python3.10/dist-packages/tugas_opencv/msg/_color_s.c
[0.287s] -- Up-to-date: /home/basten/ros2_ws/src/MagangBanyubramanta_Basten-Andika-Salim/Ros2/install/tugas_opencv/local/lib/python3.10/dist-packages/tugas_opencv/msg/__init__.py
[0.309s] Listing '/home/basten/ros2_ws/src/MagangBanyubramanta_Basten-Andika-Salim/Ros2/install/tugas_opencv/local/lib/python3.10/dist-packages/tugas_opencv'...
[0.309s] Listing '/home/basten/ros2_ws/src/MagangBanyubramanta_Basten-Andika-Salim/Ros2/install/tugas_opencv/local/lib/python3.10/dist-packages/tugas_opencv/msg'...
[0.311s] -- Up-to-date: /home/basten/ros2_ws/src/MagangBanyubramanta_Basten-Andika-Salim/Ros2/install/tugas_opencv/local/lib/python3.10/dist-packages/tugas_opencv/tugas_opencv_s__rosidl_typesupport_fastrtps_c.cpython-310-x86_64-linux-gnu.so
[0.311s] -- Up-to-date: /home/basten/ros2_ws/src/MagangBanyubramanta_Basten-Andika-Salim/Ros2/install/tugas_opencv/local/lib/python3.10/dist-packages/tugas_opencv/tugas_opencv_s__rosidl_typesupport_introspection_c.cpython-310-x86_64-linux-gnu.so
[0.311s] -- Up-to-date: /home/basten/ros2_ws/src/MagangBanyubramanta_Basten-Andika-Salim/Ros2/install/tugas_opencv/local/lib/python3.10/dist-packages/tugas_opencv/tugas_opencv_s__rosidl_typesupport_c.cpython-310-x86_64-linux-gnu.so
[0.312s] -- Up-to-date: /home/basten/ros2_ws/src/MagangBanyubramanta_Basten-Andika-Salim/Ros2/install/tugas_opencv/lib/libtugas_opencv__rosidl_generator_py.so
[0.312s] -- Up-to-date: /home/basten/ros2_ws/src/MagangBanyubramanta_Basten-Andika-Salim/Ros2/install/tugas_opencv/share/tugas_opencv/msg/Color.idl
[0.312s] -- Up-to-date: /home/basten/ros2_ws/src/MagangBanyubramanta_Basten-Andika-Salim/Ros2/install/tugas_opencv/share/tugas_opencv/msg/Position.idl
[0.312s] -- Up-to-date: /home/basten/ros2_ws/src/MagangBanyubramanta_Basten-Andika-Salim/Ros2/install/tugas_opencv/share/tugas_opencv/msg/Color.msg
[0.312s] -- Up-to-date: /home/basten/ros2_ws/src/MagangBanyubramanta_Basten-Andika-Salim/Ros2/install/tugas_opencv/share/tugas_opencv/msg/Position.msg
[0.312s] -- Up-to-date: /home/basten/ros2_ws/src/MagangBanyubramanta_Basten-Andika-Salim/Ros2/install/tugas_opencv/lib/tugas_opencv/colorcheck
[0.312s] -- Up-to-date: /home/basten/ros2_ws/src/MagangBanyubramanta_Basten-Andika-Salim/Ros2/install/tugas_opencv/share/ament_index/resource_index/package_run_dependencies/tugas_opencv
[0.312s] -- Up-to-date: /home/basten/ros2_ws/src/MagangBanyubramanta_Basten-Andika-Salim/Ros2/install/tugas_opencv/share/ament_index/resource_index/parent_prefix_path/tugas_opencv
[0.312s] -- Up-to-date: /home/basten/ros2_ws/src/MagangBanyubramanta_Basten-Andika-Salim/Ros2/install/tugas_opencv/share/tugas_opencv/environment/ament_prefix_path.sh
[0.312s] -- Up-to-date: /home/basten/ros2_ws/src/MagangBanyubramanta_Basten-Andika-Salim/Ros2/install/tugas_opencv/share/tugas_opencv/environment/ament_prefix_path.dsv
[0.312s] -- Up-to-date: /home/basten/ros2_ws/src/MagangBanyubramanta_Basten-Andika-Salim/Ros2/install/tugas_opencv/share/tugas_opencv/environment/path.sh
[0.312s] -- Up-to-date: /home/basten/ros2_ws/src/MagangBanyubramanta_Basten-Andika-Salim/Ros2/install/tugas_opencv/share/tugas_opencv/environment/path.dsv
[0.312s] -- Up-to-date: /home/basten/ros2_ws/src/MagangBanyubramanta_Basten-Andika-Salim/Ros2/install/tugas_opencv/share/tugas_opencv/local_setup.bash
[0.312s] -- Up-to-date: /home/basten/ros2_ws/src/MagangBanyubramanta_Basten-Andika-Salim/Ros2/install/tugas_opencv/share/tugas_opencv/local_setup.sh
[0.312s] -- Up-to-date: /home/basten/ros2_ws/src/MagangBanyubramanta_Basten-Andika-Salim/Ros2/install/tugas_opencv/share/tugas_opencv/local_setup.zsh
[0.312s] -- Up-to-date: /home/basten/ros2_ws/src/MagangBanyubramanta_Basten-Andika-Salim/Ros2/install/tugas_opencv/share/tugas_opencv/local_setup.dsv
[0.312s] -- Installing: /home/basten/ros2_ws/src/MagangBanyubramanta_Basten-Andika-Salim/Ros2/install/tugas_opencv/share/tugas_opencv/package.dsv
[0.312s] -- Up-to-date: /home/basten/ros2_ws/src/MagangBanyubramanta_Basten-Andika-Salim/Ros2/install/tugas_opencv/share/ament_index/resource_index/packages/tugas_opencv
[0.312s] -- Up-to-date: /home/basten/ros2_ws/src/MagangBanyubramanta_Basten-Andika-Salim/Ros2/install/tugas_opencv/share/tugas_opencv/cmake/export_tugas_opencv__rosidl_generator_cExport.cmake
[0.312s] -- Up-to-date: /home/basten/ros2_ws/src/MagangBanyubramanta_Basten-Andika-Salim/Ros2/install/tugas_opencv/share/tugas_opencv/cmake/export_tugas_opencv__rosidl_generator_cExport-noconfig.cmake
[0.312s] -- Up-to-date: /home/basten/ros2_ws/src/MagangBanyubramanta_Basten-Andika-Salim/Ros2/install/tugas_opencv/share/tugas_opencv/cmake/export_tugas_opencv__rosidl_typesupport_fastrtps_cExport.cmake
[0.312s] -- Up-to-date: /home/basten/ros2_ws/src/MagangBanyubramanta_Basten-Andika-Salim/Ros2/install/tugas_opencv/share/tugas_opencv/cmake/export_tugas_opencv__rosidl_typesupport_fastrtps_cExport-noconfig.cmake
[0.312s] -- Up-to-date: /home/basten/ros2_ws/src/MagangBanyubramanta_Basten-Andika-Salim/Ros2/install/tugas_opencv/share/tugas_opencv/cmake/export_tugas_opencv__rosidl_generator_cppExport.cmake
[0.312s] -- Up-to-date: /home/basten/ros2_ws/src/MagangBanyubramanta_Basten-Andika-Salim/Ros2/install/tugas_opencv/share/tugas_opencv/cmake/export_tugas_opencv__rosidl_typesupport_fastrtps_cppExport.cmake
[0.312s] -- Up-to-date: /home/basten/ros2_ws/src/MagangBanyubramanta_Basten-Andika-Salim/Ros2/install/tugas_opencv/share/tugas_opencv/cmake/export_tugas_opencv__rosidl_typesupport_fastrtps_cppExport-noconfig.cmake
[0.312s] -- Up-to-date: /home/basten/ros2_ws/src/MagangBanyubramanta_Basten-Andika-Salim/Ros2/install/tugas_opencv/share/tugas_opencv/cmake/tugas_opencv__rosidl_typesupport_introspection_cExport.cmake
[0.312s] -- Up-to-date: /home/basten/ros2_ws/src/MagangBanyubramanta_Basten-Andika-Salim/Ros2/install/tugas_opencv/share/tugas_opencv/cmake/tugas_opencv__rosidl_typesupport_introspection_cExport-noconfig.cmake
[0.312s] -- Up-to-date: /home/basten/ros2_ws/src/MagangBanyubramanta_Basten-Andika-Salim/Ros2/install/tugas_opencv/share/tugas_opencv/cmake/tugas_opencv__rosidl_typesupport_cExport.cmake
[0.312s] -- Up-to-date: /home/basten/ros2_ws/src/MagangBanyubramanta_Basten-Andika-Salim/Ros2/install/tugas_opencv/share/tugas_opencv/cmake/tugas_opencv__rosidl_typesupport_cExport-noconfig.cmake
[0.312s] -- Up-to-date: /home/basten/ros2_ws/src/MagangBanyubramanta_Basten-Andika-Salim/Ros2/install/tugas_opencv/share/tugas_opencv/cmake/tugas_opencv__rosidl_typesupport_introspection_cppExport.cmake
[0.312s] -- Up-to-date: /home/basten/ros2_ws/src/MagangBanyubramanta_Basten-Andika-Salim/Ros2/install/tugas_opencv/share/tugas_opencv/cmake/tugas_opencv__rosidl_typesupport_introspection_cppExport-noconfig.cmake
[0.313s] -- Up-to-date: /home/basten/ros2_ws/src/MagangBanyubramanta_Basten-Andika-Salim/Ros2/install/tugas_opencv/share/tugas_opencv/cmake/tugas_opencv__rosidl_typesupport_cppExport.cmake
[0.313s] -- Up-to-date: /home/basten/ros2_ws/src/MagangBanyubramanta_Basten-Andika-Salim/Ros2/install/tugas_opencv/share/tugas_opencv/cmake/tugas_opencv__rosidl_typesupport_cppExport-noconfig.cmake
[0.313s] -- Up-to-date: /home/basten/ros2_ws/src/MagangBanyubramanta_Basten-Andika-Salim/Ros2/install/tugas_opencv/share/tugas_opencv/cmake/export_tugas_opencv__rosidl_generator_pyExport.cmake
[0.313s] -- Up-to-date: /home/basten/ros2_ws/src/MagangBanyubramanta_Basten-Andika-Salim/Ros2/install/tugas_opencv/share/tugas_opencv/cmake/export_tugas_opencv__rosidl_generator_pyExport-noconfig.cmake
[0.313s] -- Up-to-date: /home/basten/ros2_ws/src/MagangBanyubramanta_Basten-Andika-Salim/Ros2/install/tugas_opencv/share/tugas_opencv/cmake/rosidl_cmake-extras.cmake
[0.313s] -- Up-to-date: /home/basten/ros2_ws/src/MagangBanyubramanta_Basten-Andika-Salim/Ros2/install/tugas_opencv/share/tugas_opencv/cmake/ament_cmake_export_include_directories-extras.cmake
[0.313s] -- Up-to-date: /home/basten/ros2_ws/src/MagangBanyubramanta_Basten-Andika-Salim/Ros2/install/tugas_opencv/share/tugas_opencv/cmake/ament_cmake_export_libraries-extras.cmake
[0.313s] -- Up-to-date: /home/basten/ros2_ws/src/MagangBanyubramanta_Basten-Andika-Salim/Ros2/install/tugas_opencv/share/tugas_opencv/cmake/ament_cmake_export_targets-extras.cmake
[0.313s] -- Up-to-date: /home/basten/ros2_ws/src/MagangBanyubramanta_Basten-Andika-Salim/Ros2/install/tugas_opencv/share/tugas_opencv/cmake/rosidl_cmake_export_typesupport_targets-extras.cmake
[0.313s] -- Up-to-date: /home/basten/ros2_ws/src/MagangBanyubramanta_Basten-Andika-Salim/Ros2/install/tugas_opencv/share/tugas_opencv/cmake/ament_cmake_export_dependencies-extras.cmake
[0.313s] -- Up-to-date: /home/basten/ros2_ws/src/MagangBanyubramanta_Basten-Andika-Salim/Ros2/install/tugas_opencv/share/tugas_opencv/cmake/rosidl_cmake_export_typesupport_libraries-extras.cmake
[0.313s] -- Up-to-date: /home/basten/ros2_ws/src/MagangBanyubramanta_Basten-Andika-Salim/Ros2/install/tugas_opencv/share/tugas_opencv/cmake/tugas_opencvConfig.cmake
[0.313s] -- Up-to-date: /home/basten/ros2_ws/src/MagangBanyubramanta_Basten-Andika-Salim/Ros2/install/tugas_opencv/share/tugas_opencv/cmake/tugas_opencvConfig-version.cmake
[0.313s] -- Up-to-date: /home/basten/ros2_ws/src/MagangBanyubramanta_Basten-Andika-Salim/Ros2/install/tugas_opencv/share/tugas_opencv/package.xml
[0.314s] Invoked command in '/home/basten/ros2_ws/src/MagangBanyubramanta_Basten-Andika-Salim/Ros2/build/tugas_opencv' returned '0': CMAKE_PREFIX_PATH=/opt/ros/humble /usr/bin/cmake --install /home/basten/ros2_ws/src/MagangBanyubramanta_Basten-Andika-Salim/Ros2/build/tugas_opencv
