[0.027s] Invoking command in '/home/basten/ros2_ws/src/MagangBanyubramanta_Basten-Andika-Salim/src/build/tugas_yolo-yolocpp': CMAKE_PREFIX_PATH=${CMAKE_PREFIX_PATH}:/opt/ros/humble /usr/bin/cmake --build /home/basten/ros2_ws/src/MagangBanyubramanta_Basten-Andika-Salim/src/build/tugas_yolo-yolocpp -- -j32 -l32
[0.039s] -- Found ament_cmake: 1.3.8 (/opt/ros/humble/share/ament_cmake/cmake)
[0.098s] -- Found rclcpp: 16.0.8 (/opt/ros/humble/share/rclcpp/cmake)
[0.112s] -- Found rosidl_generator_c: 3.1.5 (/opt/ros/humble/share/rosidl_generator_c/cmake)
[0.113s] -- Found rosidl_adapter: 3.1.5 (/opt/ros/humble/share/rosidl_adapter/cmake)
[0.115s] -- Found rosidl_generator_cpp: 3.1.5 (/opt/ros/humble/share/rosidl_generator_cpp/cmake)
[0.120s] -- Using all available rosidl_typesupport_c: rosidl_typesupport_fastrtps_c;rosidl_typesupport_introspection_c
[0.127s] -- Using all available rosidl_typesupport_cpp: rosidl_typesupport_fastrtps_cpp;rosidl_typesupport_introspection_cpp
[0.154s] -- Found rmw_implementation_cmake: 6.1.1 (/opt/ros/humble/share/rmw_implementation_cmake/cmake)
[0.154s] -- Found rmw_fastrtps_cpp: 6.2.6 (/opt/ros/humble/share/rmw_fastrtps_cpp/cmake)
[0.209s] -- Using RMW implementation 'rmw_fastrtps_cpp' as default
[0.281s] -- Found sensor_msgs: 4.2.3 (/opt/ros/humble/share/sensor_msgs/cmake)
[0.338s] -- Found cv_bridge: 3.2.1 (/opt/ros/humble/share/cv_bridge/cmake)
[0.342s] -- Found ament_lint_auto: 0.12.10 (/opt/ros/humble/share/ament_lint_auto/cmake)
[0.371s] [31mCMake Error at /opt/ros/humble/share/ament_cmake_core/cmake/core/ament_package_xml.cmake:53 (message):
[0.371s]   ament_package_xml() package name 'tugas_yolo-yolocpp' in '/package.xml'
[0.371s]   does not match current PROJECT_NAME 'tugas_yolo'.  You must call project()
[0.371s]   with the same package name before.
[0.371s] Call Stack (most recent call first):
[0.371s]   /opt/ros/humble/share/ament_lint_auto/cmake/ament_lint_auto_find_test_dependencies.cmake:31 (ament_package_xml)
[0.371s]   CMakeLists.txt:55 (ament_lint_auto_find_test_dependencies)
[0.371s] 
[0.371s] [0m
[0.371s] -- Configuring incomplete, errors occurred!
[0.371s] See also "/home/basten/ros2_ws/src/MagangBanyubramanta_Basten-Andika-Salim/src/build/tugas_yolo-yolocpp/CMakeFiles/CMakeOutput.log".
[0.375s] gmake: *** [Makefile:308: cmake_check_build_system] Error 1
[0.377s] Invoked command in '/home/basten/ros2_ws/src/MagangBanyubramanta_Basten-Andika-Salim/src/build/tugas_yolo-yolocpp' returned '2': CMAKE_PREFIX_PATH=${CMAKE_PREFIX_PATH}:/opt/ros/humble /usr/bin/cmake --build /home/basten/ros2_ws/src/MagangBanyubramanta_Basten-Andika-Salim/src/build/tugas_yolo-yolocpp -- -j32 -l32
