[ 50%] Built target detector
[ 75%] [32mBuilding CXX object CMakeFiles/detect.dir/src/detect.cpp.o[0m
[100%] [32m[1mLinking CXX executable detect[0m
/usr/bin/ld: warning: libopencv_imgproc.so.4.5d, needed by /opt/ros/humble/lib/libcv_bridge.so, may conflict with libopencv_imgproc.so.409
/usr/bin/ld: warning: libopencv_core.so.4.5d, needed by /opt/ros/humble/lib/libcv_bridge.so, may conflict with libopencv_core.so.409
[100%] Built target detect
-- Install configuration: ""
-- Installing: /home/basten/ros2_ws/src/MagangBanyubramanta_Basten-Andika-Salim/src/install/tugas_yolo-yolocpp/lib/tugas_yolo-yolocpp/detect
-- Set runtime path of "/home/basten/ros2_ws/src/MagangBanyubramanta_Basten-Andika-Salim/src/install/tugas_yolo-yolocpp/lib/tugas_yolo-yolocpp/detect" to ""
-- Up-to-date: /home/basten/ros2_ws/src/MagangBanyubramanta_Basten-Andika-Salim/src/install/tugas_yolo-yolocpp/share/ament_index/resource_index/package_run_dependencies/tugas_yolo-yolocpp
-- Up-to-date: /home/basten/ros2_ws/src/MagangBanyubramanta_Basten-Andika-Salim/src/install/tugas_yolo-yolocpp/share/ament_index/resource_index/parent_prefix_path/tugas_yolo-yolocpp
-- Up-to-date: /home/basten/ros2_ws/src/MagangBanyubramanta_Basten-Andika-Salim/src/install/tugas_yolo-yolocpp/share/tugas_yolo-yolocpp/environment/ament_prefix_path.sh
-- Up-to-date: /home/basten/ros2_ws/src/MagangBanyubramanta_Basten-Andika-Salim/src/install/tugas_yolo-yolocpp/share/tugas_yolo-yolocpp/environment/ament_prefix_path.dsv
-- Up-to-date: /home/basten/ros2_ws/src/MagangBanyubramanta_Basten-Andika-Salim/src/install/tugas_yolo-yolocpp/share/tugas_yolo-yolocpp/environment/path.sh
-- Up-to-date: /home/basten/ros2_ws/src/MagangBanyubramanta_Basten-Andika-Salim/src/install/tugas_yolo-yolocpp/share/tugas_yolo-yolocpp/environment/path.dsv
-- Up-to-date: /home/basten/ros2_ws/src/MagangBanyubramanta_Basten-Andika-Salim/src/install/tugas_yolo-yolocpp/share/tugas_yolo-yolocpp/local_setup.bash
-- Up-to-date: /home/basten/ros2_ws/src/MagangBanyubramanta_Basten-Andika-Salim/src/install/tugas_yolo-yolocpp/share/tugas_yolo-yolocpp/local_setup.sh
-- Up-to-date: /home/basten/ros2_ws/src/MagangBanyubramanta_Basten-Andika-Salim/src/install/tugas_yolo-yolocpp/share/tugas_yolo-yolocpp/local_setup.zsh
-- Up-to-date: /home/basten/ros2_ws/src/MagangBanyubramanta_Basten-Andika-Salim/src/install/tugas_yolo-yolocpp/share/tugas_yolo-yolocpp/local_setup.dsv
-- Up-to-date: /home/basten/ros2_ws/src/MagangBanyubramanta_Basten-Andika-Salim/src/install/tugas_yolo-yolocpp/share/tugas_yolo-yolocpp/package.dsv
-- Up-to-date: /home/basten/ros2_ws/src/MagangBanyubramanta_Basten-Andika-Salim/src/install/tugas_yolo-yolocpp/share/ament_index/resource_index/packages/tugas_yolo-yolocpp
-- Up-to-date: /home/basten/ros2_ws/src/MagangBanyubramanta_Basten-Andika-Salim/src/install/tugas_yolo-yolocpp/share/tugas_yolo-yolocpp/cmake/tugas_yolo-yolocppConfig.cmake
-- Up-to-date: /home/basten/ros2_ws/src/MagangBanyubramanta_Basten-Andika-Salim/src/install/tugas_yolo-yolocpp/share/tugas_yolo-yolocpp/cmake/tugas_yolo-yolocppConfig-version.cmake
-- Up-to-date: /home/basten/ros2_ws/src/MagangBanyubramanta_Basten-Andika-Salim/src/install/tugas_yolo-yolocpp/share/tugas_yolo-yolocpp/package.xml
