[35m[1mConsolidate compiler generated dependencies of target communicator[0m
[ 50%] [32mBuilding CXX object CMakeFiles/communicator.dir/src/communicator.cpp.o[0m
[100%] [32m[1mLinking CXX executable communicator[0m
[100%] Built target communicator
-- Install configuration: ""
-- Installing: /home/basten/ros2_ws/src/MagangBanyubramanta_Basten-Andika-Salim/Ros2/install/communicator/lib/communicator/communicator
-- Set runtime path of "/home/basten/ros2_ws/src/MagangBanyubramanta_Basten-Andika-Salim/Ros2/install/communicator/lib/communicator/communicator" to ""
-- Installing: /home/basten/ros2_ws/src/MagangBanyubramanta_Basten-Andika-Salim/Ros2/install/communicator/share/ament_index/resource_index/package_run_dependencies/communicator
-- Installing: /home/basten/ros2_ws/src/MagangBanyubramanta_Basten-Andika-Salim/Ros2/install/communicator/share/ament_index/resource_index/parent_prefix_path/communicator
-- Up-to-date: /home/basten/ros2_ws/src/MagangBanyubramanta_Basten-Andika-Salim/Ros2/install/communicator/share/communicator/environment/ament_prefix_path.sh
-- Installing: /home/basten/ros2_ws/src/MagangBanyubramanta_Basten-Andika-Salim/Ros2/install/communicator/share/communicator/environment/ament_prefix_path.dsv
-- Up-to-date: /home/basten/ros2_ws/src/MagangBanyubramanta_Basten-Andika-Salim/Ros2/install/communicator/share/communicator/environment/path.sh
-- Installing: /home/basten/ros2_ws/src/MagangBanyubramanta_Basten-Andika-Salim/Ros2/install/communicator/share/communicator/environment/path.dsv
-- Up-to-date: /home/basten/ros2_ws/src/MagangBanyubramanta_Basten-Andika-Salim/Ros2/install/communicator/share/communicator/local_setup.bash
-- Up-to-date: /home/basten/ros2_ws/src/MagangBanyubramanta_Basten-Andika-Salim/Ros2/install/communicator/share/communicator/local_setup.sh
-- Up-to-date: /home/basten/ros2_ws/src/MagangBanyubramanta_Basten-Andika-Salim/Ros2/install/communicator/share/communicator/local_setup.zsh
-- Installing: /home/basten/ros2_ws/src/MagangBanyubramanta_Basten-Andika-Salim/Ros2/install/communicator/share/communicator/local_setup.dsv
-- Installing: /home/basten/ros2_ws/src/MagangBanyubramanta_Basten-Andika-Salim/Ros2/install/communicator/share/communicator/package.dsv
-- Up-to-date: /home/basten/ros2_ws/src/MagangBanyubramanta_Basten-Andika-Salim/Ros2/install/communicator/share/ament_index/resource_index/packages/communicator
-- Up-to-date: /home/basten/ros2_ws/src/MagangBanyubramanta_Basten-Andika-Salim/Ros2/install/communicator/share/communicator/cmake/communicatorConfig.cmake
-- Up-to-date: /home/basten/ros2_ws/src/MagangBanyubramanta_Basten-Andika-Salim/Ros2/install/communicator/share/communicator/cmake/communicatorConfig-version.cmake
-- Installing: /home/basten/ros2_ws/src/MagangBanyubramanta_Basten-Andika-Salim/Ros2/install/communicator/share/communicator/package.xml
