[0.026s] Invoking command in '/home/basten/ros2_ws/src/MagangBanyubramanta_Basten-Andika-Salim/Ros2/build/xbox': CMAKE_PREFIX_PATH=${CMAKE_PREFIX_PATH}:/opt/ros/humble /usr/bin/cmake --build /home/basten/ros2_ws/src/MagangBanyubramanta_Basten-Andika-Salim/Ros2/build/xbox -- -j32 -l32
[0.051s] [  3%] Built target xbox__cpp
[0.052s] [ 12%] Built target xbox__rosidl_generator_c
[0.055s] [ 12%] Built target ament_cmake_python_copy_xbox
[0.061s] [ 21%] Built target xbox__rosidl_typesupport_cpp
[0.061s] [ 30%] Built target xbox__rosidl_typesupport_fastrtps_cpp
[0.061s] [ 39%] Built target xbox__rosidl_typesupport_introspection_cpp
[0.061s] [ 60%] Built target xbox__rosidl_typesupport_c
[0.062s] [ 57%] Built target xbox__rosidl_typesupport_introspection_c
[0.062s] [ 66%] Built target xbox__rosidl_typesupport_fastrtps_c
[0.067s] [35m[1mConsolidate compiler generated dependencies of target publisher[0m
[0.071s] [ 66%] Built target xbox
[0.075s] [ 69%] [32mBuilding CXX object CMakeFiles/publisher.dir/src/publisher.cpp.o[0m
[0.080s] [ 72%] Built target xbox__py
[0.090s] [ 78%] Built target xbox__rosidl_generator_py
[0.101s] [ 87%] Built target xbox__rosidl_typesupport_fastrtps_c__pyext
[0.101s] [ 90%] Built target xbox__rosidl_typesupport_introspection_c__pyext
[0.101s] [ 96%] Built target xbox__rosidl_typesupport_c__pyext
[0.147s] running egg_info
[0.153s] writing xbox.egg-info/PKG-INFO
[0.153s] writing dependency_links to xbox.egg-info/dependency_links.txt
[0.153s] writing top-level names to xbox.egg-info/top_level.txt
[0.172s] reading manifest file 'xbox.egg-info/SOURCES.txt'
[0.172s] writing manifest file 'xbox.egg-info/SOURCES.txt'
[0.185s] [ 96%] Built target ament_cmake_python_build_xbox_egg
[3.700s] [100%] [32m[1mLinking CXX executable publisher[0m
[3.880s] [100%] Built target publisher
[3.892s] Invoked command in '/home/basten/ros2_ws/src/MagangBanyubramanta_Basten-Andika-Salim/Ros2/build/xbox' returned '0': CMAKE_PREFIX_PATH=${CMAKE_PREFIX_PATH}:/opt/ros/humble /usr/bin/cmake --build /home/basten/ros2_ws/src/MagangBanyubramanta_Basten-Andika-Salim/Ros2/build/xbox -- -j32 -l32
[3.954s] Invoking command in '/home/basten/ros2_ws/src/MagangBanyubramanta_Basten-Andika-Salim/Ros2/build/xbox': CMAKE_PREFIX_PATH=${CMAKE_PREFIX_PATH}:/opt/ros/humble /usr/bin/cmake --install /home/basten/ros2_ws/src/MagangBanyubramanta_Basten-Andika-Salim/Ros2/build/xbox
[3.962s] -- Install configuration: ""
[3.962s] -- Up-to-date: /home/basten/ros2_ws/src/MagangBanyubramanta_Basten-Andika-Salim/Ros2/install/xbox/share/ament_index/resource_index/rosidl_interfaces/xbox
[3.962s] -- Up-to-date: /home/basten/ros2_ws/src/MagangBanyubramanta_Basten-Andika-Salim/Ros2/install/xbox/include/xbox/xbox
[3.962s] -- Up-to-date: /home/basten/ros2_ws/src/MagangBanyubramanta_Basten-Andika-Salim/Ros2/install/xbox/include/xbox/xbox/msg
[3.962s] -- Up-to-date: /home/basten/ros2_ws/src/MagangBanyubramanta_Basten-Andika-Salim/Ros2/install/xbox/include/xbox/xbox/msg/rosidl_generator_c__visibility_control.h
[3.963s] -- Up-to-date: /home/basten/ros2_ws/src/MagangBanyubramanta_Basten-Andika-Salim/Ros2/install/xbox/include/xbox/xbox/msg/command.h
[3.963s] -- Up-to-date: /home/basten/ros2_ws/src/MagangBanyubramanta_Basten-Andika-Salim/Ros2/install/xbox/include/xbox/xbox/msg/detail
[3.963s] -- Up-to-date: /home/basten/ros2_ws/src/MagangBanyubramanta_Basten-Andika-Salim/Ros2/install/xbox/include/xbox/xbox/msg/detail/command__struct.h
[3.963s] -- Up-to-date: /home/basten/ros2_ws/src/MagangBanyubramanta_Basten-Andika-Salim/Ros2/install/xbox/include/xbox/xbox/msg/detail/command__functions.c
[3.963s] -- Up-to-date: /home/basten/ros2_ws/src/MagangBanyubramanta_Basten-Andika-Salim/Ros2/install/xbox/include/xbox/xbox/msg/detail/command__type_support.h
[3.963s] -- Up-to-date: /home/basten/ros2_ws/src/MagangBanyubramanta_Basten-Andika-Salim/Ros2/install/xbox/include/xbox/xbox/msg/detail/command__functions.h
[3.963s] -- Up-to-date: /home/basten/ros2_ws/src/MagangBanyubramanta_Basten-Andika-Salim/Ros2/install/xbox/share/xbox/environment/library_path.sh
[3.963s] -- Up-to-date: /home/basten/ros2_ws/src/MagangBanyubramanta_Basten-Andika-Salim/Ros2/install/xbox/share/xbox/environment/library_path.dsv
[3.963s] -- Up-to-date: /home/basten/ros2_ws/src/MagangBanyubramanta_Basten-Andika-Salim/Ros2/install/xbox/lib/libxbox__rosidl_generator_c.so
[3.963s] -- Up-to-date: /home/basten/ros2_ws/src/MagangBanyubramanta_Basten-Andika-Salim/Ros2/install/xbox/include/xbox/xbox
[3.963s] -- Up-to-date: /home/basten/ros2_ws/src/MagangBanyubramanta_Basten-Andika-Salim/Ros2/install/xbox/include/xbox/xbox/msg
[3.964s] -- Up-to-date: /home/basten/ros2_ws/src/MagangBanyubramanta_Basten-Andika-Salim/Ros2/install/xbox/include/xbox/xbox/msg/rosidl_typesupport_fastrtps_c__visibility_control.h
[3.964s] -- Up-to-date: /home/basten/ros2_ws/src/MagangBanyubramanta_Basten-Andika-Salim/Ros2/install/xbox/include/xbox/xbox/msg/detail
[3.964s] -- Up-to-date: /home/basten/ros2_ws/src/MagangBanyubramanta_Basten-Andika-Salim/Ros2/install/xbox/include/xbox/xbox/msg/detail/command__rosidl_typesupport_fastrtps_c.h
[3.964s] -- Up-to-date: /home/basten/ros2_ws/src/MagangBanyubramanta_Basten-Andika-Salim/Ros2/install/xbox/lib/libxbox__rosidl_typesupport_fastrtps_c.so
[3.964s] -- Up-to-date: /home/basten/ros2_ws/src/MagangBanyubramanta_Basten-Andika-Salim/Ros2/install/xbox/include/xbox/xbox
[3.964s] -- Up-to-date: /home/basten/ros2_ws/src/MagangBanyubramanta_Basten-Andika-Salim/Ros2/install/xbox/include/xbox/xbox/msg
[3.964s] -- Up-to-date: /home/basten/ros2_ws/src/MagangBanyubramanta_Basten-Andika-Salim/Ros2/install/xbox/include/xbox/xbox/msg/command.hpp
[3.964s] -- Up-to-date: /home/basten/ros2_ws/src/MagangBanyubramanta_Basten-Andika-Salim/Ros2/install/xbox/include/xbox/xbox/msg/detail
[3.964s] -- Up-to-date: /home/basten/ros2_ws/src/MagangBanyubramanta_Basten-Andika-Salim/Ros2/install/xbox/include/xbox/xbox/msg/detail/command__traits.hpp
[3.964s] -- Up-to-date: /home/basten/ros2_ws/src/MagangBanyubramanta_Basten-Andika-Salim/Ros2/install/xbox/include/xbox/xbox/msg/detail/command__builder.hpp
[3.964s] -- Up-to-date: /home/basten/ros2_ws/src/MagangBanyubramanta_Basten-Andika-Salim/Ros2/install/xbox/include/xbox/xbox/msg/detail/command__struct.hpp
[3.964s] -- Up-to-date: /home/basten/ros2_ws/src/MagangBanyubramanta_Basten-Andika-Salim/Ros2/install/xbox/include/xbox/xbox
[3.964s] -- Up-to-date: /home/basten/ros2_ws/src/MagangBanyubramanta_Basten-Andika-Salim/Ros2/install/xbox/include/xbox/xbox/msg
[3.964s] -- Up-to-date: /home/basten/ros2_ws/src/MagangBanyubramanta_Basten-Andika-Salim/Ros2/install/xbox/include/xbox/xbox/msg/rosidl_typesupport_fastrtps_cpp__visibility_control.h
[3.964s] -- Up-to-date: /home/basten/ros2_ws/src/MagangBanyubramanta_Basten-Andika-Salim/Ros2/install/xbox/include/xbox/xbox/msg/detail
[3.964s] -- Up-to-date: /home/basten/ros2_ws/src/MagangBanyubramanta_Basten-Andika-Salim/Ros2/install/xbox/include/xbox/xbox/msg/detail/command__rosidl_typesupport_fastrtps_cpp.hpp
[3.965s] -- Up-to-date: /home/basten/ros2_ws/src/MagangBanyubramanta_Basten-Andika-Salim/Ros2/install/xbox/include/xbox/xbox/msg/detail/dds_fastrtps
[3.965s] -- Up-to-date: /home/basten/ros2_ws/src/MagangBanyubramanta_Basten-Andika-Salim/Ros2/install/xbox/lib/libxbox__rosidl_typesupport_fastrtps_cpp.so
[3.965s] -- Up-to-date: /home/basten/ros2_ws/src/MagangBanyubramanta_Basten-Andika-Salim/Ros2/install/xbox/include/xbox/xbox
[3.965s] -- Up-to-date: /home/basten/ros2_ws/src/MagangBanyubramanta_Basten-Andika-Salim/Ros2/install/xbox/include/xbox/xbox/msg
[3.965s] -- Up-to-date: /home/basten/ros2_ws/src/MagangBanyubramanta_Basten-Andika-Salim/Ros2/install/xbox/include/xbox/xbox/msg/rosidl_typesupport_introspection_c__visibility_control.h
[3.965s] -- Up-to-date: /home/basten/ros2_ws/src/MagangBanyubramanta_Basten-Andika-Salim/Ros2/install/xbox/include/xbox/xbox/msg/detail
[3.965s] -- Up-to-date: /home/basten/ros2_ws/src/MagangBanyubramanta_Basten-Andika-Salim/Ros2/install/xbox/include/xbox/xbox/msg/detail/command__type_support.c
[3.965s] -- Up-to-date: /home/basten/ros2_ws/src/MagangBanyubramanta_Basten-Andika-Salim/Ros2/install/xbox/include/xbox/xbox/msg/detail/command__rosidl_typesupport_introspection_c.h
[3.965s] -- Up-to-date: /home/basten/ros2_ws/src/MagangBanyubramanta_Basten-Andika-Salim/Ros2/install/xbox/lib/libxbox__rosidl_typesupport_introspection_c.so
[3.965s] -- Up-to-date: /home/basten/ros2_ws/src/MagangBanyubramanta_Basten-Andika-Salim/Ros2/install/xbox/lib/libxbox__rosidl_typesupport_c.so
[3.965s] -- Up-to-date: /home/basten/ros2_ws/src/MagangBanyubramanta_Basten-Andika-Salim/Ros2/install/xbox/include/xbox/xbox
[3.965s] -- Up-to-date: /home/basten/ros2_ws/src/MagangBanyubramanta_Basten-Andika-Salim/Ros2/install/xbox/include/xbox/xbox/msg
[3.965s] -- Up-to-date: /home/basten/ros2_ws/src/MagangBanyubramanta_Basten-Andika-Salim/Ros2/install/xbox/include/xbox/xbox/msg/detail
[3.965s] -- Up-to-date: /home/basten/ros2_ws/src/MagangBanyubramanta_Basten-Andika-Salim/Ros2/install/xbox/include/xbox/xbox/msg/detail/command__rosidl_typesupport_introspection_cpp.hpp
[3.965s] -- Up-to-date: /home/basten/ros2_ws/src/MagangBanyubramanta_Basten-Andika-Salim/Ros2/install/xbox/include/xbox/xbox/msg/detail/command__type_support.cpp
[3.966s] -- Up-to-date: /home/basten/ros2_ws/src/MagangBanyubramanta_Basten-Andika-Salim/Ros2/install/xbox/lib/libxbox__rosidl_typesupport_introspection_cpp.so
[3.966s] -- Up-to-date: /home/basten/ros2_ws/src/MagangBanyubramanta_Basten-Andika-Salim/Ros2/install/xbox/lib/libxbox__rosidl_typesupport_cpp.so
[3.966s] -- Up-to-date: /home/basten/ros2_ws/src/MagangBanyubramanta_Basten-Andika-Salim/Ros2/install/xbox/share/xbox/environment/pythonpath.sh
[3.966s] -- Up-to-date: /home/basten/ros2_ws/src/MagangBanyubramanta_Basten-Andika-Salim/Ros2/install/xbox/share/xbox/environment/pythonpath.dsv
[3.966s] -- Up-to-date: /home/basten/ros2_ws/src/MagangBanyubramanta_Basten-Andika-Salim/Ros2/install/xbox/local/lib/python3.10/dist-packages/xbox-0.0.0-py3.10.egg-info
[3.966s] -- Installing: /home/basten/ros2_ws/src/MagangBanyubramanta_Basten-Andika-Salim/Ros2/install/xbox/local/lib/python3.10/dist-packages/xbox-0.0.0-py3.10.egg-info/top_level.txt
[3.966s] -- Installing: /home/basten/ros2_ws/src/MagangBanyubramanta_Basten-Andika-Salim/Ros2/install/xbox/local/lib/python3.10/dist-packages/xbox-0.0.0-py3.10.egg-info/PKG-INFO
[3.966s] -- Installing: /home/basten/ros2_ws/src/MagangBanyubramanta_Basten-Andika-Salim/Ros2/install/xbox/local/lib/python3.10/dist-packages/xbox-0.0.0-py3.10.egg-info/dependency_links.txt
[3.966s] -- Installing: /home/basten/ros2_ws/src/MagangBanyubramanta_Basten-Andika-Salim/Ros2/install/xbox/local/lib/python3.10/dist-packages/xbox-0.0.0-py3.10.egg-info/SOURCES.txt
[3.966s] -- Up-to-date: /home/basten/ros2_ws/src/MagangBanyubramanta_Basten-Andika-Salim/Ros2/install/xbox/local/lib/python3.10/dist-packages/xbox
[3.966s] -- Up-to-date: /home/basten/ros2_ws/src/MagangBanyubramanta_Basten-Andika-Salim/Ros2/install/xbox/local/lib/python3.10/dist-packages/xbox/xbox_s__rosidl_typesupport_c.cpython-310-x86_64-linux-gnu.so
[3.966s] -- Up-to-date: /home/basten/ros2_ws/src/MagangBanyubramanta_Basten-Andika-Salim/Ros2/install/xbox/local/lib/python3.10/dist-packages/xbox/_xbox_s.ep.rosidl_typesupport_fastrtps_c.c
[3.966s] -- Up-to-date: /home/basten/ros2_ws/src/MagangBanyubramanta_Basten-Andika-Salim/Ros2/install/xbox/local/lib/python3.10/dist-packages/xbox/xbox_s__rosidl_typesupport_introspection_c.cpython-310-x86_64-linux-gnu.so
[3.966s] -- Up-to-date: /home/basten/ros2_ws/src/MagangBanyubramanta_Basten-Andika-Salim/Ros2/install/xbox/local/lib/python3.10/dist-packages/xbox/xbox_s__rosidl_typesupport_fastrtps_c.cpython-310-x86_64-linux-gnu.so
[3.966s] -- Up-to-date: /home/basten/ros2_ws/src/MagangBanyubramanta_Basten-Andika-Salim/Ros2/install/xbox/local/lib/python3.10/dist-packages/xbox/_xbox_s.ep.rosidl_typesupport_introspection_c.c
[3.966s] -- Up-to-date: /home/basten/ros2_ws/src/MagangBanyubramanta_Basten-Andika-Salim/Ros2/install/xbox/local/lib/python3.10/dist-packages/xbox/_xbox_s.ep.rosidl_typesupport_c.c
[3.966s] -- Up-to-date: /home/basten/ros2_ws/src/MagangBanyubramanta_Basten-Andika-Salim/Ros2/install/xbox/local/lib/python3.10/dist-packages/xbox/__init__.py
[3.966s] -- Up-to-date: /home/basten/ros2_ws/src/MagangBanyubramanta_Basten-Andika-Salim/Ros2/install/xbox/local/lib/python3.10/dist-packages/xbox/libxbox__rosidl_generator_py.so
[3.966s] -- Up-to-date: /home/basten/ros2_ws/src/MagangBanyubramanta_Basten-Andika-Salim/Ros2/install/xbox/local/lib/python3.10/dist-packages/xbox/msg
[3.967s] -- Up-to-date: /home/basten/ros2_ws/src/MagangBanyubramanta_Basten-Andika-Salim/Ros2/install/xbox/local/lib/python3.10/dist-packages/xbox/msg/_command.py
[3.967s] -- Up-to-date: /home/basten/ros2_ws/src/MagangBanyubramanta_Basten-Andika-Salim/Ros2/install/xbox/local/lib/python3.10/dist-packages/xbox/msg/__init__.py
[3.967s] -- Up-to-date: /home/basten/ros2_ws/src/MagangBanyubramanta_Basten-Andika-Salim/Ros2/install/xbox/local/lib/python3.10/dist-packages/xbox/msg/_command_s.c
[3.990s] Listing '/home/basten/ros2_ws/src/MagangBanyubramanta_Basten-Andika-Salim/Ros2/install/xbox/local/lib/python3.10/dist-packages/xbox'...
[3.990s] Listing '/home/basten/ros2_ws/src/MagangBanyubramanta_Basten-Andika-Salim/Ros2/install/xbox/local/lib/python3.10/dist-packages/xbox/msg'...
[3.992s] -- Up-to-date: /home/basten/ros2_ws/src/MagangBanyubramanta_Basten-Andika-Salim/Ros2/install/xbox/local/lib/python3.10/dist-packages/xbox/xbox_s__rosidl_typesupport_fastrtps_c.cpython-310-x86_64-linux-gnu.so
[3.993s] -- Up-to-date: /home/basten/ros2_ws/src/MagangBanyubramanta_Basten-Andika-Salim/Ros2/install/xbox/local/lib/python3.10/dist-packages/xbox/xbox_s__rosidl_typesupport_introspection_c.cpython-310-x86_64-linux-gnu.so
[3.993s] -- Up-to-date: /home/basten/ros2_ws/src/MagangBanyubramanta_Basten-Andika-Salim/Ros2/install/xbox/local/lib/python3.10/dist-packages/xbox/xbox_s__rosidl_typesupport_c.cpython-310-x86_64-linux-gnu.so
[3.993s] -- Up-to-date: /home/basten/ros2_ws/src/MagangBanyubramanta_Basten-Andika-Salim/Ros2/install/xbox/lib/libxbox__rosidl_generator_py.so
[3.993s] -- Up-to-date: /home/basten/ros2_ws/src/MagangBanyubramanta_Basten-Andika-Salim/Ros2/install/xbox/share/xbox/msg/Command.idl
[3.993s] -- Up-to-date: /home/basten/ros2_ws/src/MagangBanyubramanta_Basten-Andika-Salim/Ros2/install/xbox/share/xbox/msg/Command.msg
[3.993s] -- Installing: /home/basten/ros2_ws/src/MagangBanyubramanta_Basten-Andika-Salim/Ros2/install/xbox/lib/xbox/publisher
[3.995s] -- Set runtime path of "/home/basten/ros2_ws/src/MagangBanyubramanta_Basten-Andika-Salim/Ros2/install/xbox/lib/xbox/publisher" to ""
[3.995s] -- Up-to-date: /home/basten/ros2_ws/src/MagangBanyubramanta_Basten-Andika-Salim/Ros2/install/xbox/share/ament_index/resource_index/package_run_dependencies/xbox
[3.995s] -- Up-to-date: /home/basten/ros2_ws/src/MagangBanyubramanta_Basten-Andika-Salim/Ros2/install/xbox/share/ament_index/resource_index/parent_prefix_path/xbox
[3.995s] -- Up-to-date: /home/basten/ros2_ws/src/MagangBanyubramanta_Basten-Andika-Salim/Ros2/install/xbox/share/xbox/environment/ament_prefix_path.sh
[3.995s] -- Up-to-date: /home/basten/ros2_ws/src/MagangBanyubramanta_Basten-Andika-Salim/Ros2/install/xbox/share/xbox/environment/ament_prefix_path.dsv
[3.995s] -- Up-to-date: /home/basten/ros2_ws/src/MagangBanyubramanta_Basten-Andika-Salim/Ros2/install/xbox/share/xbox/environment/path.sh
[3.995s] -- Up-to-date: /home/basten/ros2_ws/src/MagangBanyubramanta_Basten-Andika-Salim/Ros2/install/xbox/share/xbox/environment/path.dsv
[3.995s] -- Up-to-date: /home/basten/ros2_ws/src/MagangBanyubramanta_Basten-Andika-Salim/Ros2/install/xbox/share/xbox/local_setup.bash
[3.995s] -- Up-to-date: /home/basten/ros2_ws/src/MagangBanyubramanta_Basten-Andika-Salim/Ros2/install/xbox/share/xbox/local_setup.sh
[3.995s] -- Up-to-date: /home/basten/ros2_ws/src/MagangBanyubramanta_Basten-Andika-Salim/Ros2/install/xbox/share/xbox/local_setup.zsh
[3.995s] -- Up-to-date: /home/basten/ros2_ws/src/MagangBanyubramanta_Basten-Andika-Salim/Ros2/install/xbox/share/xbox/local_setup.dsv
[3.995s] -- Installing: /home/basten/ros2_ws/src/MagangBanyubramanta_Basten-Andika-Salim/Ros2/install/xbox/share/xbox/package.dsv
[3.995s] -- Up-to-date: /home/basten/ros2_ws/src/MagangBanyubramanta_Basten-Andika-Salim/Ros2/install/xbox/share/ament_index/resource_index/packages/xbox
[3.995s] -- Up-to-date: /home/basten/ros2_ws/src/MagangBanyubramanta_Basten-Andika-Salim/Ros2/install/xbox/share/xbox/cmake/export_xbox__rosidl_generator_cExport.cmake
[3.995s] -- Up-to-date: /home/basten/ros2_ws/src/MagangBanyubramanta_Basten-Andika-Salim/Ros2/install/xbox/share/xbox/cmake/export_xbox__rosidl_generator_cExport-noconfig.cmake
[3.995s] -- Up-to-date: /home/basten/ros2_ws/src/MagangBanyubramanta_Basten-Andika-Salim/Ros2/install/xbox/share/xbox/cmake/export_xbox__rosidl_typesupport_fastrtps_cExport.cmake
[3.996s] -- Up-to-date: /home/basten/ros2_ws/src/MagangBanyubramanta_Basten-Andika-Salim/Ros2/install/xbox/share/xbox/cmake/export_xbox__rosidl_typesupport_fastrtps_cExport-noconfig.cmake
[3.996s] -- Up-to-date: /home/basten/ros2_ws/src/MagangBanyubramanta_Basten-Andika-Salim/Ros2/install/xbox/share/xbox/cmake/export_xbox__rosidl_generator_cppExport.cmake
[3.996s] -- Up-to-date: /home/basten/ros2_ws/src/MagangBanyubramanta_Basten-Andika-Salim/Ros2/install/xbox/share/xbox/cmake/export_xbox__rosidl_typesupport_fastrtps_cppExport.cmake
[3.996s] -- Up-to-date: /home/basten/ros2_ws/src/MagangBanyubramanta_Basten-Andika-Salim/Ros2/install/xbox/share/xbox/cmake/export_xbox__rosidl_typesupport_fastrtps_cppExport-noconfig.cmake
[3.996s] -- Up-to-date: /home/basten/ros2_ws/src/MagangBanyubramanta_Basten-Andika-Salim/Ros2/install/xbox/share/xbox/cmake/xbox__rosidl_typesupport_introspection_cExport.cmake
[3.996s] -- Up-to-date: /home/basten/ros2_ws/src/MagangBanyubramanta_Basten-Andika-Salim/Ros2/install/xbox/share/xbox/cmake/xbox__rosidl_typesupport_introspection_cExport-noconfig.cmake
[3.996s] -- Up-to-date: /home/basten/ros2_ws/src/MagangBanyubramanta_Basten-Andika-Salim/Ros2/install/xbox/share/xbox/cmake/xbox__rosidl_typesupport_cExport.cmake
[3.996s] -- Up-to-date: /home/basten/ros2_ws/src/MagangBanyubramanta_Basten-Andika-Salim/Ros2/install/xbox/share/xbox/cmake/xbox__rosidl_typesupport_cExport-noconfig.cmake
[3.996s] -- Up-to-date: /home/basten/ros2_ws/src/MagangBanyubramanta_Basten-Andika-Salim/Ros2/install/xbox/share/xbox/cmake/xbox__rosidl_typesupport_introspection_cppExport.cmake
[3.996s] -- Up-to-date: /home/basten/ros2_ws/src/MagangBanyubramanta_Basten-Andika-Salim/Ros2/install/xbox/share/xbox/cmake/xbox__rosidl_typesupport_introspection_cppExport-noconfig.cmake
[3.996s] -- Up-to-date: /home/basten/ros2_ws/src/MagangBanyubramanta_Basten-Andika-Salim/Ros2/install/xbox/share/xbox/cmake/xbox__rosidl_typesupport_cppExport.cmake
[3.996s] -- Up-to-date: /home/basten/ros2_ws/src/MagangBanyubramanta_Basten-Andika-Salim/Ros2/install/xbox/share/xbox/cmake/xbox__rosidl_typesupport_cppExport-noconfig.cmake
[3.996s] -- Up-to-date: /home/basten/ros2_ws/src/MagangBanyubramanta_Basten-Andika-Salim/Ros2/install/xbox/share/xbox/cmake/export_xbox__rosidl_generator_pyExport.cmake
[3.996s] -- Up-to-date: /home/basten/ros2_ws/src/MagangBanyubramanta_Basten-Andika-Salim/Ros2/install/xbox/share/xbox/cmake/export_xbox__rosidl_generator_pyExport-noconfig.cmake
[3.996s] -- Up-to-date: /home/basten/ros2_ws/src/MagangBanyubramanta_Basten-Andika-Salim/Ros2/install/xbox/share/xbox/cmake/rosidl_cmake-extras.cmake
[3.996s] -- Up-to-date: /home/basten/ros2_ws/src/MagangBanyubramanta_Basten-Andika-Salim/Ros2/install/xbox/share/xbox/cmake/ament_cmake_export_include_directories-extras.cmake
[3.996s] -- Up-to-date: /home/basten/ros2_ws/src/MagangBanyubramanta_Basten-Andika-Salim/Ros2/install/xbox/share/xbox/cmake/ament_cmake_export_libraries-extras.cmake
[3.996s] -- Up-to-date: /home/basten/ros2_ws/src/MagangBanyubramanta_Basten-Andika-Salim/Ros2/install/xbox/share/xbox/cmake/ament_cmake_export_targets-extras.cmake
[3.996s] -- Up-to-date: /home/basten/ros2_ws/src/MagangBanyubramanta_Basten-Andika-Salim/Ros2/install/xbox/share/xbox/cmake/rosidl_cmake_export_typesupport_targets-extras.cmake
[3.996s] -- Up-to-date: /home/basten/ros2_ws/src/MagangBanyubramanta_Basten-Andika-Salim/Ros2/install/xbox/share/xbox/cmake/ament_cmake_export_dependencies-extras.cmake
[3.996s] -- Up-to-date: /home/basten/ros2_ws/src/MagangBanyubramanta_Basten-Andika-Salim/Ros2/install/xbox/share/xbox/cmake/rosidl_cmake_export_typesupport_libraries-extras.cmake
[3.996s] -- Up-to-date: /home/basten/ros2_ws/src/MagangBanyubramanta_Basten-Andika-Salim/Ros2/install/xbox/share/xbox/cmake/xboxConfig.cmake
[3.996s] -- Up-to-date: /home/basten/ros2_ws/src/MagangBanyubramanta_Basten-Andika-Salim/Ros2/install/xbox/share/xbox/cmake/xboxConfig-version.cmake
[3.996s] -- Up-to-date: /home/basten/ros2_ws/src/MagangBanyubramanta_Basten-Andika-Salim/Ros2/install/xbox/share/xbox/package.xml
[3.997s] Invoked command in '/home/basten/ros2_ws/src/MagangBanyubramanta_Basten-Andika-Salim/Ros2/build/xbox' returned '0': CMAKE_PREFIX_PATH=${CMAKE_PREFIX_PATH}:/opt/ros/humble /usr/bin/cmake --install /home/basten/ros2_ws/src/MagangBanyubramanta_Basten-Andika-Salim/Ros2/build/xbox
