-- Found ament_cmake: 1.3.8 (/opt/ros/humble/share/ament_cmake/cmake)
-- Found sensor_msgs: 4.2.3 (/opt/ros/humble/share/sensor_msgs/cmake)
-- Found rosidl_generator_c: 3.1.5 (/opt/ros/humble/share/rosidl_generator_c/cmake)
-- Found rosidl_adapter: 3.1.5 (/opt/ros/humble/share/rosidl_adapter/cmake)
-- Found rosidl_generator_cpp: 3.1.5 (/opt/ros/humble/share/rosidl_generator_cpp/cmake)
-- Using all available rosidl_typesupport_c: rosidl_typesupport_fastrtps_c;rosidl_typesupport_introspection_c
-- Using all available rosidl_typesupport_cpp: rosidl_typesupport_fastrtps_cpp;rosidl_typesupport_introspection_cpp
-- Found rclcpp: 16.0.8 (/opt/ros/humble/share/rclcpp/cmake)
-- Found rmw_implementation_cmake: 6.1.1 (/opt/ros/humble/share/rmw_implementation_cmake/cmake)
-- Found rmw_fastrtps_cpp: 6.2.6 (/opt/ros/humble/share/rmw_fastrtps_cpp/cmake)
-- Using RMW implementation 'rmw_fastrtps_cpp' as default
-- Found rosidl_default_generators: 1.2.0 (/opt/ros/humble/share/rosidl_default_generators/cmake)
-- Found ament_cmake_ros: 0.10.0 (/opt/ros/humble/share/ament_cmake_ros/cmake)
-- Using all available rosidl_typesupport_c: rosidl_typesupport_fastrtps_c;rosidl_typesupport_introspection_c
-- Using all available rosidl_typesupport_cpp: rosidl_typesupport_fastrtps_cpp;rosidl_typesupport_introspection_cpp
-- Found python_cmake_module: 0.10.0 (/opt/ros/humble/share/python_cmake_module/cmake)
-- Using PYTHON_EXECUTABLE: /usr/bin/python3
-- Using PYTHON_INCLUDE_DIRS: /usr/include/python3.10
-- Using PYTHON_LIBRARIES: /usr/lib/x86_64-linux-gnu/libpython3.10.so
-- Found ament_lint_auto: 0.12.10 (/opt/ros/humble/share/ament_lint_auto/cmake)
-- Added test 'cppcheck' to perform static code analysis on C / C++ code
-- Configured cppcheck include dirs: 
-- Configured cppcheck exclude dirs and/or files: 
-- Added test 'flake8' to check Python code syntax and style conventions
-- Added test 'lint_cmake' to check CMake code style
-- Added test 'pep257' to check Python code against some of the docstring style conventions in PEP 257
-- Added test 'uncrustify' to check C / C++ code style
-- Configured uncrustify additional arguments: 
-- Added test 'xmllint' to check XML markup files
-- Configuring done
-- Generating done
-- Build files have been written to: /home/basten/ros2_ws/src/MagangBanyubramanta_Basten-Andika-Salim/Ros2/build/tugas_joy
[  3%] [34m[1mGenerating C code for ROS interfaces[0m
[  6%] [34m[1mGenerating C++ code for ROS interfaces[0m
[  6%] Built target ament_cmake_python_copy_tugas_joy
running egg_info
writing tugas_joy.egg-info/PKG-INFO
writing dependency_links to tugas_joy.egg-info/dependency_links.txt
writing top-level names to tugas_joy.egg-info/top_level.txt
[  6%] Built target tugas_joy__cpp
[35m[1mConsolidate compiler generated dependencies of target tugas_joy__rosidl_generator_c[0m
[  9%] [34m[1mGenerating C++ type support dispatch for ROS interfaces[0m
[ 12%] [34m[1mGenerating C++ introspection for ROS interfaces[0m
[ 15%] [34m[1mGenerating C++ type support for eProsima Fast-RTPS[0m
[ 18%] [32mBuilding C object CMakeFiles/tugas_joy__rosidl_generator_c.dir/rosidl_generator_c/tugas_joy/msg/detail/command__functions.c.o[0m
reading manifest file 'tugas_joy.egg-info/SOURCES.txt'
writing manifest file 'tugas_joy.egg-info/SOURCES.txt'
[ 18%] Built target ament_cmake_python_build_tugas_joy_egg
[ 21%] [32m[1mLinking C shared library libtugas_joy__rosidl_generator_c.so[0m
[ 21%] Built target tugas_joy__rosidl_generator_c
[ 27%] [34m[1mGenerating C type support dispatch for ROS interfaces[0m
[ 27%] [34m[1mGenerating C type support for eProsima Fast-RTPS[0m
[ 30%] [34m[1mGenerating C introspection for ROS interfaces[0m
[35m[1mConsolidate compiler generated dependencies of target tugas_joy__rosidl_typesupport_cpp[0m
[ 33%] [32mBuilding CXX object CMakeFiles/tugas_joy__rosidl_typesupport_cpp.dir/rosidl_typesupport_cpp/tugas_joy/msg/command__type_support.cpp.o[0m
[35m[1mConsolidate compiler generated dependencies of target tugas_joy__rosidl_typesupport_introspection_cpp[0m
[35m[1mConsolidate compiler generated dependencies of target tugas_joy__rosidl_typesupport_fastrtps_cpp[0m
[ 36%] [32mBuilding CXX object CMakeFiles/tugas_joy__rosidl_typesupport_introspection_cpp.dir/rosidl_typesupport_introspection_cpp/tugas_joy/msg/detail/command__type_support.cpp.o[0m
[ 39%] [32mBuilding CXX object CMakeFiles/tugas_joy__rosidl_typesupport_fastrtps_cpp.dir/rosidl_typesupport_fastrtps_cpp/tugas_joy/msg/detail/dds_fastrtps/command__type_support.cpp.o[0m
[35m[1mConsolidate compiler generated dependencies of target tugas_joy__rosidl_typesupport_c[0m
[ 42%] [32mBuilding CXX object CMakeFiles/tugas_joy__rosidl_typesupport_c.dir/rosidl_typesupport_c/tugas_joy/msg/command__type_support.cpp.o[0m
[35m[1mConsolidate compiler generated dependencies of target tugas_joy__rosidl_typesupport_fastrtps_c[0m
[ 45%] [32mBuilding CXX object CMakeFiles/tugas_joy__rosidl_typesupport_fastrtps_c.dir/rosidl_typesupport_fastrtps_c/tugas_joy/msg/detail/command__type_support_c.cpp.o[0m
[ 48%] [32m[1mLinking CXX shared library libtugas_joy__rosidl_typesupport_c.so[0m
[35m[1mConsolidate compiler generated dependencies of target tugas_joy__rosidl_typesupport_introspection_c[0m
[ 48%] Built target tugas_joy__rosidl_typesupport_c
[ 51%] [32mBuilding C object CMakeFiles/tugas_joy__rosidl_typesupport_introspection_c.dir/rosidl_typesupport_introspection_c/tugas_joy/msg/detail/command__type_support.c.o[0m
[ 54%] [32m[1mLinking CXX shared library libtugas_joy__rosidl_typesupport_cpp.so[0m
[ 57%] [32m[1mLinking C shared library libtugas_joy__rosidl_typesupport_introspection_c.so[0m
[ 57%] Built target tugas_joy__rosidl_typesupport_cpp
[ 57%] Built target tugas_joy__rosidl_typesupport_introspection_c
[35m[1mConsolidate compiler generated dependencies of target publisher[0m
[ 60%] [32mBuilding CXX object CMakeFiles/publisher.dir/src/publisher.cpp.o[0m
[ 63%] [32m[1mLinking CXX shared library libtugas_joy__rosidl_typesupport_introspection_cpp.so[0m
[ 66%] [32m[1mLinking CXX shared library libtugas_joy__rosidl_typesupport_fastrtps_cpp.so[0m
[ 66%] Built target tugas_joy__rosidl_typesupport_introspection_cpp
[ 66%] Built target tugas_joy__rosidl_typesupport_fastrtps_cpp
[ 69%] [32m[1mLinking CXX shared library libtugas_joy__rosidl_typesupport_fastrtps_c.so[0m
[ 69%] Built target tugas_joy__rosidl_typesupport_fastrtps_c
[ 69%] Built target tugas_joy
[ 72%] [34m[1mGenerating Python code for ROS interfaces[0m
[ 72%] Built target tugas_joy__py
[35m[1mConsolidate compiler generated dependencies of target tugas_joy__rosidl_generator_py[0m
[ 75%] [32mBuilding C object CMakeFiles/tugas_joy__rosidl_generator_py.dir/rosidl_generator_py/tugas_joy/msg/_command_s.c.o[0m
[ 78%] [32m[1mLinking C shared library rosidl_generator_py/tugas_joy/libtugas_joy__rosidl_generator_py.so[0m
[ 78%] Built target tugas_joy__rosidl_generator_py
[35m[1mConsolidate compiler generated dependencies of target tugas_joy__rosidl_typesupport_fastrtps_c__pyext[0m
[35m[1mConsolidate compiler generated dependencies of target tugas_joy__rosidl_typesupport_introspection_c__pyext[0m
[35m[1mConsolidate compiler generated dependencies of target tugas_joy__rosidl_typesupport_c__pyext[0m
[ 81%] [32mBuilding C object CMakeFiles/tugas_joy__rosidl_typesupport_fastrtps_c__pyext.dir/rosidl_generator_py/tugas_joy/_tugas_joy_s.ep.rosidl_typesupport_fastrtps_c.c.o[0m
[ 84%] [32mBuilding C object CMakeFiles/tugas_joy__rosidl_typesupport_introspection_c__pyext.dir/rosidl_generator_py/tugas_joy/_tugas_joy_s.ep.rosidl_typesupport_introspection_c.c.o[0m
[ 87%] [32mBuilding C object CMakeFiles/tugas_joy__rosidl_typesupport_c__pyext.dir/rosidl_generator_py/tugas_joy/_tugas_joy_s.ep.rosidl_typesupport_c.c.o[0m
[ 90%] [32m[1mLinking C shared library rosidl_generator_py/tugas_joy/tugas_joy_s__rosidl_typesupport_introspection_c.cpython-310-x86_64-linux-gnu.so[0m
[ 93%] [32m[1mLinking C shared library rosidl_generator_py/tugas_joy/tugas_joy_s__rosidl_typesupport_fastrtps_c.cpython-310-x86_64-linux-gnu.so[0m
[ 96%] [32m[1mLinking C shared library rosidl_generator_py/tugas_joy/tugas_joy_s__rosidl_typesupport_c.cpython-310-x86_64-linux-gnu.so[0m
[ 96%] Built target tugas_joy__rosidl_typesupport_fastrtps_c__pyext
[ 96%] Built target tugas_joy__rosidl_typesupport_introspection_c__pyext
[ 96%] Built target tugas_joy__rosidl_typesupport_c__pyext
[100%] [32m[1mLinking CXX executable publisher[0m
[100%] Built target publisher
-- Install configuration: ""
-- Installing: /home/basten/ros2_ws/src/MagangBanyubramanta_Basten-Andika-Salim/Ros2/install/tugas_joy/share/ament_index/resource_index/rosidl_interfaces/tugas_joy
-- Installing: /home/basten/ros2_ws/src/MagangBanyubramanta_Basten-Andika-Salim/Ros2/install/tugas_joy/include/tugas_joy/tugas_joy
-- Installing: /home/basten/ros2_ws/src/MagangBanyubramanta_Basten-Andika-Salim/Ros2/install/tugas_joy/include/tugas_joy/tugas_joy/msg
-- Installing: /home/basten/ros2_ws/src/MagangBanyubramanta_Basten-Andika-Salim/Ros2/install/tugas_joy/include/tugas_joy/tugas_joy/msg/rosidl_generator_c__visibility_control.h
-- Installing: /home/basten/ros2_ws/src/MagangBanyubramanta_Basten-Andika-Salim/Ros2/install/tugas_joy/include/tugas_joy/tugas_joy/msg/command.h
-- Installing: /home/basten/ros2_ws/src/MagangBanyubramanta_Basten-Andika-Salim/Ros2/install/tugas_joy/include/tugas_joy/tugas_joy/msg/detail
-- Installing: /home/basten/ros2_ws/src/MagangBanyubramanta_Basten-Andika-Salim/Ros2/install/tugas_joy/include/tugas_joy/tugas_joy/msg/detail/command__struct.h
-- Installing: /home/basten/ros2_ws/src/MagangBanyubramanta_Basten-Andika-Salim/Ros2/install/tugas_joy/include/tugas_joy/tugas_joy/msg/detail/command__functions.c
-- Installing: /home/basten/ros2_ws/src/MagangBanyubramanta_Basten-Andika-Salim/Ros2/install/tugas_joy/include/tugas_joy/tugas_joy/msg/detail/command__type_support.h
-- Installing: /home/basten/ros2_ws/src/MagangBanyubramanta_Basten-Andika-Salim/Ros2/install/tugas_joy/include/tugas_joy/tugas_joy/msg/detail/command__functions.h
-- Installing: /home/basten/ros2_ws/src/MagangBanyubramanta_Basten-Andika-Salim/Ros2/install/tugas_joy/share/tugas_joy/environment/library_path.sh
-- Installing: /home/basten/ros2_ws/src/MagangBanyubramanta_Basten-Andika-Salim/Ros2/install/tugas_joy/share/tugas_joy/environment/library_path.dsv
-- Installing: /home/basten/ros2_ws/src/MagangBanyubramanta_Basten-Andika-Salim/Ros2/install/tugas_joy/lib/libtugas_joy__rosidl_generator_c.so
-- Set runtime path of "/home/basten/ros2_ws/src/MagangBanyubramanta_Basten-Andika-Salim/Ros2/install/tugas_joy/lib/libtugas_joy__rosidl_generator_c.so" to ""
-- Up-to-date: /home/basten/ros2_ws/src/MagangBanyubramanta_Basten-Andika-Salim/Ros2/install/tugas_joy/include/tugas_joy/tugas_joy
-- Up-to-date: /home/basten/ros2_ws/src/MagangBanyubramanta_Basten-Andika-Salim/Ros2/install/tugas_joy/include/tugas_joy/tugas_joy/msg
-- Installing: /home/basten/ros2_ws/src/MagangBanyubramanta_Basten-Andika-Salim/Ros2/install/tugas_joy/include/tugas_joy/tugas_joy/msg/rosidl_typesupport_fastrtps_c__visibility_control.h
-- Up-to-date: /home/basten/ros2_ws/src/MagangBanyubramanta_Basten-Andika-Salim/Ros2/install/tugas_joy/include/tugas_joy/tugas_joy/msg/detail
-- Installing: /home/basten/ros2_ws/src/MagangBanyubramanta_Basten-Andika-Salim/Ros2/install/tugas_joy/include/tugas_joy/tugas_joy/msg/detail/command__rosidl_typesupport_fastrtps_c.h
-- Installing: /home/basten/ros2_ws/src/MagangBanyubramanta_Basten-Andika-Salim/Ros2/install/tugas_joy/lib/libtugas_joy__rosidl_typesupport_fastrtps_c.so
-- Set runtime path of "/home/basten/ros2_ws/src/MagangBanyubramanta_Basten-Andika-Salim/Ros2/install/tugas_joy/lib/libtugas_joy__rosidl_typesupport_fastrtps_c.so" to ""
-- Up-to-date: /home/basten/ros2_ws/src/MagangBanyubramanta_Basten-Andika-Salim/Ros2/install/tugas_joy/include/tugas_joy/tugas_joy
-- Up-to-date: /home/basten/ros2_ws/src/MagangBanyubramanta_Basten-Andika-Salim/Ros2/install/tugas_joy/include/tugas_joy/tugas_joy/msg
-- Installing: /home/basten/ros2_ws/src/MagangBanyubramanta_Basten-Andika-Salim/Ros2/install/tugas_joy/include/tugas_joy/tugas_joy/msg/command.hpp
-- Up-to-date: /home/basten/ros2_ws/src/MagangBanyubramanta_Basten-Andika-Salim/Ros2/install/tugas_joy/include/tugas_joy/tugas_joy/msg/detail
-- Installing: /home/basten/ros2_ws/src/MagangBanyubramanta_Basten-Andika-Salim/Ros2/install/tugas_joy/include/tugas_joy/tugas_joy/msg/detail/command__traits.hpp
-- Installing: /home/basten/ros2_ws/src/MagangBanyubramanta_Basten-Andika-Salim/Ros2/install/tugas_joy/include/tugas_joy/tugas_joy/msg/detail/command__builder.hpp
-- Installing: /home/basten/ros2_ws/src/MagangBanyubramanta_Basten-Andika-Salim/Ros2/install/tugas_joy/include/tugas_joy/tugas_joy/msg/detail/command__struct.hpp
-- Up-to-date: /home/basten/ros2_ws/src/MagangBanyubramanta_Basten-Andika-Salim/Ros2/install/tugas_joy/include/tugas_joy/tugas_joy
-- Up-to-date: /home/basten/ros2_ws/src/MagangBanyubramanta_Basten-Andika-Salim/Ros2/install/tugas_joy/include/tugas_joy/tugas_joy/msg
-- Installing: /home/basten/ros2_ws/src/MagangBanyubramanta_Basten-Andika-Salim/Ros2/install/tugas_joy/include/tugas_joy/tugas_joy/msg/rosidl_typesupport_fastrtps_cpp__visibility_control.h
-- Up-to-date: /home/basten/ros2_ws/src/MagangBanyubramanta_Basten-Andika-Salim/Ros2/install/tugas_joy/include/tugas_joy/tugas_joy/msg/detail
-- Installing: /home/basten/ros2_ws/src/MagangBanyubramanta_Basten-Andika-Salim/Ros2/install/tugas_joy/include/tugas_joy/tugas_joy/msg/detail/command__rosidl_typesupport_fastrtps_cpp.hpp
-- Installing: /home/basten/ros2_ws/src/MagangBanyubramanta_Basten-Andika-Salim/Ros2/install/tugas_joy/include/tugas_joy/tugas_joy/msg/detail/dds_fastrtps
-- Installing: /home/basten/ros2_ws/src/MagangBanyubramanta_Basten-Andika-Salim/Ros2/install/tugas_joy/lib/libtugas_joy__rosidl_typesupport_fastrtps_cpp.so
-- Set runtime path of "/home/basten/ros2_ws/src/MagangBanyubramanta_Basten-Andika-Salim/Ros2/install/tugas_joy/lib/libtugas_joy__rosidl_typesupport_fastrtps_cpp.so" to ""
-- Up-to-date: /home/basten/ros2_ws/src/MagangBanyubramanta_Basten-Andika-Salim/Ros2/install/tugas_joy/include/tugas_joy/tugas_joy
-- Up-to-date: /home/basten/ros2_ws/src/MagangBanyubramanta_Basten-Andika-Salim/Ros2/install/tugas_joy/include/tugas_joy/tugas_joy/msg
-- Installing: /home/basten/ros2_ws/src/MagangBanyubramanta_Basten-Andika-Salim/Ros2/install/tugas_joy/include/tugas_joy/tugas_joy/msg/rosidl_typesupport_introspection_c__visibility_control.h
-- Up-to-date: /home/basten/ros2_ws/src/MagangBanyubramanta_Basten-Andika-Salim/Ros2/install/tugas_joy/include/tugas_joy/tugas_joy/msg/detail
-- Installing: /home/basten/ros2_ws/src/MagangBanyubramanta_Basten-Andika-Salim/Ros2/install/tugas_joy/include/tugas_joy/tugas_joy/msg/detail/command__type_support.c
-- Installing: /home/basten/ros2_ws/src/MagangBanyubramanta_Basten-Andika-Salim/Ros2/install/tugas_joy/include/tugas_joy/tugas_joy/msg/detail/command__rosidl_typesupport_introspection_c.h
-- Installing: /home/basten/ros2_ws/src/MagangBanyubramanta_Basten-Andika-Salim/Ros2/install/tugas_joy/lib/libtugas_joy__rosidl_typesupport_introspection_c.so
-- Set runtime path of "/home/basten/ros2_ws/src/MagangBanyubramanta_Basten-Andika-Salim/Ros2/install/tugas_joy/lib/libtugas_joy__rosidl_typesupport_introspection_c.so" to ""
-- Installing: /home/basten/ros2_ws/src/MagangBanyubramanta_Basten-Andika-Salim/Ros2/install/tugas_joy/lib/libtugas_joy__rosidl_typesupport_c.so
-- Set runtime path of "/home/basten/ros2_ws/src/MagangBanyubramanta_Basten-Andika-Salim/Ros2/install/tugas_joy/lib/libtugas_joy__rosidl_typesupport_c.so" to ""
-- Up-to-date: /home/basten/ros2_ws/src/MagangBanyubramanta_Basten-Andika-Salim/Ros2/install/tugas_joy/include/tugas_joy/tugas_joy
-- Up-to-date: /home/basten/ros2_ws/src/MagangBanyubramanta_Basten-Andika-Salim/Ros2/install/tugas_joy/include/tugas_joy/tugas_joy/msg
-- Up-to-date: /home/basten/ros2_ws/src/MagangBanyubramanta_Basten-Andika-Salim/Ros2/install/tugas_joy/include/tugas_joy/tugas_joy/msg/detail
-- Installing: /home/basten/ros2_ws/src/MagangBanyubramanta_Basten-Andika-Salim/Ros2/install/tugas_joy/include/tugas_joy/tugas_joy/msg/detail/command__rosidl_typesupport_introspection_cpp.hpp
-- Installing: /home/basten/ros2_ws/src/MagangBanyubramanta_Basten-Andika-Salim/Ros2/install/tugas_joy/include/tugas_joy/tugas_joy/msg/detail/command__type_support.cpp
-- Installing: /home/basten/ros2_ws/src/MagangBanyubramanta_Basten-Andika-Salim/Ros2/install/tugas_joy/lib/libtugas_joy__rosidl_typesupport_introspection_cpp.so
-- Set runtime path of "/home/basten/ros2_ws/src/MagangBanyubramanta_Basten-Andika-Salim/Ros2/install/tugas_joy/lib/libtugas_joy__rosidl_typesupport_introspection_cpp.so" to ""
-- Installing: /home/basten/ros2_ws/src/MagangBanyubramanta_Basten-Andika-Salim/Ros2/install/tugas_joy/lib/libtugas_joy__rosidl_typesupport_cpp.so
-- Set runtime path of "/home/basten/ros2_ws/src/MagangBanyubramanta_Basten-Andika-Salim/Ros2/install/tugas_joy/lib/libtugas_joy__rosidl_typesupport_cpp.so" to ""
-- Installing: /home/basten/ros2_ws/src/MagangBanyubramanta_Basten-Andika-Salim/Ros2/install/tugas_joy/share/tugas_joy/environment/pythonpath.sh
-- Installing: /home/basten/ros2_ws/src/MagangBanyubramanta_Basten-Andika-Salim/Ros2/install/tugas_joy/share/tugas_joy/environment/pythonpath.dsv
-- Installing: /home/basten/ros2_ws/src/MagangBanyubramanta_Basten-Andika-Salim/Ros2/install/tugas_joy/local/lib/python3.10/dist-packages/tugas_joy-0.0.0-py3.10.egg-info
-- Installing: /home/basten/ros2_ws/src/MagangBanyubramanta_Basten-Andika-Salim/Ros2/install/tugas_joy/local/lib/python3.10/dist-packages/tugas_joy-0.0.0-py3.10.egg-info/top_level.txt
-- Installing: /home/basten/ros2_ws/src/MagangBanyubramanta_Basten-Andika-Salim/Ros2/install/tugas_joy/local/lib/python3.10/dist-packages/tugas_joy-0.0.0-py3.10.egg-info/PKG-INFO
-- Installing: /home/basten/ros2_ws/src/MagangBanyubramanta_Basten-Andika-Salim/Ros2/install/tugas_joy/local/lib/python3.10/dist-packages/tugas_joy-0.0.0-py3.10.egg-info/dependency_links.txt
-- Installing: /home/basten/ros2_ws/src/MagangBanyubramanta_Basten-Andika-Salim/Ros2/install/tugas_joy/local/lib/python3.10/dist-packages/tugas_joy-0.0.0-py3.10.egg-info/SOURCES.txt
-- Installing: /home/basten/ros2_ws/src/MagangBanyubramanta_Basten-Andika-Salim/Ros2/install/tugas_joy/local/lib/python3.10/dist-packages/tugas_joy
-- Installing: /home/basten/ros2_ws/src/MagangBanyubramanta_Basten-Andika-Salim/Ros2/install/tugas_joy/local/lib/python3.10/dist-packages/tugas_joy/tugas_joy_s__rosidl_typesupport_introspection_c.cpython-310-x86_64-linux-gnu.so
-- Installing: /home/basten/ros2_ws/src/MagangBanyubramanta_Basten-Andika-Salim/Ros2/install/tugas_joy/local/lib/python3.10/dist-packages/tugas_joy/tugas_joy_s__rosidl_typesupport_c.cpython-310-x86_64-linux-gnu.so
-- Installing: /home/basten/ros2_ws/src/MagangBanyubramanta_Basten-Andika-Salim/Ros2/install/tugas_joy/local/lib/python3.10/dist-packages/tugas_joy/_tugas_joy_s.ep.rosidl_typesupport_fastrtps_c.c
-- Installing: /home/basten/ros2_ws/src/MagangBanyubramanta_Basten-Andika-Salim/Ros2/install/tugas_joy/local/lib/python3.10/dist-packages/tugas_joy/_tugas_joy_s.ep.rosidl_typesupport_c.c
-- Installing: /home/basten/ros2_ws/src/MagangBanyubramanta_Basten-Andika-Salim/Ros2/install/tugas_joy/local/lib/python3.10/dist-packages/tugas_joy/tugas_joy_s__rosidl_typesupport_fastrtps_c.cpython-310-x86_64-linux-gnu.so
-- Installing: /home/basten/ros2_ws/src/MagangBanyubramanta_Basten-Andika-Salim/Ros2/install/tugas_joy/local/lib/python3.10/dist-packages/tugas_joy/__init__.py
-- Installing: /home/basten/ros2_ws/src/MagangBanyubramanta_Basten-Andika-Salim/Ros2/install/tugas_joy/local/lib/python3.10/dist-packages/tugas_joy/msg
-- Installing: /home/basten/ros2_ws/src/MagangBanyubramanta_Basten-Andika-Salim/Ros2/install/tugas_joy/local/lib/python3.10/dist-packages/tugas_joy/msg/_command.py
-- Installing: /home/basten/ros2_ws/src/MagangBanyubramanta_Basten-Andika-Salim/Ros2/install/tugas_joy/local/lib/python3.10/dist-packages/tugas_joy/msg/__init__.py
-- Installing: /home/basten/ros2_ws/src/MagangBanyubramanta_Basten-Andika-Salim/Ros2/install/tugas_joy/local/lib/python3.10/dist-packages/tugas_joy/msg/_command_s.c
-- Installing: /home/basten/ros2_ws/src/MagangBanyubramanta_Basten-Andika-Salim/Ros2/install/tugas_joy/local/lib/python3.10/dist-packages/tugas_joy/libtugas_joy__rosidl_generator_py.so
-- Installing: /home/basten/ros2_ws/src/MagangBanyubramanta_Basten-Andika-Salim/Ros2/install/tugas_joy/local/lib/python3.10/dist-packages/tugas_joy/_tugas_joy_s.ep.rosidl_typesupport_introspection_c.c
Listing '/home/basten/ros2_ws/src/MagangBanyubramanta_Basten-Andika-Salim/Ros2/install/tugas_joy/local/lib/python3.10/dist-packages/tugas_joy'...
Compiling '/home/basten/ros2_ws/src/MagangBanyubramanta_Basten-Andika-Salim/Ros2/install/tugas_joy/local/lib/python3.10/dist-packages/tugas_joy/__init__.py'...
Listing '/home/basten/ros2_ws/src/MagangBanyubramanta_Basten-Andika-Salim/Ros2/install/tugas_joy/local/lib/python3.10/dist-packages/tugas_joy/msg'...
Compiling '/home/basten/ros2_ws/src/MagangBanyubramanta_Basten-Andika-Salim/Ros2/install/tugas_joy/local/lib/python3.10/dist-packages/tugas_joy/msg/__init__.py'...
Compiling '/home/basten/ros2_ws/src/MagangBanyubramanta_Basten-Andika-Salim/Ros2/install/tugas_joy/local/lib/python3.10/dist-packages/tugas_joy/msg/_command.py'...
-- Installing: /home/basten/ros2_ws/src/MagangBanyubramanta_Basten-Andika-Salim/Ros2/install/tugas_joy/local/lib/python3.10/dist-packages/tugas_joy/tugas_joy_s__rosidl_typesupport_fastrtps_c.cpython-310-x86_64-linux-gnu.so
-- Set runtime path of "/home/basten/ros2_ws/src/MagangBanyubramanta_Basten-Andika-Salim/Ros2/install/tugas_joy/local/lib/python3.10/dist-packages/tugas_joy/tugas_joy_s__rosidl_typesupport_fastrtps_c.cpython-310-x86_64-linux-gnu.so" to ""
-- Installing: /home/basten/ros2_ws/src/MagangBanyubramanta_Basten-Andika-Salim/Ros2/install/tugas_joy/local/lib/python3.10/dist-packages/tugas_joy/tugas_joy_s__rosidl_typesupport_introspection_c.cpython-310-x86_64-linux-gnu.so
-- Set runtime path of "/home/basten/ros2_ws/src/MagangBanyubramanta_Basten-Andika-Salim/Ros2/install/tugas_joy/local/lib/python3.10/dist-packages/tugas_joy/tugas_joy_s__rosidl_typesupport_introspection_c.cpython-310-x86_64-linux-gnu.so" to ""
-- Installing: /home/basten/ros2_ws/src/MagangBanyubramanta_Basten-Andika-Salim/Ros2/install/tugas_joy/local/lib/python3.10/dist-packages/tugas_joy/tugas_joy_s__rosidl_typesupport_c.cpython-310-x86_64-linux-gnu.so
-- Set runtime path of "/home/basten/ros2_ws/src/MagangBanyubramanta_Basten-Andika-Salim/Ros2/install/tugas_joy/local/lib/python3.10/dist-packages/tugas_joy/tugas_joy_s__rosidl_typesupport_c.cpython-310-x86_64-linux-gnu.so" to ""
-- Installing: /home/basten/ros2_ws/src/MagangBanyubramanta_Basten-Andika-Salim/Ros2/install/tugas_joy/lib/libtugas_joy__rosidl_generator_py.so
-- Set runtime path of "/home/basten/ros2_ws/src/MagangBanyubramanta_Basten-Andika-Salim/Ros2/install/tugas_joy/lib/libtugas_joy__rosidl_generator_py.so" to ""
-- Installing: /home/basten/ros2_ws/src/MagangBanyubramanta_Basten-Andika-Salim/Ros2/install/tugas_joy/share/tugas_joy/msg/Command.idl
-- Installing: /home/basten/ros2_ws/src/MagangBanyubramanta_Basten-Andika-Salim/Ros2/install/tugas_joy/share/tugas_joy/msg/Command.msg
-- Installing: /home/basten/ros2_ws/src/MagangBanyubramanta_Basten-Andika-Salim/Ros2/install/tugas_joy/lib/tugas_joy/publisher
-- Set runtime path of "/home/basten/ros2_ws/src/MagangBanyubramanta_Basten-Andika-Salim/Ros2/install/tugas_joy/lib/tugas_joy/publisher" to ""
-- Installing: /home/basten/ros2_ws/src/MagangBanyubramanta_Basten-Andika-Salim/Ros2/install/tugas_joy/share/ament_index/resource_index/package_run_dependencies/tugas_joy
-- Installing: /home/basten/ros2_ws/src/MagangBanyubramanta_Basten-Andika-Salim/Ros2/install/tugas_joy/share/ament_index/resource_index/parent_prefix_path/tugas_joy
-- Installing: /home/basten/ros2_ws/src/MagangBanyubramanta_Basten-Andika-Salim/Ros2/install/tugas_joy/share/tugas_joy/environment/ament_prefix_path.sh
-- Installing: /home/basten/ros2_ws/src/MagangBanyubramanta_Basten-Andika-Salim/Ros2/install/tugas_joy/share/tugas_joy/environment/ament_prefix_path.dsv
-- Installing: /home/basten/ros2_ws/src/MagangBanyubramanta_Basten-Andika-Salim/Ros2/install/tugas_joy/share/tugas_joy/environment/path.sh
-- Installing: /home/basten/ros2_ws/src/MagangBanyubramanta_Basten-Andika-Salim/Ros2/install/tugas_joy/share/tugas_joy/environment/path.dsv
-- Installing: /home/basten/ros2_ws/src/MagangBanyubramanta_Basten-Andika-Salim/Ros2/install/tugas_joy/share/tugas_joy/local_setup.bash
-- Installing: /home/basten/ros2_ws/src/MagangBanyubramanta_Basten-Andika-Salim/Ros2/install/tugas_joy/share/tugas_joy/local_setup.sh
-- Installing: /home/basten/ros2_ws/src/MagangBanyubramanta_Basten-Andika-Salim/Ros2/install/tugas_joy/share/tugas_joy/local_setup.zsh
-- Installing: /home/basten/ros2_ws/src/MagangBanyubramanta_Basten-Andika-Salim/Ros2/install/tugas_joy/share/tugas_joy/local_setup.dsv
-- Installing: /home/basten/ros2_ws/src/MagangBanyubramanta_Basten-Andika-Salim/Ros2/install/tugas_joy/share/tugas_joy/package.dsv
-- Installing: /home/basten/ros2_ws/src/MagangBanyubramanta_Basten-Andika-Salim/Ros2/install/tugas_joy/share/ament_index/resource_index/packages/tugas_joy
-- Installing: /home/basten/ros2_ws/src/MagangBanyubramanta_Basten-Andika-Salim/Ros2/install/tugas_joy/share/tugas_joy/cmake/export_tugas_joy__rosidl_generator_cExport.cmake
-- Installing: /home/basten/ros2_ws/src/MagangBanyubramanta_Basten-Andika-Salim/Ros2/install/tugas_joy/share/tugas_joy/cmake/export_tugas_joy__rosidl_generator_cExport-noconfig.cmake
-- Installing: /home/basten/ros2_ws/src/MagangBanyubramanta_Basten-Andika-Salim/Ros2/install/tugas_joy/share/tugas_joy/cmake/export_tugas_joy__rosidl_typesupport_fastrtps_cExport.cmake
-- Installing: /home/basten/ros2_ws/src/MagangBanyubramanta_Basten-Andika-Salim/Ros2/install/tugas_joy/share/tugas_joy/cmake/export_tugas_joy__rosidl_typesupport_fastrtps_cExport-noconfig.cmake
-- Installing: /home/basten/ros2_ws/src/MagangBanyubramanta_Basten-Andika-Salim/Ros2/install/tugas_joy/share/tugas_joy/cmake/export_tugas_joy__rosidl_generator_cppExport.cmake
-- Installing: /home/basten/ros2_ws/src/MagangBanyubramanta_Basten-Andika-Salim/Ros2/install/tugas_joy/share/tugas_joy/cmake/export_tugas_joy__rosidl_typesupport_fastrtps_cppExport.cmake
-- Installing: /home/basten/ros2_ws/src/MagangBanyubramanta_Basten-Andika-Salim/Ros2/install/tugas_joy/share/tugas_joy/cmake/export_tugas_joy__rosidl_typesupport_fastrtps_cppExport-noconfig.cmake
-- Installing: /home/basten/ros2_ws/src/MagangBanyubramanta_Basten-Andika-Salim/Ros2/install/tugas_joy/share/tugas_joy/cmake/tugas_joy__rosidl_typesupport_introspection_cExport.cmake
-- Installing: /home/basten/ros2_ws/src/MagangBanyubramanta_Basten-Andika-Salim/Ros2/install/tugas_joy/share/tugas_joy/cmake/tugas_joy__rosidl_typesupport_introspection_cExport-noconfig.cmake
-- Installing: /home/basten/ros2_ws/src/MagangBanyubramanta_Basten-Andika-Salim/Ros2/install/tugas_joy/share/tugas_joy/cmake/tugas_joy__rosidl_typesupport_cExport.cmake
-- Installing: /home/basten/ros2_ws/src/MagangBanyubramanta_Basten-Andika-Salim/Ros2/install/tugas_joy/share/tugas_joy/cmake/tugas_joy__rosidl_typesupport_cExport-noconfig.cmake
-- Installing: /home/basten/ros2_ws/src/MagangBanyubramanta_Basten-Andika-Salim/Ros2/install/tugas_joy/share/tugas_joy/cmake/tugas_joy__rosidl_typesupport_introspection_cppExport.cmake
-- Installing: /home/basten/ros2_ws/src/MagangBanyubramanta_Basten-Andika-Salim/Ros2/install/tugas_joy/share/tugas_joy/cmake/tugas_joy__rosidl_typesupport_introspection_cppExport-noconfig.cmake
-- Installing: /home/basten/ros2_ws/src/MagangBanyubramanta_Basten-Andika-Salim/Ros2/install/tugas_joy/share/tugas_joy/cmake/tugas_joy__rosidl_typesupport_cppExport.cmake
-- Installing: /home/basten/ros2_ws/src/MagangBanyubramanta_Basten-Andika-Salim/Ros2/install/tugas_joy/share/tugas_joy/cmake/tugas_joy__rosidl_typesupport_cppExport-noconfig.cmake
-- Installing: /home/basten/ros2_ws/src/MagangBanyubramanta_Basten-Andika-Salim/Ros2/install/tugas_joy/share/tugas_joy/cmake/export_tugas_joy__rosidl_generator_pyExport.cmake
-- Installing: /home/basten/ros2_ws/src/MagangBanyubramanta_Basten-Andika-Salim/Ros2/install/tugas_joy/share/tugas_joy/cmake/export_tugas_joy__rosidl_generator_pyExport-noconfig.cmake
-- Installing: /home/basten/ros2_ws/src/MagangBanyubramanta_Basten-Andika-Salim/Ros2/install/tugas_joy/share/tugas_joy/cmake/rosidl_cmake-extras.cmake
-- Installing: /home/basten/ros2_ws/src/MagangBanyubramanta_Basten-Andika-Salim/Ros2/install/tugas_joy/share/tugas_joy/cmake/ament_cmake_export_include_directories-extras.cmake
-- Installing: /home/basten/ros2_ws/src/MagangBanyubramanta_Basten-Andika-Salim/Ros2/install/tugas_joy/share/tugas_joy/cmake/ament_cmake_export_libraries-extras.cmake
-- Installing: /home/basten/ros2_ws/src/MagangBanyubramanta_Basten-Andika-Salim/Ros2/install/tugas_joy/share/tugas_joy/cmake/ament_cmake_export_targets-extras.cmake
-- Installing: /home/basten/ros2_ws/src/MagangBanyubramanta_Basten-Andika-Salim/Ros2/install/tugas_joy/share/tugas_joy/cmake/rosidl_cmake_export_typesupport_targets-extras.cmake
-- Installing: /home/basten/ros2_ws/src/MagangBanyubramanta_Basten-Andika-Salim/Ros2/install/tugas_joy/share/tugas_joy/cmake/ament_cmake_export_dependencies-extras.cmake
-- Installing: /home/basten/ros2_ws/src/MagangBanyubramanta_Basten-Andika-Salim/Ros2/install/tugas_joy/share/tugas_joy/cmake/rosidl_cmake_export_typesupport_libraries-extras.cmake
-- Installing: /home/basten/ros2_ws/src/MagangBanyubramanta_Basten-Andika-Salim/Ros2/install/tugas_joy/share/tugas_joy/cmake/tugas_joyConfig.cmake
-- Installing: /home/basten/ros2_ws/src/MagangBanyubramanta_Basten-Andika-Salim/Ros2/install/tugas_joy/share/tugas_joy/cmake/tugas_joyConfig-version.cmake
-- Installing: /home/basten/ros2_ws/src/MagangBanyubramanta_Basten-Andika-Salim/Ros2/install/tugas_joy/share/tugas_joy/package.xml
