[0.026s] Invoking command in '/home/basten/ros2_ws/src/MagangBanyubramanta_Basten-Andika-Salim/src/build/communicator': CMAKE_PREFIX_PATH=${CMAKE_PREFIX_PATH}:/opt/ros/humble /usr/bin/cmake /home/basten/ros2_ws/src/MagangBanyubramanta_Basten-Andika-Salim/src/communicator -DCMAKE_INSTALL_PREFIX=/home/basten/ros2_ws/src/MagangBanyubramanta_Basten-Andika-Salim/src/install/communicator
[0.065s] -- The C compiler identification is GNU 11.4.0
[0.111s] -- The CXX compiler identification is GNU 11.4.0
[0.117s] -- Detecting C compiler ABI info
[0.181s] -- Detecting C compiler ABI info - done
[0.187s] -- Check for working C compiler: /usr/bin/cc - skipped
[0.188s] -- Detecting C compile features
[0.188s] -- Detecting C compile features - done
[0.192s] -- Detecting CXX compiler ABI info
[0.261s] -- Detecting CXX compiler ABI info - done
[0.265s] -- Check for working CXX compiler: /usr/bin/c++ - skipped
[0.265s] -- Detecting CXX compile features
[0.266s] -- Detecting CXX compile features - done
[0.268s] -- Found ament_cmake: 1.3.8 (/opt/ros/humble/share/ament_cmake/cmake)
[0.432s] -- Found Python3: /usr/bin/python3 (found version "3.10.12") found components: Interpreter 
[0.489s] -- Found rclcpp: 16.0.8 (/opt/ros/humble/share/rclcpp/cmake)
[0.520s] -- Found rosidl_generator_c: 3.1.5 (/opt/ros/humble/share/rosidl_generator_c/cmake)
[0.522s] -- Found rosidl_adapter: 3.1.5 (/opt/ros/humble/share/rosidl_adapter/cmake)
[0.528s] -- Found rosidl_generator_cpp: 3.1.5 (/opt/ros/humble/share/rosidl_generator_cpp/cmake)
[0.536s] -- Using all available rosidl_typesupport_c: rosidl_typesupport_fastrtps_c;rosidl_typesupport_introspection_c
[0.547s] -- Using all available rosidl_typesupport_cpp: rosidl_typesupport_fastrtps_cpp;rosidl_typesupport_introspection_cpp
[0.585s] -- Found rmw_implementation_cmake: 6.1.1 (/opt/ros/humble/share/rmw_implementation_cmake/cmake)
[0.587s] -- Found rmw_fastrtps_cpp: 6.2.6 (/opt/ros/humble/share/rmw_fastrtps_cpp/cmake)
[0.639s] -- Found OpenSSL: /usr/lib/x86_64-linux-gnu/libcrypto.so (found version "3.0.2")  
[0.655s] -- Found FastRTPS: /opt/ros/humble/include  
[0.679s] -- Using RMW implementation 'rmw_fastrtps_cpp' as default
[0.684s] -- Looking for pthread.h
[0.730s] -- Looking for pthread.h - found
[0.730s] -- Performing Test CMAKE_HAVE_LIBC_PTHREAD
[0.797s] -- Performing Test CMAKE_HAVE_LIBC_PTHREAD - Success
[0.798s] -- Found Threads: TRUE  
[0.895s] -- Found ament_lint_auto: 0.12.10 (/opt/ros/humble/share/ament_lint_auto/cmake)
[0.935s] -- Added test 'cppcheck' to perform static code analysis on C / C++ code
[0.935s] -- Configured cppcheck include dirs: 
[0.935s] -- Configured cppcheck exclude dirs and/or files: 
[0.935s] -- Added test 'lint_cmake' to check CMake code style
[0.936s] -- Added test 'uncrustify' to check C / C++ code style
[0.936s] -- Configured uncrustify additional arguments: 
[0.937s] -- Added test 'xmllint' to check XML markup files
[0.937s] -- Configuring done
[0.941s] -- Generating done
[0.942s] -- Build files have been written to: /home/basten/ros2_ws/src/MagangBanyubramanta_Basten-Andika-Salim/src/build/communicator
[0.947s] Invoked command in '/home/basten/ros2_ws/src/MagangBanyubramanta_Basten-Andika-Salim/src/build/communicator' returned '0': CMAKE_PREFIX_PATH=${CMAKE_PREFIX_PATH}:/opt/ros/humble /usr/bin/cmake /home/basten/ros2_ws/src/MagangBanyubramanta_Basten-Andika-Salim/src/communicator -DCMAKE_INSTALL_PREFIX=/home/basten/ros2_ws/src/MagangBanyubramanta_Basten-Andika-Salim/src/install/communicator
[0.948s] Invoking command in '/home/basten/ros2_ws/src/MagangBanyubramanta_Basten-Andika-Salim/src/build/communicator': CMAKE_PREFIX_PATH=${CMAKE_PREFIX_PATH}:/opt/ros/humble /usr/bin/cmake --build /home/basten/ros2_ws/src/MagangBanyubramanta_Basten-Andika-Salim/src/build/communicator -- -j32 -l32
[0.976s] [ 50%] [32mBuilding CXX object CMakeFiles/communicator.dir/src/communicator.cpp.o[0m
[1.031s] [01m[K/home/basten/ros2_ws/src/MagangBanyubramanta_Basten-Andika-Salim/src/communicator/src/communicator.cpp:6:10:[m[K [01;31m[Kfatal error: [m[Kasio.hpp: No such file or directory
[1.031s]     6 | #include [01;31m[K<asio.hpp>[m[K
[1.031s]       |          [01;31m[K^~~~~~~~~~[m[K
[1.031s] compilation terminated.
[1.032s] gmake[2]: *** [CMakeFiles/communicator.dir/build.make:76: CMakeFiles/communicator.dir/src/communicator.cpp.o] Error 1
[1.033s] gmake[1]: *** [CMakeFiles/Makefile2:137: CMakeFiles/communicator.dir/all] Error 2
[1.033s] gmake: *** [Makefile:146: all] Error 2
[1.034s] Invoked command in '/home/basten/ros2_ws/src/MagangBanyubramanta_Basten-Andika-Salim/src/build/communicator' returned '2': CMAKE_PREFIX_PATH=${CMAKE_PREFIX_PATH}:/opt/ros/humble /usr/bin/cmake --build /home/basten/ros2_ws/src/MagangBanyubramanta_Basten-Andika-Salim/src/build/communicator -- -j32 -l32
