[0.021s] Invoking command in '/home/basten/ros2_ws/src/MagangBanyubramanta_Basten-Andika-Salim/build/tugas_opencv': CMAKE_PREFIX_PATH=/opt/ros/humble /usr/bin/cmake /home/basten/ros2_ws/src/MagangBanyubramanta_Basten-Andika-Salim/src/tugas_opencv -DCMAKE_INSTALL_PREFIX=/home/basten/ros2_ws/src/MagangBanyubramanta_Basten-Andika-Salim/install/tugas_opencv
[0.067s] -- The C compiler identification is GNU 11.4.0
[0.112s] -- The CXX compiler identification is GNU 11.4.0
[0.117s] -- Detecting C compiler ABI info
[0.179s] -- Detecting C compiler ABI info - done
[0.186s] -- Check for working C compiler: /usr/bin/cc - skipped
[0.186s] -- Detecting C compile features
[0.187s] -- Detecting C compile features - done
[0.190s] -- Detecting CXX compiler ABI info
[0.253s] -- Detecting CXX compiler ABI info - done
[0.258s] -- Check for working CXX compiler: /usr/bin/c++ - skipped
[0.258s] -- Detecting CXX compile features
[0.259s] -- Detecting CXX compile features - done
[0.260s] -- Found ament_cmake: 1.3.7 (/opt/ros/humble/share/ament_cmake/cmake)
[0.440s] -- Found Python3: /usr/bin/python3.10 (found version "3.10.12") found components: Interpreter 
[0.489s] -- Found rclcpp: 16.0.8 (/opt/ros/humble/share/rclcpp/cmake)
[0.515s] -- Found rosidl_generator_c: 3.1.5 (/opt/ros/humble/share/rosidl_generator_c/cmake)
[0.517s] -- Found rosidl_adapter: 3.1.5 (/opt/ros/humble/share/rosidl_adapter/cmake)
[0.522s] -- Found rosidl_generator_cpp: 3.1.5 (/opt/ros/humble/share/rosidl_generator_cpp/cmake)
[0.531s] -- Using all available rosidl_typesupport_c: rosidl_typesupport_fastrtps_c;rosidl_typesupport_introspection_c
[0.542s] -- Using all available rosidl_typesupport_cpp: rosidl_typesupport_fastrtps_cpp;rosidl_typesupport_introspection_cpp
[0.579s] -- Found rmw_implementation_cmake: 6.1.1 (/opt/ros/humble/share/rmw_implementation_cmake/cmake)
[0.581s] -- Found rmw_fastrtps_cpp: 6.2.6 (/opt/ros/humble/share/rmw_fastrtps_cpp/cmake)
[0.631s] -- Found OpenSSL: /usr/lib/x86_64-linux-gnu/libcrypto.so (found version "3.0.2")  
[0.649s] -- Found FastRTPS: /opt/ros/humble/include  
[0.671s] -- Using RMW implementation 'rmw_fastrtps_cpp' as default
[0.676s] -- Looking for pthread.h
[0.718s] -- Looking for pthread.h - found
[0.718s] -- Performing Test CMAKE_HAVE_LIBC_PTHREAD
[0.774s] -- Performing Test CMAKE_HAVE_LIBC_PTHREAD - Success
[0.775s] -- Found Threads: TRUE  
[0.868s] -- Found OpenCV: /usr/local (found version "4.9.0") 
[0.869s] -- Found rosidl_default_generators: 1.2.0 (/opt/ros/humble/share/rosidl_default_generators/cmake)
[1.000s] -- Found ament_cmake_ros: 0.10.0 (/opt/ros/humble/share/ament_cmake_ros/cmake)
[1.178s] -- Using all available rosidl_typesupport_c: rosidl_typesupport_fastrtps_c;rosidl_typesupport_introspection_c
[1.243s] -- Using all available rosidl_typesupport_cpp: rosidl_typesupport_fastrtps_cpp;rosidl_typesupport_introspection_cpp
[1.257s] -- Found PythonInterp: /usr/bin/python3 (found suitable version "3.10.12", minimum required is "3.6") 
[1.258s] -- Found python_cmake_module: 0.10.0 (/opt/ros/humble/share/python_cmake_module/cmake)
[1.275s] -- Found PythonLibs: /usr/lib/x86_64-linux-gnu/libpython3.10.so (found suitable version "3.10.12", minimum required is "3.5") 
[1.275s] -- Using PYTHON_EXECUTABLE: /usr/bin/python3
[1.275s] -- Using PYTHON_INCLUDE_DIRS: /usr/include/python3.10
[1.275s] -- Using PYTHON_LIBRARIES: /usr/lib/x86_64-linux-gnu/libpython3.10.so
[1.286s] -- Found PythonExtra: .so  
[1.302s] -- Found ament_lint_auto: 0.12.10 (/opt/ros/humble/share/ament_lint_auto/cmake)
[1.324s] -- Added test 'cppcheck' to perform static code analysis on C / C++ code
[1.324s] -- Configured cppcheck include dirs: 
[1.324s] -- Configured cppcheck exclude dirs and/or files: 
[1.326s] -- Added test 'flake8' to check Python code syntax and style conventions
[1.329s] -- Added test 'lint_cmake' to check CMake code style
[1.330s] -- Added test 'pep257' to check Python code against some of the docstring style conventions in PEP 257
[1.341s] -- Added test 'uncrustify' to check C / C++ code style
[1.341s] -- Configured uncrustify additional arguments: 
[1.342s] -- Added test 'xmllint' to check XML markup files
[1.344s] -- Configuring done
[1.357s] -- Generating done
[1.358s] -- Build files have been written to: /home/basten/ros2_ws/src/MagangBanyubramanta_Basten-Andika-Salim/build/tugas_opencv
[1.365s] Invoked command in '/home/basten/ros2_ws/src/MagangBanyubramanta_Basten-Andika-Salim/build/tugas_opencv' returned '0': CMAKE_PREFIX_PATH=/opt/ros/humble /usr/bin/cmake /home/basten/ros2_ws/src/MagangBanyubramanta_Basten-Andika-Salim/src/tugas_opencv -DCMAKE_INSTALL_PREFIX=/home/basten/ros2_ws/src/MagangBanyubramanta_Basten-Andika-Salim/install/tugas_opencv
[1.365s] Invoking command in '/home/basten/ros2_ws/src/MagangBanyubramanta_Basten-Andika-Salim/build/tugas_opencv': CMAKE_PREFIX_PATH=/opt/ros/humble /usr/bin/cmake --build /home/basten/ros2_ws/src/MagangBanyubramanta_Basten-Andika-Salim/build/tugas_opencv -- -j32 -l32
[1.385s] [  3%] [34m[1mGenerating C code for ROS interfaces[0m
[1.389s] [  6%] [34m[1mGenerating C++ code for ROS interfaces[0m
[1.394s] [  6%] Built target ament_cmake_python_copy_tugas_opencv
[1.478s] running egg_info
[1.479s] creating tugas_opencv.egg-info
[1.485s] writing tugas_opencv.egg-info/PKG-INFO
[1.485s] writing dependency_links to tugas_opencv.egg-info/dependency_links.txt
[1.485s] writing top-level names to tugas_opencv.egg-info/top_level.txt
[1.485s] writing manifest file 'tugas_opencv.egg-info/SOURCES.txt'
[1.498s] [  6%] Built target tugas_opencv__cpp
[1.502s] [  9%] [34m[1mGenerating C++ type support dispatch for ROS interfaces[0m
[1.503s] [ 12%] [32mBuilding C object CMakeFiles/tugas_opencv__rosidl_generator_c.dir/rosidl_generator_c/tugas_opencv/msg/detail/color__functions.c.o[0m
[1.503s] [ 15%] [34m[1mGenerating C++ introspection for ROS interfaces[0m
[1.503s] reading manifest file 'tugas_opencv.egg-info/SOURCES.txt'
[1.503s] [ 18%] [34m[1mGenerating C++ type support for eProsima Fast-RTPS[0m
[1.503s] writing manifest file 'tugas_opencv.egg-info/SOURCES.txt'
[1.516s] [ 18%] Built target ament_cmake_python_build_tugas_opencv_egg
[1.526s] [ 21%] [32m[1mLinking C shared library libtugas_opencv__rosidl_generator_c.so[0m
[1.543s] [ 21%] Built target tugas_opencv__rosidl_generator_c
[1.548s] [ 24%] [34m[1mGenerating C type support for eProsima Fast-RTPS[0m
[1.548s] [ 27%] [34m[1mGenerating C introspection for ROS interfaces[0m
[1.548s] [ 30%] [34m[1mGenerating C type support dispatch for ROS interfaces[0m
[1.602s] [ 33%] [32mBuilding CXX object CMakeFiles/tugas_opencv__rosidl_typesupport_cpp.dir/rosidl_typesupport_cpp/tugas_opencv/msg/color__type_support.cpp.o[0m
[1.610s] [ 36%] [32mBuilding CXX object CMakeFiles/tugas_opencv__rosidl_typesupport_introspection_cpp.dir/rosidl_typesupport_introspection_cpp/tugas_opencv/msg/detail/color__type_support.cpp.o[0m
[1.612s] [ 39%] [32mBuilding CXX object CMakeFiles/tugas_opencv__rosidl_typesupport_fastrtps_cpp.dir/rosidl_typesupport_fastrtps_cpp/tugas_opencv/msg/detail/dds_fastrtps/color__type_support.cpp.o[0m
[1.656s] [ 42%] [32mBuilding CXX object CMakeFiles/tugas_opencv__rosidl_typesupport_c.dir/rosidl_typesupport_c/tugas_opencv/msg/color__type_support.cpp.o[0m
[1.657s] [ 45%] [32mBuilding C object CMakeFiles/tugas_opencv__rosidl_typesupport_introspection_c.dir/rosidl_typesupport_introspection_c/tugas_opencv/msg/detail/color__type_support.c.o[0m
[1.659s] [ 48%] [32mBuilding CXX object CMakeFiles/tugas_opencv__rosidl_typesupport_fastrtps_c.dir/rosidl_typesupport_fastrtps_c/tugas_opencv/msg/detail/color__type_support_c.cpp.o[0m
[1.670s] [ 51%] [32m[1mLinking CXX shared library libtugas_opencv__rosidl_typesupport_c.so[0m
[1.673s] [ 54%] [32m[1mLinking C shared library libtugas_opencv__rosidl_typesupport_introspection_c.so[0m
[1.687s] [ 54%] Built target tugas_opencv__rosidl_typesupport_introspection_c
[1.690s] [ 54%] Built target tugas_opencv__rosidl_typesupport_c
[1.713s] [ 57%] [32m[1mLinking CXX shared library libtugas_opencv__rosidl_typesupport_cpp.so[0m
[1.733s] [ 57%] Built target tugas_opencv__rosidl_typesupport_cpp
[1.743s] [ 60%] [32mBuilding CXX object CMakeFiles/colorcheck.dir/src/colorcheck.cpp.o[0m
[1.764s] [ 63%] [32m[1mLinking CXX shared library libtugas_opencv__rosidl_typesupport_introspection_cpp.so[0m
[1.773s] [ 66%] [32m[1mLinking CXX shared library libtugas_opencv__rosidl_typesupport_fastrtps_cpp.so[0m
[1.783s] [ 66%] Built target tugas_opencv__rosidl_typesupport_introspection_cpp
[1.795s] [ 69%] [32m[1mLinking CXX shared library libtugas_opencv__rosidl_typesupport_fastrtps_c.so[0m
[1.808s] [ 69%] Built target tugas_opencv__rosidl_typesupport_fastrtps_cpp
[1.829s] [ 69%] Built target tugas_opencv__rosidl_typesupport_fastrtps_c
[1.839s] [ 69%] Built target tugas_opencv
[1.849s] [ 72%] [34m[1mGenerating Python code for ROS interfaces[0m
[1.973s] [ 72%] Built target tugas_opencv__py
[1.982s] [ 75%] [32mBuilding C object CMakeFiles/tugas_opencv__rosidl_generator_py.dir/rosidl_generator_py/tugas_opencv/msg/_color_s.c.o[0m
[2.036s] [ 78%] [32m[1mLinking C shared library rosidl_generator_py/tugas_opencv/libtugas_opencv__rosidl_generator_py.so[0m
[2.055s] [ 78%] Built target tugas_opencv__rosidl_generator_py
[2.064s] [ 81%] [32mBuilding C object CMakeFiles/tugas_opencv__rosidl_typesupport_fastrtps_c__pyext.dir/rosidl_generator_py/tugas_opencv/_tugas_opencv_s.ep.rosidl_typesupport_fastrtps_c.c.o[0m
[2.065s] [ 84%] [32mBuilding C object CMakeFiles/tugas_opencv__rosidl_typesupport_introspection_c__pyext.dir/rosidl_generator_py/tugas_opencv/_tugas_opencv_s.ep.rosidl_typesupport_introspection_c.c.o[0m
[2.065s] [ 87%] [32mBuilding C object CMakeFiles/tugas_opencv__rosidl_typesupport_c__pyext.dir/rosidl_generator_py/tugas_opencv/_tugas_opencv_s.ep.rosidl_typesupport_c.c.o[0m
[2.105s] [ 90%] [32m[1mLinking C shared library rosidl_generator_py/tugas_opencv/tugas_opencv_s__rosidl_typesupport_c.cpython-310-x86_64-linux-gnu.so[0m
[2.106s] [ 93%] [32m[1mLinking C shared library rosidl_generator_py/tugas_opencv/tugas_opencv_s__rosidl_typesupport_fastrtps_c.cpython-310-x86_64-linux-gnu.so[0m
[2.108s] [ 96%] [32m[1mLinking C shared library rosidl_generator_py/tugas_opencv/tugas_opencv_s__rosidl_typesupport_introspection_c.cpython-310-x86_64-linux-gnu.so[0m
[2.121s] [ 96%] Built target tugas_opencv__rosidl_typesupport_c__pyext
[2.121s] [ 96%] Built target tugas_opencv__rosidl_typesupport_fastrtps_c__pyext
[2.124s] [ 96%] Built target tugas_opencv__rosidl_typesupport_introspection_c__pyext
[4.109s] [100%] [32m[1mLinking CXX executable colorcheck[0m
[4.293s] [100%] Built target colorcheck
[4.300s] Invoked command in '/home/basten/ros2_ws/src/MagangBanyubramanta_Basten-Andika-Salim/build/tugas_opencv' returned '0': CMAKE_PREFIX_PATH=/opt/ros/humble /usr/bin/cmake --build /home/basten/ros2_ws/src/MagangBanyubramanta_Basten-Andika-Salim/build/tugas_opencv -- -j32 -l32
[4.355s] Invoking command in '/home/basten/ros2_ws/src/MagangBanyubramanta_Basten-Andika-Salim/build/tugas_opencv': CMAKE_PREFIX_PATH=/opt/ros/humble /usr/bin/cmake --install /home/basten/ros2_ws/src/MagangBanyubramanta_Basten-Andika-Salim/build/tugas_opencv
[4.362s] -- Install configuration: ""
[4.362s] -- Installing: /home/basten/ros2_ws/src/MagangBanyubramanta_Basten-Andika-Salim/install/tugas_opencv/share/ament_index/resource_index/rosidl_interfaces/tugas_opencv
[4.362s] -- Installing: /home/basten/ros2_ws/src/MagangBanyubramanta_Basten-Andika-Salim/install/tugas_opencv/include/tugas_opencv/tugas_opencv
[4.362s] -- Installing: /home/basten/ros2_ws/src/MagangBanyubramanta_Basten-Andika-Salim/install/tugas_opencv/include/tugas_opencv/tugas_opencv/msg
[4.362s] -- Installing: /home/basten/ros2_ws/src/MagangBanyubramanta_Basten-Andika-Salim/install/tugas_opencv/include/tugas_opencv/tugas_opencv/msg/rosidl_generator_c__visibility_control.h
[4.362s] -- Installing: /home/basten/ros2_ws/src/MagangBanyubramanta_Basten-Andika-Salim/install/tugas_opencv/include/tugas_opencv/tugas_opencv/msg/color.h
[4.362s] -- Installing: /home/basten/ros2_ws/src/MagangBanyubramanta_Basten-Andika-Salim/install/tugas_opencv/include/tugas_opencv/tugas_opencv/msg/detail
[4.362s] -- Installing: /home/basten/ros2_ws/src/MagangBanyubramanta_Basten-Andika-Salim/install/tugas_opencv/include/tugas_opencv/tugas_opencv/msg/detail/color__struct.h
[4.362s] -- Installing: /home/basten/ros2_ws/src/MagangBanyubramanta_Basten-Andika-Salim/install/tugas_opencv/include/tugas_opencv/tugas_opencv/msg/detail/color__functions.h
[4.362s] -- Installing: /home/basten/ros2_ws/src/MagangBanyubramanta_Basten-Andika-Salim/install/tugas_opencv/include/tugas_opencv/tugas_opencv/msg/detail/color__type_support.h
[4.362s] -- Installing: /home/basten/ros2_ws/src/MagangBanyubramanta_Basten-Andika-Salim/install/tugas_opencv/include/tugas_opencv/tugas_opencv/msg/detail/color__functions.c
[4.362s] -- Installing: /home/basten/ros2_ws/src/MagangBanyubramanta_Basten-Andika-Salim/install/tugas_opencv/share/tugas_opencv/environment/library_path.sh
[4.362s] -- Installing: /home/basten/ros2_ws/src/MagangBanyubramanta_Basten-Andika-Salim/install/tugas_opencv/share/tugas_opencv/environment/library_path.dsv
[4.362s] -- Installing: /home/basten/ros2_ws/src/MagangBanyubramanta_Basten-Andika-Salim/install/tugas_opencv/lib/libtugas_opencv__rosidl_generator_c.so
[4.362s] -- Set runtime path of "/home/basten/ros2_ws/src/MagangBanyubramanta_Basten-Andika-Salim/install/tugas_opencv/lib/libtugas_opencv__rosidl_generator_c.so" to ""
[4.363s] -- Up-to-date: /home/basten/ros2_ws/src/MagangBanyubramanta_Basten-Andika-Salim/install/tugas_opencv/include/tugas_opencv/tugas_opencv
[4.363s] -- Up-to-date: /home/basten/ros2_ws/src/MagangBanyubramanta_Basten-Andika-Salim/install/tugas_opencv/include/tugas_opencv/tugas_opencv/msg
[4.363s] -- Installing: /home/basten/ros2_ws/src/MagangBanyubramanta_Basten-Andika-Salim/install/tugas_opencv/include/tugas_opencv/tugas_opencv/msg/rosidl_typesupport_fastrtps_c__visibility_control.h
[4.363s] -- Up-to-date: /home/basten/ros2_ws/src/MagangBanyubramanta_Basten-Andika-Salim/install/tugas_opencv/include/tugas_opencv/tugas_opencv/msg/detail
[4.363s] -- Installing: /home/basten/ros2_ws/src/MagangBanyubramanta_Basten-Andika-Salim/install/tugas_opencv/include/tugas_opencv/tugas_opencv/msg/detail/color__rosidl_typesupport_fastrtps_c.h
[4.363s] -- Installing: /home/basten/ros2_ws/src/MagangBanyubramanta_Basten-Andika-Salim/install/tugas_opencv/lib/libtugas_opencv__rosidl_typesupport_fastrtps_c.so
[4.363s] -- Set runtime path of "/home/basten/ros2_ws/src/MagangBanyubramanta_Basten-Andika-Salim/install/tugas_opencv/lib/libtugas_opencv__rosidl_typesupport_fastrtps_c.so" to ""
[4.363s] -- Up-to-date: /home/basten/ros2_ws/src/MagangBanyubramanta_Basten-Andika-Salim/install/tugas_opencv/include/tugas_opencv/tugas_opencv
[4.363s] -- Up-to-date: /home/basten/ros2_ws/src/MagangBanyubramanta_Basten-Andika-Salim/install/tugas_opencv/include/tugas_opencv/tugas_opencv/msg
[4.363s] -- Installing: /home/basten/ros2_ws/src/MagangBanyubramanta_Basten-Andika-Salim/install/tugas_opencv/include/tugas_opencv/tugas_opencv/msg/color.hpp
[4.363s] -- Up-to-date: /home/basten/ros2_ws/src/MagangBanyubramanta_Basten-Andika-Salim/install/tugas_opencv/include/tugas_opencv/tugas_opencv/msg/detail
[4.363s] -- Installing: /home/basten/ros2_ws/src/MagangBanyubramanta_Basten-Andika-Salim/install/tugas_opencv/include/tugas_opencv/tugas_opencv/msg/detail/color__traits.hpp
[4.363s] -- Installing: /home/basten/ros2_ws/src/MagangBanyubramanta_Basten-Andika-Salim/install/tugas_opencv/include/tugas_opencv/tugas_opencv/msg/detail/color__struct.hpp
[4.364s] -- Installing: /home/basten/ros2_ws/src/MagangBanyubramanta_Basten-Andika-Salim/install/tugas_opencv/include/tugas_opencv/tugas_opencv/msg/detail/color__builder.hpp
[4.364s] -- Up-to-date: /home/basten/ros2_ws/src/MagangBanyubramanta_Basten-Andika-Salim/install/tugas_opencv/include/tugas_opencv/tugas_opencv
[4.364s] -- Up-to-date: /home/basten/ros2_ws/src/MagangBanyubramanta_Basten-Andika-Salim/install/tugas_opencv/include/tugas_opencv/tugas_opencv/msg
[4.364s] -- Installing: /home/basten/ros2_ws/src/MagangBanyubramanta_Basten-Andika-Salim/install/tugas_opencv/include/tugas_opencv/tugas_opencv/msg/rosidl_typesupport_fastrtps_cpp__visibility_control.h
[4.364s] -- Up-to-date: /home/basten/ros2_ws/src/MagangBanyubramanta_Basten-Andika-Salim/install/tugas_opencv/include/tugas_opencv/tugas_opencv/msg/detail
[4.364s] -- Installing: /home/basten/ros2_ws/src/MagangBanyubramanta_Basten-Andika-Salim/install/tugas_opencv/include/tugas_opencv/tugas_opencv/msg/detail/dds_fastrtps
[4.364s] -- Installing: /home/basten/ros2_ws/src/MagangBanyubramanta_Basten-Andika-Salim/install/tugas_opencv/include/tugas_opencv/tugas_opencv/msg/detail/color__rosidl_typesupport_fastrtps_cpp.hpp
[4.364s] -- Installing: /home/basten/ros2_ws/src/MagangBanyubramanta_Basten-Andika-Salim/install/tugas_opencv/lib/libtugas_opencv__rosidl_typesupport_fastrtps_cpp.so
[4.364s] -- Set runtime path of "/home/basten/ros2_ws/src/MagangBanyubramanta_Basten-Andika-Salim/install/tugas_opencv/lib/libtugas_opencv__rosidl_typesupport_fastrtps_cpp.so" to ""
[4.364s] -- Up-to-date: /home/basten/ros2_ws/src/MagangBanyubramanta_Basten-Andika-Salim/install/tugas_opencv/include/tugas_opencv/tugas_opencv
[4.364s] -- Up-to-date: /home/basten/ros2_ws/src/MagangBanyubramanta_Basten-Andika-Salim/install/tugas_opencv/include/tugas_opencv/tugas_opencv/msg
[4.364s] -- Installing: /home/basten/ros2_ws/src/MagangBanyubramanta_Basten-Andika-Salim/install/tugas_opencv/include/tugas_opencv/tugas_opencv/msg/rosidl_typesupport_introspection_c__visibility_control.h
[4.364s] -- Up-to-date: /home/basten/ros2_ws/src/MagangBanyubramanta_Basten-Andika-Salim/install/tugas_opencv/include/tugas_opencv/tugas_opencv/msg/detail
[4.364s] -- Installing: /home/basten/ros2_ws/src/MagangBanyubramanta_Basten-Andika-Salim/install/tugas_opencv/include/tugas_opencv/tugas_opencv/msg/detail/color__rosidl_typesupport_introspection_c.h
[4.364s] -- Installing: /home/basten/ros2_ws/src/MagangBanyubramanta_Basten-Andika-Salim/install/tugas_opencv/include/tugas_opencv/tugas_opencv/msg/detail/color__type_support.c
[4.364s] -- Installing: /home/basten/ros2_ws/src/MagangBanyubramanta_Basten-Andika-Salim/install/tugas_opencv/lib/libtugas_opencv__rosidl_typesupport_introspection_c.so
[4.364s] -- Set runtime path of "/home/basten/ros2_ws/src/MagangBanyubramanta_Basten-Andika-Salim/install/tugas_opencv/lib/libtugas_opencv__rosidl_typesupport_introspection_c.so" to ""
[4.365s] -- Installing: /home/basten/ros2_ws/src/MagangBanyubramanta_Basten-Andika-Salim/install/tugas_opencv/lib/libtugas_opencv__rosidl_typesupport_c.so
[4.365s] -- Set runtime path of "/home/basten/ros2_ws/src/MagangBanyubramanta_Basten-Andika-Salim/install/tugas_opencv/lib/libtugas_opencv__rosidl_typesupport_c.so" to ""
[4.365s] -- Up-to-date: /home/basten/ros2_ws/src/MagangBanyubramanta_Basten-Andika-Salim/install/tugas_opencv/include/tugas_opencv/tugas_opencv
[4.365s] -- Up-to-date: /home/basten/ros2_ws/src/MagangBanyubramanta_Basten-Andika-Salim/install/tugas_opencv/include/tugas_opencv/tugas_opencv/msg
[4.365s] -- Up-to-date: /home/basten/ros2_ws/src/MagangBanyubramanta_Basten-Andika-Salim/install/tugas_opencv/include/tugas_opencv/tugas_opencv/msg/detail
[4.365s] -- Installing: /home/basten/ros2_ws/src/MagangBanyubramanta_Basten-Andika-Salim/install/tugas_opencv/include/tugas_opencv/tugas_opencv/msg/detail/color__type_support.cpp
[4.365s] -- Installing: /home/basten/ros2_ws/src/MagangBanyubramanta_Basten-Andika-Salim/install/tugas_opencv/include/tugas_opencv/tugas_opencv/msg/detail/color__rosidl_typesupport_introspection_cpp.hpp
[4.365s] -- Installing: /home/basten/ros2_ws/src/MagangBanyubramanta_Basten-Andika-Salim/install/tugas_opencv/lib/libtugas_opencv__rosidl_typesupport_introspection_cpp.so
[4.365s] -- Set runtime path of "/home/basten/ros2_ws/src/MagangBanyubramanta_Basten-Andika-Salim/install/tugas_opencv/lib/libtugas_opencv__rosidl_typesupport_introspection_cpp.so" to ""
[4.365s] -- Installing: /home/basten/ros2_ws/src/MagangBanyubramanta_Basten-Andika-Salim/install/tugas_opencv/lib/libtugas_opencv__rosidl_typesupport_cpp.so
[4.365s] -- Set runtime path of "/home/basten/ros2_ws/src/MagangBanyubramanta_Basten-Andika-Salim/install/tugas_opencv/lib/libtugas_opencv__rosidl_typesupport_cpp.so" to ""
[4.365s] -- Installing: /home/basten/ros2_ws/src/MagangBanyubramanta_Basten-Andika-Salim/install/tugas_opencv/share/tugas_opencv/environment/pythonpath.sh
[4.365s] -- Installing: /home/basten/ros2_ws/src/MagangBanyubramanta_Basten-Andika-Salim/install/tugas_opencv/share/tugas_opencv/environment/pythonpath.dsv
[4.365s] -- Installing: /home/basten/ros2_ws/src/MagangBanyubramanta_Basten-Andika-Salim/install/tugas_opencv/local/lib/python3.10/dist-packages/tugas_opencv-0.0.0-py3.10.egg-info
[4.365s] -- Installing: /home/basten/ros2_ws/src/MagangBanyubramanta_Basten-Andika-Salim/install/tugas_opencv/local/lib/python3.10/dist-packages/tugas_opencv-0.0.0-py3.10.egg-info/top_level.txt
[4.365s] -- Installing: /home/basten/ros2_ws/src/MagangBanyubramanta_Basten-Andika-Salim/install/tugas_opencv/local/lib/python3.10/dist-packages/tugas_opencv-0.0.0-py3.10.egg-info/PKG-INFO
[4.365s] -- Installing: /home/basten/ros2_ws/src/MagangBanyubramanta_Basten-Andika-Salim/install/tugas_opencv/local/lib/python3.10/dist-packages/tugas_opencv-0.0.0-py3.10.egg-info/dependency_links.txt
[4.365s] -- Installing: /home/basten/ros2_ws/src/MagangBanyubramanta_Basten-Andika-Salim/install/tugas_opencv/local/lib/python3.10/dist-packages/tugas_opencv-0.0.0-py3.10.egg-info/SOURCES.txt
[4.365s] -- Installing: /home/basten/ros2_ws/src/MagangBanyubramanta_Basten-Andika-Salim/install/tugas_opencv/local/lib/python3.10/dist-packages/tugas_opencv
[4.365s] -- Installing: /home/basten/ros2_ws/src/MagangBanyubramanta_Basten-Andika-Salim/install/tugas_opencv/local/lib/python3.10/dist-packages/tugas_opencv/_tugas_opencv_s.ep.rosidl_typesupport_introspection_c.c
[4.365s] -- Installing: /home/basten/ros2_ws/src/MagangBanyubramanta_Basten-Andika-Salim/install/tugas_opencv/local/lib/python3.10/dist-packages/tugas_opencv/_tugas_opencv_s.ep.rosidl_typesupport_fastrtps_c.c
[4.366s] -- Installing: /home/basten/ros2_ws/src/MagangBanyubramanta_Basten-Andika-Salim/install/tugas_opencv/local/lib/python3.10/dist-packages/tugas_opencv/tugas_opencv_s__rosidl_typesupport_introspection_c.cpython-310-x86_64-linux-gnu.so
[4.366s] -- Installing: /home/basten/ros2_ws/src/MagangBanyubramanta_Basten-Andika-Salim/install/tugas_opencv/local/lib/python3.10/dist-packages/tugas_opencv/libtugas_opencv__rosidl_generator_py.so
[4.366s] -- Installing: /home/basten/ros2_ws/src/MagangBanyubramanta_Basten-Andika-Salim/install/tugas_opencv/local/lib/python3.10/dist-packages/tugas_opencv/tugas_opencv_s__rosidl_typesupport_c.cpython-310-x86_64-linux-gnu.so
[4.366s] -- Installing: /home/basten/ros2_ws/src/MagangBanyubramanta_Basten-Andika-Salim/install/tugas_opencv/local/lib/python3.10/dist-packages/tugas_opencv/tugas_opencv_s__rosidl_typesupport_fastrtps_c.cpython-310-x86_64-linux-gnu.so
[4.366s] -- Installing: /home/basten/ros2_ws/src/MagangBanyubramanta_Basten-Andika-Salim/install/tugas_opencv/local/lib/python3.10/dist-packages/tugas_opencv/_tugas_opencv_s.ep.rosidl_typesupport_c.c
[4.366s] -- Installing: /home/basten/ros2_ws/src/MagangBanyubramanta_Basten-Andika-Salim/install/tugas_opencv/local/lib/python3.10/dist-packages/tugas_opencv/__init__.py
[4.366s] -- Installing: /home/basten/ros2_ws/src/MagangBanyubramanta_Basten-Andika-Salim/install/tugas_opencv/local/lib/python3.10/dist-packages/tugas_opencv/msg
[4.366s] -- Installing: /home/basten/ros2_ws/src/MagangBanyubramanta_Basten-Andika-Salim/install/tugas_opencv/local/lib/python3.10/dist-packages/tugas_opencv/msg/_color.py
[4.366s] -- Installing: /home/basten/ros2_ws/src/MagangBanyubramanta_Basten-Andika-Salim/install/tugas_opencv/local/lib/python3.10/dist-packages/tugas_opencv/msg/_color_s.c
[4.366s] -- Installing: /home/basten/ros2_ws/src/MagangBanyubramanta_Basten-Andika-Salim/install/tugas_opencv/local/lib/python3.10/dist-packages/tugas_opencv/msg/__init__.py
[4.390s] Listing '/home/basten/ros2_ws/src/MagangBanyubramanta_Basten-Andika-Salim/install/tugas_opencv/local/lib/python3.10/dist-packages/tugas_opencv'...
[4.390s] Compiling '/home/basten/ros2_ws/src/MagangBanyubramanta_Basten-Andika-Salim/install/tugas_opencv/local/lib/python3.10/dist-packages/tugas_opencv/__init__.py'...
[4.390s] Listing '/home/basten/ros2_ws/src/MagangBanyubramanta_Basten-Andika-Salim/install/tugas_opencv/local/lib/python3.10/dist-packages/tugas_opencv/msg'...
[4.390s] Compiling '/home/basten/ros2_ws/src/MagangBanyubramanta_Basten-Andika-Salim/install/tugas_opencv/local/lib/python3.10/dist-packages/tugas_opencv/msg/__init__.py'...
[4.390s] Compiling '/home/basten/ros2_ws/src/MagangBanyubramanta_Basten-Andika-Salim/install/tugas_opencv/local/lib/python3.10/dist-packages/tugas_opencv/msg/_color.py'...
[4.392s] -- Installing: /home/basten/ros2_ws/src/MagangBanyubramanta_Basten-Andika-Salim/install/tugas_opencv/local/lib/python3.10/dist-packages/tugas_opencv/tugas_opencv_s__rosidl_typesupport_fastrtps_c.cpython-310-x86_64-linux-gnu.so
[4.392s] -- Set runtime path of "/home/basten/ros2_ws/src/MagangBanyubramanta_Basten-Andika-Salim/install/tugas_opencv/local/lib/python3.10/dist-packages/tugas_opencv/tugas_opencv_s__rosidl_typesupport_fastrtps_c.cpython-310-x86_64-linux-gnu.so" to ""
[4.392s] -- Installing: /home/basten/ros2_ws/src/MagangBanyubramanta_Basten-Andika-Salim/install/tugas_opencv/local/lib/python3.10/dist-packages/tugas_opencv/tugas_opencv_s__rosidl_typesupport_introspection_c.cpython-310-x86_64-linux-gnu.so
[4.392s] -- Set runtime path of "/home/basten/ros2_ws/src/MagangBanyubramanta_Basten-Andika-Salim/install/tugas_opencv/local/lib/python3.10/dist-packages/tugas_opencv/tugas_opencv_s__rosidl_typesupport_introspection_c.cpython-310-x86_64-linux-gnu.so" to ""
[4.393s] -- Installing: /home/basten/ros2_ws/src/MagangBanyubramanta_Basten-Andika-Salim/install/tugas_opencv/local/lib/python3.10/dist-packages/tugas_opencv/tugas_opencv_s__rosidl_typesupport_c.cpython-310-x86_64-linux-gnu.so
[4.393s] -- Set runtime path of "/home/basten/ros2_ws/src/MagangBanyubramanta_Basten-Andika-Salim/install/tugas_opencv/local/lib/python3.10/dist-packages/tugas_opencv/tugas_opencv_s__rosidl_typesupport_c.cpython-310-x86_64-linux-gnu.so" to ""
[4.393s] -- Installing: /home/basten/ros2_ws/src/MagangBanyubramanta_Basten-Andika-Salim/install/tugas_opencv/lib/libtugas_opencv__rosidl_generator_py.so
[4.393s] -- Set runtime path of "/home/basten/ros2_ws/src/MagangBanyubramanta_Basten-Andika-Salim/install/tugas_opencv/lib/libtugas_opencv__rosidl_generator_py.so" to ""
[4.393s] -- Installing: /home/basten/ros2_ws/src/MagangBanyubramanta_Basten-Andika-Salim/install/tugas_opencv/share/tugas_opencv/msg/Color.idl
[4.393s] -- Installing: /home/basten/ros2_ws/src/MagangBanyubramanta_Basten-Andika-Salim/install/tugas_opencv/share/tugas_opencv/msg/Color.msg
[4.393s] -- Installing: /home/basten/ros2_ws/src/MagangBanyubramanta_Basten-Andika-Salim/install/tugas_opencv/lib/tugas_opencv/colorcheck
[4.393s] -- Set runtime path of "/home/basten/ros2_ws/src/MagangBanyubramanta_Basten-Andika-Salim/install/tugas_opencv/lib/tugas_opencv/colorcheck" to ""
[4.393s] -- Installing: /home/basten/ros2_ws/src/MagangBanyubramanta_Basten-Andika-Salim/install/tugas_opencv/share/ament_index/resource_index/package_run_dependencies/tugas_opencv
[4.393s] -- Installing: /home/basten/ros2_ws/src/MagangBanyubramanta_Basten-Andika-Salim/install/tugas_opencv/share/ament_index/resource_index/parent_prefix_path/tugas_opencv
[4.393s] -- Installing: /home/basten/ros2_ws/src/MagangBanyubramanta_Basten-Andika-Salim/install/tugas_opencv/share/tugas_opencv/environment/ament_prefix_path.sh
[4.393s] -- Installing: /home/basten/ros2_ws/src/MagangBanyubramanta_Basten-Andika-Salim/install/tugas_opencv/share/tugas_opencv/environment/ament_prefix_path.dsv
[4.393s] -- Installing: /home/basten/ros2_ws/src/MagangBanyubramanta_Basten-Andika-Salim/install/tugas_opencv/share/tugas_opencv/environment/path.sh
[4.393s] -- Installing: /home/basten/ros2_ws/src/MagangBanyubramanta_Basten-Andika-Salim/install/tugas_opencv/share/tugas_opencv/environment/path.dsv
[4.394s] -- Installing: /home/basten/ros2_ws/src/MagangBanyubramanta_Basten-Andika-Salim/install/tugas_opencv/share/tugas_opencv/local_setup.bash
[4.394s] -- Installing: /home/basten/ros2_ws/src/MagangBanyubramanta_Basten-Andika-Salim/install/tugas_opencv/share/tugas_opencv/local_setup.sh
[4.394s] -- Installing: /home/basten/ros2_ws/src/MagangBanyubramanta_Basten-Andika-Salim/install/tugas_opencv/share/tugas_opencv/local_setup.zsh
[4.394s] -- Installing: /home/basten/ros2_ws/src/MagangBanyubramanta_Basten-Andika-Salim/install/tugas_opencv/share/tugas_opencv/local_setup.dsv
[4.394s] -- Installing: /home/basten/ros2_ws/src/MagangBanyubramanta_Basten-Andika-Salim/install/tugas_opencv/share/tugas_opencv/package.dsv
[4.394s] -- Installing: /home/basten/ros2_ws/src/MagangBanyubramanta_Basten-Andika-Salim/install/tugas_opencv/share/ament_index/resource_index/packages/tugas_opencv
[4.394s] -- Installing: /home/basten/ros2_ws/src/MagangBanyubramanta_Basten-Andika-Salim/install/tugas_opencv/share/tugas_opencv/cmake/export_tugas_opencv__rosidl_generator_cExport.cmake
[4.394s] -- Installing: /home/basten/ros2_ws/src/MagangBanyubramanta_Basten-Andika-Salim/install/tugas_opencv/share/tugas_opencv/cmake/export_tugas_opencv__rosidl_generator_cExport-noconfig.cmake
[4.394s] -- Installing: /home/basten/ros2_ws/src/MagangBanyubramanta_Basten-Andika-Salim/install/tugas_opencv/share/tugas_opencv/cmake/export_tugas_opencv__rosidl_typesupport_fastrtps_cExport.cmake
[4.394s] -- Installing: /home/basten/ros2_ws/src/MagangBanyubramanta_Basten-Andika-Salim/install/tugas_opencv/share/tugas_opencv/cmake/export_tugas_opencv__rosidl_typesupport_fastrtps_cExport-noconfig.cmake
[4.394s] -- Installing: /home/basten/ros2_ws/src/MagangBanyubramanta_Basten-Andika-Salim/install/tugas_opencv/share/tugas_opencv/cmake/export_tugas_opencv__rosidl_generator_cppExport.cmake
[4.394s] -- Installing: /home/basten/ros2_ws/src/MagangBanyubramanta_Basten-Andika-Salim/install/tugas_opencv/share/tugas_opencv/cmake/export_tugas_opencv__rosidl_typesupport_fastrtps_cppExport.cmake
[4.394s] -- Installing: /home/basten/ros2_ws/src/MagangBanyubramanta_Basten-Andika-Salim/install/tugas_opencv/share/tugas_opencv/cmake/export_tugas_opencv__rosidl_typesupport_fastrtps_cppExport-noconfig.cmake
[4.394s] -- Installing: /home/basten/ros2_ws/src/MagangBanyubramanta_Basten-Andika-Salim/install/tugas_opencv/share/tugas_opencv/cmake/tugas_opencv__rosidl_typesupport_introspection_cExport.cmake
[4.394s] -- Installing: /home/basten/ros2_ws/src/MagangBanyubramanta_Basten-Andika-Salim/install/tugas_opencv/share/tugas_opencv/cmake/tugas_opencv__rosidl_typesupport_introspection_cExport-noconfig.cmake
[4.394s] -- Installing: /home/basten/ros2_ws/src/MagangBanyubramanta_Basten-Andika-Salim/install/tugas_opencv/share/tugas_opencv/cmake/tugas_opencv__rosidl_typesupport_cExport.cmake
[4.394s] -- Installing: /home/basten/ros2_ws/src/MagangBanyubramanta_Basten-Andika-Salim/install/tugas_opencv/share/tugas_opencv/cmake/tugas_opencv__rosidl_typesupport_cExport-noconfig.cmake
[4.394s] -- Installing: /home/basten/ros2_ws/src/MagangBanyubramanta_Basten-Andika-Salim/install/tugas_opencv/share/tugas_opencv/cmake/tugas_opencv__rosidl_typesupport_introspection_cppExport.cmake
[4.394s] -- Installing: /home/basten/ros2_ws/src/MagangBanyubramanta_Basten-Andika-Salim/install/tugas_opencv/share/tugas_opencv/cmake/tugas_opencv__rosidl_typesupport_introspection_cppExport-noconfig.cmake
[4.395s] -- Installing: /home/basten/ros2_ws/src/MagangBanyubramanta_Basten-Andika-Salim/install/tugas_opencv/share/tugas_opencv/cmake/tugas_opencv__rosidl_typesupport_cppExport.cmake
[4.395s] -- Installing: /home/basten/ros2_ws/src/MagangBanyubramanta_Basten-Andika-Salim/install/tugas_opencv/share/tugas_opencv/cmake/tugas_opencv__rosidl_typesupport_cppExport-noconfig.cmake
[4.395s] -- Installing: /home/basten/ros2_ws/src/MagangBanyubramanta_Basten-Andika-Salim/install/tugas_opencv/share/tugas_opencv/cmake/export_tugas_opencv__rosidl_generator_pyExport.cmake
[4.395s] -- Installing: /home/basten/ros2_ws/src/MagangBanyubramanta_Basten-Andika-Salim/install/tugas_opencv/share/tugas_opencv/cmake/export_tugas_opencv__rosidl_generator_pyExport-noconfig.cmake
[4.395s] -- Installing: /home/basten/ros2_ws/src/MagangBanyubramanta_Basten-Andika-Salim/install/tugas_opencv/share/tugas_opencv/cmake/rosidl_cmake-extras.cmake
[4.395s] -- Installing: /home/basten/ros2_ws/src/MagangBanyubramanta_Basten-Andika-Salim/install/tugas_opencv/share/tugas_opencv/cmake/ament_cmake_export_include_directories-extras.cmake
[4.395s] -- Installing: /home/basten/ros2_ws/src/MagangBanyubramanta_Basten-Andika-Salim/install/tugas_opencv/share/tugas_opencv/cmake/ament_cmake_export_libraries-extras.cmake
[4.395s] -- Installing: /home/basten/ros2_ws/src/MagangBanyubramanta_Basten-Andika-Salim/install/tugas_opencv/share/tugas_opencv/cmake/ament_cmake_export_targets-extras.cmake
[4.395s] -- Installing: /home/basten/ros2_ws/src/MagangBanyubramanta_Basten-Andika-Salim/install/tugas_opencv/share/tugas_opencv/cmake/rosidl_cmake_export_typesupport_targets-extras.cmake
[4.395s] -- Installing: /home/basten/ros2_ws/src/MagangBanyubramanta_Basten-Andika-Salim/install/tugas_opencv/share/tugas_opencv/cmake/ament_cmake_export_dependencies-extras.cmake
[4.395s] -- Installing: /home/basten/ros2_ws/src/MagangBanyubramanta_Basten-Andika-Salim/install/tugas_opencv/share/tugas_opencv/cmake/rosidl_cmake_export_typesupport_libraries-extras.cmake
[4.395s] -- Installing: /home/basten/ros2_ws/src/MagangBanyubramanta_Basten-Andika-Salim/install/tugas_opencv/share/tugas_opencv/cmake/tugas_opencvConfig.cmake
[4.395s] -- Installing: /home/basten/ros2_ws/src/MagangBanyubramanta_Basten-Andika-Salim/install/tugas_opencv/share/tugas_opencv/cmake/tugas_opencvConfig-version.cmake
[4.395s] -- Installing: /home/basten/ros2_ws/src/MagangBanyubramanta_Basten-Andika-Salim/install/tugas_opencv/share/tugas_opencv/package.xml
[4.396s] Invoked command in '/home/basten/ros2_ws/src/MagangBanyubramanta_Basten-Andika-Salim/build/tugas_opencv' returned '0': CMAKE_PREFIX_PATH=/opt/ros/humble /usr/bin/cmake --install /home/basten/ros2_ws/src/MagangBanyubramanta_Basten-Andika-Salim/build/tugas_opencv
