[35m[1mConsolidate compiler generated dependencies of target tugas_joy__rosidl_generator_c[0m
[  3%] Built target tugas_joy__cpp
[ 12%] Built target tugas_joy__rosidl_generator_c
[ 12%] Built target ament_cmake_python_copy_tugas_joy
[35m[1mConsolidate compiler generated dependencies of target tugas_joy__rosidl_typesupport_cpp[0m
[35m[1mConsolidate compiler generated dependencies of target tugas_joy__rosidl_typesupport_fastrtps_cpp[0m
[35m[1mConsolidate compiler generated dependencies of target tugas_joy__rosidl_typesupport_introspection_cpp[0m
[35m[1mConsolidate compiler generated dependencies of target tugas_joy__rosidl_typesupport_fastrtps_c[0m
[35m[1mConsolidate compiler generated dependencies of target tugas_joy__rosidl_typesupport_introspection_c[0m
[35m[1mConsolidate compiler generated dependencies of target tugas_joy__rosidl_typesupport_c[0m
[ 21%] Built target tugas_joy__rosidl_typesupport_cpp
[ 30%] Built target tugas_joy__rosidl_typesupport_introspection_c
[ 42%] Built target tugas_joy__rosidl_typesupport_fastrtps_cpp
[ 48%] Built target tugas_joy__rosidl_typesupport_c
[ 57%] Built target tugas_joy__rosidl_typesupport_introspection_cpp
[ 66%] Built target tugas_joy__rosidl_typesupport_fastrtps_c
[35m[1mConsolidate compiler generated dependencies of target publisher[0m
[ 66%] Built target tugas_joy
[ 69%] [32mBuilding CXX object CMakeFiles/publisher.dir/src/publisher.cpp.o[0m
[ 72%] Built target tugas_joy__py
[35m[1mConsolidate compiler generated dependencies of target tugas_joy__rosidl_generator_py[0m
[ 78%] Built target tugas_joy__rosidl_generator_py
[35m[1mConsolidate compiler generated dependencies of target tugas_joy__rosidl_typesupport_introspection_c__pyext[0m
[35m[1mConsolidate compiler generated dependencies of target tugas_joy__rosidl_typesupport_c__pyext[0m
[35m[1mConsolidate compiler generated dependencies of target tugas_joy__rosidl_typesupport_fastrtps_c__pyext[0m
[ 84%] Built target tugas_joy__rosidl_typesupport_introspection_c__pyext
[ 90%] Built target tugas_joy__rosidl_typesupport_c__pyext
[ 96%] Built target tugas_joy__rosidl_typesupport_fastrtps_c__pyext
running egg_info
writing tugas_joy.egg-info/PKG-INFO
writing dependency_links to tugas_joy.egg-info/dependency_links.txt
writing top-level names to tugas_joy.egg-info/top_level.txt
reading manifest file 'tugas_joy.egg-info/SOURCES.txt'
writing manifest file 'tugas_joy.egg-info/SOURCES.txt'
[ 96%] Built target ament_cmake_python_build_tugas_joy_egg
