[0.021s] Invoking command in '/home/basten/ros2_ws/src/MagangBanyubramanta_Basten-Andika-Salim/src/build/tugas_yolo': CMAKE_PREFIX_PATH=/opt/ros/humble /usr/bin/cmake --build /home/basten/ros2_ws/src/MagangBanyubramanta_Basten-Andika-Salim/src/build/tugas_yolo -- -j32 -l32
[0.032s] -- Found ament_cmake: 1.3.8 (/opt/ros/humble/share/ament_cmake/cmake)
[0.104s] -- Found rclcpp: 16.0.8 (/opt/ros/humble/share/rclcpp/cmake)
[0.117s] -- Found rosidl_generator_c: 3.1.5 (/opt/ros/humble/share/rosidl_generator_c/cmake)
[0.118s] -- Found rosidl_adapter: 3.1.5 (/opt/ros/humble/share/rosidl_adapter/cmake)
[0.121s] -- Found rosidl_generator_cpp: 3.1.5 (/opt/ros/humble/share/rosidl_generator_cpp/cmake)
[0.126s] -- Using all available rosidl_typesupport_c: rosidl_typesupport_fastrtps_c;rosidl_typesupport_introspection_c
[0.133s] -- Using all available rosidl_typesupport_cpp: rosidl_typesupport_fastrtps_cpp;rosidl_typesupport_introspection_cpp
[0.159s] -- Found rmw_implementation_cmake: 6.1.1 (/opt/ros/humble/share/rmw_implementation_cmake/cmake)
[0.159s] -- Found rmw_fastrtps_cpp: 6.2.6 (/opt/ros/humble/share/rmw_fastrtps_cpp/cmake)
[0.213s] -- Using RMW implementation 'rmw_fastrtps_cpp' as default
[0.285s] -- Found sensor_msgs: 4.2.3 (/opt/ros/humble/share/sensor_msgs/cmake)
[0.344s] -- Found cv_bridge: 3.2.1 (/opt/ros/humble/share/cv_bridge/cmake)
[0.349s] -- Found ament_lint_auto: 0.12.10 (/opt/ros/humble/share/ament_lint_auto/cmake)
[0.381s] -- Added test 'cppcheck' to perform static code analysis on C / C++ code
[0.382s] -- Configured cppcheck include dirs: 
[0.382s] -- Configured cppcheck exclude dirs and/or files: 
[0.382s] -- Added test 'lint_cmake' to check CMake code style
[0.382s] -- Added test 'uncrustify' to check C / C++ code style
[0.382s] -- Configured uncrustify additional arguments: 
[0.382s] -- Added test 'xmllint' to check XML markup files
[0.382s] -- Configuring done
[0.387s] -- Generating done
[0.388s] -- Build files have been written to: /home/basten/ros2_ws/src/MagangBanyubramanta_Basten-Andika-Salim/src/build/tugas_yolo
[0.401s] [35m[1mConsolidate compiler generated dependencies of target initCv[0m
[0.419s] [ 50%] [32m[1mLinking CXX executable initCv[0m
[0.496s] /usr/bin/ld: warning: libopencv_imgproc.so.4.5d, needed by /opt/ros/humble/lib/libcv_bridge.so, may conflict with libopencv_imgproc.so.409
[0.496s] /usr/bin/ld: warning: libopencv_core.so.4.5d, needed by /opt/ros/humble/lib/libcv_bridge.so, may conflict with libopencv_core.so.409
[0.633s] /usr/bin/ld: CMakeFiles/initCv.dir/src/initCv.cpp.o:(.data.rel.ro+0x0): undefined reference to `ov::node_validation_failure_loc_string[abi:cxx11](ov::Node const*)'
[0.633s] /usr/bin/ld: CMakeFiles/initCv.dir/src/initCv.cpp.o:(.data.rel.ro+0x8): undefined reference to `ov::as_output_vector(std::vector<std::shared_ptr<ov::Node>, std::allocator<std::shared_ptr<ov::Node> > > const&)'
[0.633s] /usr/bin/ld: CMakeFiles/initCv.dir/src/initCv.cpp.o:(.data.rel.ro+0x10): undefined reference to `ov::as_node_vector(std::vector<ov::Output<ov::Node>, std::allocator<ov::Output<ov::Node> > > const&)'
[0.633s] /usr/bin/ld: CMakeFiles/initCv.dir/src/initCv.cpp.o:(.data.rel.ro+0x18): undefined reference to `ov::as_result_vector(std::vector<ov::Output<ov::Node>, std::allocator<ov::Output<ov::Node> > > const&)'
[0.650s] collect2: error: ld returned 1 exit status
[0.651s] gmake[2]: *** [CMakeFiles/initCv.dir/build.make:191: initCv] Error 1
[0.651s] gmake[1]: *** [CMakeFiles/Makefile2:137: CMakeFiles/initCv.dir/all] Error 2
[0.652s] gmake: *** [Makefile:146: all] Error 2
[0.653s] Invoked command in '/home/basten/ros2_ws/src/MagangBanyubramanta_Basten-Andika-Salim/src/build/tugas_yolo' returned '2': CMAKE_PREFIX_PATH=/opt/ros/humble /usr/bin/cmake --build /home/basten/ros2_ws/src/MagangBanyubramanta_Basten-Andika-Salim/src/build/tugas_yolo -- -j32 -l32
