[0.025s] Invoking command in '/home/basten/ros2_ws/src/MagangBanyubramanta_Basten-Andika-Salim/Ros2/build/xbox': CMAKE_PREFIX_PATH=/opt/ros/humble /usr/bin/cmake /home/basten/ros2_ws/src/MagangBanyubramanta_Basten-Andika-Salim/Ros2/src/tugas_joy/xbox -DCMAKE_INSTALL_PREFIX=/home/basten/ros2_ws/src/MagangBanyubramanta_Basten-Andika-Salim/Ros2/install/xbox
[0.081s] -- The C compiler identification is GNU 11.4.0
[0.125s] -- The CXX compiler identification is GNU 11.4.0
[0.130s] -- Detecting C compiler ABI info
[0.166s] -- Detecting C compiler ABI info - done
[0.171s] -- Check for working C compiler: /usr/bin/cc - skipped
[0.171s] -- Detecting C compile features
[0.172s] -- Detecting C compile features - done
[0.174s] -- Detecting CXX compiler ABI info
[0.223s] -- Detecting CXX compiler ABI info - done
[0.228s] -- Check for working CXX compiler: /usr/bin/c++ - skipped
[0.229s] -- Detecting CXX compile features
[0.229s] -- Detecting CXX compile features - done
[0.230s] -- Found ament_cmake: 1.3.8 (/opt/ros/humble/share/ament_cmake/cmake)
[0.462s] -- Found Python3: /usr/bin/python3 (found version "3.10.12") found components: Interpreter 
[0.514s] -- Found sensor_msgs: 4.2.3 (/opt/ros/humble/share/sensor_msgs/cmake)
[0.532s] -- Found rosidl_generator_c: 3.1.5 (/opt/ros/humble/share/rosidl_generator_c/cmake)
[0.534s] -- Found rosidl_adapter: 3.1.5 (/opt/ros/humble/share/rosidl_adapter/cmake)
[0.538s] -- Found rosidl_generator_cpp: 3.1.5 (/opt/ros/humble/share/rosidl_generator_cpp/cmake)
[0.545s] -- Using all available rosidl_typesupport_c: rosidl_typesupport_fastrtps_c;rosidl_typesupport_introspection_c
[0.555s] -- Using all available rosidl_typesupport_cpp: rosidl_typesupport_fastrtps_cpp;rosidl_typesupport_introspection_cpp
[0.686s] -- Found rclcpp: 16.0.8 (/opt/ros/humble/share/rclcpp/cmake)
[0.719s] -- Found rmw_implementation_cmake: 6.1.1 (/opt/ros/humble/share/rmw_implementation_cmake/cmake)
[0.720s] -- Found rmw_fastrtps_cpp: 6.2.6 (/opt/ros/humble/share/rmw_fastrtps_cpp/cmake)
[0.777s] -- Found OpenSSL: /usr/lib/x86_64-linux-gnu/libcrypto.so (found version "3.0.2")  
[0.796s] -- Found FastRTPS: /opt/ros/humble/include  
[0.829s] -- Using RMW implementation 'rmw_fastrtps_cpp' as default
[0.835s] -- Looking for pthread.h
[0.880s] -- Looking for pthread.h - found
[0.880s] -- Performing Test CMAKE_HAVE_LIBC_PTHREAD
[0.921s] -- Performing Test CMAKE_HAVE_LIBC_PTHREAD - Success
[0.921s] -- Found Threads: TRUE  
[1.000s] -- Found rosidl_default_generators: 1.2.0 (/opt/ros/humble/share/rosidl_default_generators/cmake)
[1.155s] -- Found ament_cmake_ros: 0.10.0 (/opt/ros/humble/share/ament_cmake_ros/cmake)
[1.331s] -- Using all available rosidl_typesupport_c: rosidl_typesupport_fastrtps_c;rosidl_typesupport_introspection_c
[1.401s] -- Using all available rosidl_typesupport_cpp: rosidl_typesupport_fastrtps_cpp;rosidl_typesupport_introspection_cpp
[1.414s] -- Found PythonInterp: /usr/bin/python3 (found suitable version "3.10.12", minimum required is "3.6") 
[1.415s] -- Found python_cmake_module: 0.10.0 (/opt/ros/humble/share/python_cmake_module/cmake)
[1.432s] -- Found PythonLibs: /usr/lib/x86_64-linux-gnu/libpython3.10.so (found suitable version "3.10.12", minimum required is "3.5") 
[1.432s] -- Using PYTHON_EXECUTABLE: /usr/bin/python3
[1.432s] -- Using PYTHON_INCLUDE_DIRS: /usr/include/python3.10
[1.432s] -- Using PYTHON_LIBRARIES: /usr/lib/x86_64-linux-gnu/libpython3.10.so
[1.446s] -- Found PythonExtra: .so  
[1.468s] -- Found ament_lint_auto: 0.12.10 (/opt/ros/humble/share/ament_lint_auto/cmake)
[1.504s] -- Added test 'cppcheck' to perform static code analysis on C / C++ code
[1.504s] -- Configured cppcheck include dirs: 
[1.504s] -- Configured cppcheck exclude dirs and/or files: 
[1.506s] -- Added test 'flake8' to check Python code syntax and style conventions
[1.510s] -- Added test 'lint_cmake' to check CMake code style
[1.512s] -- Added test 'pep257' to check Python code against some of the docstring style conventions in PEP 257
[1.527s] -- Added test 'uncrustify' to check C / C++ code style
[1.527s] -- Configured uncrustify additional arguments: 
[1.529s] -- Added test 'xmllint' to check XML markup files
[1.530s] -- Configuring done
[1.547s] -- Generating done
[1.549s] -- Build files have been written to: /home/basten/ros2_ws/src/MagangBanyubramanta_Basten-Andika-Salim/Ros2/build/xbox
