-- Found ament_cmake: 1.3.7 (/opt/ros/humble/share/ament_cmake/cmake)
-- Found rclcpp: 16.0.8 (/opt/ros/humble/share/rclcpp/cmake)
-- Found rosidl_generator_c: 3.1.5 (/opt/ros/humble/share/rosidl_generator_c/cmake)
-- Found rosidl_adapter: 3.1.5 (/opt/ros/humble/share/rosidl_adapter/cmake)
-- Found rosidl_generator_cpp: 3.1.5 (/opt/ros/humble/share/rosidl_generator_cpp/cmake)
-- Using all available rosidl_typesupport_c: rosidl_typesupport_fastrtps_c;rosidl_typesupport_introspection_c
-- Using all available rosidl_typesupport_cpp: rosidl_typesupport_fastrtps_cpp;rosidl_typesupport_introspection_cpp
-- Found rmw_implementation_cmake: 6.1.1 (/opt/ros/humble/share/rmw_implementation_cmake/cmake)
-- Found rmw_fastrtps_cpp: 6.2.6 (/opt/ros/humble/share/rmw_fastrtps_cpp/cmake)
-- Using RMW implementation 'rmw_fastrtps_cpp' as default
-- Found OpenCV: /usr/local (found version "4.9.0") 
-- Found rosidl_default_generators: 1.2.0 (/opt/ros/humble/share/rosidl_default_generators/cmake)
-- Found ament_cmake_ros: 0.10.0 (/opt/ros/humble/share/ament_cmake_ros/cmake)
-- Using all available rosidl_typesupport_c: rosidl_typesupport_fastrtps_c;rosidl_typesupport_introspection_c
-- Using all available rosidl_typesupport_cpp: rosidl_typesupport_fastrtps_cpp;rosidl_typesupport_introspection_cpp
-- Found python_cmake_module: 0.10.0 (/opt/ros/humble/share/python_cmake_module/cmake)
-- Using PYTHON_EXECUTABLE: /usr/bin/python3
-- Using PYTHON_INCLUDE_DIRS: /usr/include/python3.10
-- Using PYTHON_LIBRARIES: /usr/lib/x86_64-linux-gnu/libpython3.10.so
-- Found ament_lint_auto: 0.12.10 (/opt/ros/humble/share/ament_lint_auto/cmake)
-- Added test 'cppcheck' to perform static code analysis on C / C++ code
-- Configured cppcheck include dirs: $<BUILD_INTERFACE:/home/basten/ros2_ws/src/MagangBanyubramanta_Basten-Andika-Salim/src/tugas_opencv/build/tugas_opencv/rosidl_generator_c>;$<BUILD_INTERFACE:/home/basten/ros2_ws/src/MagangBanyubramanta_Basten-Andika-Salim/src/tugas_opencv/build/tugas_opencv/rosidl_typesupport_fastrtps_c>;$<BUILD_INTERFACE:/home/basten/ros2_ws/src/MagangBanyubramanta_Basten-Andika-Salim/src/tugas_opencv/build/tugas_opencv/rosidl_generator_cpp>;$<BUILD_INTERFACE:/home/basten/ros2_ws/src/MagangBanyubramanta_Basten-Andika-Salim/src/tugas_opencv/build/tugas_opencv/rosidl_typesupport_fastrtps_cpp>;$<BUILD_INTERFACE:/home/basten/ros2_ws/src/MagangBanyubramanta_Basten-Andika-Salim/src/tugas_opencv/build/tugas_opencv/rosidl_typesupport_introspection_c>;$<BUILD_INTERFACE:/home/basten/ros2_ws/src/MagangBanyubramanta_Basten-Andika-Salim/src/tugas_opencv/build/tugas_opencv/rosidl_typesupport_introspection_cpp>;/home/basten/ros2_ws/src/MagangBanyubramanta_Basten-Andika-Salim/src/tugas_opencv/build/tugas_opencv/rosidl_generator_c;/home/basten/ros2_ws/src/MagangBanyubramanta_Basten-Andika-Salim/src/tugas_opencv/build/tugas_opencv/rosidl_generator_py
-- Configured cppcheck exclude dirs and/or files: 
-- Added test 'flake8' to check Python code syntax and style conventions
-- Added test 'lint_cmake' to check CMake code style
-- Added test 'pep257' to check Python code against some of the docstring style conventions in PEP 257
-- Added test 'uncrustify' to check C / C++ code style
-- Configured uncrustify additional arguments: 
-- Added test 'xmllint' to check XML markup files
-- Configuring done
-- Generating done
-- Build files have been written to: /home/basten/ros2_ws/src/MagangBanyubramanta_Basten-Andika-Salim/src/tugas_opencv/build/tugas_opencv
[35m[1mConsolidate compiler generated dependencies of target tugas_opencv__rosidl_generator_c[0m
[  3%] Built target tugas_opencv__cpp
[ 12%] Built target tugas_opencv__rosidl_generator_c
[ 12%] Built target ament_cmake_python_copy_tugas_opencv
[35m[1mConsolidate compiler generated dependencies of target tugas_opencv__rosidl_typesupport_cpp[0m
[35m[1mConsolidate compiler generated dependencies of target tugas_opencv__rosidl_typesupport_introspection_cpp[0m
[35m[1mConsolidate compiler generated dependencies of target tugas_opencv__rosidl_typesupport_fastrtps_c[0m
[35m[1mConsolidate compiler generated dependencies of target tugas_opencv__rosidl_typesupport_fastrtps_cpp[0m
[35m[1mConsolidate compiler generated dependencies of target tugas_opencv__rosidl_typesupport_c[0m
[35m[1mConsolidate compiler generated dependencies of target tugas_opencv__rosidl_typesupport_introspection_c[0m
[ 21%] Built target tugas_opencv__rosidl_typesupport_cpp
[ 30%] Built target tugas_opencv__rosidl_typesupport_introspection_cpp
[ 39%] Built target tugas_opencv__rosidl_typesupport_c
[ 54%] Built target tugas_opencv__rosidl_typesupport_introspection_c
[ 57%] Built target tugas_opencv__rosidl_typesupport_fastrtps_c
[ 66%] Built target tugas_opencv__rosidl_typesupport_fastrtps_cpp
[35m[1mConsolidate compiler generated dependencies of target colorcheck[0m
[ 66%] Built target tugas_opencv
[ 69%] [32mBuilding CXX object CMakeFiles/colorcheck.dir/src/colorcheck.cpp.o[0m
[ 72%] Built target tugas_opencv__py
[35m[1mConsolidate compiler generated dependencies of target tugas_opencv__rosidl_generator_py[0m
[ 78%] Built target tugas_opencv__rosidl_generator_py
[35m[1mConsolidate compiler generated dependencies of target tugas_opencv__rosidl_typesupport_fastrtps_c__pyext[0m
[35m[1mConsolidate compiler generated dependencies of target tugas_opencv__rosidl_typesupport_introspection_c__pyext[0m
[35m[1mConsolidate compiler generated dependencies of target tugas_opencv__rosidl_typesupport_c__pyext[0m
[ 84%] Built target tugas_opencv__rosidl_typesupport_introspection_c__pyext
[ 90%] Built target tugas_opencv__rosidl_typesupport_fastrtps_c__pyext
[ 96%] Built target tugas_opencv__rosidl_typesupport_c__pyext
running egg_info
writing tugas_opencv.egg-info/PKG-INFO
writing dependency_links to tugas_opencv.egg-info/dependency_links.txt
writing top-level names to tugas_opencv.egg-info/top_level.txt
reading manifest file 'tugas_opencv.egg-info/SOURCES.txt'
writing manifest file 'tugas_opencv.egg-info/SOURCES.txt'
[ 96%] Built target ament_cmake_python_build_tugas_opencv_egg
