[0.053s] Invoking command in '/home/basten/ros2_ws/src/MagangBanyubramanta_Basten-Andika-Salim/Ros2/build/tugas_yolo_yolocpp': CMAKE_PREFIX_PATH=${CMAKE_PREFIX_PATH}:/opt/ros/humble /usr/bin/cmake --build /home/basten/ros2_ws/src/MagangBanyubramanta_Basten-Andika-Salim/Ros2/build/tugas_yolo_yolocpp -- -j32 -l32
[0.075s] [  3%] Built target tugas_yolo_yolocpp__cpp
[0.075s] [ 12%] Built target tugas_yolo_yolocpp__rosidl_generator_c
[0.082s] [ 12%] Built target ament_cmake_python_copy_tugas_yolo_yolocpp
[0.087s] [ 21%] Built target tugas_yolo_yolocpp__rosidl_typesupport_cpp
[0.087s] [ 30%] Built target tugas_yolo_yolocpp__rosidl_typesupport_fastrtps_cpp
[0.088s] [ 39%] Built target tugas_yolo_yolocpp__rosidl_typesupport_introspection_cpp
[0.092s] [ 48%] Built target tugas_yolo_yolocpp__rosidl_typesupport_introspection_c
[0.092s] [ 57%] Built target tugas_yolo_yolocpp__rosidl_typesupport_c
[0.093s] [ 66%] Built target tugas_yolo_yolocpp__rosidl_typesupport_fastrtps_c
[0.095s] [35m[1mConsolidate compiler generated dependencies of target detect[0m
[0.107s] [ 66%] Built target tugas_yolo_yolocpp
[0.110s] [ 72%] Built target detect
[0.123s] [ 75%] Built target tugas_yolo_yolocpp__py
[0.137s] [ 81%] Built target tugas_yolo_yolocpp__rosidl_generator_py
[0.153s] [ 87%] Built target tugas_yolo_yolocpp__rosidl_typesupport_fastrtps_c__pyext
[0.154s] [ 93%] Built target tugas_yolo_yolocpp__rosidl_typesupport_introspection_c__pyext
[0.156s] [100%] Built target tugas_yolo_yolocpp__rosidl_typesupport_c__pyext
[0.224s] running egg_info
[0.233s] writing tugas_yolo_yolocpp.egg-info/PKG-INFO
[0.233s] writing dependency_links to tugas_yolo_yolocpp.egg-info/dependency_links.txt
[0.233s] writing top-level names to tugas_yolo_yolocpp.egg-info/top_level.txt
[0.258s] reading manifest file 'tugas_yolo_yolocpp.egg-info/SOURCES.txt'
[0.258s] writing manifest file 'tugas_yolo_yolocpp.egg-info/SOURCES.txt'
[0.274s] [100%] Built target ament_cmake_python_build_tugas_yolo_yolocpp_egg
[0.280s] Invoked command in '/home/basten/ros2_ws/src/MagangBanyubramanta_Basten-Andika-Salim/Ros2/build/tugas_yolo_yolocpp' returned '0': CMAKE_PREFIX_PATH=${CMAKE_PREFIX_PATH}:/opt/ros/humble /usr/bin/cmake --build /home/basten/ros2_ws/src/MagangBanyubramanta_Basten-Andika-Salim/Ros2/build/tugas_yolo_yolocpp -- -j32 -l32
[0.313s] Invoking command in '/home/basten/ros2_ws/src/MagangBanyubramanta_Basten-Andika-Salim/Ros2/build/tugas_yolo_yolocpp': CMAKE_PREFIX_PATH=${CMAKE_PREFIX_PATH}:/opt/ros/humble /usr/bin/cmake --install /home/basten/ros2_ws/src/MagangBanyubramanta_Basten-Andika-Salim/Ros2/build/tugas_yolo_yolocpp
[0.318s] -- Install configuration: ""
[0.318s] -- Up-to-date: /home/basten/ros2_ws/src/MagangBanyubramanta_Basten-Andika-Salim/Ros2/install/tugas_yolo_yolocpp/share/ament_index/resource_index/rosidl_interfaces/tugas_yolo_yolocpp
[0.318s] -- Up-to-date: /home/basten/ros2_ws/src/MagangBanyubramanta_Basten-Andika-Salim/Ros2/install/tugas_yolo_yolocpp/include/tugas_yolo_yolocpp/tugas_yolo_yolocpp
[0.318s] -- Up-to-date: /home/basten/ros2_ws/src/MagangBanyubramanta_Basten-Andika-Salim/Ros2/install/tugas_yolo_yolocpp/include/tugas_yolo_yolocpp/tugas_yolo_yolocpp/msg
[0.318s] -- Up-to-date: /home/basten/ros2_ws/src/MagangBanyubramanta_Basten-Andika-Salim/Ros2/install/tugas_yolo_yolocpp/include/tugas_yolo_yolocpp/tugas_yolo_yolocpp/msg/rosidl_generator_c__visibility_control.h
[0.318s] -- Up-to-date: /home/basten/ros2_ws/src/MagangBanyubramanta_Basten-Andika-Salim/Ros2/install/tugas_yolo_yolocpp/include/tugas_yolo_yolocpp/tugas_yolo_yolocpp/msg/seen.h
[0.318s] -- Up-to-date: /home/basten/ros2_ws/src/MagangBanyubramanta_Basten-Andika-Salim/Ros2/install/tugas_yolo_yolocpp/include/tugas_yolo_yolocpp/tugas_yolo_yolocpp/msg/detail
[0.319s] -- Up-to-date: /home/basten/ros2_ws/src/MagangBanyubramanta_Basten-Andika-Salim/Ros2/install/tugas_yolo_yolocpp/include/tugas_yolo_yolocpp/tugas_yolo_yolocpp/msg/detail/seen__functions.c
[0.319s] -- Up-to-date: /home/basten/ros2_ws/src/MagangBanyubramanta_Basten-Andika-Salim/Ros2/install/tugas_yolo_yolocpp/include/tugas_yolo_yolocpp/tugas_yolo_yolocpp/msg/detail/seen__functions.h
[0.319s] -- Up-to-date: /home/basten/ros2_ws/src/MagangBanyubramanta_Basten-Andika-Salim/Ros2/install/tugas_yolo_yolocpp/include/tugas_yolo_yolocpp/tugas_yolo_yolocpp/msg/detail/seen__struct.h
[0.319s] -- Up-to-date: /home/basten/ros2_ws/src/MagangBanyubramanta_Basten-Andika-Salim/Ros2/install/tugas_yolo_yolocpp/include/tugas_yolo_yolocpp/tugas_yolo_yolocpp/msg/detail/seen__type_support.h
[0.319s] -- Up-to-date: /home/basten/ros2_ws/src/MagangBanyubramanta_Basten-Andika-Salim/Ros2/install/tugas_yolo_yolocpp/share/tugas_yolo_yolocpp/environment/library_path.sh
[0.319s] -- Up-to-date: /home/basten/ros2_ws/src/MagangBanyubramanta_Basten-Andika-Salim/Ros2/install/tugas_yolo_yolocpp/share/tugas_yolo_yolocpp/environment/library_path.dsv
[0.319s] -- Up-to-date: /home/basten/ros2_ws/src/MagangBanyubramanta_Basten-Andika-Salim/Ros2/install/tugas_yolo_yolocpp/lib/libtugas_yolo_yolocpp__rosidl_generator_c.so
[0.319s] -- Up-to-date: /home/basten/ros2_ws/src/MagangBanyubramanta_Basten-Andika-Salim/Ros2/install/tugas_yolo_yolocpp/include/tugas_yolo_yolocpp/tugas_yolo_yolocpp
[0.319s] -- Up-to-date: /home/basten/ros2_ws/src/MagangBanyubramanta_Basten-Andika-Salim/Ros2/install/tugas_yolo_yolocpp/include/tugas_yolo_yolocpp/tugas_yolo_yolocpp/msg
[0.320s] -- Up-to-date: /home/basten/ros2_ws/src/MagangBanyubramanta_Basten-Andika-Salim/Ros2/install/tugas_yolo_yolocpp/include/tugas_yolo_yolocpp/tugas_yolo_yolocpp/msg/rosidl_typesupport_fastrtps_c__visibility_control.h
[0.320s] -- Up-to-date: /home/basten/ros2_ws/src/MagangBanyubramanta_Basten-Andika-Salim/Ros2/install/tugas_yolo_yolocpp/include/tugas_yolo_yolocpp/tugas_yolo_yolocpp/msg/detail
[0.320s] -- Up-to-date: /home/basten/ros2_ws/src/MagangBanyubramanta_Basten-Andika-Salim/Ros2/install/tugas_yolo_yolocpp/include/tugas_yolo_yolocpp/tugas_yolo_yolocpp/msg/detail/seen__rosidl_typesupport_fastrtps_c.h
[0.320s] -- Up-to-date: /home/basten/ros2_ws/src/MagangBanyubramanta_Basten-Andika-Salim/Ros2/install/tugas_yolo_yolocpp/lib/libtugas_yolo_yolocpp__rosidl_typesupport_fastrtps_c.so
[0.320s] -- Up-to-date: /home/basten/ros2_ws/src/MagangBanyubramanta_Basten-Andika-Salim/Ros2/install/tugas_yolo_yolocpp/include/tugas_yolo_yolocpp/tugas_yolo_yolocpp
[0.320s] -- Up-to-date: /home/basten/ros2_ws/src/MagangBanyubramanta_Basten-Andika-Salim/Ros2/install/tugas_yolo_yolocpp/include/tugas_yolo_yolocpp/tugas_yolo_yolocpp/msg
[0.320s] -- Up-to-date: /home/basten/ros2_ws/src/MagangBanyubramanta_Basten-Andika-Salim/Ros2/install/tugas_yolo_yolocpp/include/tugas_yolo_yolocpp/tugas_yolo_yolocpp/msg/seen.hpp
[0.320s] -- Up-to-date: /home/basten/ros2_ws/src/MagangBanyubramanta_Basten-Andika-Salim/Ros2/install/tugas_yolo_yolocpp/include/tugas_yolo_yolocpp/tugas_yolo_yolocpp/msg/detail
[0.320s] -- Up-to-date: /home/basten/ros2_ws/src/MagangBanyubramanta_Basten-Andika-Salim/Ros2/install/tugas_yolo_yolocpp/include/tugas_yolo_yolocpp/tugas_yolo_yolocpp/msg/detail/seen__builder.hpp
[0.320s] -- Up-to-date: /home/basten/ros2_ws/src/MagangBanyubramanta_Basten-Andika-Salim/Ros2/install/tugas_yolo_yolocpp/include/tugas_yolo_yolocpp/tugas_yolo_yolocpp/msg/detail/seen__traits.hpp
[0.320s] -- Up-to-date: /home/basten/ros2_ws/src/MagangBanyubramanta_Basten-Andika-Salim/Ros2/install/tugas_yolo_yolocpp/include/tugas_yolo_yolocpp/tugas_yolo_yolocpp/msg/detail/seen__struct.hpp
[0.320s] -- Up-to-date: /home/basten/ros2_ws/src/MagangBanyubramanta_Basten-Andika-Salim/Ros2/install/tugas_yolo_yolocpp/include/tugas_yolo_yolocpp/tugas_yolo_yolocpp
[0.321s] -- Up-to-date: /home/basten/ros2_ws/src/MagangBanyubramanta_Basten-Andika-Salim/Ros2/install/tugas_yolo_yolocpp/include/tugas_yolo_yolocpp/tugas_yolo_yolocpp/msg
[0.321s] -- Up-to-date: /home/basten/ros2_ws/src/MagangBanyubramanta_Basten-Andika-Salim/Ros2/install/tugas_yolo_yolocpp/include/tugas_yolo_yolocpp/tugas_yolo_yolocpp/msg/rosidl_typesupport_fastrtps_cpp__visibility_control.h
[0.321s] -- Up-to-date: /home/basten/ros2_ws/src/MagangBanyubramanta_Basten-Andika-Salim/Ros2/install/tugas_yolo_yolocpp/include/tugas_yolo_yolocpp/tugas_yolo_yolocpp/msg/detail
[0.321s] -- Up-to-date: /home/basten/ros2_ws/src/MagangBanyubramanta_Basten-Andika-Salim/Ros2/install/tugas_yolo_yolocpp/include/tugas_yolo_yolocpp/tugas_yolo_yolocpp/msg/detail/dds_fastrtps
[0.321s] -- Up-to-date: /home/basten/ros2_ws/src/MagangBanyubramanta_Basten-Andika-Salim/Ros2/install/tugas_yolo_yolocpp/include/tugas_yolo_yolocpp/tugas_yolo_yolocpp/msg/detail/seen__rosidl_typesupport_fastrtps_cpp.hpp
[0.321s] -- Up-to-date: /home/basten/ros2_ws/src/MagangBanyubramanta_Basten-Andika-Salim/Ros2/install/tugas_yolo_yolocpp/lib/libtugas_yolo_yolocpp__rosidl_typesupport_fastrtps_cpp.so
[0.321s] -- Up-to-date: /home/basten/ros2_ws/src/MagangBanyubramanta_Basten-Andika-Salim/Ros2/install/tugas_yolo_yolocpp/include/tugas_yolo_yolocpp/tugas_yolo_yolocpp
[0.321s] -- Up-to-date: /home/basten/ros2_ws/src/MagangBanyubramanta_Basten-Andika-Salim/Ros2/install/tugas_yolo_yolocpp/include/tugas_yolo_yolocpp/tugas_yolo_yolocpp/msg
[0.321s] -- Up-to-date: /home/basten/ros2_ws/src/MagangBanyubramanta_Basten-Andika-Salim/Ros2/install/tugas_yolo_yolocpp/include/tugas_yolo_yolocpp/tugas_yolo_yolocpp/msg/rosidl_typesupport_introspection_c__visibility_control.h
[0.321s] -- Up-to-date: /home/basten/ros2_ws/src/MagangBanyubramanta_Basten-Andika-Salim/Ros2/install/tugas_yolo_yolocpp/include/tugas_yolo_yolocpp/tugas_yolo_yolocpp/msg/detail
[0.321s] -- Up-to-date: /home/basten/ros2_ws/src/MagangBanyubramanta_Basten-Andika-Salim/Ros2/install/tugas_yolo_yolocpp/include/tugas_yolo_yolocpp/tugas_yolo_yolocpp/msg/detail/seen__type_support.c
[0.321s] -- Up-to-date: /home/basten/ros2_ws/src/MagangBanyubramanta_Basten-Andika-Salim/Ros2/install/tugas_yolo_yolocpp/include/tugas_yolo_yolocpp/tugas_yolo_yolocpp/msg/detail/seen__rosidl_typesupport_introspection_c.h
[0.321s] -- Up-to-date: /home/basten/ros2_ws/src/MagangBanyubramanta_Basten-Andika-Salim/Ros2/install/tugas_yolo_yolocpp/lib/libtugas_yolo_yolocpp__rosidl_typesupport_introspection_c.so
[0.321s] -- Up-to-date: /home/basten/ros2_ws/src/MagangBanyubramanta_Basten-Andika-Salim/Ros2/install/tugas_yolo_yolocpp/lib/libtugas_yolo_yolocpp__rosidl_typesupport_c.so
[0.321s] -- Up-to-date: /home/basten/ros2_ws/src/MagangBanyubramanta_Basten-Andika-Salim/Ros2/install/tugas_yolo_yolocpp/include/tugas_yolo_yolocpp/tugas_yolo_yolocpp
[0.321s] -- Up-to-date: /home/basten/ros2_ws/src/MagangBanyubramanta_Basten-Andika-Salim/Ros2/install/tugas_yolo_yolocpp/include/tugas_yolo_yolocpp/tugas_yolo_yolocpp/msg
[0.321s] -- Up-to-date: /home/basten/ros2_ws/src/MagangBanyubramanta_Basten-Andika-Salim/Ros2/install/tugas_yolo_yolocpp/include/tugas_yolo_yolocpp/tugas_yolo_yolocpp/msg/detail
[0.321s] -- Up-to-date: /home/basten/ros2_ws/src/MagangBanyubramanta_Basten-Andika-Salim/Ros2/install/tugas_yolo_yolocpp/include/tugas_yolo_yolocpp/tugas_yolo_yolocpp/msg/detail/seen__rosidl_typesupport_introspection_cpp.hpp
[0.321s] -- Up-to-date: /home/basten/ros2_ws/src/MagangBanyubramanta_Basten-Andika-Salim/Ros2/install/tugas_yolo_yolocpp/include/tugas_yolo_yolocpp/tugas_yolo_yolocpp/msg/detail/seen__type_support.cpp
[0.322s] -- Up-to-date: /home/basten/ros2_ws/src/MagangBanyubramanta_Basten-Andika-Salim/Ros2/install/tugas_yolo_yolocpp/lib/libtugas_yolo_yolocpp__rosidl_typesupport_introspection_cpp.so
[0.322s] -- Up-to-date: /home/basten/ros2_ws/src/MagangBanyubramanta_Basten-Andika-Salim/Ros2/install/tugas_yolo_yolocpp/lib/libtugas_yolo_yolocpp__rosidl_typesupport_cpp.so
[0.322s] -- Up-to-date: /home/basten/ros2_ws/src/MagangBanyubramanta_Basten-Andika-Salim/Ros2/install/tugas_yolo_yolocpp/share/tugas_yolo_yolocpp/environment/pythonpath.sh
[0.322s] -- Up-to-date: /home/basten/ros2_ws/src/MagangBanyubramanta_Basten-Andika-Salim/Ros2/install/tugas_yolo_yolocpp/share/tugas_yolo_yolocpp/environment/pythonpath.dsv
[0.322s] -- Up-to-date: /home/basten/ros2_ws/src/MagangBanyubramanta_Basten-Andika-Salim/Ros2/install/tugas_yolo_yolocpp/local/lib/python3.10/dist-packages/tugas_yolo_yolocpp-0.0.0-py3.10.egg-info
[0.322s] -- Installing: /home/basten/ros2_ws/src/MagangBanyubramanta_Basten-Andika-Salim/Ros2/install/tugas_yolo_yolocpp/local/lib/python3.10/dist-packages/tugas_yolo_yolocpp-0.0.0-py3.10.egg-info/top_level.txt
[0.322s] -- Installing: /home/basten/ros2_ws/src/MagangBanyubramanta_Basten-Andika-Salim/Ros2/install/tugas_yolo_yolocpp/local/lib/python3.10/dist-packages/tugas_yolo_yolocpp-0.0.0-py3.10.egg-info/PKG-INFO
[0.322s] -- Installing: /home/basten/ros2_ws/src/MagangBanyubramanta_Basten-Andika-Salim/Ros2/install/tugas_yolo_yolocpp/local/lib/python3.10/dist-packages/tugas_yolo_yolocpp-0.0.0-py3.10.egg-info/dependency_links.txt
[0.322s] -- Installing: /home/basten/ros2_ws/src/MagangBanyubramanta_Basten-Andika-Salim/Ros2/install/tugas_yolo_yolocpp/local/lib/python3.10/dist-packages/tugas_yolo_yolocpp-0.0.0-py3.10.egg-info/SOURCES.txt
[0.322s] -- Up-to-date: /home/basten/ros2_ws/src/MagangBanyubramanta_Basten-Andika-Salim/Ros2/install/tugas_yolo_yolocpp/local/lib/python3.10/dist-packages/tugas_yolo_yolocpp
[0.322s] -- Up-to-date: /home/basten/ros2_ws/src/MagangBanyubramanta_Basten-Andika-Salim/Ros2/install/tugas_yolo_yolocpp/local/lib/python3.10/dist-packages/tugas_yolo_yolocpp/_tugas_yolo_yolocpp_s.ep.rosidl_typesupport_introspection_c.c
[0.322s] -- Up-to-date: /home/basten/ros2_ws/src/MagangBanyubramanta_Basten-Andika-Salim/Ros2/install/tugas_yolo_yolocpp/local/lib/python3.10/dist-packages/tugas_yolo_yolocpp/tugas_yolo_yolocpp_s__rosidl_typesupport_fastrtps_c.cpython-310-x86_64-linux-gnu.so
[0.322s] -- Up-to-date: /home/basten/ros2_ws/src/MagangBanyubramanta_Basten-Andika-Salim/Ros2/install/tugas_yolo_yolocpp/local/lib/python3.10/dist-packages/tugas_yolo_yolocpp/tugas_yolo_yolocpp_s__rosidl_typesupport_introspection_c.cpython-310-x86_64-linux-gnu.so
[0.322s] -- Up-to-date: /home/basten/ros2_ws/src/MagangBanyubramanta_Basten-Andika-Salim/Ros2/install/tugas_yolo_yolocpp/local/lib/python3.10/dist-packages/tugas_yolo_yolocpp/_tugas_yolo_yolocpp_s.ep.rosidl_typesupport_fastrtps_c.c
[0.322s] -- Up-to-date: /home/basten/ros2_ws/src/MagangBanyubramanta_Basten-Andika-Salim/Ros2/install/tugas_yolo_yolocpp/local/lib/python3.10/dist-packages/tugas_yolo_yolocpp/__init__.py
[0.322s] -- Up-to-date: /home/basten/ros2_ws/src/MagangBanyubramanta_Basten-Andika-Salim/Ros2/install/tugas_yolo_yolocpp/local/lib/python3.10/dist-packages/tugas_yolo_yolocpp/_tugas_yolo_yolocpp_s.ep.rosidl_typesupport_c.c
[0.322s] -- Up-to-date: /home/basten/ros2_ws/src/MagangBanyubramanta_Basten-Andika-Salim/Ros2/install/tugas_yolo_yolocpp/local/lib/python3.10/dist-packages/tugas_yolo_yolocpp/tugas_yolo_yolocpp_s__rosidl_typesupport_c.cpython-310-x86_64-linux-gnu.so
[0.322s] -- Up-to-date: /home/basten/ros2_ws/src/MagangBanyubramanta_Basten-Andika-Salim/Ros2/install/tugas_yolo_yolocpp/local/lib/python3.10/dist-packages/tugas_yolo_yolocpp/msg
[0.322s] -- Up-to-date: /home/basten/ros2_ws/src/MagangBanyubramanta_Basten-Andika-Salim/Ros2/install/tugas_yolo_yolocpp/local/lib/python3.10/dist-packages/tugas_yolo_yolocpp/msg/_seen_s.c
[0.322s] -- Up-to-date: /home/basten/ros2_ws/src/MagangBanyubramanta_Basten-Andika-Salim/Ros2/install/tugas_yolo_yolocpp/local/lib/python3.10/dist-packages/tugas_yolo_yolocpp/msg/_seen.py
[0.322s] -- Up-to-date: /home/basten/ros2_ws/src/MagangBanyubramanta_Basten-Andika-Salim/Ros2/install/tugas_yolo_yolocpp/local/lib/python3.10/dist-packages/tugas_yolo_yolocpp/msg/__init__.py
[0.322s] -- Up-to-date: /home/basten/ros2_ws/src/MagangBanyubramanta_Basten-Andika-Salim/Ros2/install/tugas_yolo_yolocpp/local/lib/python3.10/dist-packages/tugas_yolo_yolocpp/libtugas_yolo_yolocpp__rosidl_generator_py.so
[0.340s] Listing '/home/basten/ros2_ws/src/MagangBanyubramanta_Basten-Andika-Salim/Ros2/install/tugas_yolo_yolocpp/local/lib/python3.10/dist-packages/tugas_yolo_yolocpp'...
[0.340s] Listing '/home/basten/ros2_ws/src/MagangBanyubramanta_Basten-Andika-Salim/Ros2/install/tugas_yolo_yolocpp/local/lib/python3.10/dist-packages/tugas_yolo_yolocpp/msg'...
[0.345s] -- Up-to-date: /home/basten/ros2_ws/src/MagangBanyubramanta_Basten-Andika-Salim/Ros2/install/tugas_yolo_yolocpp/local/lib/python3.10/dist-packages/tugas_yolo_yolocpp/tugas_yolo_yolocpp_s__rosidl_typesupport_fastrtps_c.cpython-310-x86_64-linux-gnu.so
[0.346s] -- Up-to-date: /home/basten/ros2_ws/src/MagangBanyubramanta_Basten-Andika-Salim/Ros2/install/tugas_yolo_yolocpp/local/lib/python3.10/dist-packages/tugas_yolo_yolocpp/tugas_yolo_yolocpp_s__rosidl_typesupport_introspection_c.cpython-310-x86_64-linux-gnu.so
[0.346s] -- Up-to-date: /home/basten/ros2_ws/src/MagangBanyubramanta_Basten-Andika-Salim/Ros2/install/tugas_yolo_yolocpp/local/lib/python3.10/dist-packages/tugas_yolo_yolocpp/tugas_yolo_yolocpp_s__rosidl_typesupport_c.cpython-310-x86_64-linux-gnu.so
[0.346s] -- Up-to-date: /home/basten/ros2_ws/src/MagangBanyubramanta_Basten-Andika-Salim/Ros2/install/tugas_yolo_yolocpp/lib/libtugas_yolo_yolocpp__rosidl_generator_py.so
[0.346s] -- Up-to-date: /home/basten/ros2_ws/src/MagangBanyubramanta_Basten-Andika-Salim/Ros2/install/tugas_yolo_yolocpp/share/tugas_yolo_yolocpp/msg/Seen.idl
[0.346s] -- Up-to-date: /home/basten/ros2_ws/src/MagangBanyubramanta_Basten-Andika-Salim/Ros2/install/tugas_yolo_yolocpp/share/tugas_yolo_yolocpp/msg/Seen.msg
[0.346s] -- Up-to-date: /home/basten/ros2_ws/src/MagangBanyubramanta_Basten-Andika-Salim/Ros2/install/tugas_yolo_yolocpp/lib/tugas_yolo_yolocpp/detect
[0.346s] -- Up-to-date: /home/basten/ros2_ws/src/MagangBanyubramanta_Basten-Andika-Salim/Ros2/install/tugas_yolo_yolocpp/share/ament_index/resource_index/package_run_dependencies/tugas_yolo_yolocpp
[0.346s] -- Up-to-date: /home/basten/ros2_ws/src/MagangBanyubramanta_Basten-Andika-Salim/Ros2/install/tugas_yolo_yolocpp/share/ament_index/resource_index/parent_prefix_path/tugas_yolo_yolocpp
[0.346s] -- Up-to-date: /home/basten/ros2_ws/src/MagangBanyubramanta_Basten-Andika-Salim/Ros2/install/tugas_yolo_yolocpp/share/tugas_yolo_yolocpp/environment/ament_prefix_path.sh
[0.347s] -- Up-to-date: /home/basten/ros2_ws/src/MagangBanyubramanta_Basten-Andika-Salim/Ros2/install/tugas_yolo_yolocpp/share/tugas_yolo_yolocpp/environment/ament_prefix_path.dsv
[0.347s] -- Up-to-date: /home/basten/ros2_ws/src/MagangBanyubramanta_Basten-Andika-Salim/Ros2/install/tugas_yolo_yolocpp/share/tugas_yolo_yolocpp/environment/path.sh
[0.347s] -- Up-to-date: /home/basten/ros2_ws/src/MagangBanyubramanta_Basten-Andika-Salim/Ros2/install/tugas_yolo_yolocpp/share/tugas_yolo_yolocpp/environment/path.dsv
[0.347s] -- Up-to-date: /home/basten/ros2_ws/src/MagangBanyubramanta_Basten-Andika-Salim/Ros2/install/tugas_yolo_yolocpp/share/tugas_yolo_yolocpp/local_setup.bash
[0.347s] -- Up-to-date: /home/basten/ros2_ws/src/MagangBanyubramanta_Basten-Andika-Salim/Ros2/install/tugas_yolo_yolocpp/share/tugas_yolo_yolocpp/local_setup.sh
[0.347s] -- Up-to-date: /home/basten/ros2_ws/src/MagangBanyubramanta_Basten-Andika-Salim/Ros2/install/tugas_yolo_yolocpp/share/tugas_yolo_yolocpp/local_setup.zsh
[0.347s] -- Up-to-date: /home/basten/ros2_ws/src/MagangBanyubramanta_Basten-Andika-Salim/Ros2/install/tugas_yolo_yolocpp/share/tugas_yolo_yolocpp/local_setup.dsv
[0.347s] -- Installing: /home/basten/ros2_ws/src/MagangBanyubramanta_Basten-Andika-Salim/Ros2/install/tugas_yolo_yolocpp/share/tugas_yolo_yolocpp/package.dsv
[0.347s] -- Up-to-date: /home/basten/ros2_ws/src/MagangBanyubramanta_Basten-Andika-Salim/Ros2/install/tugas_yolo_yolocpp/share/ament_index/resource_index/packages/tugas_yolo_yolocpp
[0.347s] -- Up-to-date: /home/basten/ros2_ws/src/MagangBanyubramanta_Basten-Andika-Salim/Ros2/install/tugas_yolo_yolocpp/share/tugas_yolo_yolocpp/cmake/export_tugas_yolo_yolocpp__rosidl_generator_cExport.cmake
[0.348s] -- Up-to-date: /home/basten/ros2_ws/src/MagangBanyubramanta_Basten-Andika-Salim/Ros2/install/tugas_yolo_yolocpp/share/tugas_yolo_yolocpp/cmake/export_tugas_yolo_yolocpp__rosidl_generator_cExport-noconfig.cmake
[0.348s] -- Up-to-date: /home/basten/ros2_ws/src/MagangBanyubramanta_Basten-Andika-Salim/Ros2/install/tugas_yolo_yolocpp/share/tugas_yolo_yolocpp/cmake/export_tugas_yolo_yolocpp__rosidl_typesupport_fastrtps_cExport.cmake
[0.348s] -- Up-to-date: /home/basten/ros2_ws/src/MagangBanyubramanta_Basten-Andika-Salim/Ros2/install/tugas_yolo_yolocpp/share/tugas_yolo_yolocpp/cmake/export_tugas_yolo_yolocpp__rosidl_typesupport_fastrtps_cExport-noconfig.cmake
[0.348s] -- Up-to-date: /home/basten/ros2_ws/src/MagangBanyubramanta_Basten-Andika-Salim/Ros2/install/tugas_yolo_yolocpp/share/tugas_yolo_yolocpp/cmake/export_tugas_yolo_yolocpp__rosidl_generator_cppExport.cmake
[0.348s] -- Up-to-date: /home/basten/ros2_ws/src/MagangBanyubramanta_Basten-Andika-Salim/Ros2/install/tugas_yolo_yolocpp/share/tugas_yolo_yolocpp/cmake/export_tugas_yolo_yolocpp__rosidl_typesupport_fastrtps_cppExport.cmake
[0.348s] -- Up-to-date: /home/basten/ros2_ws/src/MagangBanyubramanta_Basten-Andika-Salim/Ros2/install/tugas_yolo_yolocpp/share/tugas_yolo_yolocpp/cmake/export_tugas_yolo_yolocpp__rosidl_typesupport_fastrtps_cppExport-noconfig.cmake
[0.348s] -- Up-to-date: /home/basten/ros2_ws/src/MagangBanyubramanta_Basten-Andika-Salim/Ros2/install/tugas_yolo_yolocpp/share/tugas_yolo_yolocpp/cmake/tugas_yolo_yolocpp__rosidl_typesupport_introspection_cExport.cmake
[0.348s] -- Up-to-date: /home/basten/ros2_ws/src/MagangBanyubramanta_Basten-Andika-Salim/Ros2/install/tugas_yolo_yolocpp/share/tugas_yolo_yolocpp/cmake/tugas_yolo_yolocpp__rosidl_typesupport_introspection_cExport-noconfig.cmake
[0.348s] -- Up-to-date: /home/basten/ros2_ws/src/MagangBanyubramanta_Basten-Andika-Salim/Ros2/install/tugas_yolo_yolocpp/share/tugas_yolo_yolocpp/cmake/tugas_yolo_yolocpp__rosidl_typesupport_cExport.cmake
[0.348s] -- Up-to-date: /home/basten/ros2_ws/src/MagangBanyubramanta_Basten-Andika-Salim/Ros2/install/tugas_yolo_yolocpp/share/tugas_yolo_yolocpp/cmake/tugas_yolo_yolocpp__rosidl_typesupport_cExport-noconfig.cmake
[0.348s] -- Up-to-date: /home/basten/ros2_ws/src/MagangBanyubramanta_Basten-Andika-Salim/Ros2/install/tugas_yolo_yolocpp/share/tugas_yolo_yolocpp/cmake/tugas_yolo_yolocpp__rosidl_typesupport_introspection_cppExport.cmake
[0.348s] -- Up-to-date: /home/basten/ros2_ws/src/MagangBanyubramanta_Basten-Andika-Salim/Ros2/install/tugas_yolo_yolocpp/share/tugas_yolo_yolocpp/cmake/tugas_yolo_yolocpp__rosidl_typesupport_introspection_cppExport-noconfig.cmake
[0.349s] -- Up-to-date: /home/basten/ros2_ws/src/MagangBanyubramanta_Basten-Andika-Salim/Ros2/install/tugas_yolo_yolocpp/share/tugas_yolo_yolocpp/cmake/tugas_yolo_yolocpp__rosidl_typesupport_cppExport.cmake
[0.349s] -- Up-to-date: /home/basten/ros2_ws/src/MagangBanyubramanta_Basten-Andika-Salim/Ros2/install/tugas_yolo_yolocpp/share/tugas_yolo_yolocpp/cmake/tugas_yolo_yolocpp__rosidl_typesupport_cppExport-noconfig.cmake
[0.349s] -- Up-to-date: /home/basten/ros2_ws/src/MagangBanyubramanta_Basten-Andika-Salim/Ros2/install/tugas_yolo_yolocpp/share/tugas_yolo_yolocpp/cmake/export_tugas_yolo_yolocpp__rosidl_generator_pyExport.cmake
[0.349s] -- Up-to-date: /home/basten/ros2_ws/src/MagangBanyubramanta_Basten-Andika-Salim/Ros2/install/tugas_yolo_yolocpp/share/tugas_yolo_yolocpp/cmake/export_tugas_yolo_yolocpp__rosidl_generator_pyExport-noconfig.cmake
[0.349s] -- Up-to-date: /home/basten/ros2_ws/src/MagangBanyubramanta_Basten-Andika-Salim/Ros2/install/tugas_yolo_yolocpp/share/tugas_yolo_yolocpp/cmake/rosidl_cmake-extras.cmake
[0.349s] -- Up-to-date: /home/basten/ros2_ws/src/MagangBanyubramanta_Basten-Andika-Salim/Ros2/install/tugas_yolo_yolocpp/share/tugas_yolo_yolocpp/cmake/ament_cmake_export_include_directories-extras.cmake
[0.349s] -- Up-to-date: /home/basten/ros2_ws/src/MagangBanyubramanta_Basten-Andika-Salim/Ros2/install/tugas_yolo_yolocpp/share/tugas_yolo_yolocpp/cmake/ament_cmake_export_libraries-extras.cmake
[0.349s] -- Up-to-date: /home/basten/ros2_ws/src/MagangBanyubramanta_Basten-Andika-Salim/Ros2/install/tugas_yolo_yolocpp/share/tugas_yolo_yolocpp/cmake/ament_cmake_export_targets-extras.cmake
[0.349s] -- Up-to-date: /home/basten/ros2_ws/src/MagangBanyubramanta_Basten-Andika-Salim/Ros2/install/tugas_yolo_yolocpp/share/tugas_yolo_yolocpp/cmake/rosidl_cmake_export_typesupport_targets-extras.cmake
[0.349s] -- Up-to-date: /home/basten/ros2_ws/src/MagangBanyubramanta_Basten-Andika-Salim/Ros2/install/tugas_yolo_yolocpp/share/tugas_yolo_yolocpp/cmake/ament_cmake_export_dependencies-extras.cmake
[0.349s] -- Up-to-date: /home/basten/ros2_ws/src/MagangBanyubramanta_Basten-Andika-Salim/Ros2/install/tugas_yolo_yolocpp/share/tugas_yolo_yolocpp/cmake/rosidl_cmake_export_typesupport_libraries-extras.cmake
[0.349s] -- Up-to-date: /home/basten/ros2_ws/src/MagangBanyubramanta_Basten-Andika-Salim/Ros2/install/tugas_yolo_yolocpp/share/tugas_yolo_yolocpp/cmake/tugas_yolo_yolocppConfig.cmake
[0.349s] -- Up-to-date: /home/basten/ros2_ws/src/MagangBanyubramanta_Basten-Andika-Salim/Ros2/install/tugas_yolo_yolocpp/share/tugas_yolo_yolocpp/cmake/tugas_yolo_yolocppConfig-version.cmake
[0.349s] -- Up-to-date: /home/basten/ros2_ws/src/MagangBanyubramanta_Basten-Andika-Salim/Ros2/install/tugas_yolo_yolocpp/share/tugas_yolo_yolocpp/package.xml
[0.390s] Invoked command in '/home/basten/ros2_ws/src/MagangBanyubramanta_Basten-Andika-Salim/Ros2/build/tugas_yolo_yolocpp' returned '0': CMAKE_PREFIX_PATH=${CMAKE_PREFIX_PATH}:/opt/ros/humble /usr/bin/cmake --install /home/basten/ros2_ws/src/MagangBanyubramanta_Basten-Andika-Salim/Ros2/build/tugas_yolo_yolocpp
