[0.359s] DEBUG:colcon:Command line arguments: ['/usr/bin/colcon', 'build', '--packages-select', 'tugas_opencv']
[0.359s] DEBUG:colcon:Parsed command line arguments: Namespace(log_base=None, log_level=None, verb_name='build', build_base='build', install_base='install', merge_install=False, symlink_install=False, test_result_base=None, continue_on_error=False, executor='parallel', parallel_workers=32, event_handlers=None, ignore_user_meta=False, metas=['./colcon.meta'], base_paths=['.'], packages_ignore=None, packages_ignore_regex=None, paths=None, packages_up_to=None, packages_up_to_regex=None, packages_above=None, packages_above_and_dependencies=None, packages_above_depth=None, packages_select_by_dep=None, packages_skip_by_dep=None, packages_skip_up_to=None, packages_select_build_failed=False, packages_skip_build_finished=False, packages_select_test_failures=False, packages_skip_test_passed=False, packages_select=['tugas_opencv'], packages_skip=None, packages_select_regex=None, packages_skip_regex=None, packages_start=None, packages_end=None, allow_overriding=[], cmake_args=None, cmake_target=None, cmake_target_skip_unavailable=False, cmake_clean_cache=False, cmake_clean_first=False, cmake_force_configure=False, ament_cmake_args=None, catkin_cmake_args=None, catkin_skip_building_tests=False, verb_parser=<colcon_defaults.argument_parser.defaults.DefaultArgumentsDecorator object at 0x7f62aaf48f70>, verb_extension=<colcon_core.verb.build.BuildVerb object at 0x7f62aaf48af0>, main=<bound method BuildVerb.main of <colcon_core.verb.build.BuildVerb object at 0x7f62aaf48af0>>)
[0.382s] Level 1:colcon.colcon_core.package_discovery:discover_packages(colcon_meta) check parameters
[0.382s] Level 1:colcon.colcon_core.package_discovery:discover_packages(recursive) check parameters
[0.382s] Level 1:colcon.colcon_core.package_discovery:discover_packages(ignore) check parameters
[0.382s] Level 1:colcon.colcon_core.package_discovery:discover_packages(path) check parameters
[0.382s] Level 1:colcon.colcon_core.package_discovery:discover_packages(colcon_meta) discover
[0.382s] Level 1:colcon.colcon_core.package_discovery:discover_packages(recursive) discover
[0.382s] INFO:colcon.colcon_core.package_discovery:Crawling recursively for packages in '/home/basten/ros2_ws/src/MagangBanyubramanta_Basten-Andika-Salim/src/tugas_matlab'
[0.382s] Level 1:colcon.colcon_core.package_identification:_identify(.) by extensions ['ignore', 'ignore_ament_install']
[0.382s] Level 1:colcon.colcon_core.package_identification:_identify(.) by extension 'ignore'
[0.382s] Level 1:colcon.colcon_core.package_identification:_identify(.) by extension 'ignore_ament_install'
[0.382s] Level 1:colcon.colcon_core.package_identification:_identify(.) by extensions ['colcon_pkg']
[0.382s] Level 1:colcon.colcon_core.package_identification:_identify(.) by extension 'colcon_pkg'
[0.382s] Level 1:colcon.colcon_core.package_identification:_identify(.) by extensions ['colcon_meta']
[0.382s] Level 1:colcon.colcon_core.package_identification:_identify(.) by extension 'colcon_meta'
[0.382s] Level 1:colcon.colcon_core.package_identification:_identify(.) by extensions ['ros']
[0.382s] Level 1:colcon.colcon_core.package_identification:_identify(.) by extension 'ros'
[0.389s] Level 1:colcon.colcon_core.package_identification:_identify(.) by extensions ['cmake', 'python']
[0.389s] Level 1:colcon.colcon_core.package_identification:_identify(.) by extension 'cmake'
[0.389s] Level 1:colcon.colcon_core.package_identification:_identify(.) by extension 'python'
[0.389s] Level 1:colcon.colcon_core.package_identification:_identify(.) by extensions ['python_setup_py']
[0.389s] Level 1:colcon.colcon_core.package_identification:_identify(.) by extension 'python_setup_py'
[0.389s] Level 1:colcon.colcon_core.package_identification:_identify(+bus_conv_fcns) by extensions ['ignore', 'ignore_ament_install']
[0.389s] Level 1:colcon.colcon_core.package_identification:_identify(+bus_conv_fcns) by extension 'ignore'
[0.389s] Level 1:colcon.colcon_core.package_identification:_identify(+bus_conv_fcns) by extension 'ignore_ament_install'
[0.389s] Level 1:colcon.colcon_core.package_identification:_identify(+bus_conv_fcns) by extensions ['colcon_pkg']
[0.389s] Level 1:colcon.colcon_core.package_identification:_identify(+bus_conv_fcns) by extension 'colcon_pkg'
[0.389s] Level 1:colcon.colcon_core.package_identification:_identify(+bus_conv_fcns) by extensions ['colcon_meta']
[0.389s] Level 1:colcon.colcon_core.package_identification:_identify(+bus_conv_fcns) by extension 'colcon_meta'
[0.389s] Level 1:colcon.colcon_core.package_identification:_identify(+bus_conv_fcns) by extensions ['ros']
[0.389s] Level 1:colcon.colcon_core.package_identification:_identify(+bus_conv_fcns) by extension 'ros'
[0.389s] Level 1:colcon.colcon_core.package_identification:_identify(+bus_conv_fcns) by extensions ['cmake', 'python']
[0.389s] Level 1:colcon.colcon_core.package_identification:_identify(+bus_conv_fcns) by extension 'cmake'
[0.389s] Level 1:colcon.colcon_core.package_identification:_identify(+bus_conv_fcns) by extension 'python'
[0.389s] Level 1:colcon.colcon_core.package_identification:_identify(+bus_conv_fcns) by extensions ['python_setup_py']
[0.389s] Level 1:colcon.colcon_core.package_identification:_identify(+bus_conv_fcns) by extension 'python_setup_py'
[0.389s] Level 1:colcon.colcon_core.package_identification:_identify(+bus_conv_fcns/+ros2) by extensions ['ignore', 'ignore_ament_install']
[0.389s] Level 1:colcon.colcon_core.package_identification:_identify(+bus_conv_fcns/+ros2) by extension 'ignore'
[0.389s] Level 1:colcon.colcon_core.package_identification:_identify(+bus_conv_fcns/+ros2) by extension 'ignore_ament_install'
[0.389s] Level 1:colcon.colcon_core.package_identification:_identify(+bus_conv_fcns/+ros2) by extensions ['colcon_pkg']
[0.389s] Level 1:colcon.colcon_core.package_identification:_identify(+bus_conv_fcns/+ros2) by extension 'colcon_pkg'
[0.389s] Level 1:colcon.colcon_core.package_identification:_identify(+bus_conv_fcns/+ros2) by extensions ['colcon_meta']
[0.389s] Level 1:colcon.colcon_core.package_identification:_identify(+bus_conv_fcns/+ros2) by extension 'colcon_meta'
[0.389s] Level 1:colcon.colcon_core.package_identification:_identify(+bus_conv_fcns/+ros2) by extensions ['ros']
[0.389s] Level 1:colcon.colcon_core.package_identification:_identify(+bus_conv_fcns/+ros2) by extension 'ros'
[0.389s] Level 1:colcon.colcon_core.package_identification:_identify(+bus_conv_fcns/+ros2) by extensions ['cmake', 'python']
[0.389s] Level 1:colcon.colcon_core.package_identification:_identify(+bus_conv_fcns/+ros2) by extension 'cmake'
[0.389s] Level 1:colcon.colcon_core.package_identification:_identify(+bus_conv_fcns/+ros2) by extension 'python'
[0.389s] Level 1:colcon.colcon_core.package_identification:_identify(+bus_conv_fcns/+ros2) by extensions ['python_setup_py']
[0.389s] Level 1:colcon.colcon_core.package_identification:_identify(+bus_conv_fcns/+ros2) by extension 'python_setup_py'
[0.389s] Level 1:colcon.colcon_core.package_identification:_identify(+bus_conv_fcns/+ros2/+msgToBus) by extensions ['ignore', 'ignore_ament_install']
[0.389s] Level 1:colcon.colcon_core.package_identification:_identify(+bus_conv_fcns/+ros2/+msgToBus) by extension 'ignore'
[0.389s] Level 1:colcon.colcon_core.package_identification:_identify(+bus_conv_fcns/+ros2/+msgToBus) by extension 'ignore_ament_install'
[0.389s] Level 1:colcon.colcon_core.package_identification:_identify(+bus_conv_fcns/+ros2/+msgToBus) by extensions ['colcon_pkg']
[0.389s] Level 1:colcon.colcon_core.package_identification:_identify(+bus_conv_fcns/+ros2/+msgToBus) by extension 'colcon_pkg'
[0.389s] Level 1:colcon.colcon_core.package_identification:_identify(+bus_conv_fcns/+ros2/+msgToBus) by extensions ['colcon_meta']
[0.389s] Level 1:colcon.colcon_core.package_identification:_identify(+bus_conv_fcns/+ros2/+msgToBus) by extension 'colcon_meta'
[0.389s] Level 1:colcon.colcon_core.package_identification:_identify(+bus_conv_fcns/+ros2/+msgToBus) by extensions ['ros']
[0.389s] Level 1:colcon.colcon_core.package_identification:_identify(+bus_conv_fcns/+ros2/+msgToBus) by extension 'ros'
[0.389s] Level 1:colcon.colcon_core.package_identification:_identify(+bus_conv_fcns/+ros2/+msgToBus) by extensions ['cmake', 'python']
[0.389s] Level 1:colcon.colcon_core.package_identification:_identify(+bus_conv_fcns/+ros2/+msgToBus) by extension 'cmake'
[0.389s] Level 1:colcon.colcon_core.package_identification:_identify(+bus_conv_fcns/+ros2/+msgToBus) by extension 'python'
[0.389s] Level 1:colcon.colcon_core.package_identification:_identify(+bus_conv_fcns/+ros2/+msgToBus) by extensions ['python_setup_py']
[0.389s] Level 1:colcon.colcon_core.package_identification:_identify(+bus_conv_fcns/+ros2/+msgToBus) by extension 'python_setup_py'
[0.390s] Level 1:colcon.colcon_core.package_identification:_identify(+bus_conv_fcns/+ros2/+msgToBus/+tugas_opencv) by extensions ['ignore', 'ignore_ament_install']
[0.390s] Level 1:colcon.colcon_core.package_identification:_identify(+bus_conv_fcns/+ros2/+msgToBus/+tugas_opencv) by extension 'ignore'
[0.390s] Level 1:colcon.colcon_core.package_identification:_identify(+bus_conv_fcns/+ros2/+msgToBus/+tugas_opencv) by extension 'ignore_ament_install'
[0.390s] Level 1:colcon.colcon_core.package_identification:_identify(+bus_conv_fcns/+ros2/+msgToBus/+tugas_opencv) by extensions ['colcon_pkg']
[0.390s] Level 1:colcon.colcon_core.package_identification:_identify(+bus_conv_fcns/+ros2/+msgToBus/+tugas_opencv) by extension 'colcon_pkg'
[0.390s] Level 1:colcon.colcon_core.package_identification:_identify(+bus_conv_fcns/+ros2/+msgToBus/+tugas_opencv) by extensions ['colcon_meta']
[0.390s] Level 1:colcon.colcon_core.package_identification:_identify(+bus_conv_fcns/+ros2/+msgToBus/+tugas_opencv) by extension 'colcon_meta'
[0.390s] Level 1:colcon.colcon_core.package_identification:_identify(+bus_conv_fcns/+ros2/+msgToBus/+tugas_opencv) by extensions ['ros']
[0.390s] Level 1:colcon.colcon_core.package_identification:_identify(+bus_conv_fcns/+ros2/+msgToBus/+tugas_opencv) by extension 'ros'
[0.390s] Level 1:colcon.colcon_core.package_identification:_identify(+bus_conv_fcns/+ros2/+msgToBus/+tugas_opencv) by extensions ['cmake', 'python']
[0.390s] Level 1:colcon.colcon_core.package_identification:_identify(+bus_conv_fcns/+ros2/+msgToBus/+tugas_opencv) by extension 'cmake'
[0.390s] Level 1:colcon.colcon_core.package_identification:_identify(+bus_conv_fcns/+ros2/+msgToBus/+tugas_opencv) by extension 'python'
[0.390s] Level 1:colcon.colcon_core.package_identification:_identify(+bus_conv_fcns/+ros2/+msgToBus/+tugas_opencv) by extensions ['python_setup_py']
[0.390s] Level 1:colcon.colcon_core.package_identification:_identify(+bus_conv_fcns/+ros2/+msgToBus/+tugas_opencv) by extension 'python_setup_py'
[0.390s] Level 1:colcon.colcon_core.package_identification:_identify(build) by extensions ['ignore', 'ignore_ament_install']
[0.390s] Level 1:colcon.colcon_core.package_identification:_identify(build) by extension 'ignore'
[0.390s] Level 1:colcon.colcon_core.package_identification:_identify(build) ignored
[0.390s] Level 1:colcon.colcon_core.package_identification:_identify(install) by extensions ['ignore', 'ignore_ament_install']
[0.390s] Level 1:colcon.colcon_core.package_identification:_identify(install) by extension 'ignore'
[0.390s] Level 1:colcon.colcon_core.package_identification:_identify(install) ignored
[0.390s] Level 1:colcon.colcon_core.package_identification:_identify(log) by extensions ['ignore', 'ignore_ament_install']
[0.390s] Level 1:colcon.colcon_core.package_identification:_identify(log) by extension 'ignore'
[0.390s] Level 1:colcon.colcon_core.package_identification:_identify(log) ignored
[0.390s] Level 1:colcon.colcon_core.package_identification:_identify(matlab) by extensions ['ignore', 'ignore_ament_install']
[0.390s] Level 1:colcon.colcon_core.package_identification:_identify(matlab) by extension 'ignore'
[0.390s] Level 1:colcon.colcon_core.package_identification:_identify(matlab) by extension 'ignore_ament_install'
[0.390s] Level 1:colcon.colcon_core.package_identification:_identify(matlab) by extensions ['colcon_pkg']
[0.390s] Level 1:colcon.colcon_core.package_identification:_identify(matlab) by extension 'colcon_pkg'
[0.390s] Level 1:colcon.colcon_core.package_identification:_identify(matlab) by extensions ['colcon_meta']
[0.390s] Level 1:colcon.colcon_core.package_identification:_identify(matlab) by extension 'colcon_meta'
[0.390s] Level 1:colcon.colcon_core.package_identification:_identify(matlab) by extensions ['ros']
[0.390s] Level 1:colcon.colcon_core.package_identification:_identify(matlab) by extension 'ros'
[0.390s] Level 1:colcon.colcon_core.package_identification:_identify(matlab) by extensions ['cmake', 'python']
[0.390s] Level 1:colcon.colcon_core.package_identification:_identify(matlab) by extension 'cmake'
[0.390s] Level 1:colcon.colcon_core.package_identification:_identify(matlab) by extension 'python'
[0.390s] Level 1:colcon.colcon_core.package_identification:_identify(matlab) by extensions ['python_setup_py']
[0.390s] Level 1:colcon.colcon_core.package_identification:_identify(matlab) by extension 'python_setup_py'
[0.390s] Level 1:colcon.colcon_core.package_identification:_identify(slprj) by extensions ['ignore', 'ignore_ament_install']
[0.390s] Level 1:colcon.colcon_core.package_identification:_identify(slprj) by extension 'ignore'
[0.390s] Level 1:colcon.colcon_core.package_identification:_identify(slprj) by extension 'ignore_ament_install'
[0.390s] Level 1:colcon.colcon_core.package_identification:_identify(slprj) by extensions ['colcon_pkg']
[0.390s] Level 1:colcon.colcon_core.package_identification:_identify(slprj) by extension 'colcon_pkg'
[0.390s] Level 1:colcon.colcon_core.package_identification:_identify(slprj) by extensions ['colcon_meta']
[0.390s] Level 1:colcon.colcon_core.package_identification:_identify(slprj) by extension 'colcon_meta'
[0.390s] Level 1:colcon.colcon_core.package_identification:_identify(slprj) by extensions ['ros']
[0.390s] Level 1:colcon.colcon_core.package_identification:_identify(slprj) by extension 'ros'
[0.390s] Level 1:colcon.colcon_core.package_identification:_identify(slprj) by extensions ['cmake', 'python']
[0.390s] Level 1:colcon.colcon_core.package_identification:_identify(slprj) by extension 'cmake'
[0.390s] Level 1:colcon.colcon_core.package_identification:_identify(slprj) by extension 'python'
[0.390s] Level 1:colcon.colcon_core.package_identification:_identify(slprj) by extensions ['python_setup_py']
[0.390s] Level 1:colcon.colcon_core.package_identification:_identify(slprj) by extension 'python_setup_py'
[0.391s] Level 1:colcon.colcon_core.package_identification:_identify(slprj/_jitprj) by extensions ['ignore', 'ignore_ament_install']
[0.391s] Level 1:colcon.colcon_core.package_identification:_identify(slprj/_jitprj) by extension 'ignore'
[0.391s] Level 1:colcon.colcon_core.package_identification:_identify(slprj/_jitprj) by extension 'ignore_ament_install'
[0.391s] Level 1:colcon.colcon_core.package_identification:_identify(slprj/_jitprj) by extensions ['colcon_pkg']
[0.391s] Level 1:colcon.colcon_core.package_identification:_identify(slprj/_jitprj) by extension 'colcon_pkg'
[0.391s] Level 1:colcon.colcon_core.package_identification:_identify(slprj/_jitprj) by extensions ['colcon_meta']
[0.391s] Level 1:colcon.colcon_core.package_identification:_identify(slprj/_jitprj) by extension 'colcon_meta'
[0.391s] Level 1:colcon.colcon_core.package_identification:_identify(slprj/_jitprj) by extensions ['ros']
[0.391s] Level 1:colcon.colcon_core.package_identification:_identify(slprj/_jitprj) by extension 'ros'
[0.391s] Level 1:colcon.colcon_core.package_identification:_identify(slprj/_jitprj) by extensions ['cmake', 'python']
[0.391s] Level 1:colcon.colcon_core.package_identification:_identify(slprj/_jitprj) by extension 'cmake'
[0.391s] Level 1:colcon.colcon_core.package_identification:_identify(slprj/_jitprj) by extension 'python'
[0.391s] Level 1:colcon.colcon_core.package_identification:_identify(slprj/_jitprj) by extensions ['python_setup_py']
[0.391s] Level 1:colcon.colcon_core.package_identification:_identify(slprj/_jitprj) by extension 'python_setup_py'
[0.391s] Level 1:colcon.colcon_core.package_identification:_identify(slprj/_sfprj) by extensions ['ignore', 'ignore_ament_install']
[0.391s] Level 1:colcon.colcon_core.package_identification:_identify(slprj/_sfprj) by extension 'ignore'
[0.391s] Level 1:colcon.colcon_core.package_identification:_identify(slprj/_sfprj) by extension 'ignore_ament_install'
[0.391s] Level 1:colcon.colcon_core.package_identification:_identify(slprj/_sfprj) by extensions ['colcon_pkg']
[0.391s] Level 1:colcon.colcon_core.package_identification:_identify(slprj/_sfprj) by extension 'colcon_pkg'
[0.391s] Level 1:colcon.colcon_core.package_identification:_identify(slprj/_sfprj) by extensions ['colcon_meta']
[0.391s] Level 1:colcon.colcon_core.package_identification:_identify(slprj/_sfprj) by extension 'colcon_meta'
[0.391s] Level 1:colcon.colcon_core.package_identification:_identify(slprj/_sfprj) by extensions ['ros']
[0.391s] Level 1:colcon.colcon_core.package_identification:_identify(slprj/_sfprj) by extension 'ros'
[0.391s] Level 1:colcon.colcon_core.package_identification:_identify(slprj/_sfprj) by extensions ['cmake', 'python']
[0.391s] Level 1:colcon.colcon_core.package_identification:_identify(slprj/_sfprj) by extension 'cmake'
[0.391s] Level 1:colcon.colcon_core.package_identification:_identify(slprj/_sfprj) by extension 'python'
[0.391s] Level 1:colcon.colcon_core.package_identification:_identify(slprj/_sfprj) by extensions ['python_setup_py']
[0.391s] Level 1:colcon.colcon_core.package_identification:_identify(slprj/_sfprj) by extension 'python_setup_py'
[0.391s] Level 1:colcon.colcon_core.package_identification:_identify(slprj/_sfprj/EMLReport) by extensions ['ignore', 'ignore_ament_install']
[0.391s] Level 1:colcon.colcon_core.package_identification:_identify(slprj/_sfprj/EMLReport) by extension 'ignore'
[0.391s] Level 1:colcon.colcon_core.package_identification:_identify(slprj/_sfprj/EMLReport) by extension 'ignore_ament_install'
[0.391s] Level 1:colcon.colcon_core.package_identification:_identify(slprj/_sfprj/EMLReport) by extensions ['colcon_pkg']
[0.391s] Level 1:colcon.colcon_core.package_identification:_identify(slprj/_sfprj/EMLReport) by extension 'colcon_pkg'
[0.391s] Level 1:colcon.colcon_core.package_identification:_identify(slprj/_sfprj/EMLReport) by extensions ['colcon_meta']
[0.391s] Level 1:colcon.colcon_core.package_identification:_identify(slprj/_sfprj/EMLReport) by extension 'colcon_meta'
[0.391s] Level 1:colcon.colcon_core.package_identification:_identify(slprj/_sfprj/EMLReport) by extensions ['ros']
[0.391s] Level 1:colcon.colcon_core.package_identification:_identify(slprj/_sfprj/EMLReport) by extension 'ros'
[0.391s] Level 1:colcon.colcon_core.package_identification:_identify(slprj/_sfprj/EMLReport) by extensions ['cmake', 'python']
[0.391s] Level 1:colcon.colcon_core.package_identification:_identify(slprj/_sfprj/EMLReport) by extension 'cmake'
[0.391s] Level 1:colcon.colcon_core.package_identification:_identify(slprj/_sfprj/EMLReport) by extension 'python'
[0.391s] Level 1:colcon.colcon_core.package_identification:_identify(slprj/_sfprj/EMLReport) by extensions ['python_setup_py']
[0.391s] Level 1:colcon.colcon_core.package_identification:_identify(slprj/_sfprj/EMLReport) by extension 'python_setup_py'
[0.391s] Level 1:colcon.colcon_core.package_identification:_identify(slprj/_sfprj/EMLReport/sUmGXGKygZC3WTFiqyLltsG) by extensions ['ignore', 'ignore_ament_install']
[0.391s] Level 1:colcon.colcon_core.package_identification:_identify(slprj/_sfprj/EMLReport/sUmGXGKygZC3WTFiqyLltsG) by extension 'ignore'
[0.391s] Level 1:colcon.colcon_core.package_identification:_identify(slprj/_sfprj/EMLReport/sUmGXGKygZC3WTFiqyLltsG) by extension 'ignore_ament_install'
[0.391s] Level 1:colcon.colcon_core.package_identification:_identify(slprj/_sfprj/EMLReport/sUmGXGKygZC3WTFiqyLltsG) by extensions ['colcon_pkg']
[0.391s] Level 1:colcon.colcon_core.package_identification:_identify(slprj/_sfprj/EMLReport/sUmGXGKygZC3WTFiqyLltsG) by extension 'colcon_pkg'
[0.391s] Level 1:colcon.colcon_core.package_identification:_identify(slprj/_sfprj/EMLReport/sUmGXGKygZC3WTFiqyLltsG) by extensions ['colcon_meta']
[0.391s] Level 1:colcon.colcon_core.package_identification:_identify(slprj/_sfprj/EMLReport/sUmGXGKygZC3WTFiqyLltsG) by extension 'colcon_meta'
[0.391s] Level 1:colcon.colcon_core.package_identification:_identify(slprj/_sfprj/EMLReport/sUmGXGKygZC3WTFiqyLltsG) by extensions ['ros']
[0.391s] Level 1:colcon.colcon_core.package_identification:_identify(slprj/_sfprj/EMLReport/sUmGXGKygZC3WTFiqyLltsG) by extension 'ros'
[0.391s] Level 1:colcon.colcon_core.package_identification:_identify(slprj/_sfprj/EMLReport/sUmGXGKygZC3WTFiqyLltsG) by extensions ['cmake', 'python']
[0.391s] Level 1:colcon.colcon_core.package_identification:_identify(slprj/_sfprj/EMLReport/sUmGXGKygZC3WTFiqyLltsG) by extension 'cmake'
[0.391s] Level 1:colcon.colcon_core.package_identification:_identify(slprj/_sfprj/EMLReport/sUmGXGKygZC3WTFiqyLltsG) by extension 'python'
[0.391s] Level 1:colcon.colcon_core.package_identification:_identify(slprj/_sfprj/EMLReport/sUmGXGKygZC3WTFiqyLltsG) by extensions ['python_setup_py']
[0.391s] Level 1:colcon.colcon_core.package_identification:_identify(slprj/_sfprj/EMLReport/sUmGXGKygZC3WTFiqyLltsG) by extension 'python_setup_py'
[0.391s] Level 1:colcon.colcon_core.package_identification:_identify(slprj/_sfprj/untitled1) by extensions ['ignore', 'ignore_ament_install']
[0.392s] Level 1:colcon.colcon_core.package_identification:_identify(slprj/_sfprj/untitled1) by extension 'ignore'
[0.392s] Level 1:colcon.colcon_core.package_identification:_identify(slprj/_sfprj/untitled1) by extension 'ignore_ament_install'
[0.392s] Level 1:colcon.colcon_core.package_identification:_identify(slprj/_sfprj/untitled1) by extensions ['colcon_pkg']
[0.392s] Level 1:colcon.colcon_core.package_identification:_identify(slprj/_sfprj/untitled1) by extension 'colcon_pkg'
[0.392s] Level 1:colcon.colcon_core.package_identification:_identify(slprj/_sfprj/untitled1) by extensions ['colcon_meta']
[0.392s] Level 1:colcon.colcon_core.package_identification:_identify(slprj/_sfprj/untitled1) by extension 'colcon_meta'
[0.392s] Level 1:colcon.colcon_core.package_identification:_identify(slprj/_sfprj/untitled1) by extensions ['ros']
[0.392s] Level 1:colcon.colcon_core.package_identification:_identify(slprj/_sfprj/untitled1) by extension 'ros'
[0.392s] Level 1:colcon.colcon_core.package_identification:_identify(slprj/_sfprj/untitled1) by extensions ['cmake', 'python']
[0.392s] Level 1:colcon.colcon_core.package_identification:_identify(slprj/_sfprj/untitled1) by extension 'cmake'
[0.392s] Level 1:colcon.colcon_core.package_identification:_identify(slprj/_sfprj/untitled1) by extension 'python'
[0.392s] Level 1:colcon.colcon_core.package_identification:_identify(slprj/_sfprj/untitled1) by extensions ['python_setup_py']
[0.392s] Level 1:colcon.colcon_core.package_identification:_identify(slprj/_sfprj/untitled1) by extension 'python_setup_py'
[0.392s] Level 1:colcon.colcon_core.package_identification:_identify(slprj/_sfprj/untitled1/_self) by extensions ['ignore', 'ignore_ament_install']
[0.392s] Level 1:colcon.colcon_core.package_identification:_identify(slprj/_sfprj/untitled1/_self) by extension 'ignore'
[0.392s] Level 1:colcon.colcon_core.package_identification:_identify(slprj/_sfprj/untitled1/_self) by extension 'ignore_ament_install'
[0.392s] Level 1:colcon.colcon_core.package_identification:_identify(slprj/_sfprj/untitled1/_self) by extensions ['colcon_pkg']
[0.392s] Level 1:colcon.colcon_core.package_identification:_identify(slprj/_sfprj/untitled1/_self) by extension 'colcon_pkg'
[0.392s] Level 1:colcon.colcon_core.package_identification:_identify(slprj/_sfprj/untitled1/_self) by extensions ['colcon_meta']
[0.392s] Level 1:colcon.colcon_core.package_identification:_identify(slprj/_sfprj/untitled1/_self) by extension 'colcon_meta'
[0.392s] Level 1:colcon.colcon_core.package_identification:_identify(slprj/_sfprj/untitled1/_self) by extensions ['ros']
[0.392s] Level 1:colcon.colcon_core.package_identification:_identify(slprj/_sfprj/untitled1/_self) by extension 'ros'
[0.392s] Level 1:colcon.colcon_core.package_identification:_identify(slprj/_sfprj/untitled1/_self) by extensions ['cmake', 'python']
[0.392s] Level 1:colcon.colcon_core.package_identification:_identify(slprj/_sfprj/untitled1/_self) by extension 'cmake'
[0.392s] Level 1:colcon.colcon_core.package_identification:_identify(slprj/_sfprj/untitled1/_self) by extension 'python'
[0.392s] Level 1:colcon.colcon_core.package_identification:_identify(slprj/_sfprj/untitled1/_self) by extensions ['python_setup_py']
[0.392s] Level 1:colcon.colcon_core.package_identification:_identify(slprj/_sfprj/untitled1/_self) by extension 'python_setup_py'
[0.392s] Level 1:colcon.colcon_core.package_identification:_identify(slprj/_sfprj/untitled1/_self/sfun) by extensions ['ignore', 'ignore_ament_install']
[0.392s] Level 1:colcon.colcon_core.package_identification:_identify(slprj/_sfprj/untitled1/_self/sfun) by extension 'ignore'
[0.392s] Level 1:colcon.colcon_core.package_identification:_identify(slprj/_sfprj/untitled1/_self/sfun) by extension 'ignore_ament_install'
[0.392s] Level 1:colcon.colcon_core.package_identification:_identify(slprj/_sfprj/untitled1/_self/sfun) by extensions ['colcon_pkg']
[0.392s] Level 1:colcon.colcon_core.package_identification:_identify(slprj/_sfprj/untitled1/_self/sfun) by extension 'colcon_pkg'
[0.392s] Level 1:colcon.colcon_core.package_identification:_identify(slprj/_sfprj/untitled1/_self/sfun) by extensions ['colcon_meta']
[0.392s] Level 1:colcon.colcon_core.package_identification:_identify(slprj/_sfprj/untitled1/_self/sfun) by extension 'colcon_meta'
[0.392s] Level 1:colcon.colcon_core.package_identification:_identify(slprj/_sfprj/untitled1/_self/sfun) by extensions ['ros']
[0.392s] Level 1:colcon.colcon_core.package_identification:_identify(slprj/_sfprj/untitled1/_self/sfun) by extension 'ros'
[0.392s] Level 1:colcon.colcon_core.package_identification:_identify(slprj/_sfprj/untitled1/_self/sfun) by extensions ['cmake', 'python']
[0.392s] Level 1:colcon.colcon_core.package_identification:_identify(slprj/_sfprj/untitled1/_self/sfun) by extension 'cmake'
[0.392s] Level 1:colcon.colcon_core.package_identification:_identify(slprj/_sfprj/untitled1/_self/sfun) by extension 'python'
[0.392s] Level 1:colcon.colcon_core.package_identification:_identify(slprj/_sfprj/untitled1/_self/sfun) by extensions ['python_setup_py']
[0.392s] Level 1:colcon.colcon_core.package_identification:_identify(slprj/_sfprj/untitled1/_self/sfun) by extension 'python_setup_py'
[0.392s] Level 1:colcon.colcon_core.package_identification:_identify(slprj/_sfprj/untitled1/_self/sfun/info) by extensions ['ignore', 'ignore_ament_install']
[0.392s] Level 1:colcon.colcon_core.package_identification:_identify(slprj/_sfprj/untitled1/_self/sfun/info) by extension 'ignore'
[0.392s] Level 1:colcon.colcon_core.package_identification:_identify(slprj/_sfprj/untitled1/_self/sfun/info) by extension 'ignore_ament_install'
[0.392s] Level 1:colcon.colcon_core.package_identification:_identify(slprj/_sfprj/untitled1/_self/sfun/info) by extensions ['colcon_pkg']
[0.392s] Level 1:colcon.colcon_core.package_identification:_identify(slprj/_sfprj/untitled1/_self/sfun/info) by extension 'colcon_pkg'
[0.392s] Level 1:colcon.colcon_core.package_identification:_identify(slprj/_sfprj/untitled1/_self/sfun/info) by extensions ['colcon_meta']
[0.392s] Level 1:colcon.colcon_core.package_identification:_identify(slprj/_sfprj/untitled1/_self/sfun/info) by extension 'colcon_meta'
[0.392s] Level 1:colcon.colcon_core.package_identification:_identify(slprj/_sfprj/untitled1/_self/sfun/info) by extensions ['ros']
[0.392s] Level 1:colcon.colcon_core.package_identification:_identify(slprj/_sfprj/untitled1/_self/sfun/info) by extension 'ros'
[0.392s] Level 1:colcon.colcon_core.package_identification:_identify(slprj/_sfprj/untitled1/_self/sfun/info) by extensions ['cmake', 'python']
[0.392s] Level 1:colcon.colcon_core.package_identification:_identify(slprj/_sfprj/untitled1/_self/sfun/info) by extension 'cmake'
[0.392s] Level 1:colcon.colcon_core.package_identification:_identify(slprj/_sfprj/untitled1/_self/sfun/info) by extension 'python'
[0.392s] Level 1:colcon.colcon_core.package_identification:_identify(slprj/_sfprj/untitled1/_self/sfun/info) by extensions ['python_setup_py']
[0.392s] Level 1:colcon.colcon_core.package_identification:_identify(slprj/_sfprj/untitled1/_self/sfun/info) by extension 'python_setup_py'
[0.392s] Level 1:colcon.colcon_core.package_identification:_identify(slprj/sim) by extensions ['ignore', 'ignore_ament_install']
[0.392s] Level 1:colcon.colcon_core.package_identification:_identify(slprj/sim) by extension 'ignore'
[0.393s] Level 1:colcon.colcon_core.package_identification:_identify(slprj/sim) by extension 'ignore_ament_install'
[0.393s] Level 1:colcon.colcon_core.package_identification:_identify(slprj/sim) by extensions ['colcon_pkg']
[0.393s] Level 1:colcon.colcon_core.package_identification:_identify(slprj/sim) by extension 'colcon_pkg'
[0.393s] Level 1:colcon.colcon_core.package_identification:_identify(slprj/sim) by extensions ['colcon_meta']
[0.393s] Level 1:colcon.colcon_core.package_identification:_identify(slprj/sim) by extension 'colcon_meta'
[0.393s] Level 1:colcon.colcon_core.package_identification:_identify(slprj/sim) by extensions ['ros']
[0.393s] Level 1:colcon.colcon_core.package_identification:_identify(slprj/sim) by extension 'ros'
[0.393s] Level 1:colcon.colcon_core.package_identification:_identify(slprj/sim) by extensions ['cmake', 'python']
[0.393s] Level 1:colcon.colcon_core.package_identification:_identify(slprj/sim) by extension 'cmake'
[0.393s] Level 1:colcon.colcon_core.package_identification:_identify(slprj/sim) by extension 'python'
[0.393s] Level 1:colcon.colcon_core.package_identification:_identify(slprj/sim) by extensions ['python_setup_py']
[0.393s] Level 1:colcon.colcon_core.package_identification:_identify(slprj/sim) by extension 'python_setup_py'
[0.393s] Level 1:colcon.colcon_core.package_identification:_identify(slprj/sim/varcache) by extensions ['ignore', 'ignore_ament_install']
[0.393s] Level 1:colcon.colcon_core.package_identification:_identify(slprj/sim/varcache) by extension 'ignore'
[0.393s] Level 1:colcon.colcon_core.package_identification:_identify(slprj/sim/varcache) by extension 'ignore_ament_install'
[0.393s] Level 1:colcon.colcon_core.package_identification:_identify(slprj/sim/varcache) by extensions ['colcon_pkg']
[0.393s] Level 1:colcon.colcon_core.package_identification:_identify(slprj/sim/varcache) by extension 'colcon_pkg'
[0.393s] Level 1:colcon.colcon_core.package_identification:_identify(slprj/sim/varcache) by extensions ['colcon_meta']
[0.393s] Level 1:colcon.colcon_core.package_identification:_identify(slprj/sim/varcache) by extension 'colcon_meta'
[0.393s] Level 1:colcon.colcon_core.package_identification:_identify(slprj/sim/varcache) by extensions ['ros']
[0.393s] Level 1:colcon.colcon_core.package_identification:_identify(slprj/sim/varcache) by extension 'ros'
[0.393s] Level 1:colcon.colcon_core.package_identification:_identify(slprj/sim/varcache) by extensions ['cmake', 'python']
[0.393s] Level 1:colcon.colcon_core.package_identification:_identify(slprj/sim/varcache) by extension 'cmake'
[0.393s] Level 1:colcon.colcon_core.package_identification:_identify(slprj/sim/varcache) by extension 'python'
[0.393s] Level 1:colcon.colcon_core.package_identification:_identify(slprj/sim/varcache) by extensions ['python_setup_py']
[0.393s] Level 1:colcon.colcon_core.package_identification:_identify(slprj/sim/varcache) by extension 'python_setup_py'
[0.393s] Level 1:colcon.colcon_core.package_identification:_identify(slprj/sim/varcache/untitled1) by extensions ['ignore', 'ignore_ament_install']
[0.393s] Level 1:colcon.colcon_core.package_identification:_identify(slprj/sim/varcache/untitled1) by extension 'ignore'
[0.393s] Level 1:colcon.colcon_core.package_identification:_identify(slprj/sim/varcache/untitled1) by extension 'ignore_ament_install'
[0.393s] Level 1:colcon.colcon_core.package_identification:_identify(slprj/sim/varcache/untitled1) by extensions ['colcon_pkg']
[0.393s] Level 1:colcon.colcon_core.package_identification:_identify(slprj/sim/varcache/untitled1) by extension 'colcon_pkg'
[0.393s] Level 1:colcon.colcon_core.package_identification:_identify(slprj/sim/varcache/untitled1) by extensions ['colcon_meta']
[0.393s] Level 1:colcon.colcon_core.package_identification:_identify(slprj/sim/varcache/untitled1) by extension 'colcon_meta'
[0.393s] Level 1:colcon.colcon_core.package_identification:_identify(slprj/sim/varcache/untitled1) by extensions ['ros']
[0.393s] Level 1:colcon.colcon_core.package_identification:_identify(slprj/sim/varcache/untitled1) by extension 'ros'
[0.393s] Level 1:colcon.colcon_core.package_identification:_identify(slprj/sim/varcache/untitled1) by extensions ['cmake', 'python']
[0.393s] Level 1:colcon.colcon_core.package_identification:_identify(slprj/sim/varcache/untitled1) by extension 'cmake'
[0.393s] Level 1:colcon.colcon_core.package_identification:_identify(slprj/sim/varcache/untitled1) by extension 'python'
[0.393s] Level 1:colcon.colcon_core.package_identification:_identify(slprj/sim/varcache/untitled1) by extensions ['python_setup_py']
[0.393s] Level 1:colcon.colcon_core.package_identification:_identify(slprj/sim/varcache/untitled1) by extension 'python_setup_py'
[0.393s] Level 1:colcon.colcon_core.package_identification:_identify(slprj/sim/varcache/untitled1/tmwinternal) by extensions ['ignore', 'ignore_ament_install']
[0.393s] Level 1:colcon.colcon_core.package_identification:_identify(slprj/sim/varcache/untitled1/tmwinternal) by extension 'ignore'
[0.393s] Level 1:colcon.colcon_core.package_identification:_identify(slprj/sim/varcache/untitled1/tmwinternal) by extension 'ignore_ament_install'
[0.393s] Level 1:colcon.colcon_core.package_identification:_identify(slprj/sim/varcache/untitled1/tmwinternal) by extensions ['colcon_pkg']
[0.393s] Level 1:colcon.colcon_core.package_identification:_identify(slprj/sim/varcache/untitled1/tmwinternal) by extension 'colcon_pkg'
[0.393s] Level 1:colcon.colcon_core.package_identification:_identify(slprj/sim/varcache/untitled1/tmwinternal) by extensions ['colcon_meta']
[0.393s] Level 1:colcon.colcon_core.package_identification:_identify(slprj/sim/varcache/untitled1/tmwinternal) by extension 'colcon_meta'
[0.393s] Level 1:colcon.colcon_core.package_identification:_identify(slprj/sim/varcache/untitled1/tmwinternal) by extensions ['ros']
[0.393s] Level 1:colcon.colcon_core.package_identification:_identify(slprj/sim/varcache/untitled1/tmwinternal) by extension 'ros'
[0.393s] Level 1:colcon.colcon_core.package_identification:_identify(slprj/sim/varcache/untitled1/tmwinternal) by extensions ['cmake', 'python']
[0.393s] Level 1:colcon.colcon_core.package_identification:_identify(slprj/sim/varcache/untitled1/tmwinternal) by extension 'cmake'
[0.393s] Level 1:colcon.colcon_core.package_identification:_identify(slprj/sim/varcache/untitled1/tmwinternal) by extension 'python'
[0.393s] Level 1:colcon.colcon_core.package_identification:_identify(slprj/sim/varcache/untitled1/tmwinternal) by extensions ['python_setup_py']
[0.393s] Level 1:colcon.colcon_core.package_identification:_identify(slprj/sim/varcache/untitled1/tmwinternal) by extension 'python_setup_py'
[0.393s] Level 1:colcon.colcon_core.package_discovery:discover_packages(recursive) using defaults
[0.393s] Level 1:colcon.colcon_core.package_discovery:discover_packages(ignore) discover
[0.393s] Level 1:colcon.colcon_core.package_discovery:discover_packages(ignore) using defaults
[0.393s] Level 1:colcon.colcon_core.package_discovery:discover_packages(path) discover
[0.393s] Level 1:colcon.colcon_core.package_discovery:discover_packages(path) using defaults
[0.399s] WARNING:colcon.colcon_core.package_selection:ignoring unknown package 'tugas_opencv' in --packages-select
[0.428s] Level 1:colcon.colcon_core.package_discovery:discover_packages(prefix_path) check parameters
[0.428s] Level 1:colcon.colcon_core.package_discovery:discover_packages(prefix_path) discover
[0.439s] DEBUG:colcon.colcon_installed_package_information.package_discovery:Found 2 installed packages in /home/basten/ros2_ws/src/MagangBanyubramanta_Basten-Andika-Salim/src/install
[0.444s] DEBUG:colcon.colcon_installed_package_information.package_discovery:Found 284 installed packages in /opt/ros/humble
[0.445s] Level 1:colcon.colcon_core.package_discovery:discover_packages(prefix_path) using defaults
[0.475s] INFO:colcon.colcon_core.executor:Executing jobs using 'parallel' executor
[0.481s] DEBUG:colcon.colcon_parallel_executor.executor.parallel:run_until_complete
[0.481s] DEBUG:colcon.colcon_parallel_executor.executor.parallel:closing loop
[0.481s] DEBUG:colcon.colcon_parallel_executor.executor.parallel:loop closed
[0.481s] DEBUG:colcon.colcon_parallel_executor.executor.parallel:run_until_complete finished with '0'
[0.481s] DEBUG:colcon.colcon_core.event_reactor:joining thread
[0.489s] INFO:colcon.colcon_core.plugin_system:Skipping extension 'colcon_notification.desktop_notification.terminal_notifier': Not used on non-Darwin systems
[0.489s] INFO:colcon.colcon_core.plugin_system:Skipping extension 'colcon_notification.desktop_notification.win32': Not used on non-Windows systems
[0.489s] INFO:colcon.colcon_notification.desktop_notification:Sending desktop notification using 'notify2'
[0.500s] DEBUG:colcon.colcon_core.event_reactor:joined thread
[0.510s] INFO:colcon.colcon_core.plugin_system:Skipping extension 'colcon_core.shell.bat': Not used on non-Windows systems
[0.510s] INFO:colcon.colcon_core.shell:Creating prefix script '/home/basten/ros2_ws/src/MagangBanyubramanta_Basten-Andika-Salim/src/tugas_matlab/install/local_setup.ps1'
[0.510s] INFO:colcon.colcon_core.shell:Creating prefix util module '/home/basten/ros2_ws/src/MagangBanyubramanta_Basten-Andika-Salim/src/tugas_matlab/install/_local_setup_util_ps1.py'
[0.511s] INFO:colcon.colcon_core.shell:Creating prefix chain script '/home/basten/ros2_ws/src/MagangBanyubramanta_Basten-Andika-Salim/src/tugas_matlab/install/setup.ps1'
[0.516s] INFO:colcon.colcon_core.shell:Creating prefix script '/home/basten/ros2_ws/src/MagangBanyubramanta_Basten-Andika-Salim/src/tugas_matlab/install/local_setup.sh'
[0.516s] INFO:colcon.colcon_core.shell:Creating prefix util module '/home/basten/ros2_ws/src/MagangBanyubramanta_Basten-Andika-Salim/src/tugas_matlab/install/_local_setup_util_sh.py'
[0.516s] INFO:colcon.colcon_core.shell:Creating prefix chain script '/home/basten/ros2_ws/src/MagangBanyubramanta_Basten-Andika-Salim/src/tugas_matlab/install/setup.sh'
[0.522s] INFO:colcon.colcon_core.shell:Creating prefix script '/home/basten/ros2_ws/src/MagangBanyubramanta_Basten-Andika-Salim/src/tugas_matlab/install/local_setup.bash'
[0.522s] INFO:colcon.colcon_core.shell:Creating prefix chain script '/home/basten/ros2_ws/src/MagangBanyubramanta_Basten-Andika-Salim/src/tugas_matlab/install/setup.bash'
[0.528s] INFO:colcon.colcon_core.shell:Creating prefix script '/home/basten/ros2_ws/src/MagangBanyubramanta_Basten-Andika-Salim/src/tugas_matlab/install/local_setup.zsh'
[0.528s] INFO:colcon.colcon_core.shell:Creating prefix chain script '/home/basten/ros2_ws/src/MagangBanyubramanta_Basten-Andika-Salim/src/tugas_matlab/install/setup.zsh'
