-- Found ament_cmake: 1.3.8 (/opt/ros/humble/share/ament_cmake/cmake)
-- Found rclcpp: 16.0.8 (/opt/ros/humble/share/rclcpp/cmake)
-- Found rosidl_generator_c: 3.1.5 (/opt/ros/humble/share/rosidl_generator_c/cmake)
-- Found rosidl_adapter: 3.1.5 (/opt/ros/humble/share/rosidl_adapter/cmake)
-- Found rosidl_generator_cpp: 3.1.5 (/opt/ros/humble/share/rosidl_generator_cpp/cmake)
-- Using all available rosidl_typesupport_c: rosidl_typesupport_fastrtps_c;rosidl_typesupport_introspection_c
-- Using all available rosidl_typesupport_cpp: rosidl_typesupport_fastrtps_cpp;rosidl_typesupport_introspection_cpp
-- Found rmw_implementation_cmake: 6.1.1 (/opt/ros/humble/share/rmw_implementation_cmake/cmake)
-- Found rmw_fastrtps_cpp: 6.2.6 (/opt/ros/humble/share/rmw_fastrtps_cpp/cmake)
-- Using RMW implementation 'rmw_fastrtps_cpp' as default
-- Found sensor_msgs: 4.2.3 (/opt/ros/humble/share/sensor_msgs/cmake)
-- Found cv_bridge: 3.2.1 (/opt/ros/humble/share/cv_bridge/cmake)
-- Found rosidl_default_generators: 1.2.0 (/opt/ros/humble/share/rosidl_default_generators/cmake)
-- Found ament_cmake_ros: 0.10.0 (/opt/ros/humble/share/ament_cmake_ros/cmake)
-- Using all available rosidl_typesupport_c: rosidl_typesupport_fastrtps_c;rosidl_typesupport_introspection_c
-- Using all available rosidl_typesupport_cpp: rosidl_typesupport_fastrtps_cpp;rosidl_typesupport_introspection_cpp
-- Found PythonInterp: /usr/bin/python3 (found suitable version "3.10.12", minimum required is "3.6") 
-- Found python_cmake_module: 0.10.0 (/opt/ros/humble/share/python_cmake_module/cmake)
-- Found PythonLibs: /usr/lib/x86_64-linux-gnu/libpython3.10.so (found suitable version "3.10.12", minimum required is "3.5") 
-- Using PYTHON_EXECUTABLE: /usr/bin/python3
-- Using PYTHON_INCLUDE_DIRS: /usr/include/python3.10
-- Using PYTHON_LIBRARIES: /usr/lib/x86_64-linux-gnu/libpython3.10.so
-- Found PythonExtra: .so  
-- Found ament_lint_auto: 0.12.10 (/opt/ros/humble/share/ament_lint_auto/cmake)
-- Added test 'cppcheck' to perform static code analysis on C / C++ code
-- Configured cppcheck include dirs: 
-- Configured cppcheck exclude dirs and/or files: 
-- Added test 'lint_cmake' to check CMake code style
-- Added test 'uncrustify' to check C / C++ code style
-- Configured uncrustify additional arguments: 
-- Added test 'xmllint' to check XML markup files
-- Configuring done
-- Generating done
-- Build files have been written to: /home/basten/ros2_ws/src/MagangBanyubramanta_Basten-Andika-Salim/src/build/tugas_yolo_yolocpp
[35m[1mConsolidate compiler generated dependencies of target tugas_yolo_yolocpp__rosidl_generator_c[0m
[  3%] Built target tugas_yolo_yolocpp__cpp
[ 12%] Built target tugas_yolo_yolocpp__rosidl_generator_c
[ 12%] Built target ament_cmake_python_copy_tugas_yolo_yolocpp
[35m[1mConsolidate compiler generated dependencies of target tugas_yolo_yolocpp__rosidl_typesupport_cpp[0m
[35m[1mConsolidate compiler generated dependencies of target tugas_yolo_yolocpp__rosidl_typesupport_fastrtps_cpp[0m
[35m[1mConsolidate compiler generated dependencies of target tugas_yolo_yolocpp__rosidl_typesupport_c[0m
[35m[1mConsolidate compiler generated dependencies of target tugas_yolo_yolocpp__rosidl_typesupport_introspection_c[0m
[35m[1mConsolidate compiler generated dependencies of target tugas_yolo_yolocpp__rosidl_typesupport_introspection_cpp[0m
[35m[1mConsolidate compiler generated dependencies of target tugas_yolo_yolocpp__rosidl_typesupport_fastrtps_c[0m
[ 21%] Built target tugas_yolo_yolocpp__rosidl_typesupport_c
[ 30%] Built target tugas_yolo_yolocpp__rosidl_typesupport_cpp
[ 39%] Built target tugas_yolo_yolocpp__rosidl_typesupport_fastrtps_cpp
[ 48%] Built target tugas_yolo_yolocpp__rosidl_typesupport_introspection_c
[ 57%] Built target tugas_yolo_yolocpp__rosidl_typesupport_introspection_cpp
[35m[1mConsolidate compiler generated dependencies of target detect[0m
[ 66%] Built target tugas_yolo_yolocpp__rosidl_typesupport_fastrtps_c
[ 66%] Built target tugas_yolo_yolocpp
[ 69%] [32mBuilding CXX object CMakeFiles/detect.dir/src/detect.cpp.o[0m
[ 72%] [34m[1mGenerating Python code for ROS interfaces[0m
running egg_info
creating tugas_yolo_yolocpp.egg-info
writing tugas_yolo_yolocpp.egg-info/PKG-INFO
writing dependency_links to tugas_yolo_yolocpp.egg-info/dependency_links.txt
writing top-level names to tugas_yolo_yolocpp.egg-info/top_level.txt
writing manifest file 'tugas_yolo_yolocpp.egg-info/SOURCES.txt'
reading manifest file 'tugas_yolo_yolocpp.egg-info/SOURCES.txt'
writing manifest file 'tugas_yolo_yolocpp.egg-info/SOURCES.txt'
[ 72%] Built target ament_cmake_python_build_tugas_yolo_yolocpp_egg
[ 72%] Built target tugas_yolo_yolocpp__py
[ 75%] [32mBuilding C object CMakeFiles/tugas_yolo_yolocpp__rosidl_generator_py.dir/rosidl_generator_py/tugas_yolo_yolocpp/msg/_seen_s.c.o[0m
[ 78%] [32m[1mLinking C shared library rosidl_generator_py/tugas_yolo_yolocpp/libtugas_yolo_yolocpp__rosidl_generator_py.so[0m
[ 78%] Built target tugas_yolo_yolocpp__rosidl_generator_py
[ 84%] [32mBuilding C object CMakeFiles/tugas_yolo_yolocpp__rosidl_typesupport_fastrtps_c__pyext.dir/rosidl_generator_py/tugas_yolo_yolocpp/_tugas_yolo_yolocpp_s.ep.rosidl_typesupport_fastrtps_c.c.o[0m
[ 84%] [32mBuilding C object CMakeFiles/tugas_yolo_yolocpp__rosidl_typesupport_c__pyext.dir/rosidl_generator_py/tugas_yolo_yolocpp/_tugas_yolo_yolocpp_s.ep.rosidl_typesupport_c.c.o[0m
[ 87%] [32mBuilding C object CMakeFiles/tugas_yolo_yolocpp__rosidl_typesupport_introspection_c__pyext.dir/rosidl_generator_py/tugas_yolo_yolocpp/_tugas_yolo_yolocpp_s.ep.rosidl_typesupport_introspection_c.c.o[0m
[ 90%] [32m[1mLinking C shared library rosidl_generator_py/tugas_yolo_yolocpp/tugas_yolo_yolocpp_s__rosidl_typesupport_c.cpython-310-x86_64-linux-gnu.so[0m
[ 93%] [32m[1mLinking C shared library rosidl_generator_py/tugas_yolo_yolocpp/tugas_yolo_yolocpp_s__rosidl_typesupport_fastrtps_c.cpython-310-x86_64-linux-gnu.so[0m
[ 96%] [32m[1mLinking C shared library rosidl_generator_py/tugas_yolo_yolocpp/tugas_yolo_yolocpp_s__rosidl_typesupport_introspection_c.cpython-310-x86_64-linux-gnu.so[0m
[ 96%] Built target tugas_yolo_yolocpp__rosidl_typesupport_c__pyext
[ 96%] Built target tugas_yolo_yolocpp__rosidl_typesupport_introspection_c__pyext
[ 96%] Built target tugas_yolo_yolocpp__rosidl_typesupport_fastrtps_c__pyext
