[0.028s] Invoking command in '/home/basten/ros2_ws/src/MagangBanyubramanta_Basten-Andika-Salim/Ros2/src/build/xbox': CMAKE_PREFIX_PATH=${CMAKE_PREFIX_PATH}:/opt/ros/humble /usr/bin/cmake --build /home/basten/ros2_ws/src/MagangBanyubramanta_Basten-Andika-Salim/Ros2/src/build/xbox -- -j32 -l32
[0.040s] -- Found ament_cmake: 1.3.8 (/opt/ros/humble/share/ament_cmake/cmake)
[0.112s] -- Found sensor_msgs: 4.2.3 (/opt/ros/humble/share/sensor_msgs/cmake)
[0.124s] -- Found rosidl_generator_c: 3.1.5 (/opt/ros/humble/share/rosidl_generator_c/cmake)
[0.125s] -- Found rosidl_adapter: 3.1.5 (/opt/ros/humble/share/rosidl_adapter/cmake)
[0.128s] -- Found rosidl_generator_cpp: 3.1.5 (/opt/ros/humble/share/rosidl_generator_cpp/cmake)
[0.133s] -- Using all available rosidl_typesupport_c: rosidl_typesupport_fastrtps_c;rosidl_typesupport_introspection_c
[0.140s] -- Using all available rosidl_typesupport_cpp: rosidl_typesupport_fastrtps_cpp;rosidl_typesupport_introspection_cpp
[0.236s] -- Found rclcpp: 16.0.8 (/opt/ros/humble/share/rclcpp/cmake)
[0.258s] -- Found rmw_implementation_cmake: 6.1.1 (/opt/ros/humble/share/rmw_implementation_cmake/cmake)
[0.258s] -- Found rmw_fastrtps_cpp: 6.2.6 (/opt/ros/humble/share/rmw_fastrtps_cpp/cmake)
[0.314s] -- Using RMW implementation 'rmw_fastrtps_cpp' as default
[0.373s] -- Found rosidl_default_generators: 1.2.0 (/opt/ros/humble/share/rosidl_default_generators/cmake)
[0.495s] -- Found ament_cmake_ros: 0.10.0 (/opt/ros/humble/share/ament_cmake_ros/cmake)
[0.679s] -- Using all available rosidl_typesupport_c: rosidl_typesupport_fastrtps_c;rosidl_typesupport_introspection_c
[0.745s] -- Using all available rosidl_typesupport_cpp: rosidl_typesupport_fastrtps_cpp;rosidl_typesupport_introspection_cpp
[0.765s] -- Found python_cmake_module: 0.10.0 (/opt/ros/humble/share/python_cmake_module/cmake)
[0.784s] -- Using PYTHON_EXECUTABLE: /usr/bin/python3
[0.784s] -- Using PYTHON_INCLUDE_DIRS: /usr/include/python3.10
[0.784s] -- Using PYTHON_LIBRARIES: /usr/lib/x86_64-linux-gnu/libpython3.10.so
[0.793s] -- Found ament_lint_auto: 0.12.10 (/opt/ros/humble/share/ament_lint_auto/cmake)
[0.808s] -- Added test 'cppcheck' to perform static code analysis on C / C++ code
[0.809s] -- Configured cppcheck include dirs: 
[0.809s] -- Configured cppcheck exclude dirs and/or files: 
[0.810s] -- Added test 'flake8' to check Python code syntax and style conventions
[0.813s] -- Added test 'lint_cmake' to check CMake code style
[0.814s] -- Added test 'pep257' to check Python code against some of the docstring style conventions in PEP 257
[0.824s] -- Added test 'uncrustify' to check C / C++ code style
[0.824s] -- Configured uncrustify additional arguments: 
[0.826s] -- Added test 'xmllint' to check XML markup files
[0.826s] -- Configuring done
[0.840s] -- Generating done
[0.842s] -- Build files have been written to: /home/basten/ros2_ws/src/MagangBanyubramanta_Basten-Andika-Salim/Ros2/src/build/xbox
[0.856s] [  3%] [34m[1mGenerating C code for ROS interfaces[0m
[0.861s] [  6%] [34m[1mGenerating C++ code for ROS interfaces[0m
[0.865s] [  6%] Built target ament_cmake_python_copy_xbox
[0.954s] running egg_info
[0.961s] writing xbox.egg-info/PKG-INFO
[0.961s] writing dependency_links to xbox.egg-info/dependency_links.txt
[0.961s] writing top-level names to xbox.egg-info/top_level.txt
[0.969s] [35m[1mConsolidate compiler generated dependencies of target xbox__rosidl_generator_c[0m
[0.972s] [  6%] Built target xbox__cpp
[0.974s] [  9%] [32mBuilding C object CMakeFiles/xbox__rosidl_generator_c.dir/rosidl_generator_c/xbox/msg/detail/command__functions.c.o[0m
[0.977s] [ 12%] [34m[1mGenerating C++ type support dispatch for ROS interfaces[0m
[0.977s] [ 15%] [34m[1mGenerating C++ introspection for ROS interfaces[0m
[0.977s] [ 18%] [34m[1mGenerating C++ type support for eProsima Fast-RTPS[0m
[0.981s] reading manifest file 'xbox.egg-info/SOURCES.txt'
[0.981s] writing manifest file 'xbox.egg-info/SOURCES.txt'
[0.995s] [ 18%] Built target ament_cmake_python_build_xbox_egg
[0.996s] [ 21%] [32m[1mLinking C shared library libxbox__rosidl_generator_c.so[0m
[1.014s] [ 21%] Built target xbox__rosidl_generator_c
[1.019s] [ 24%] [34m[1mGenerating C type support for eProsima Fast-RTPS[0m
[1.019s] [ 27%] [34m[1mGenerating C introspection for ROS interfaces[0m
[1.020s] [ 30%] [34m[1mGenerating C type support dispatch for ROS interfaces[0m
[1.077s] [35m[1mConsolidate compiler generated dependencies of target xbox__rosidl_typesupport_cpp[0m
[1.083s] [ 33%] [32mBuilding CXX object CMakeFiles/xbox__rosidl_typesupport_cpp.dir/rosidl_typesupport_cpp/xbox/msg/command__type_support.cpp.o[0m
[1.083s] [35m[1mConsolidate compiler generated dependencies of target xbox__rosidl_typesupport_introspection_cpp[0m
[1.087s] [35m[1mConsolidate compiler generated dependencies of target xbox__rosidl_typesupport_fastrtps_cpp[0m
[1.089s] [ 36%] [32mBuilding CXX object CMakeFiles/xbox__rosidl_typesupport_introspection_cpp.dir/rosidl_typesupport_introspection_cpp/xbox/msg/detail/command__type_support.cpp.o[0m
[1.093s] [ 39%] [32mBuilding CXX object CMakeFiles/xbox__rosidl_typesupport_fastrtps_cpp.dir/rosidl_typesupport_fastrtps_cpp/xbox/msg/detail/dds_fastrtps/command__type_support.cpp.o[0m
[1.117s] [35m[1mConsolidate compiler generated dependencies of target xbox__rosidl_typesupport_c[0m
[1.123s] [ 42%] [32mBuilding CXX object CMakeFiles/xbox__rosidl_typesupport_c.dir/rosidl_typesupport_c/xbox/msg/command__type_support.cpp.o[0m
[1.127s] [35m[1mConsolidate compiler generated dependencies of target xbox__rosidl_typesupport_introspection_c[0m
[1.129s] [35m[1mConsolidate compiler generated dependencies of target xbox__rosidl_typesupport_fastrtps_c[0m
[1.134s] [ 45%] [32mBuilding C object CMakeFiles/xbox__rosidl_typesupport_introspection_c.dir/rosidl_typesupport_introspection_c/xbox/msg/detail/command__type_support.c.o[0m
[1.135s] [ 48%] [32mBuilding CXX object CMakeFiles/xbox__rosidl_typesupport_fastrtps_c.dir/rosidl_typesupport_fastrtps_c/xbox/msg/detail/command__type_support_c.cpp.o[0m
[1.137s] [ 51%] [32m[1mLinking CXX shared library libxbox__rosidl_typesupport_c.so[0m
[1.151s] [ 54%] [32m[1mLinking C shared library libxbox__rosidl_typesupport_introspection_c.so[0m
[1.158s] [ 54%] Built target xbox__rosidl_typesupport_c
[1.167s] [ 54%] Built target xbox__rosidl_typesupport_introspection_c
[1.199s] [ 57%] [32m[1mLinking CXX shared library libxbox__rosidl_typesupport_cpp.so[0m
[1.220s] [ 57%] Built target xbox__rosidl_typesupport_cpp
[1.225s] [35m[1mConsolidate compiler generated dependencies of target publisher[0m
[1.235s] [ 60%] [32mBuilding CXX object CMakeFiles/publisher.dir/src/publisher.cpp.o[0m
[1.247s] [ 63%] [32m[1mLinking CXX shared library libxbox__rosidl_typesupport_introspection_cpp.so[0m
[1.256s] [ 66%] [32m[1mLinking CXX shared library libxbox__rosidl_typesupport_fastrtps_cpp.so[0m
[1.267s] [ 66%] Built target xbox__rosidl_typesupport_introspection_cpp
[1.278s] [ 69%] [32m[1mLinking CXX shared library libxbox__rosidl_typesupport_fastrtps_c.so[0m
[1.292s] [ 69%] Built target xbox__rosidl_typesupport_fastrtps_cpp
[1.313s] [ 69%] Built target xbox__rosidl_typesupport_fastrtps_c
[1.323s] [ 69%] Built target xbox
[1.333s] [ 72%] [34m[1mGenerating Python code for ROS interfaces[0m
[1.465s] [ 72%] Built target xbox__py
[1.472s] [35m[1mConsolidate compiler generated dependencies of target xbox__rosidl_generator_py[0m
[1.480s] [ 75%] [32mBuilding C object CMakeFiles/xbox__rosidl_generator_py.dir/rosidl_generator_py/xbox/msg/_command_s.c.o[0m
[1.527s] [ 78%] [32m[1mLinking C shared library rosidl_generator_py/xbox/libxbox__rosidl_generator_py.so[0m
[1.546s] [ 78%] Built target xbox__rosidl_generator_py
[1.552s] [35m[1mConsolidate compiler generated dependencies of target xbox__rosidl_typesupport_fastrtps_c__pyext[0m
[1.552s] [35m[1mConsolidate compiler generated dependencies of target xbox__rosidl_typesupport_introspection_c__pyext[0m
[1.552s] [35m[1mConsolidate compiler generated dependencies of target xbox__rosidl_typesupport_c__pyext[0m
[1.558s] [ 81%] [32mBuilding C object CMakeFiles/xbox__rosidl_typesupport_fastrtps_c__pyext.dir/rosidl_generator_py/xbox/_xbox_s.ep.rosidl_typesupport_fastrtps_c.c.o[0m
[1.558s] [ 84%] [32mBuilding C object CMakeFiles/xbox__rosidl_typesupport_introspection_c__pyext.dir/rosidl_generator_py/xbox/_xbox_s.ep.rosidl_typesupport_introspection_c.c.o[0m
[1.558s] [ 87%] [32mBuilding C object CMakeFiles/xbox__rosidl_typesupport_c__pyext.dir/rosidl_generator_py/xbox/_xbox_s.ep.rosidl_typesupport_c.c.o[0m
[1.600s] [ 96%] [32m[1mLinking C shared library rosidl_generator_py/xbox/xbox_s__rosidl_typesupport_fastrtps_c.cpython-310-x86_64-linux-gnu.so[0m
[1.600s] [ 96%] [32m[1mLinking C shared library rosidl_generator_py/xbox/xbox_s__rosidl_typesupport_c.cpython-310-x86_64-linux-gnu.so[0m
[1.600s] [ 96%] [32m[1mLinking C shared library rosidl_generator_py/xbox/xbox_s__rosidl_typesupport_introspection_c.cpython-310-x86_64-linux-gnu.so[0m
[1.617s] [ 96%] Built target xbox__rosidl_typesupport_fastrtps_c__pyext
[1.617s] [ 96%] Built target xbox__rosidl_typesupport_c__pyext
[1.617s] [ 96%] Built target xbox__rosidl_typesupport_introspection_c__pyext
[4.967s] [100%] [32m[1mLinking CXX executable publisher[0m
[5.152s] [100%] Built target publisher
[5.164s] Invoked command in '/home/basten/ros2_ws/src/MagangBanyubramanta_Basten-Andika-Salim/Ros2/src/build/xbox' returned '0': CMAKE_PREFIX_PATH=${CMAKE_PREFIX_PATH}:/opt/ros/humble /usr/bin/cmake --build /home/basten/ros2_ws/src/MagangBanyubramanta_Basten-Andika-Salim/Ros2/src/build/xbox -- -j32 -l32
[5.216s] Invoking command in '/home/basten/ros2_ws/src/MagangBanyubramanta_Basten-Andika-Salim/Ros2/src/build/xbox': CMAKE_PREFIX_PATH=${CMAKE_PREFIX_PATH}:/opt/ros/humble /usr/bin/cmake --install /home/basten/ros2_ws/src/MagangBanyubramanta_Basten-Andika-Salim/Ros2/src/build/xbox
[5.224s] -- Install configuration: ""
[5.224s] -- Up-to-date: /home/basten/ros2_ws/src/MagangBanyubramanta_Basten-Andika-Salim/Ros2/src/install/xbox/share/ament_index/resource_index/rosidl_interfaces/xbox
[5.224s] -- Up-to-date: /home/basten/ros2_ws/src/MagangBanyubramanta_Basten-Andika-Salim/Ros2/src/install/xbox/include/xbox/xbox
[5.225s] -- Up-to-date: /home/basten/ros2_ws/src/MagangBanyubramanta_Basten-Andika-Salim/Ros2/src/install/xbox/include/xbox/xbox/msg
[5.225s] -- Up-to-date: /home/basten/ros2_ws/src/MagangBanyubramanta_Basten-Andika-Salim/Ros2/src/install/xbox/include/xbox/xbox/msg/rosidl_generator_c__visibility_control.h
[5.225s] -- Installing: /home/basten/ros2_ws/src/MagangBanyubramanta_Basten-Andika-Salim/Ros2/src/install/xbox/include/xbox/xbox/msg/command.h
[5.225s] -- Up-to-date: /home/basten/ros2_ws/src/MagangBanyubramanta_Basten-Andika-Salim/Ros2/src/install/xbox/include/xbox/xbox/msg/detail
[5.225s] -- Installing: /home/basten/ros2_ws/src/MagangBanyubramanta_Basten-Andika-Salim/Ros2/src/install/xbox/include/xbox/xbox/msg/detail/command__struct.h
[5.225s] -- Installing: /home/basten/ros2_ws/src/MagangBanyubramanta_Basten-Andika-Salim/Ros2/src/install/xbox/include/xbox/xbox/msg/detail/command__functions.c
[5.225s] -- Installing: /home/basten/ros2_ws/src/MagangBanyubramanta_Basten-Andika-Salim/Ros2/src/install/xbox/include/xbox/xbox/msg/detail/command__type_support.h
[5.226s] -- Installing: /home/basten/ros2_ws/src/MagangBanyubramanta_Basten-Andika-Salim/Ros2/src/install/xbox/include/xbox/xbox/msg/detail/command__functions.h
[5.226s] -- Up-to-date: /home/basten/ros2_ws/src/MagangBanyubramanta_Basten-Andika-Salim/Ros2/src/install/xbox/share/xbox/environment/library_path.sh
[5.226s] -- Installing: /home/basten/ros2_ws/src/MagangBanyubramanta_Basten-Andika-Salim/Ros2/src/install/xbox/share/xbox/environment/library_path.dsv
[5.226s] -- Installing: /home/basten/ros2_ws/src/MagangBanyubramanta_Basten-Andika-Salim/Ros2/src/install/xbox/lib/libxbox__rosidl_generator_c.so
[5.226s] -- Set runtime path of "/home/basten/ros2_ws/src/MagangBanyubramanta_Basten-Andika-Salim/Ros2/src/install/xbox/lib/libxbox__rosidl_generator_c.so" to ""
[5.226s] -- Up-to-date: /home/basten/ros2_ws/src/MagangBanyubramanta_Basten-Andika-Salim/Ros2/src/install/xbox/include/xbox/xbox
[5.226s] -- Up-to-date: /home/basten/ros2_ws/src/MagangBanyubramanta_Basten-Andika-Salim/Ros2/src/install/xbox/include/xbox/xbox/msg
[5.226s] -- Up-to-date: /home/basten/ros2_ws/src/MagangBanyubramanta_Basten-Andika-Salim/Ros2/src/install/xbox/include/xbox/xbox/msg/rosidl_typesupport_fastrtps_c__visibility_control.h
[5.226s] -- Up-to-date: /home/basten/ros2_ws/src/MagangBanyubramanta_Basten-Andika-Salim/Ros2/src/install/xbox/include/xbox/xbox/msg/detail
[5.226s] -- Installing: /home/basten/ros2_ws/src/MagangBanyubramanta_Basten-Andika-Salim/Ros2/src/install/xbox/include/xbox/xbox/msg/detail/command__rosidl_typesupport_fastrtps_c.h
[5.226s] -- Installing: /home/basten/ros2_ws/src/MagangBanyubramanta_Basten-Andika-Salim/Ros2/src/install/xbox/lib/libxbox__rosidl_typesupport_fastrtps_c.so
[5.227s] -- Set runtime path of "/home/basten/ros2_ws/src/MagangBanyubramanta_Basten-Andika-Salim/Ros2/src/install/xbox/lib/libxbox__rosidl_typesupport_fastrtps_c.so" to ""
[5.227s] -- Up-to-date: /home/basten/ros2_ws/src/MagangBanyubramanta_Basten-Andika-Salim/Ros2/src/install/xbox/include/xbox/xbox
[5.227s] -- Up-to-date: /home/basten/ros2_ws/src/MagangBanyubramanta_Basten-Andika-Salim/Ros2/src/install/xbox/include/xbox/xbox/msg
[5.227s] -- Installing: /home/basten/ros2_ws/src/MagangBanyubramanta_Basten-Andika-Salim/Ros2/src/install/xbox/include/xbox/xbox/msg/command.hpp
[5.227s] -- Up-to-date: /home/basten/ros2_ws/src/MagangBanyubramanta_Basten-Andika-Salim/Ros2/src/install/xbox/include/xbox/xbox/msg/detail
[5.227s] -- Installing: /home/basten/ros2_ws/src/MagangBanyubramanta_Basten-Andika-Salim/Ros2/src/install/xbox/include/xbox/xbox/msg/detail/command__traits.hpp
[5.227s] -- Installing: /home/basten/ros2_ws/src/MagangBanyubramanta_Basten-Andika-Salim/Ros2/src/install/xbox/include/xbox/xbox/msg/detail/command__builder.hpp
[5.227s] -- Installing: /home/basten/ros2_ws/src/MagangBanyubramanta_Basten-Andika-Salim/Ros2/src/install/xbox/include/xbox/xbox/msg/detail/command__struct.hpp
[5.227s] -- Up-to-date: /home/basten/ros2_ws/src/MagangBanyubramanta_Basten-Andika-Salim/Ros2/src/install/xbox/include/xbox/xbox
[5.227s] -- Up-to-date: /home/basten/ros2_ws/src/MagangBanyubramanta_Basten-Andika-Salim/Ros2/src/install/xbox/include/xbox/xbox/msg
[5.227s] -- Up-to-date: /home/basten/ros2_ws/src/MagangBanyubramanta_Basten-Andika-Salim/Ros2/src/install/xbox/include/xbox/xbox/msg/rosidl_typesupport_fastrtps_cpp__visibility_control.h
[5.227s] -- Up-to-date: /home/basten/ros2_ws/src/MagangBanyubramanta_Basten-Andika-Salim/Ros2/src/install/xbox/include/xbox/xbox/msg/detail
[5.227s] -- Installing: /home/basten/ros2_ws/src/MagangBanyubramanta_Basten-Andika-Salim/Ros2/src/install/xbox/include/xbox/xbox/msg/detail/command__rosidl_typesupport_fastrtps_cpp.hpp
[5.227s] -- Up-to-date: /home/basten/ros2_ws/src/MagangBanyubramanta_Basten-Andika-Salim/Ros2/src/install/xbox/include/xbox/xbox/msg/detail/dds_fastrtps
[5.227s] -- Installing: /home/basten/ros2_ws/src/MagangBanyubramanta_Basten-Andika-Salim/Ros2/src/install/xbox/lib/libxbox__rosidl_typesupport_fastrtps_cpp.so
[5.227s] -- Set runtime path of "/home/basten/ros2_ws/src/MagangBanyubramanta_Basten-Andika-Salim/Ros2/src/install/xbox/lib/libxbox__rosidl_typesupport_fastrtps_cpp.so" to ""
[5.228s] -- Up-to-date: /home/basten/ros2_ws/src/MagangBanyubramanta_Basten-Andika-Salim/Ros2/src/install/xbox/include/xbox/xbox
[5.228s] -- Up-to-date: /home/basten/ros2_ws/src/MagangBanyubramanta_Basten-Andika-Salim/Ros2/src/install/xbox/include/xbox/xbox/msg
[5.228s] -- Up-to-date: /home/basten/ros2_ws/src/MagangBanyubramanta_Basten-Andika-Salim/Ros2/src/install/xbox/include/xbox/xbox/msg/rosidl_typesupport_introspection_c__visibility_control.h
[5.228s] -- Up-to-date: /home/basten/ros2_ws/src/MagangBanyubramanta_Basten-Andika-Salim/Ros2/src/install/xbox/include/xbox/xbox/msg/detail
[5.228s] -- Installing: /home/basten/ros2_ws/src/MagangBanyubramanta_Basten-Andika-Salim/Ros2/src/install/xbox/include/xbox/xbox/msg/detail/command__type_support.c
[5.228s] -- Installing: /home/basten/ros2_ws/src/MagangBanyubramanta_Basten-Andika-Salim/Ros2/src/install/xbox/include/xbox/xbox/msg/detail/command__rosidl_typesupport_introspection_c.h
[5.228s] -- Installing: /home/basten/ros2_ws/src/MagangBanyubramanta_Basten-Andika-Salim/Ros2/src/install/xbox/lib/libxbox__rosidl_typesupport_introspection_c.so
[5.228s] -- Set runtime path of "/home/basten/ros2_ws/src/MagangBanyubramanta_Basten-Andika-Salim/Ros2/src/install/xbox/lib/libxbox__rosidl_typesupport_introspection_c.so" to ""
[5.228s] -- Installing: /home/basten/ros2_ws/src/MagangBanyubramanta_Basten-Andika-Salim/Ros2/src/install/xbox/lib/libxbox__rosidl_typesupport_c.so
[5.228s] -- Set runtime path of "/home/basten/ros2_ws/src/MagangBanyubramanta_Basten-Andika-Salim/Ros2/src/install/xbox/lib/libxbox__rosidl_typesupport_c.so" to ""
[5.228s] -- Up-to-date: /home/basten/ros2_ws/src/MagangBanyubramanta_Basten-Andika-Salim/Ros2/src/install/xbox/include/xbox/xbox
[5.228s] -- Up-to-date: /home/basten/ros2_ws/src/MagangBanyubramanta_Basten-Andika-Salim/Ros2/src/install/xbox/include/xbox/xbox/msg
[5.228s] -- Up-to-date: /home/basten/ros2_ws/src/MagangBanyubramanta_Basten-Andika-Salim/Ros2/src/install/xbox/include/xbox/xbox/msg/detail
[5.228s] -- Installing: /home/basten/ros2_ws/src/MagangBanyubramanta_Basten-Andika-Salim/Ros2/src/install/xbox/include/xbox/xbox/msg/detail/command__rosidl_typesupport_introspection_cpp.hpp
[5.229s] -- Installing: /home/basten/ros2_ws/src/MagangBanyubramanta_Basten-Andika-Salim/Ros2/src/install/xbox/include/xbox/xbox/msg/detail/command__type_support.cpp
[5.229s] -- Installing: /home/basten/ros2_ws/src/MagangBanyubramanta_Basten-Andika-Salim/Ros2/src/install/xbox/lib/libxbox__rosidl_typesupport_introspection_cpp.so
[5.229s] -- Set runtime path of "/home/basten/ros2_ws/src/MagangBanyubramanta_Basten-Andika-Salim/Ros2/src/install/xbox/lib/libxbox__rosidl_typesupport_introspection_cpp.so" to ""
[5.229s] -- Installing: /home/basten/ros2_ws/src/MagangBanyubramanta_Basten-Andika-Salim/Ros2/src/install/xbox/lib/libxbox__rosidl_typesupport_cpp.so
[5.229s] -- Set runtime path of "/home/basten/ros2_ws/src/MagangBanyubramanta_Basten-Andika-Salim/Ros2/src/install/xbox/lib/libxbox__rosidl_typesupport_cpp.so" to ""
[5.229s] -- Up-to-date: /home/basten/ros2_ws/src/MagangBanyubramanta_Basten-Andika-Salim/Ros2/src/install/xbox/share/xbox/environment/pythonpath.sh
[5.229s] -- Installing: /home/basten/ros2_ws/src/MagangBanyubramanta_Basten-Andika-Salim/Ros2/src/install/xbox/share/xbox/environment/pythonpath.dsv
[5.229s] -- Up-to-date: /home/basten/ros2_ws/src/MagangBanyubramanta_Basten-Andika-Salim/Ros2/src/install/xbox/local/lib/python3.10/dist-packages/xbox-0.0.0-py3.10.egg-info
[5.229s] -- Installing: /home/basten/ros2_ws/src/MagangBanyubramanta_Basten-Andika-Salim/Ros2/src/install/xbox/local/lib/python3.10/dist-packages/xbox-0.0.0-py3.10.egg-info/top_level.txt
[5.229s] -- Installing: /home/basten/ros2_ws/src/MagangBanyubramanta_Basten-Andika-Salim/Ros2/src/install/xbox/local/lib/python3.10/dist-packages/xbox-0.0.0-py3.10.egg-info/PKG-INFO
[5.229s] -- Installing: /home/basten/ros2_ws/src/MagangBanyubramanta_Basten-Andika-Salim/Ros2/src/install/xbox/local/lib/python3.10/dist-packages/xbox-0.0.0-py3.10.egg-info/dependency_links.txt
[5.230s] -- Installing: /home/basten/ros2_ws/src/MagangBanyubramanta_Basten-Andika-Salim/Ros2/src/install/xbox/local/lib/python3.10/dist-packages/xbox-0.0.0-py3.10.egg-info/SOURCES.txt
[5.230s] -- Up-to-date: /home/basten/ros2_ws/src/MagangBanyubramanta_Basten-Andika-Salim/Ros2/src/install/xbox/local/lib/python3.10/dist-packages/xbox
[5.230s] -- Installing: /home/basten/ros2_ws/src/MagangBanyubramanta_Basten-Andika-Salim/Ros2/src/install/xbox/local/lib/python3.10/dist-packages/xbox/xbox_s__rosidl_typesupport_c.cpython-310-x86_64-linux-gnu.so
[5.230s] -- Installing: /home/basten/ros2_ws/src/MagangBanyubramanta_Basten-Andika-Salim/Ros2/src/install/xbox/local/lib/python3.10/dist-packages/xbox/_xbox_s.ep.rosidl_typesupport_fastrtps_c.c
[5.230s] -- Installing: /home/basten/ros2_ws/src/MagangBanyubramanta_Basten-Andika-Salim/Ros2/src/install/xbox/local/lib/python3.10/dist-packages/xbox/xbox_s__rosidl_typesupport_introspection_c.cpython-310-x86_64-linux-gnu.so
[5.230s] -- Installing: /home/basten/ros2_ws/src/MagangBanyubramanta_Basten-Andika-Salim/Ros2/src/install/xbox/local/lib/python3.10/dist-packages/xbox/xbox_s__rosidl_typesupport_fastrtps_c.cpython-310-x86_64-linux-gnu.so
[5.230s] -- Installing: /home/basten/ros2_ws/src/MagangBanyubramanta_Basten-Andika-Salim/Ros2/src/install/xbox/local/lib/python3.10/dist-packages/xbox/_xbox_s.ep.rosidl_typesupport_introspection_c.c
[5.230s] -- Installing: /home/basten/ros2_ws/src/MagangBanyubramanta_Basten-Andika-Salim/Ros2/src/install/xbox/local/lib/python3.10/dist-packages/xbox/_xbox_s.ep.rosidl_typesupport_c.c
[5.230s] -- Installing: /home/basten/ros2_ws/src/MagangBanyubramanta_Basten-Andika-Salim/Ros2/src/install/xbox/local/lib/python3.10/dist-packages/xbox/__init__.py
[5.230s] -- Installing: /home/basten/ros2_ws/src/MagangBanyubramanta_Basten-Andika-Salim/Ros2/src/install/xbox/local/lib/python3.10/dist-packages/xbox/libxbox__rosidl_generator_py.so
[5.230s] -- Up-to-date: /home/basten/ros2_ws/src/MagangBanyubramanta_Basten-Andika-Salim/Ros2/src/install/xbox/local/lib/python3.10/dist-packages/xbox/msg
[5.230s] -- Installing: /home/basten/ros2_ws/src/MagangBanyubramanta_Basten-Andika-Salim/Ros2/src/install/xbox/local/lib/python3.10/dist-packages/xbox/msg/_command.py
[5.230s] -- Installing: /home/basten/ros2_ws/src/MagangBanyubramanta_Basten-Andika-Salim/Ros2/src/install/xbox/local/lib/python3.10/dist-packages/xbox/msg/__init__.py
[5.230s] -- Installing: /home/basten/ros2_ws/src/MagangBanyubramanta_Basten-Andika-Salim/Ros2/src/install/xbox/local/lib/python3.10/dist-packages/xbox/msg/_command_s.c
[5.251s] Listing '/home/basten/ros2_ws/src/MagangBanyubramanta_Basten-Andika-Salim/Ros2/src/install/xbox/local/lib/python3.10/dist-packages/xbox'...
[5.251s] Compiling '/home/basten/ros2_ws/src/MagangBanyubramanta_Basten-Andika-Salim/Ros2/src/install/xbox/local/lib/python3.10/dist-packages/xbox/__init__.py'...
[5.251s] Listing '/home/basten/ros2_ws/src/MagangBanyubramanta_Basten-Andika-Salim/Ros2/src/install/xbox/local/lib/python3.10/dist-packages/xbox/msg'...
[5.251s] Compiling '/home/basten/ros2_ws/src/MagangBanyubramanta_Basten-Andika-Salim/Ros2/src/install/xbox/local/lib/python3.10/dist-packages/xbox/msg/__init__.py'...
[5.251s] Compiling '/home/basten/ros2_ws/src/MagangBanyubramanta_Basten-Andika-Salim/Ros2/src/install/xbox/local/lib/python3.10/dist-packages/xbox/msg/_command.py'...
[5.253s] -- Installing: /home/basten/ros2_ws/src/MagangBanyubramanta_Basten-Andika-Salim/Ros2/src/install/xbox/local/lib/python3.10/dist-packages/xbox/xbox_s__rosidl_typesupport_fastrtps_c.cpython-310-x86_64-linux-gnu.so
[5.253s] -- Set runtime path of "/home/basten/ros2_ws/src/MagangBanyubramanta_Basten-Andika-Salim/Ros2/src/install/xbox/local/lib/python3.10/dist-packages/xbox/xbox_s__rosidl_typesupport_fastrtps_c.cpython-310-x86_64-linux-gnu.so" to ""
[5.254s] -- Installing: /home/basten/ros2_ws/src/MagangBanyubramanta_Basten-Andika-Salim/Ros2/src/install/xbox/local/lib/python3.10/dist-packages/xbox/xbox_s__rosidl_typesupport_introspection_c.cpython-310-x86_64-linux-gnu.so
[5.254s] -- Set runtime path of "/home/basten/ros2_ws/src/MagangBanyubramanta_Basten-Andika-Salim/Ros2/src/install/xbox/local/lib/python3.10/dist-packages/xbox/xbox_s__rosidl_typesupport_introspection_c.cpython-310-x86_64-linux-gnu.so" to ""
[5.254s] -- Installing: /home/basten/ros2_ws/src/MagangBanyubramanta_Basten-Andika-Salim/Ros2/src/install/xbox/local/lib/python3.10/dist-packages/xbox/xbox_s__rosidl_typesupport_c.cpython-310-x86_64-linux-gnu.so
[5.254s] -- Set runtime path of "/home/basten/ros2_ws/src/MagangBanyubramanta_Basten-Andika-Salim/Ros2/src/install/xbox/local/lib/python3.10/dist-packages/xbox/xbox_s__rosidl_typesupport_c.cpython-310-x86_64-linux-gnu.so" to ""
[5.254s] -- Installing: /home/basten/ros2_ws/src/MagangBanyubramanta_Basten-Andika-Salim/Ros2/src/install/xbox/lib/libxbox__rosidl_generator_py.so
[5.254s] -- Set runtime path of "/home/basten/ros2_ws/src/MagangBanyubramanta_Basten-Andika-Salim/Ros2/src/install/xbox/lib/libxbox__rosidl_generator_py.so" to ""
[5.254s] -- Installing: /home/basten/ros2_ws/src/MagangBanyubramanta_Basten-Andika-Salim/Ros2/src/install/xbox/share/xbox/msg/Command.idl
[5.254s] -- Installing: /home/basten/ros2_ws/src/MagangBanyubramanta_Basten-Andika-Salim/Ros2/src/install/xbox/share/xbox/msg/Command.msg
[5.254s] -- Installing: /home/basten/ros2_ws/src/MagangBanyubramanta_Basten-Andika-Salim/Ros2/src/install/xbox/lib/xbox/publisher
[5.257s] -- Set runtime path of "/home/basten/ros2_ws/src/MagangBanyubramanta_Basten-Andika-Salim/Ros2/src/install/xbox/lib/xbox/publisher" to ""
[5.257s] -- Up-to-date: /home/basten/ros2_ws/src/MagangBanyubramanta_Basten-Andika-Salim/Ros2/src/install/xbox/share/ament_index/resource_index/package_run_dependencies/xbox
[5.257s] -- Installing: /home/basten/ros2_ws/src/MagangBanyubramanta_Basten-Andika-Salim/Ros2/src/install/xbox/share/ament_index/resource_index/parent_prefix_path/xbox
[5.257s] -- Up-to-date: /home/basten/ros2_ws/src/MagangBanyubramanta_Basten-Andika-Salim/Ros2/src/install/xbox/share/xbox/environment/ament_prefix_path.sh
[5.257s] -- Installing: /home/basten/ros2_ws/src/MagangBanyubramanta_Basten-Andika-Salim/Ros2/src/install/xbox/share/xbox/environment/ament_prefix_path.dsv
[5.257s] -- Up-to-date: /home/basten/ros2_ws/src/MagangBanyubramanta_Basten-Andika-Salim/Ros2/src/install/xbox/share/xbox/environment/path.sh
[5.257s] -- Installing: /home/basten/ros2_ws/src/MagangBanyubramanta_Basten-Andika-Salim/Ros2/src/install/xbox/share/xbox/environment/path.dsv
[5.257s] -- Up-to-date: /home/basten/ros2_ws/src/MagangBanyubramanta_Basten-Andika-Salim/Ros2/src/install/xbox/share/xbox/local_setup.bash
[5.257s] -- Up-to-date: /home/basten/ros2_ws/src/MagangBanyubramanta_Basten-Andika-Salim/Ros2/src/install/xbox/share/xbox/local_setup.sh
[5.257s] -- Up-to-date: /home/basten/ros2_ws/src/MagangBanyubramanta_Basten-Andika-Salim/Ros2/src/install/xbox/share/xbox/local_setup.zsh
[5.257s] -- Installing: /home/basten/ros2_ws/src/MagangBanyubramanta_Basten-Andika-Salim/Ros2/src/install/xbox/share/xbox/local_setup.dsv
[5.257s] -- Installing: /home/basten/ros2_ws/src/MagangBanyubramanta_Basten-Andika-Salim/Ros2/src/install/xbox/share/xbox/package.dsv
[5.257s] -- Up-to-date: /home/basten/ros2_ws/src/MagangBanyubramanta_Basten-Andika-Salim/Ros2/src/install/xbox/share/ament_index/resource_index/packages/xbox
[5.257s] -- Up-to-date: /home/basten/ros2_ws/src/MagangBanyubramanta_Basten-Andika-Salim/Ros2/src/install/xbox/share/xbox/cmake/export_xbox__rosidl_generator_cExport.cmake
[5.257s] -- Up-to-date: /home/basten/ros2_ws/src/MagangBanyubramanta_Basten-Andika-Salim/Ros2/src/install/xbox/share/xbox/cmake/export_xbox__rosidl_generator_cExport-noconfig.cmake
[5.257s] -- Up-to-date: /home/basten/ros2_ws/src/MagangBanyubramanta_Basten-Andika-Salim/Ros2/src/install/xbox/share/xbox/cmake/export_xbox__rosidl_typesupport_fastrtps_cExport.cmake
[5.257s] -- Up-to-date: /home/basten/ros2_ws/src/MagangBanyubramanta_Basten-Andika-Salim/Ros2/src/install/xbox/share/xbox/cmake/export_xbox__rosidl_typesupport_fastrtps_cExport-noconfig.cmake
[5.257s] -- Up-to-date: /home/basten/ros2_ws/src/MagangBanyubramanta_Basten-Andika-Salim/Ros2/src/install/xbox/share/xbox/cmake/export_xbox__rosidl_generator_cppExport.cmake
[5.258s] -- Up-to-date: /home/basten/ros2_ws/src/MagangBanyubramanta_Basten-Andika-Salim/Ros2/src/install/xbox/share/xbox/cmake/export_xbox__rosidl_typesupport_fastrtps_cppExport.cmake
[5.258s] -- Up-to-date: /home/basten/ros2_ws/src/MagangBanyubramanta_Basten-Andika-Salim/Ros2/src/install/xbox/share/xbox/cmake/export_xbox__rosidl_typesupport_fastrtps_cppExport-noconfig.cmake
[5.258s] -- Up-to-date: /home/basten/ros2_ws/src/MagangBanyubramanta_Basten-Andika-Salim/Ros2/src/install/xbox/share/xbox/cmake/xbox__rosidl_typesupport_introspection_cExport.cmake
[5.258s] -- Up-to-date: /home/basten/ros2_ws/src/MagangBanyubramanta_Basten-Andika-Salim/Ros2/src/install/xbox/share/xbox/cmake/xbox__rosidl_typesupport_introspection_cExport-noconfig.cmake
[5.258s] -- Up-to-date: /home/basten/ros2_ws/src/MagangBanyubramanta_Basten-Andika-Salim/Ros2/src/install/xbox/share/xbox/cmake/xbox__rosidl_typesupport_cExport.cmake
[5.258s] -- Up-to-date: /home/basten/ros2_ws/src/MagangBanyubramanta_Basten-Andika-Salim/Ros2/src/install/xbox/share/xbox/cmake/xbox__rosidl_typesupport_cExport-noconfig.cmake
[5.258s] -- Up-to-date: /home/basten/ros2_ws/src/MagangBanyubramanta_Basten-Andika-Salim/Ros2/src/install/xbox/share/xbox/cmake/xbox__rosidl_typesupport_introspection_cppExport.cmake
[5.258s] -- Up-to-date: /home/basten/ros2_ws/src/MagangBanyubramanta_Basten-Andika-Salim/Ros2/src/install/xbox/share/xbox/cmake/xbox__rosidl_typesupport_introspection_cppExport-noconfig.cmake
[5.258s] -- Up-to-date: /home/basten/ros2_ws/src/MagangBanyubramanta_Basten-Andika-Salim/Ros2/src/install/xbox/share/xbox/cmake/xbox__rosidl_typesupport_cppExport.cmake
[5.258s] -- Up-to-date: /home/basten/ros2_ws/src/MagangBanyubramanta_Basten-Andika-Salim/Ros2/src/install/xbox/share/xbox/cmake/xbox__rosidl_typesupport_cppExport-noconfig.cmake
[5.258s] -- Up-to-date: /home/basten/ros2_ws/src/MagangBanyubramanta_Basten-Andika-Salim/Ros2/src/install/xbox/share/xbox/cmake/export_xbox__rosidl_generator_pyExport.cmake
[5.258s] -- Up-to-date: /home/basten/ros2_ws/src/MagangBanyubramanta_Basten-Andika-Salim/Ros2/src/install/xbox/share/xbox/cmake/export_xbox__rosidl_generator_pyExport-noconfig.cmake
[5.258s] -- Up-to-date: /home/basten/ros2_ws/src/MagangBanyubramanta_Basten-Andika-Salim/Ros2/src/install/xbox/share/xbox/cmake/rosidl_cmake-extras.cmake
[5.258s] -- Up-to-date: /home/basten/ros2_ws/src/MagangBanyubramanta_Basten-Andika-Salim/Ros2/src/install/xbox/share/xbox/cmake/ament_cmake_export_include_directories-extras.cmake
[5.258s] -- Up-to-date: /home/basten/ros2_ws/src/MagangBanyubramanta_Basten-Andika-Salim/Ros2/src/install/xbox/share/xbox/cmake/ament_cmake_export_libraries-extras.cmake
[5.258s] -- Up-to-date: /home/basten/ros2_ws/src/MagangBanyubramanta_Basten-Andika-Salim/Ros2/src/install/xbox/share/xbox/cmake/ament_cmake_export_targets-extras.cmake
[5.258s] -- Up-to-date: /home/basten/ros2_ws/src/MagangBanyubramanta_Basten-Andika-Salim/Ros2/src/install/xbox/share/xbox/cmake/rosidl_cmake_export_typesupport_targets-extras.cmake
[5.258s] -- Up-to-date: /home/basten/ros2_ws/src/MagangBanyubramanta_Basten-Andika-Salim/Ros2/src/install/xbox/share/xbox/cmake/ament_cmake_export_dependencies-extras.cmake
[5.258s] -- Up-to-date: /home/basten/ros2_ws/src/MagangBanyubramanta_Basten-Andika-Salim/Ros2/src/install/xbox/share/xbox/cmake/rosidl_cmake_export_typesupport_libraries-extras.cmake
[5.258s] -- Up-to-date: /home/basten/ros2_ws/src/MagangBanyubramanta_Basten-Andika-Salim/Ros2/src/install/xbox/share/xbox/cmake/xboxConfig.cmake
[5.258s] -- Up-to-date: /home/basten/ros2_ws/src/MagangBanyubramanta_Basten-Andika-Salim/Ros2/src/install/xbox/share/xbox/cmake/xboxConfig-version.cmake
[5.258s] -- Up-to-date: /home/basten/ros2_ws/src/MagangBanyubramanta_Basten-Andika-Salim/Ros2/src/install/xbox/share/xbox/package.xml
[5.259s] Invoked command in '/home/basten/ros2_ws/src/MagangBanyubramanta_Basten-Andika-Salim/Ros2/src/build/xbox' returned '0': CMAKE_PREFIX_PATH=${CMAKE_PREFIX_PATH}:/opt/ros/humble /usr/bin/cmake --install /home/basten/ros2_ws/src/MagangBanyubramanta_Basten-Andika-Salim/Ros2/src/build/xbox
